2023-05-03 10:18:15.339 [info] Log level: Info
2023-05-03 10:18:15.339 [info] Validating found git in: "git"
2023-05-03 10:18:15.339 [info] Using git "2.25.1" from "git"
2023-05-03 10:18:15.339 [info] > git rev-parse --show-toplevel [28ms]
2023-05-03 10:18:15.339 [info] > git rev-parse --git-dir --git-common-dir [2ms]
2023-05-03 10:18:15.339 [info] Open repository: /home/cn154
2023-05-03 10:18:15.339 [info] > git rev-parse --show-toplevel [5ms]
2023-05-03 10:18:15.339 [info] > git config --get commit.template [5ms]
2023-05-03 10:18:15.339 [info] > git rev-parse --show-toplevel [3ms]
2023-05-03 10:18:15.339 [info] > git rev-parse --show-toplevel [6ms]
2023-05-03 10:18:15.339 [info] > git for-each-ref --format=%(refname)%00%(upstream:short)%00%(objectname)%00%(upstream:track)%00%(upstream:remotename)%00%(upstream:remoteref) refs/heads/master refs/remotes/master [6ms]
2023-05-03 10:18:15.339 [info] > git status -z -uall [26ms]
2023-05-03 10:18:15.339 [info] > git rev-parse --show-toplevel [31ms]
2023-05-03 10:18:15.339 [info] > git rev-parse --show-toplevel [2ms]
2023-05-03 10:18:15.339 [info] > git rev-parse --show-toplevel [11ms]
2023-05-03 10:18:15.339 [info] > git config --get commit.template [4ms]
2023-05-03 10:18:15.339 [info] > git for-each-ref --format=%(refname)%00%(upstream:short)%00%(objectname)%00%(upstream:track)%00%(upstream:remotename)%00%(upstream:remoteref) refs/heads/master refs/remotes/master [27ms]
2023-05-03 10:18:15.339 [info] > git status -z -uall [21ms]
2023-05-03 10:18:15.600 [info] > git show --textconv :proj5_cn154/sneaky_mod.c [11ms]
2023-05-03 10:18:15.601 [info] > git ls-files --stage -- /home/cn154/proj5_cn154/sneaky_mod.c [6ms]
2023-05-03 10:18:15.606 [info] > git cat-file -s aeca346f638e095e49669cc1eae6789fb6a11477 [2ms]
2023-05-03 10:18:15.617 [info] > git check-ignore -v -z --stdin [4ms]
2023-05-03 10:18:18.954 [info] > git config --get commit.template [1ms]
2023-05-03 10:18:18.967 [info] > git for-each-ref --format=%(refname)%00%(upstream:short)%00%(objectname)%00%(upstream:track)%00%(upstream:remotename)%00%(upstream:remoteref) refs/heads/master refs/remotes/master [2ms]
2023-05-03 10:18:18.990 [info] > git status -z -uall [19ms]
2023-05-03 10:18:24.011 [info] > git config --get commit.template [6ms]
2023-05-03 10:18:24.013 [info] > git for-each-ref --format=%(refname)%00%(upstream:short)%00%(objectname)%00%(upstream:track)%00%(upstream:remotename)%00%(upstream:remoteref) refs/heads/master refs/remotes/master [3ms]
2023-05-03 10:18:24.035 [info] > git status -z -uall [18ms]
2023-05-03 10:18:29.053 [info] > git config --get commit.template [1ms]
2023-05-03 10:18:29.059 [info] > git for-each-ref --format=%(refname)%00%(upstream:short)%00%(objectname)%00%(upstream:track)%00%(upstream:remotename)%00%(upstream:remoteref) refs/heads/master refs/remotes/master [2ms]
2023-05-03 10:18:29.080 [info] > git status -z -uall [16ms]
2023-05-03 10:18:34.098 [info] > git config --get commit.template [6ms]
2023-05-03 10:18:34.100 [info] > git for-each-ref --format=%(refname)%00%(upstream:short)%00%(objectname)%00%(upstream:track)%00%(upstream:remotename)%00%(upstream:remoteref) refs/heads/master refs/remotes/master [4ms]
2023-05-03 10:18:34.119 [info] > git status -z -uall [14ms]
2023-05-03 10:18:39.132 [info] > git config --get commit.template [1ms]
2023-05-03 10:18:39.137 [info] > git for-each-ref --format=%(refname)%00%(upstream:short)%00%(objectname)%00%(upstream:track)%00%(upstream:remotename)%00%(upstream:remoteref) refs/heads/master refs/remotes/master [2ms]
2023-05-03 10:18:39.158 [info] > git status -z -uall [17ms]
2023-05-03 10:18:48.621 [info] > git config --get commit.template [7ms]
2023-05-03 10:18:48.624 [info] > git for-each-ref --format=%(refname)%00%(upstream:short)%00%(objectname)%00%(upstream:track)%00%(upstream:remotename)%00%(upstream:remoteref) refs/heads/master refs/remotes/master [3ms]
2023-05-03 10:18:48.643 [info] > git status -z -uall [16ms]
2023-05-03 10:18:53.661 [info] > git config --get commit.template [4ms]
2023-05-03 10:18:53.661 [info] > git for-each-ref --format=%(refname)%00%(upstream:short)%00%(objectname)%00%(upstream:track)%00%(upstream:remotename)%00%(upstream:remoteref) refs/heads/master refs/remotes/master [1ms]
2023-05-03 10:18:53.683 [info] > git status -z -uall [17ms]
2023-05-03 10:18:58.696 [info] > git config --get commit.template [2ms]
2023-05-03 10:18:58.701 [info] > git for-each-ref --format=%(refname)%00%(upstream:short)%00%(objectname)%00%(upstream:track)%00%(upstream:remotename)%00%(upstream:remoteref) refs/heads/master refs/remotes/master [2ms]
2023-05-03 10:18:58.718 [info] > git status -z -uall [14ms]
2023-05-03 10:19:03.735 [info] > git config --get commit.template [6ms]
2023-05-03 10:19:03.738 [info] > git for-each-ref --format=%(refname)%00%(upstream:short)%00%(objectname)%00%(upstream:track)%00%(upstream:remotename)%00%(upstream:remoteref) refs/heads/master refs/remotes/master [4ms]
2023-05-03 10:19:03.763 [info] > git status -z -uall [21ms]
2023-05-03 10:19:08.776 [info] > git config --get commit.template [5ms]
2023-05-03 10:19:08.777 [info] > git for-each-ref --format=%(refname)%00%(upstream:short)%00%(objectname)%00%(upstream:track)%00%(upstream:remotename)%00%(upstream:remoteref) refs/heads/master refs/remotes/master [1ms]
2023-05-03 10:19:08.798 [info] > git status -z -uall [18ms]
2023-05-03 10:19:13.815 [info] > git config --get commit.template [6ms]
2023-05-03 10:19:13.817 [info] > git for-each-ref --format=%(refname)%00%(upstream:short)%00%(objectname)%00%(upstream:track)%00%(upstream:remotename)%00%(upstream:remoteref) refs/heads/master refs/remotes/master [3ms]
2023-05-03 10:19:13.842 [info] > git status -z -uall [20ms]
2023-05-03 10:19:18.862 [info] > git config --get commit.template [4ms]
2023-05-03 10:19:18.863 [info] > git for-each-ref --format=%(refname)%00%(upstream:short)%00%(objectname)%00%(upstream:track)%00%(upstream:remotename)%00%(upstream:remoteref) refs/heads/master refs/remotes/master [1ms]
2023-05-03 10:19:18.883 [info] > git status -z -uall [17ms]
2023-05-03 10:19:23.897 [info] > git config --get commit.template [2ms]
2023-05-03 10:19:23.902 [info] > git for-each-ref --format=%(refname)%00%(upstream:short)%00%(objectname)%00%(upstream:track)%00%(upstream:remotename)%00%(upstream:remoteref) refs/heads/master refs/remotes/master [2ms]
2023-05-03 10:19:23.919 [info] > git status -z -uall [14ms]
2023-05-03 10:19:28.932 [info] > git config --get commit.template [0ms]
2023-05-03 10:19:28.937 [info] > git for-each-ref --format=%(refname)%00%(upstream:short)%00%(objectname)%00%(upstream:track)%00%(upstream:remotename)%00%(upstream:remoteref) refs/heads/master refs/remotes/master [2ms]
2023-05-03 10:19:28.954 [info] > git status -z -uall [14ms]
2023-05-03 10:19:33.970 [info] > git config --get commit.template [6ms]
2023-05-03 10:19:33.973 [info] > git for-each-ref --format=%(refname)%00%(upstream:short)%00%(objectname)%00%(upstream:track)%00%(upstream:remotename)%00%(upstream:remoteref) refs/heads/master refs/remotes/master [4ms]
2023-05-03 10:19:33.998 [info] > git status -z -uall [20ms]
2023-05-03 10:19:39.015 [info] > git config --get commit.template [6ms]
2023-05-03 10:19:39.017 [info] > git for-each-ref --format=%(refname)%00%(upstream:short)%00%(objectname)%00%(upstream:track)%00%(upstream:remotename)%00%(upstream:remoteref) refs/heads/master refs/remotes/master [3ms]
2023-05-03 10:19:39.035 [info] > git status -z -uall [14ms]
2023-05-03 10:19:44.049 [info] > git config --get commit.template [2ms]
2023-05-03 10:19:44.054 [info] > git for-each-ref --format=%(refname)%00%(upstream:short)%00%(objectname)%00%(upstream:track)%00%(upstream:remotename)%00%(upstream:remoteref) refs/heads/master refs/remotes/master [2ms]
2023-05-03 10:19:44.075 [info] > git status -z -uall [18ms]
2023-05-03 10:19:49.092 [info] > git config --get commit.template [5ms]
2023-05-03 10:19:49.093 [info] > git for-each-ref --format=%(refname)%00%(upstream:short)%00%(objectname)%00%(upstream:track)%00%(upstream:remotename)%00%(upstream:remoteref) refs/heads/master refs/remotes/master [1ms]
2023-05-03 10:19:49.126 [info] > git status -z -uall [29ms]
2023-05-03 10:19:54.139 [info] > git config --get commit.template [1ms]
2023-05-03 10:19:54.148 [info] > git for-each-ref --format=%(refname)%00%(upstream:short)%00%(objectname)%00%(upstream:track)%00%(upstream:remotename)%00%(upstream:remoteref) refs/heads/master refs/remotes/master [4ms]
2023-05-03 10:19:54.165 [info] > git status -z -uall [14ms]
2023-05-03 10:19:59.181 [info] > git config --get commit.template [6ms]
2023-05-03 10:19:59.182 [info] > git for-each-ref --format=%(refname)%00%(upstream:short)%00%(objectname)%00%(upstream:track)%00%(upstream:remotename)%00%(upstream:remoteref) refs/heads/master refs/remotes/master [1ms]
2023-05-03 10:19:59.203 [info] > git status -z -uall [18ms]
2023-05-03 10:20:04.217 [info] > git config --get commit.template [5ms]
2023-05-03 10:20:04.218 [info] > git for-each-ref --format=%(refname)%00%(upstream:short)%00%(objectname)%00%(upstream:track)%00%(upstream:remotename)%00%(upstream:remoteref) refs/heads/master refs/remotes/master [2ms]
2023-05-03 10:20:04.235 [info] > git status -z -uall [14ms]
2023-05-03 10:20:09.246 [info] > git config --get commit.template [1ms]
2023-05-03 10:20:09.252 [info] > git for-each-ref --format=%(refname)%00%(upstream:short)%00%(objectname)%00%(upstream:track)%00%(upstream:remotename)%00%(upstream:remoteref) refs/heads/master refs/remotes/master [2ms]
2023-05-03 10:20:09.271 [info] > git status -z -uall [15ms]
2023-05-03 10:20:14.289 [info] > git config --get commit.template [4ms]
2023-05-03 10:20:14.290 [info] > git for-each-ref --format=%(refname)%00%(upstream:short)%00%(objectname)%00%(upstream:track)%00%(upstream:remotename)%00%(upstream:remoteref) refs/heads/master refs/remotes/master [2ms]
2023-05-03 10:20:14.308 [info] > git status -z -uall [15ms]
2023-05-03 10:20:19.322 [info] > git config --get commit.template [5ms]
2023-05-03 10:20:19.324 [info] > git for-each-ref --format=%(refname)%00%(upstream:short)%00%(objectname)%00%(upstream:track)%00%(upstream:remotename)%00%(upstream:remoteref) refs/heads/master refs/remotes/master [2ms]
2023-05-03 10:20:19.343 [info] > git status -z -uall [16ms]
2023-05-03 10:20:24.358 [info] > git config --get commit.template [6ms]
2023-05-03 10:20:24.361 [info] > git for-each-ref --format=%(refname)%00%(upstream:short)%00%(objectname)%00%(upstream:track)%00%(upstream:remotename)%00%(upstream:remoteref) refs/heads/master refs/remotes/master [4ms]
2023-05-03 10:20:24.383 [info] > git status -z -uall [17ms]
2023-05-03 10:20:29.397 [info] > git config --get commit.template [2ms]
2023-05-03 10:20:29.403 [info] > git for-each-ref --format=%(refname)%00%(upstream:short)%00%(objectname)%00%(upstream:track)%00%(upstream:remotename)%00%(upstream:remoteref) refs/heads/master refs/remotes/master [2ms]
2023-05-03 10:20:29.426 [info] > git status -z -uall [18ms]
2023-05-03 10:20:34.447 [info] > git config --get commit.template [8ms]
2023-05-03 10:20:34.448 [info] > git for-each-ref --format=%(refname)%00%(upstream:short)%00%(objectname)%00%(upstream:track)%00%(upstream:remotename)%00%(upstream:remoteref) refs/heads/master refs/remotes/master [2ms]
2023-05-03 10:20:34.470 [info] > git status -z -uall [19ms]
2023-05-03 10:20:39.485 [info] > git config --get commit.template [4ms]
2023-05-03 10:20:39.486 [info] > git for-each-ref --format=%(refname)%00%(upstream:short)%00%(objectname)%00%(upstream:track)%00%(upstream:remotename)%00%(upstream:remoteref) refs/heads/master refs/remotes/master [2ms]
2023-05-03 10:20:39.504 [info] > git status -z -uall [15ms]
2023-05-03 10:20:44.517 [info] > git config --get commit.template [4ms]
2023-05-03 10:20:44.518 [info] > git for-each-ref --format=%(refname)%00%(upstream:short)%00%(objectname)%00%(upstream:track)%00%(upstream:remotename)%00%(upstream:remoteref) refs/heads/master refs/remotes/master [1ms]
2023-05-03 10:20:44.537 [info] > git status -z -uall [15ms]
2023-05-03 10:20:49.551 [info] > git config --get commit.template [4ms]
2023-05-03 10:20:49.551 [info] > git for-each-ref --format=%(refname)%00%(upstream:short)%00%(objectname)%00%(upstream:track)%00%(upstream:remotename)%00%(upstream:remoteref) refs/heads/master refs/remotes/master [1ms]
2023-05-03 10:20:49.574 [info] > git status -z -uall [18ms]
2023-05-03 10:20:54.586 [info] > git config --get commit.template [2ms]
2023-05-03 10:20:54.596 [info] > git for-each-ref --format=%(refname)%00%(upstream:short)%00%(objectname)%00%(upstream:track)%00%(upstream:remotename)%00%(upstream:remoteref) refs/heads/master refs/remotes/master [2ms]
2023-05-03 10:20:54.613 [info] > git status -z -uall [13ms]
2023-05-03 10:20:59.628 [info] > git config --get commit.template [5ms]
2023-05-03 10:20:59.629 [info] > git for-each-ref --format=%(refname)%00%(upstream:short)%00%(objectname)%00%(upstream:track)%00%(upstream:remotename)%00%(upstream:remoteref) refs/heads/master refs/remotes/master [2ms]
2023-05-03 10:20:59.651 [info] > git status -z -uall [18ms]
2023-05-03 10:21:04.668 [info] > git config --get commit.template [5ms]
2023-05-03 10:21:04.668 [info] > git for-each-ref --format=%(refname)%00%(upstream:short)%00%(objectname)%00%(upstream:track)%00%(upstream:remotename)%00%(upstream:remoteref) refs/heads/master refs/remotes/master [1ms]
2023-05-03 10:21:04.693 [info] > git status -z -uall [21ms]
2023-05-03 10:21:09.712 [info] > git config --get commit.template [8ms]
2023-05-03 10:21:09.715 [info] > git for-each-ref --format=%(refname)%00%(upstream:short)%00%(objectname)%00%(upstream:track)%00%(upstream:remotename)%00%(upstream:remoteref) refs/heads/master refs/remotes/master [4ms]
2023-05-03 10:21:09.738 [info] > git status -z -uall [19ms]
2023-05-03 10:21:14.759 [info] > git config --get commit.template [5ms]
2023-05-03 10:21:14.759 [info] > git for-each-ref --format=%(refname)%00%(upstream:short)%00%(objectname)%00%(upstream:track)%00%(upstream:remotename)%00%(upstream:remoteref) refs/heads/master refs/remotes/master [1ms]
2023-05-03 10:21:14.781 [info] > git status -z -uall [18ms]
2023-05-03 10:21:19.798 [info] > git config --get commit.template [4ms]
2023-05-03 10:21:19.799 [info] > git for-each-ref --format=%(refname)%00%(upstream:short)%00%(objectname)%00%(upstream:track)%00%(upstream:remotename)%00%(upstream:remoteref) refs/heads/master refs/remotes/master [2ms]
2023-05-03 10:21:19.815 [info] > git status -z -uall [13ms]
2023-05-03 10:21:24.830 [info] > git config --get commit.template [5ms]
2023-05-03 10:21:24.831 [info] > git for-each-ref --format=%(refname)%00%(upstream:short)%00%(objectname)%00%(upstream:track)%00%(upstream:remotename)%00%(upstream:remoteref) refs/heads/master refs/remotes/master [2ms]
2023-05-03 10:21:24.848 [info] > git status -z -uall [14ms]
2023-05-03 10:21:29.863 [info] > git config --get commit.template [5ms]
2023-05-03 10:21:29.864 [info] > git for-each-ref --format=%(refname)%00%(upstream:short)%00%(objectname)%00%(upstream:track)%00%(upstream:remotename)%00%(upstream:remoteref) refs/heads/master refs/remotes/master [2ms]
2023-05-03 10:21:29.885 [info] > git status -z -uall [17ms]
2023-05-03 10:21:34.899 [info] > git config --get commit.template [5ms]
2023-05-03 10:21:34.900 [info] > git for-each-ref --format=%(refname)%00%(upstream:short)%00%(objectname)%00%(upstream:track)%00%(upstream:remotename)%00%(upstream:remoteref) refs/heads/master refs/remotes/master [1ms]
2023-05-03 10:21:34.924 [info] > git status -z -uall [20ms]
2023-05-03 10:21:39.946 [info] > git config --get commit.template [7ms]
2023-05-03 10:21:39.947 [info] > git for-each-ref --format=%(refname)%00%(upstream:short)%00%(objectname)%00%(upstream:track)%00%(upstream:remotename)%00%(upstream:remoteref) refs/heads/master refs/remotes/master [2ms]
2023-05-03 10:21:39.968 [info] > git status -z -uall [17ms]
2023-05-03 10:21:44.982 [info] > git config --get commit.template [5ms]
2023-05-03 10:21:44.983 [info] > git for-each-ref --format=%(refname)%00%(upstream:short)%00%(objectname)%00%(upstream:track)%00%(upstream:remotename)%00%(upstream:remoteref) refs/heads/master refs/remotes/master [2ms]
2023-05-03 10:21:45.001 [info] > git status -z -uall [14ms]
2023-05-03 10:21:50.019 [info] > git config --get commit.template [6ms]
2023-05-03 10:21:50.020 [info] > git for-each-ref --format=%(refname)%00%(upstream:short)%00%(objectname)%00%(upstream:track)%00%(upstream:remotename)%00%(upstream:remoteref) refs/heads/master refs/remotes/master [2ms]
2023-05-03 10:21:50.040 [info] > git status -z -uall [17ms]
2023-05-03 10:21:55.054 [info] > git config --get commit.template [5ms]
2023-05-03 10:21:55.054 [info] > git for-each-ref --format=%(refname)%00%(upstream:short)%00%(objectname)%00%(upstream:track)%00%(upstream:remotename)%00%(upstream:remoteref) refs/heads/master refs/remotes/master [1ms]
2023-05-03 10:21:55.077 [info] > git status -z -uall [18ms]
2023-05-03 10:22:00.094 [info] > git config --get commit.template [7ms]
2023-05-03 10:22:00.095 [info] > git for-each-ref --format=%(refname)%00%(upstream:short)%00%(objectname)%00%(upstream:track)%00%(upstream:remotename)%00%(upstream:remoteref) refs/heads/master refs/remotes/master [2ms]
2023-05-03 10:22:00.119 [info] > git status -z -uall [18ms]
2023-05-03 10:22:05.138 [info] > git config --get commit.template [5ms]
2023-05-03 10:22:05.138 [info] > git for-each-ref --format=%(refname)%00%(upstream:short)%00%(objectname)%00%(upstream:track)%00%(upstream:remotename)%00%(upstream:remoteref) refs/heads/master refs/remotes/master [1ms]
2023-05-03 10:22:05.158 [info] > git status -z -uall [15ms]
2023-05-03 10:22:10.173 [info] > git config --get commit.template [5ms]
2023-05-03 10:22:10.174 [info] > git for-each-ref --format=%(refname)%00%(upstream:short)%00%(objectname)%00%(upstream:track)%00%(upstream:remotename)%00%(upstream:remoteref) refs/heads/master refs/remotes/master [2ms]
2023-05-03 10:22:10.196 [info] > git status -z -uall [19ms]
2023-05-03 10:22:15.215 [info] > git config --get commit.template [5ms]
2023-05-03 10:22:15.216 [info] > git for-each-ref --format=%(refname)%00%(upstream:short)%00%(objectname)%00%(upstream:track)%00%(upstream:remotename)%00%(upstream:remoteref) refs/heads/master refs/remotes/master [2ms]
2023-05-03 10:22:15.239 [info] > git status -z -uall [19ms]
2023-05-03 10:22:20.256 [info] > git config --get commit.template [7ms]
2023-05-03 10:22:20.258 [info] > git for-each-ref --format=%(refname)%00%(upstream:short)%00%(objectname)%00%(upstream:track)%00%(upstream:remotename)%00%(upstream:remoteref) refs/heads/master refs/remotes/master [3ms]
2023-05-03 10:22:20.286 [info] > git status -z -uall [22ms]
2023-05-03 10:22:25.307 [info] > git config --get commit.template [6ms]
2023-05-03 10:22:25.307 [info] > git for-each-ref --format=%(refname)%00%(upstream:short)%00%(objectname)%00%(upstream:track)%00%(upstream:remotename)%00%(upstream:remoteref) refs/heads/master refs/remotes/master [1ms]
2023-05-03 10:22:25.333 [info] > git status -z -uall [21ms]
