2023-05-03 12:08:23.823 [info] Log level: Info
2023-05-03 12:08:23.823 [info] Validating found git in: "git"
2023-05-03 12:08:23.823 [info] Using git "2.25.1" from "git"
2023-05-03 12:08:23.823 [info] > git rev-parse --show-toplevel [30ms]
2023-05-03 12:08:23.823 [info] fatal: not a git repository (or any of the parent directories): .git
2023-05-03 12:08:23.823 [info] > git rev-parse --show-toplevel [2ms]
2023-05-03 12:08:23.823 [info] fatal: not a git repository (or any of the parent directories): .git
2023-05-03 12:08:23.823 [info] > git rev-parse --show-toplevel [7ms]
2023-05-03 12:08:23.823 [info] fatal: not a git repository (or any of the parent directories): .git
2023-05-03 12:08:23.823 [info] > git rev-parse --show-toplevel [1ms]
2023-05-03 12:08:23.823 [info] fatal: not a git repository (or any of the parent directories): .git
2023-05-03 12:08:23.823 [info] > git rev-parse --show-toplevel [5ms]
2023-05-03 12:08:23.823 [info] fatal: not a git repository (or any of the parent directories): .git
2023-05-03 12:08:23.823 [info] > git rev-parse --show-toplevel [29ms]
2023-05-03 12:08:23.823 [info] fatal: not a git repository (or any of the parent directories): .git
2023-05-03 12:08:23.823 [info] > git rev-parse --show-toplevel [7ms]
2023-05-03 12:08:23.823 [info] fatal: not a git repository (or any of the parent directories): .git
2023-05-03 12:08:23.823 [info] > git rev-parse --show-toplevel [1ms]
2023-05-03 12:08:23.823 [info] fatal: not a git repository (or any of the parent directories): .git
2023-05-03 12:08:23.823 [info] > git rev-parse --show-toplevel [1ms]
2023-05-03 12:08:23.823 [info] fatal: not a git repository (or any of the parent directories): .git
2023-05-03 12:08:23.823 [info] > git rev-parse --show-toplevel [1ms]
2023-05-03 12:08:23.823 [info] fatal: not a git repository (or any of the parent directories): .git
2023-05-03 12:08:23.823 [info] > git rev-parse --show-toplevel [1ms]
2023-05-03 12:08:23.823 [info] fatal: not a git repository (or any of the parent directories): .git
2023-05-03 12:08:23.823 [info] > git rev-parse --show-toplevel [1ms]
2023-05-03 12:08:23.823 [info] fatal: not a git repository (or any of the parent directories): .git
2023-05-03 12:08:23.823 [info] > git rev-parse --show-toplevel [1ms]
2023-05-03 12:08:23.823 [info] fatal: not a git repository (or any of the parent directories): .git
2023-05-03 12:08:23.823 [info] > git rev-parse --show-toplevel [2ms]
2023-05-03 12:08:23.823 [info] fatal: not a git repository (or any of the parent directories): .git
2023-05-03 12:08:23.823 [info] > git rev-parse --show-toplevel [1ms]
2023-05-03 12:08:23.823 [info] fatal: not a git repository (or any of the parent directories): .git
2023-05-03 12:08:23.823 [info] > git rev-parse --show-toplevel [2ms]
2023-05-03 12:08:23.823 [info] fatal: not a git repository (or any of the parent directories): .git
2023-05-03 12:08:23.823 [info] > git rev-parse --show-toplevel [1ms]
2023-05-03 12:08:23.823 [info] fatal: not a git repository (or any of the parent directories): .git
2023-05-03 12:08:23.823 [info] > git rev-parse --show-toplevel [1ms]
2023-05-03 12:08:23.823 [info] fatal: not a git repository (or any of the parent directories): .git
2023-05-03 12:08:23.823 [info] > git rev-parse --show-toplevel [1ms]
2023-05-03 12:08:23.823 [info] fatal: not a git repository (or any of the parent directories): .git
2023-05-03 12:08:23.823 [info] > git rev-parse --show-toplevel [1ms]
2023-05-03 12:08:23.823 [info] fatal: not a git repository (or any of the parent directories): .git
2023-05-03 12:08:23.823 [info] > git rev-parse --show-toplevel [1ms]
2023-05-03 12:08:23.823 [info] fatal: not a git repository (or any of the parent directories): .git
2023-05-03 12:08:23.823 [info] > git rev-parse --show-toplevel [1ms]
2023-05-03 12:08:23.823 [info] fatal: not a git repository (or any of the parent directories): .git
2023-05-03 12:08:23.823 [info] > git rev-parse --show-toplevel [1ms]
2023-05-03 12:08:23.823 [info] fatal: not a git repository (or any of the parent directories): .git
2023-05-03 12:08:23.823 [info] > git rev-parse --show-toplevel [1ms]
2023-05-03 12:08:23.824 [info] fatal: not a git repository (or any of the parent directories): .git
2023-05-03 12:08:23.824 [info] > git rev-parse --show-toplevel [1ms]
2023-05-03 12:08:23.824 [info] fatal: not a git repository (or any of the parent directories): .git
2023-05-03 12:08:23.824 [info] > git rev-parse --show-toplevel [2ms]
2023-05-03 12:08:23.824 [info] fatal: not a git repository (or any of the parent directories): .git
2023-05-03 12:08:23.824 [info] > git rev-parse --show-toplevel [3ms]
2023-05-03 12:08:23.824 [info] fatal: not a git repository (or any of the parent directories): .git
2023-05-03 12:08:23.824 [info] > git rev-parse --show-toplevel [1ms]
2023-05-03 12:08:23.824 [info] fatal: not a git repository (or any of the parent directories): .git
2023-05-03 12:08:23.824 [info] > git rev-parse --show-toplevel [1ms]
2023-05-03 12:08:23.824 [info] fatal: not a git repository (or any of the parent directories): .git
2023-05-03 12:08:23.824 [info] > git rev-parse --show-toplevel [1ms]
2023-05-03 12:08:23.824 [info] fatal: not a git repository (or any of the parent directories): .git
2023-05-03 12:08:23.824 [info] > git rev-parse --show-toplevel [1ms]
2023-05-03 12:08:23.824 [info] fatal: not a git repository (or any of the parent directories): .git
2023-05-03 12:08:23.824 [info] > git rev-parse --show-toplevel [1ms]
2023-05-03 12:08:23.824 [info] fatal: not a git repository (or any of the parent directories): .git
2023-05-03 12:08:23.824 [info] > git rev-parse --show-toplevel [1ms]
2023-05-03 12:08:23.824 [info] fatal: not a git repository (or any of the parent directories): .git
2023-05-03 12:08:23.824 [info] > git rev-parse --show-toplevel [1ms]
2023-05-03 12:08:23.824 [info] fatal: not a git repository (or any of the parent directories): .git
2023-05-03 12:08:23.824 [info] > git rev-parse --show-toplevel [1ms]
2023-05-03 12:08:23.824 [info] fatal: not a git repository (or any of the parent directories): .git
2023-05-03 12:08:23.824 [info] > git rev-parse --show-toplevel [1ms]
2023-05-03 12:08:23.824 [info] fatal: not a git repository (or any of the parent directories): .git
2023-05-03 12:08:23.824 [info] > git rev-parse --show-toplevel [1ms]
2023-05-03 12:08:23.824 [info] fatal: not a git repository (or any of the parent directories): .git
2023-05-03 12:08:23.824 [info] > git rev-parse --show-toplevel [1ms]
2023-05-03 12:08:23.824 [info] fatal: not a git repository (or any of the parent directories): .git
2023-05-03 12:08:23.824 [info] > git rev-parse --show-toplevel [0ms]
2023-05-03 12:08:23.824 [info] fatal: not a git repository (or any of the parent directories): .git
2023-05-03 12:08:23.824 [info] > git rev-parse --show-toplevel [1ms]
2023-05-03 12:08:23.824 [info] fatal: not a git repository (or any of the parent directories): .git
2023-05-03 12:08:23.824 [info] > git rev-parse --show-toplevel [1ms]
2023-05-03 12:08:23.824 [info] fatal: not a git repository (or any of the parent directories): .git
2023-05-03 12:08:23.824 [info] > git rev-parse --show-toplevel [1ms]
2023-05-03 12:08:23.824 [info] fatal: not a git repository (or any of the parent directories): .git
2023-05-03 12:08:23.824 [info] > git rev-parse --show-toplevel [1ms]
2023-05-03 12:08:23.824 [info] fatal: not a git repository (or any of the parent directories): .git
2023-05-03 12:08:23.824 [info] > git rev-parse --show-toplevel [1ms]
2023-05-03 12:08:23.824 [info] fatal: not a git repository (or any of the parent directories): .git
2023-05-03 12:08:23.824 [info] > git rev-parse --show-toplevel [0ms]
2023-05-03 12:08:23.824 [info] fatal: not a git repository (or any of the parent directories): .git
2023-05-03 12:08:23.824 [info] > git rev-parse --show-toplevel [1ms]
2023-05-03 12:08:23.824 [info] fatal: not a git repository (or any of the parent directories): .git
2023-05-03 12:08:23.824 [info] > git rev-parse --show-toplevel [1ms]
2023-05-03 12:08:23.824 [info] fatal: not a git repository (or any of the parent directories): .git
2023-05-03 12:08:23.824 [info] > git rev-parse --show-toplevel [1ms]
2023-05-03 12:08:23.824 [info] fatal: not a git repository (or any of the parent directories): .git
2023-05-03 12:08:23.824 [info] > git rev-parse --show-toplevel [0ms]
2023-05-03 12:08:23.824 [info] fatal: not a git repository (or any of the parent directories): .git
2023-05-03 12:08:23.824 [info] > git rev-parse --show-toplevel [1ms]
2023-05-03 12:08:23.824 [info] fatal: not a git repository (or any of the parent directories): .git
2023-05-03 12:08:23.824 [info] > git rev-parse --show-toplevel [1ms]
2023-05-03 12:08:23.824 [info] fatal: not a git repository (or any of the parent directories): .git
2023-05-03 12:08:23.824 [info] > git rev-parse --show-toplevel [1ms]
2023-05-03 12:08:23.824 [info] fatal: not a git repository (or any of the parent directories): .git
2023-05-03 12:08:23.824 [info] > git rev-parse --show-toplevel [0ms]
2023-05-03 12:08:23.824 [info] fatal: not a git repository (or any of the parent directories): .git
2023-05-03 12:08:23.824 [info] > git rev-parse --show-toplevel [2ms]
2023-05-03 12:08:23.824 [info] fatal: not a git repository (or any of the parent directories): .git
2023-05-03 12:08:23.824 [info] > git rev-parse --show-toplevel [6ms]
2023-05-03 12:08:23.824 [info] fatal: not a git repository (or any of the parent directories): .git
2023-05-03 12:08:23.824 [info] > git rev-parse --show-toplevel [1ms]
2023-05-03 12:08:23.824 [info] fatal: not a git repository (or any of the parent directories): .git
2023-05-03 12:08:23.824 [info] > git rev-parse --show-toplevel [3ms]
2023-05-03 12:08:23.824 [info] fatal: not a git repository (or any of the parent directories): .git
2023-05-03 12:08:23.825 [info] > git rev-parse --show-toplevel [2ms]
2023-05-03 12:08:23.825 [info] fatal: not a git repository (or any of the parent directories): .git
2023-05-03 12:08:23.829 [info] > git rev-parse --show-toplevel [0ms]
2023-05-03 12:08:23.829 [info] fatal: not a git repository (or any of the parent directories): .git
2023-05-03 12:08:23.832 [info] > git rev-parse --show-toplevel [1ms]
2023-05-03 12:08:23.832 [info] fatal: not a git repository (or any of the parent directories): .git
2023-05-03 12:08:23.836 [info] > git rev-parse --show-toplevel [1ms]
2023-05-03 12:08:23.836 [info] fatal: not a git repository (or any of the parent directories): .git
2023-05-03 12:08:23.840 [info] > git rev-parse --show-toplevel [1ms]
2023-05-03 12:08:23.840 [info] fatal: not a git repository (or any of the parent directories): .git
2023-05-03 12:08:23.845 [info] > git rev-parse --show-toplevel [1ms]
2023-05-03 12:08:23.845 [info] fatal: not a git repository (or any of the parent directories): .git
2023-05-03 12:08:23.850 [info] > git rev-parse --show-toplevel [0ms]
2023-05-03 12:08:23.850 [info] fatal: not a git repository (or any of the parent directories): .git
2023-05-03 12:08:23.854 [info] > git rev-parse --show-toplevel [1ms]
2023-05-03 12:08:23.854 [info] fatal: not a git repository (or any of the parent directories): .git
2023-05-03 12:08:23.858 [info] > git rev-parse --show-toplevel [1ms]
2023-05-03 12:08:23.858 [info] fatal: not a git repository (or any of the parent directories): .git
2023-05-03 12:08:23.862 [info] > git rev-parse --show-toplevel [1ms]
2023-05-03 12:08:23.862 [info] fatal: not a git repository (or any of the parent directories): .git
2023-05-03 12:08:23.865 [info] > git rev-parse --show-toplevel [0ms]
2023-05-03 12:08:23.866 [info] fatal: not a git repository (or any of the parent directories): .git
2023-05-03 12:08:23.869 [info] > git rev-parse --show-toplevel [1ms]
2023-05-03 12:08:23.869 [info] fatal: not a git repository (or any of the parent directories): .git
2023-05-03 12:08:23.873 [info] > git rev-parse --show-toplevel [1ms]
2023-05-03 12:08:23.873 [info] fatal: not a git repository (or any of the parent directories): .git
2023-05-03 12:08:23.878 [info] > git rev-parse --show-toplevel [2ms]
2023-05-03 12:08:23.878 [info] fatal: not a git repository (or any of the parent directories): .git
2023-05-03 12:08:23.882 [info] > git rev-parse --show-toplevel [1ms]
2023-05-03 12:08:23.882 [info] fatal: not a git repository (or any of the parent directories): .git
2023-05-03 12:08:23.886 [info] > git rev-parse --show-toplevel [1ms]
2023-05-03 12:08:23.886 [info] fatal: not a git repository (or any of the parent directories): .git
2023-05-03 12:08:23.890 [info] > git rev-parse --show-toplevel [1ms]
2023-05-03 12:08:23.890 [info] fatal: not a git repository (or any of the parent directories): .git
2023-05-03 12:08:23.894 [info] > git rev-parse --show-toplevel [1ms]
2023-05-03 12:08:23.894 [info] fatal: not a git repository (or any of the parent directories): .git
2023-05-03 12:08:23.898 [info] > git rev-parse --show-toplevel [1ms]
2023-05-03 12:08:23.898 [info] fatal: not a git repository (or any of the parent directories): .git
2023-05-03 12:08:23.902 [info] > git rev-parse --show-toplevel [1ms]
2023-05-03 12:08:23.902 [info] fatal: not a git repository (or any of the parent directories): .git
2023-05-03 12:08:23.906 [info] > git rev-parse --show-toplevel [0ms]
2023-05-03 12:08:23.906 [info] fatal: not a git repository (or any of the parent directories): .git
2023-05-03 12:08:23.909 [info] > git rev-parse --show-toplevel [1ms]
2023-05-03 12:08:23.909 [info] fatal: not a git repository (or any of the parent directories): .git
2023-05-03 12:08:23.913 [info] > git rev-parse --show-toplevel [1ms]
2023-05-03 12:08:23.913 [info] fatal: not a git repository (or any of the parent directories): .git
2023-05-03 12:08:23.917 [info] > git rev-parse --show-toplevel [1ms]
2023-05-03 12:08:23.917 [info] fatal: not a git repository (or any of the parent directories): .git
2023-05-03 12:08:23.921 [info] > git rev-parse --show-toplevel [1ms]
2023-05-03 12:08:23.921 [info] fatal: not a git repository (or any of the parent directories): .git
2023-05-03 12:08:23.925 [info] > git rev-parse --show-toplevel [1ms]
2023-05-03 12:08:23.925 [info] fatal: not a git repository (or any of the parent directories): .git
2023-05-03 12:08:23.931 [info] > git rev-parse --show-toplevel [0ms]
2023-05-03 12:08:23.931 [info] fatal: not a git repository (or any of the parent directories): .git
2023-05-03 12:08:23.935 [info] > git rev-parse --show-toplevel [1ms]
2023-05-03 12:08:23.935 [info] fatal: not a git repository (or any of the parent directories): .git
2023-05-03 12:08:23.939 [info] > git rev-parse --show-toplevel [1ms]
2023-05-03 12:08:23.939 [info] fatal: not a git repository (or any of the parent directories): .git
2023-05-03 12:08:23.943 [info] > git rev-parse --show-toplevel [1ms]
2023-05-03 12:08:23.943 [info] fatal: not a git repository (or any of the parent directories): .git
2023-05-03 12:08:23.947 [info] > git rev-parse --show-toplevel [1ms]
2023-05-03 12:08:23.947 [info] fatal: not a git repository (or any of the parent directories): .git
2023-05-03 12:08:23.951 [info] > git rev-parse --show-toplevel [1ms]
2023-05-03 12:08:23.951 [info] fatal: not a git repository (or any of the parent directories): .git
2023-05-03 12:08:23.955 [info] > git rev-parse --show-toplevel [1ms]
2023-05-03 12:08:23.955 [info] fatal: not a git repository (or any of the parent directories): .git
2023-05-03 12:08:23.959 [info] > git rev-parse --show-toplevel [0ms]
2023-05-03 12:08:23.959 [info] fatal: not a git repository (or any of the parent directories): .git
2023-05-03 12:08:23.965 [info] > git rev-parse --show-toplevel [4ms]
2023-05-03 12:08:23.965 [info] fatal: not a git repository (or any of the parent directories): .git
2023-05-03 12:08:31.426 [info] > git rev-parse --show-toplevel [1ms]
2023-05-03 12:08:31.426 [info] fatal: not a git repository (or any of the parent directories): .git
