2023-05-03 09:10:57.775 [info] Log level: Info
2023-05-03 09:10:57.775 [info] Validating found git in: "git"
2023-05-03 09:10:57.775 [info] Using git "2.25.1" from "git"
2023-05-03 09:10:57.775 [info] > git rev-parse --show-toplevel [29ms]
2023-05-03 09:10:57.775 [info] > git rev-parse --git-dir --git-common-dir [1ms]
2023-05-03 09:10:57.775 [info] Open repository: /home/cn154
2023-05-03 09:10:57.775 [info] > git rev-parse --show-toplevel [8ms]
2023-05-03 09:10:57.775 [info] > git rev-parse --show-toplevel [1ms]
2023-05-03 09:10:57.775 [info] > git config --get commit.template [11ms]
2023-05-03 09:10:57.775 [info] > git rev-parse --show-toplevel [6ms]
2023-05-03 09:10:57.775 [info] > git rev-parse --show-toplevel [8ms]
2023-05-03 09:10:57.775 [info] > git for-each-ref --format=%(refname)%00%(upstream:short)%00%(objectname)%00%(upstream:track)%00%(upstream:remotename)%00%(upstream:remoteref) refs/heads/master refs/remotes/master [5ms]
2023-05-03 09:10:57.775 [info] > git rev-parse --show-toplevel [6ms]
2023-05-03 09:10:57.775 [info] > git rev-parse --show-toplevel [2ms]
2023-05-03 09:10:57.775 [info] > git status -z -uall [19ms]
2023-05-03 09:10:57.775 [info] > git config --get commit.template [5ms]
2023-05-03 09:10:57.775 [info] > git for-each-ref --format=%(refname)%00%(upstream:short)%00%(objectname)%00%(upstream:track)%00%(upstream:remotename)%00%(upstream:remoteref) refs/heads/master refs/remotes/master [19ms]
2023-05-03 09:10:57.775 [info] > git status -z -uall [31ms]
2023-05-03 09:10:58.070 [info] > git check-ignore -v -z --stdin [3ms]
2023-05-03 09:10:59.741 [info] > git show --textconv :proj5_cn154/sneaky_mod.c [6ms]
2023-05-03 09:10:59.743 [info] > git ls-files --stage -- /home/cn154/proj5_cn154/sneaky_mod.c [3ms]
2023-05-03 09:10:59.750 [info] > git cat-file -s cd8973bf705f1e7ebd97daaaf02f8390ee74eaa5 [3ms]
2023-05-03 09:12:11.072 [info] > git config --get commit.template [3ms]
2023-05-03 09:12:11.078 [info] > git for-each-ref --format=%(refname)%00%(upstream:short)%00%(objectname)%00%(upstream:track)%00%(upstream:remotename)%00%(upstream:remoteref) refs/heads/master refs/remotes/master [2ms]
2023-05-03 09:12:11.099 [info] > git status -z -uall [18ms]
2023-05-03 09:12:16.118 [info] > git config --get commit.template [7ms]
2023-05-03 09:12:16.120 [info] > git for-each-ref --format=%(refname)%00%(upstream:short)%00%(objectname)%00%(upstream:track)%00%(upstream:remotename)%00%(upstream:remoteref) refs/heads/master refs/remotes/master [3ms]
2023-05-03 09:12:16.137 [info] > git status -z -uall [13ms]
2023-05-03 09:12:21.150 [info] > git config --get commit.template [5ms]
2023-05-03 09:12:21.151 [info] > git for-each-ref --format=%(refname)%00%(upstream:short)%00%(objectname)%00%(upstream:track)%00%(upstream:remotename)%00%(upstream:remoteref) refs/heads/master refs/remotes/master [2ms]
2023-05-03 09:12:21.168 [info] > git status -z -uall [13ms]
2023-05-03 09:18:19.690 [info] > git config --get commit.template [2ms]
2023-05-03 09:18:19.699 [info] > git for-each-ref --format=%(refname)%00%(upstream:short)%00%(objectname)%00%(upstream:track)%00%(upstream:remotename)%00%(upstream:remoteref) refs/heads/master refs/remotes/master [4ms]
2023-05-03 09:18:19.731 [info] > git status -z -uall [28ms]
2023-05-03 09:18:24.746 [info] > git config --get commit.template [5ms]
2023-05-03 09:18:24.747 [info] > git for-each-ref --format=%(refname)%00%(upstream:short)%00%(objectname)%00%(upstream:track)%00%(upstream:remotename)%00%(upstream:remoteref) refs/heads/master refs/remotes/master [1ms]
2023-05-03 09:18:24.771 [info] > git status -z -uall [19ms]
2023-05-03 09:18:29.783 [info] > git config --get commit.template [3ms]
2023-05-03 09:18:29.788 [info] > git for-each-ref --format=%(refname)%00%(upstream:short)%00%(objectname)%00%(upstream:track)%00%(upstream:remotename)%00%(upstream:remoteref) refs/heads/master refs/remotes/master [1ms]
2023-05-03 09:18:29.806 [info] > git status -z -uall [14ms]
2023-05-03 09:18:34.821 [info] > git config --get commit.template [6ms]
2023-05-03 09:18:34.822 [info] > git for-each-ref --format=%(refname)%00%(upstream:short)%00%(objectname)%00%(upstream:track)%00%(upstream:remotename)%00%(upstream:remoteref) refs/heads/master refs/remotes/master [2ms]
2023-05-03 09:18:34.853 [info] > git status -z -uall [26ms]
2023-05-03 09:18:42.796 [info] > git config --get commit.template [6ms]
2023-05-03 09:18:42.797 [info] > git for-each-ref --format=%(refname)%00%(upstream:short)%00%(objectname)%00%(upstream:track)%00%(upstream:remotename)%00%(upstream:remoteref) refs/heads/master refs/remotes/master [1ms]
2023-05-03 09:18:42.817 [info] > git status -z -uall [17ms]
2023-05-03 09:19:02.804 [info] > git config --get commit.template [6ms]
2023-05-03 09:19:02.805 [info] > git for-each-ref --format=%(refname)%00%(upstream:short)%00%(objectname)%00%(upstream:track)%00%(upstream:remotename)%00%(upstream:remoteref) refs/heads/master refs/remotes/master [2ms]
2023-05-03 09:19:02.826 [info] > git status -z -uall [18ms]
2023-05-03 09:20:06.390 [info] > git config --get commit.template [5ms]
2023-05-03 09:20:06.391 [info] > git for-each-ref --format=%(refname)%00%(upstream:short)%00%(objectname)%00%(upstream:track)%00%(upstream:remotename)%00%(upstream:remoteref) refs/heads/master refs/remotes/master [1ms]
2023-05-03 09:20:06.410 [info] > git status -z -uall [15ms]
2023-05-03 09:20:11.426 [info] > git config --get commit.template [4ms]
2023-05-03 09:20:11.426 [info] > git for-each-ref --format=%(refname)%00%(upstream:short)%00%(objectname)%00%(upstream:track)%00%(upstream:remotename)%00%(upstream:remoteref) refs/heads/master refs/remotes/master [1ms]
2023-05-03 09:20:11.446 [info] > git status -z -uall [16ms]
2023-05-03 09:20:16.469 [info] > git config --get commit.template [7ms]
2023-05-03 09:20:16.470 [info] > git for-each-ref --format=%(refname)%00%(upstream:short)%00%(objectname)%00%(upstream:track)%00%(upstream:remotename)%00%(upstream:remoteref) refs/heads/master refs/remotes/master [2ms]
2023-05-03 09:20:16.493 [info] > git status -z -uall [18ms]
2023-05-03 09:20:21.512 [info] > git config --get commit.template [2ms]
2023-05-03 09:20:21.518 [info] > git for-each-ref --format=%(refname)%00%(upstream:short)%00%(objectname)%00%(upstream:track)%00%(upstream:remotename)%00%(upstream:remoteref) refs/heads/master refs/remotes/master [1ms]
2023-05-03 09:20:21.541 [info] > git status -z -uall [18ms]
2023-05-03 09:20:26.558 [info] > git config --get commit.template [5ms]
2023-05-03 09:20:26.559 [info] > git for-each-ref --format=%(refname)%00%(upstream:short)%00%(objectname)%00%(upstream:track)%00%(upstream:remotename)%00%(upstream:remoteref) refs/heads/master refs/remotes/master [1ms]
2023-05-03 09:20:26.578 [info] > git status -z -uall [15ms]
2023-05-03 09:20:31.595 [info] > git config --get commit.template [2ms]
2023-05-03 09:20:31.600 [info] > git for-each-ref --format=%(refname)%00%(upstream:short)%00%(objectname)%00%(upstream:track)%00%(upstream:remotename)%00%(upstream:remoteref) refs/heads/master refs/remotes/master [1ms]
2023-05-03 09:20:31.618 [info] > git status -z -uall [15ms]
2023-05-03 09:20:36.635 [info] > git config --get commit.template [2ms]
2023-05-03 09:20:36.641 [info] > git for-each-ref --format=%(refname)%00%(upstream:short)%00%(objectname)%00%(upstream:track)%00%(upstream:remotename)%00%(upstream:remoteref) refs/heads/master refs/remotes/master [2ms]
2023-05-03 09:20:36.665 [info] > git status -z -uall [19ms]
2023-05-03 09:20:41.681 [info] > git config --get commit.template [5ms]
2023-05-03 09:20:41.682 [info] > git for-each-ref --format=%(refname)%00%(upstream:short)%00%(objectname)%00%(upstream:track)%00%(upstream:remotename)%00%(upstream:remoteref) refs/heads/master refs/remotes/master [2ms]
2023-05-03 09:20:41.700 [info] > git status -z -uall [14ms]
2023-05-03 09:20:46.715 [info] > git config --get commit.template [5ms]
2023-05-03 09:20:46.716 [info] > git for-each-ref --format=%(refname)%00%(upstream:short)%00%(objectname)%00%(upstream:track)%00%(upstream:remotename)%00%(upstream:remoteref) refs/heads/master refs/remotes/master [2ms]
2023-05-03 09:20:46.733 [info] > git status -z -uall [14ms]
2023-05-03 09:20:51.745 [info] > git config --get commit.template [2ms]
2023-05-03 09:20:51.752 [info] > git for-each-ref --format=%(refname)%00%(upstream:short)%00%(objectname)%00%(upstream:track)%00%(upstream:remotename)%00%(upstream:remoteref) refs/heads/master refs/remotes/master [2ms]
2023-05-03 09:20:51.773 [info] > git status -z -uall [17ms]
2023-05-03 09:20:56.790 [info] > git config --get commit.template [5ms]
2023-05-03 09:20:56.791 [info] > git for-each-ref --format=%(refname)%00%(upstream:short)%00%(objectname)%00%(upstream:track)%00%(upstream:remotename)%00%(upstream:remoteref) refs/heads/master refs/remotes/master [1ms]
2023-05-03 09:20:56.815 [info] > git status -z -uall [20ms]
2023-05-03 09:21:01.832 [info] > git config --get commit.template [5ms]
2023-05-03 09:21:01.833 [info] > git for-each-ref --format=%(refname)%00%(upstream:short)%00%(objectname)%00%(upstream:track)%00%(upstream:remotename)%00%(upstream:remoteref) refs/heads/master refs/remotes/master [2ms]
2023-05-03 09:21:01.864 [info] > git status -z -uall [27ms]
2023-05-03 09:21:06.876 [info] > git config --get commit.template [5ms]
2023-05-03 09:21:06.876 [info] > git for-each-ref --format=%(refname)%00%(upstream:short)%00%(objectname)%00%(upstream:track)%00%(upstream:remotename)%00%(upstream:remoteref) refs/heads/master refs/remotes/master [1ms]
2023-05-03 09:21:06.897 [info] > git status -z -uall [17ms]
2023-05-03 09:21:11.915 [info] > git config --get commit.template [5ms]
2023-05-03 09:21:11.916 [info] > git for-each-ref --format=%(refname)%00%(upstream:short)%00%(objectname)%00%(upstream:track)%00%(upstream:remotename)%00%(upstream:remoteref) refs/heads/master refs/remotes/master [2ms]
2023-05-03 09:21:11.940 [info] > git status -z -uall [20ms]
2023-05-03 09:21:32.731 [info] > git config --get commit.template [5ms]
2023-05-03 09:21:32.732 [info] > git for-each-ref --format=%(refname)%00%(upstream:short)%00%(objectname)%00%(upstream:track)%00%(upstream:remotename)%00%(upstream:remoteref) refs/heads/master refs/remotes/master [1ms]
2023-05-03 09:21:32.755 [info] > git status -z -uall [20ms]
2023-05-03 09:21:43.457 [info] > git config --get commit.template [5ms]
2023-05-03 09:21:43.458 [info] > git for-each-ref --format=%(refname)%00%(upstream:short)%00%(objectname)%00%(upstream:track)%00%(upstream:remotename)%00%(upstream:remoteref) refs/heads/master refs/remotes/master [1ms]
2023-05-03 09:21:43.477 [info] > git status -z -uall [16ms]
2023-05-03 09:28:28.581 [info] > git config --get commit.template [5ms]
2023-05-03 09:28:28.582 [info] > git for-each-ref --format=%(refname)%00%(upstream:short)%00%(objectname)%00%(upstream:track)%00%(upstream:remotename)%00%(upstream:remoteref) refs/heads/master refs/remotes/master [1ms]
2023-05-03 09:28:28.599 [info] > git status -z -uall [14ms]
2023-05-03 09:28:46.961 [info] > git config --get commit.template [4ms]
2023-05-03 09:28:46.961 [info] > git for-each-ref --format=%(refname)%00%(upstream:short)%00%(objectname)%00%(upstream:track)%00%(upstream:remotename)%00%(upstream:remoteref) refs/heads/master refs/remotes/master [1ms]
2023-05-03 09:28:46.979 [info] > git status -z -uall [14ms]
2023-05-03 09:28:53.464 [info] > git config --get commit.template [6ms]
2023-05-03 09:28:53.467 [info] > git for-each-ref --format=%(refname)%00%(upstream:short)%00%(objectname)%00%(upstream:track)%00%(upstream:remotename)%00%(upstream:remoteref) refs/heads/master refs/remotes/master [4ms]
2023-05-03 09:28:53.485 [info] > git status -z -uall [14ms]
2023-05-03 09:28:58.499 [info] > git config --get commit.template [2ms]
2023-05-03 09:28:58.506 [info] > git for-each-ref --format=%(refname)%00%(upstream:short)%00%(objectname)%00%(upstream:track)%00%(upstream:remotename)%00%(upstream:remoteref) refs/heads/master refs/remotes/master [2ms]
2023-05-03 09:28:58.525 [info] > git status -z -uall [15ms]
2023-05-03 09:29:03.541 [info] > git config --get commit.template [4ms]
2023-05-03 09:29:03.541 [info] > git for-each-ref --format=%(refname)%00%(upstream:short)%00%(objectname)%00%(upstream:track)%00%(upstream:remotename)%00%(upstream:remoteref) refs/heads/master refs/remotes/master [1ms]
2023-05-03 09:29:03.561 [info] > git status -z -uall [17ms]
2023-05-03 09:29:08.577 [info] > git config --get commit.template [7ms]
2023-05-03 09:29:08.580 [info] > git for-each-ref --format=%(refname)%00%(upstream:short)%00%(objectname)%00%(upstream:track)%00%(upstream:remotename)%00%(upstream:remoteref) refs/heads/master refs/remotes/master [3ms]
2023-05-03 09:29:08.597 [info] > git status -z -uall [14ms]
2023-05-03 09:29:13.611 [info] > git config --get commit.template [5ms]
2023-05-03 09:29:13.612 [info] > git for-each-ref --format=%(refname)%00%(upstream:short)%00%(objectname)%00%(upstream:track)%00%(upstream:remotename)%00%(upstream:remoteref) refs/heads/master refs/remotes/master [2ms]
2023-05-03 09:29:13.634 [info] > git status -z -uall [19ms]
2023-05-03 09:29:18.649 [info] > git config --get commit.template [6ms]
2023-05-03 09:29:18.652 [info] > git for-each-ref --format=%(refname)%00%(upstream:short)%00%(objectname)%00%(upstream:track)%00%(upstream:remotename)%00%(upstream:remoteref) refs/heads/master refs/remotes/master [3ms]
2023-05-03 09:29:18.668 [info] > git status -z -uall [13ms]
2023-05-03 09:29:35.013 [info] > git config --get commit.template [6ms]
2023-05-03 09:29:35.014 [info] > git for-each-ref --format=%(refname)%00%(upstream:short)%00%(objectname)%00%(upstream:track)%00%(upstream:remotename)%00%(upstream:remoteref) refs/heads/master refs/remotes/master [1ms]
2023-05-03 09:29:35.030 [info] > git status -z -uall [13ms]
2023-05-03 09:29:50.720 [info] > git config --get commit.template [6ms]
2023-05-03 09:29:50.723 [info] > git for-each-ref --format=%(refname)%00%(upstream:short)%00%(objectname)%00%(upstream:track)%00%(upstream:remotename)%00%(upstream:remoteref) refs/heads/master refs/remotes/master [4ms]
2023-05-03 09:29:50.743 [info] > git status -z -uall [17ms]
2023-05-03 09:29:55.759 [info] > git config --get commit.template [6ms]
2023-05-03 09:29:55.759 [info] > git for-each-ref --format=%(refname)%00%(upstream:short)%00%(objectname)%00%(upstream:track)%00%(upstream:remotename)%00%(upstream:remoteref) refs/heads/master refs/remotes/master [1ms]
2023-05-03 09:29:55.777 [info] > git status -z -uall [14ms]
2023-05-03 09:30:00.791 [info] > git config --get commit.template [5ms]
2023-05-03 09:30:00.791 [info] > git for-each-ref --format=%(refname)%00%(upstream:short)%00%(objectname)%00%(upstream:track)%00%(upstream:remotename)%00%(upstream:remoteref) refs/heads/master refs/remotes/master [1ms]
2023-05-03 09:30:00.815 [info] > git status -z -uall [18ms]
2023-05-03 09:30:05.833 [info] > git config --get commit.template [5ms]
2023-05-03 09:30:05.834 [info] > git for-each-ref --format=%(refname)%00%(upstream:short)%00%(objectname)%00%(upstream:track)%00%(upstream:remotename)%00%(upstream:remoteref) refs/heads/master refs/remotes/master [2ms]
2023-05-03 09:30:05.855 [info] > git status -z -uall [17ms]
2023-05-03 09:30:10.872 [info] > git config --get commit.template [6ms]
2023-05-03 09:30:10.875 [info] > git for-each-ref --format=%(refname)%00%(upstream:short)%00%(objectname)%00%(upstream:track)%00%(upstream:remotename)%00%(upstream:remoteref) refs/heads/master refs/remotes/master [4ms]
2023-05-03 09:30:10.895 [info] > git status -z -uall [17ms]
2023-05-03 09:30:15.909 [info] > git config --get commit.template [4ms]
2023-05-03 09:30:15.910 [info] > git for-each-ref --format=%(refname)%00%(upstream:short)%00%(objectname)%00%(upstream:track)%00%(upstream:remotename)%00%(upstream:remoteref) refs/heads/master refs/remotes/master [1ms]
2023-05-03 09:30:15.930 [info] > git status -z -uall [17ms]
2023-05-03 09:30:20.949 [info] > git config --get commit.template [2ms]
2023-05-03 09:30:20.954 [info] > git for-each-ref --format=%(refname)%00%(upstream:short)%00%(objectname)%00%(upstream:track)%00%(upstream:remotename)%00%(upstream:remoteref) refs/heads/master refs/remotes/master [1ms]
2023-05-03 09:30:20.971 [info] > git status -z -uall [14ms]
2023-05-03 09:30:25.984 [info] > git config --get commit.template [5ms]
2023-05-03 09:30:25.984 [info] > git for-each-ref --format=%(refname)%00%(upstream:short)%00%(objectname)%00%(upstream:track)%00%(upstream:remotename)%00%(upstream:remoteref) refs/heads/master refs/remotes/master [1ms]
2023-05-03 09:30:26.001 [info] > git status -z -uall [13ms]
2023-05-03 09:30:31.014 [info] > git config --get commit.template [5ms]
2023-05-03 09:30:31.014 [info] > git for-each-ref --format=%(refname)%00%(upstream:short)%00%(objectname)%00%(upstream:track)%00%(upstream:remotename)%00%(upstream:remoteref) refs/heads/master refs/remotes/master [1ms]
2023-05-03 09:30:31.034 [info] > git status -z -uall [17ms]
2023-05-03 09:30:36.052 [info] > git config --get commit.template [6ms]
2023-05-03 09:30:36.053 [info] > git for-each-ref --format=%(refname)%00%(upstream:short)%00%(objectname)%00%(upstream:track)%00%(upstream:remotename)%00%(upstream:remoteref) refs/heads/master refs/remotes/master [2ms]
2023-05-03 09:30:36.073 [info] > git status -z -uall [17ms]
2023-05-03 09:30:41.086 [info] > git config --get commit.template [1ms]
2023-05-03 09:30:41.091 [info] > git for-each-ref --format=%(refname)%00%(upstream:short)%00%(objectname)%00%(upstream:track)%00%(upstream:remotename)%00%(upstream:remoteref) refs/heads/master refs/remotes/master [1ms]
2023-05-03 09:30:41.109 [info] > git status -z -uall [14ms]
2023-05-03 09:30:46.125 [info] > git config --get commit.template [5ms]
2023-05-03 09:30:46.125 [info] > git for-each-ref --format=%(refname)%00%(upstream:short)%00%(objectname)%00%(upstream:track)%00%(upstream:remotename)%00%(upstream:remoteref) refs/heads/master refs/remotes/master [1ms]
2023-05-03 09:30:46.143 [info] > git status -z -uall [14ms]
2023-05-03 09:30:51.161 [info] > git config --get commit.template [6ms]
2023-05-03 09:30:51.161 [info] > git for-each-ref --format=%(refname)%00%(upstream:short)%00%(objectname)%00%(upstream:track)%00%(upstream:remotename)%00%(upstream:remoteref) refs/heads/master refs/remotes/master [1ms]
2023-05-03 09:30:51.178 [info] > git status -z -uall [13ms]
2023-05-03 09:30:56.188 [info] > git config --get commit.template [1ms]
2023-05-03 09:30:56.193 [info] > git for-each-ref --format=%(refname)%00%(upstream:short)%00%(objectname)%00%(upstream:track)%00%(upstream:remotename)%00%(upstream:remoteref) refs/heads/master refs/remotes/master [2ms]
2023-05-03 09:30:56.214 [info] > git status -z -uall [16ms]
2023-05-03 09:31:01.253 [info] > git for-each-ref --format=%(refname)%00%(upstream:short)%00%(objectname)%00%(upstream:track)%00%(upstream:remotename)%00%(upstream:remoteref) refs/heads/master refs/remotes/master [19ms]
2023-05-03 09:31:01.253 [info] > git config --get commit.template [25ms]
2023-05-03 09:31:01.274 [info] > git status -z -uall [16ms]
2023-05-03 09:31:06.289 [info] > git config --get commit.template [5ms]
2023-05-03 09:31:06.289 [info] > git for-each-ref --format=%(refname)%00%(upstream:short)%00%(objectname)%00%(upstream:track)%00%(upstream:remotename)%00%(upstream:remoteref) refs/heads/master refs/remotes/master [1ms]
2023-05-03 09:31:06.307 [info] > git status -z -uall [14ms]
2023-05-03 09:31:11.319 [info] > git config --get commit.template [4ms]
2023-05-03 09:31:11.319 [info] > git for-each-ref --format=%(refname)%00%(upstream:short)%00%(objectname)%00%(upstream:track)%00%(upstream:remotename)%00%(upstream:remoteref) refs/heads/master refs/remotes/master [1ms]
2023-05-03 09:31:11.338 [info] > git status -z -uall [15ms]
2023-05-03 09:31:16.351 [info] > git config --get commit.template [5ms]
2023-05-03 09:31:16.351 [info] > git for-each-ref --format=%(refname)%00%(upstream:short)%00%(objectname)%00%(upstream:track)%00%(upstream:remotename)%00%(upstream:remoteref) refs/heads/master refs/remotes/master [1ms]
2023-05-03 09:31:16.368 [info] > git status -z -uall [14ms]
2023-05-03 09:31:21.381 [info] > git config --get commit.template [4ms]
2023-05-03 09:31:21.382 [info] > git for-each-ref --format=%(refname)%00%(upstream:short)%00%(objectname)%00%(upstream:track)%00%(upstream:remotename)%00%(upstream:remoteref) refs/heads/master refs/remotes/master [1ms]
2023-05-03 09:31:21.402 [info] > git status -z -uall [17ms]
2023-05-03 09:31:26.418 [info] > git config --get commit.template [6ms]
2023-05-03 09:31:26.420 [info] > git for-each-ref --format=%(refname)%00%(upstream:short)%00%(objectname)%00%(upstream:track)%00%(upstream:remotename)%00%(upstream:remoteref) refs/heads/master refs/remotes/master [3ms]
2023-05-03 09:31:26.438 [info] > git status -z -uall [12ms]
2023-05-03 09:31:31.453 [info] > git config --get commit.template [5ms]
2023-05-03 09:31:31.454 [info] > git for-each-ref --format=%(refname)%00%(upstream:short)%00%(objectname)%00%(upstream:track)%00%(upstream:remotename)%00%(upstream:remoteref) refs/heads/master refs/remotes/master [1ms]
2023-05-03 09:31:31.470 [info] > git status -z -uall [13ms]
2023-05-03 09:31:36.481 [info] > git config --get commit.template [2ms]
2023-05-03 09:31:36.487 [info] > git for-each-ref --format=%(refname)%00%(upstream:short)%00%(objectname)%00%(upstream:track)%00%(upstream:remotename)%00%(upstream:remoteref) refs/heads/master refs/remotes/master [1ms]
2023-05-03 09:31:36.507 [info] > git status -z -uall [17ms]
2023-05-03 09:31:41.520 [info] > git config --get commit.template [4ms]
2023-05-03 09:31:41.520 [info] > git for-each-ref --format=%(refname)%00%(upstream:short)%00%(objectname)%00%(upstream:track)%00%(upstream:remotename)%00%(upstream:remoteref) refs/heads/master refs/remotes/master [1ms]
2023-05-03 09:31:41.537 [info] > git status -z -uall [13ms]
2023-05-03 09:31:46.551 [info] > git config --get commit.template [6ms]
2023-05-03 09:31:46.551 [info] > git for-each-ref --format=%(refname)%00%(upstream:short)%00%(objectname)%00%(upstream:track)%00%(upstream:remotename)%00%(upstream:remoteref) refs/heads/master refs/remotes/master [1ms]
2023-05-03 09:31:46.569 [info] > git status -z -uall [14ms]
2023-05-03 09:31:51.584 [info] > git config --get commit.template [6ms]
2023-05-03 09:31:51.584 [info] > git for-each-ref --format=%(refname)%00%(upstream:short)%00%(objectname)%00%(upstream:track)%00%(upstream:remotename)%00%(upstream:remoteref) refs/heads/master refs/remotes/master [1ms]
2023-05-03 09:31:51.606 [info] > git status -z -uall [17ms]
2023-05-03 09:31:56.621 [info] > git config --get commit.template [5ms]
2023-05-03 09:31:56.622 [info] > git for-each-ref --format=%(refname)%00%(upstream:short)%00%(objectname)%00%(upstream:track)%00%(upstream:remotename)%00%(upstream:remoteref) refs/heads/master refs/remotes/master [2ms]
2023-05-03 09:31:56.643 [info] > git status -z -uall [17ms]
2023-05-03 09:32:01.658 [info] > git config --get commit.template [5ms]
2023-05-03 09:32:01.658 [info] > git for-each-ref --format=%(refname)%00%(upstream:short)%00%(objectname)%00%(upstream:track)%00%(upstream:remotename)%00%(upstream:remoteref) refs/heads/master refs/remotes/master [1ms]
2023-05-03 09:32:01.679 [info] > git status -z -uall [17ms]
2023-05-03 09:32:06.693 [info] > git config --get commit.template [5ms]
2023-05-03 09:32:06.693 [info] > git for-each-ref --format=%(refname)%00%(upstream:short)%00%(objectname)%00%(upstream:track)%00%(upstream:remotename)%00%(upstream:remoteref) refs/heads/master refs/remotes/master [1ms]
2023-05-03 09:32:06.713 [info] > git status -z -uall [16ms]
2023-05-03 09:32:11.729 [info] > git config --get commit.template [6ms]
2023-05-03 09:32:11.731 [info] > git for-each-ref --format=%(refname)%00%(upstream:short)%00%(objectname)%00%(upstream:track)%00%(upstream:remotename)%00%(upstream:remoteref) refs/heads/master refs/remotes/master [3ms]
2023-05-03 09:32:11.753 [info] > git status -z -uall [17ms]
2023-05-03 09:32:16.770 [info] > git config --get commit.template [5ms]
2023-05-03 09:32:16.771 [info] > git for-each-ref --format=%(refname)%00%(upstream:short)%00%(objectname)%00%(upstream:track)%00%(upstream:remotename)%00%(upstream:remoteref) refs/heads/master refs/remotes/master [1ms]
2023-05-03 09:32:16.790 [info] > git status -z -uall [16ms]
2023-05-03 09:32:21.809 [info] > git config --get commit.template [6ms]
2023-05-03 09:32:21.810 [info] > git for-each-ref --format=%(refname)%00%(upstream:short)%00%(objectname)%00%(upstream:track)%00%(upstream:remotename)%00%(upstream:remoteref) refs/heads/master refs/remotes/master [2ms]
2023-05-03 09:32:21.827 [info] > git status -z -uall [13ms]
2023-05-03 09:32:30.200 [info] > git config --get commit.template [1ms]
2023-05-03 09:32:30.205 [info] > git for-each-ref --format=%(refname)%00%(upstream:short)%00%(objectname)%00%(upstream:track)%00%(upstream:remotename)%00%(upstream:remoteref) refs/heads/master refs/remotes/master [2ms]
2023-05-03 09:32:30.224 [info] > git status -z -uall [16ms]
2023-05-03 09:32:49.209 [info] > git config --get commit.template [1ms]
2023-05-03 09:32:49.214 [info] > git for-each-ref --format=%(refname)%00%(upstream:short)%00%(objectname)%00%(upstream:track)%00%(upstream:remotename)%00%(upstream:remoteref) refs/heads/master refs/remotes/master [1ms]
2023-05-03 09:32:49.237 [info] > git status -z -uall [20ms]
2023-05-03 09:32:54.254 [info] > git config --get commit.template [5ms]
2023-05-03 09:32:54.255 [info] > git for-each-ref --format=%(refname)%00%(upstream:short)%00%(objectname)%00%(upstream:track)%00%(upstream:remotename)%00%(upstream:remoteref) refs/heads/master refs/remotes/master [1ms]
2023-05-03 09:32:54.275 [info] > git status -z -uall [17ms]
2023-05-03 09:32:59.285 [info] > git config --get commit.template [1ms]
2023-05-03 09:32:59.294 [info] > git for-each-ref --format=%(refname)%00%(upstream:short)%00%(objectname)%00%(upstream:track)%00%(upstream:remotename)%00%(upstream:remoteref) refs/heads/master refs/remotes/master [3ms]
2023-05-03 09:32:59.317 [info] > git status -z -uall [18ms]
2023-05-03 09:33:04.338 [info] > git config --get commit.template [5ms]
2023-05-03 09:33:04.339 [info] > git for-each-ref --format=%(refname)%00%(upstream:short)%00%(objectname)%00%(upstream:track)%00%(upstream:remotename)%00%(upstream:remoteref) refs/heads/master refs/remotes/master [1ms]
2023-05-03 09:33:04.358 [info] > git status -z -uall [16ms]
2023-05-03 09:33:09.377 [info] > git config --get commit.template [7ms]
2023-05-03 09:33:09.379 [info] > git for-each-ref --format=%(refname)%00%(upstream:short)%00%(objectname)%00%(upstream:track)%00%(upstream:remotename)%00%(upstream:remoteref) refs/heads/master refs/remotes/master [3ms]
2023-05-03 09:33:09.402 [info] > git status -z -uall [18ms]
2023-05-03 09:33:14.423 [info] > git config --get commit.template [1ms]
2023-05-03 09:33:14.428 [info] > git for-each-ref --format=%(refname)%00%(upstream:short)%00%(objectname)%00%(upstream:track)%00%(upstream:remotename)%00%(upstream:remoteref) refs/heads/master refs/remotes/master [1ms]
2023-05-03 09:33:14.451 [info] > git status -z -uall [19ms]
2023-05-03 09:33:19.470 [info] > git config --get commit.template [5ms]
2023-05-03 09:33:19.471 [info] > git for-each-ref --format=%(refname)%00%(upstream:short)%00%(objectname)%00%(upstream:track)%00%(upstream:remotename)%00%(upstream:remoteref) refs/heads/master refs/remotes/master [1ms]
2023-05-03 09:33:19.490 [info] > git status -z -uall [16ms]
2023-05-03 09:33:24.503 [info] > git config --get commit.template [2ms]
2023-05-03 09:33:24.509 [info] > git for-each-ref --format=%(refname)%00%(upstream:short)%00%(objectname)%00%(upstream:track)%00%(upstream:remotename)%00%(upstream:remoteref) refs/heads/master refs/remotes/master [2ms]
2023-05-03 09:33:24.530 [info] > git status -z -uall [17ms]
2023-05-03 09:35:06.862 [info] > git config --get commit.template [4ms]
2023-05-03 09:35:06.863 [info] > git for-each-ref --format=%(refname)%00%(upstream:short)%00%(objectname)%00%(upstream:track)%00%(upstream:remotename)%00%(upstream:remoteref) refs/heads/master refs/remotes/master [1ms]
2023-05-03 09:35:06.888 [info] > git status -z -uall [22ms]
2023-05-03 09:35:11.903 [info] > git config --get commit.template [4ms]
2023-05-03 09:35:11.904 [info] > git for-each-ref --format=%(refname)%00%(upstream:short)%00%(objectname)%00%(upstream:track)%00%(upstream:remotename)%00%(upstream:remoteref) refs/heads/master refs/remotes/master [1ms]
2023-05-03 09:35:11.921 [info] > git status -z -uall [13ms]
2023-05-03 09:35:16.936 [info] > git config --get commit.template [5ms]
2023-05-03 09:35:16.937 [info] > git for-each-ref --format=%(refname)%00%(upstream:short)%00%(objectname)%00%(upstream:track)%00%(upstream:remotename)%00%(upstream:remoteref) refs/heads/master refs/remotes/master [2ms]
2023-05-03 09:35:16.959 [info] > git status -z -uall [16ms]
2023-05-03 09:36:30.299 [info] > git config --get commit.template [1ms]
2023-05-03 09:36:30.306 [info] > git for-each-ref --format=%(refname)%00%(upstream:short)%00%(objectname)%00%(upstream:track)%00%(upstream:remotename)%00%(upstream:remoteref) refs/heads/master refs/remotes/master [1ms]
2023-05-03 09:36:30.327 [info] > git status -z -uall [18ms]
2023-05-03 09:36:35.344 [info] > git config --get commit.template [5ms]
2023-05-03 09:36:35.345 [info] > git for-each-ref --format=%(refname)%00%(upstream:short)%00%(objectname)%00%(upstream:track)%00%(upstream:remotename)%00%(upstream:remoteref) refs/heads/master refs/remotes/master [2ms]
2023-05-03 09:36:35.375 [info] > git status -z -uall [26ms]
2023-05-03 09:36:40.391 [info] > git config --get commit.template [6ms]
2023-05-03 09:36:40.394 [info] > git for-each-ref --format=%(refname)%00%(upstream:short)%00%(objectname)%00%(upstream:track)%00%(upstream:remotename)%00%(upstream:remoteref) refs/heads/master refs/remotes/master [3ms]
2023-05-03 09:36:40.419 [info] > git status -z -uall [20ms]
2023-05-03 09:36:59.419 [info] > git config --get commit.template [4ms]
2023-05-03 09:36:59.420 [info] > git for-each-ref --format=%(refname)%00%(upstream:short)%00%(objectname)%00%(upstream:track)%00%(upstream:remotename)%00%(upstream:remoteref) refs/heads/master refs/remotes/master [1ms]
2023-05-03 09:36:59.442 [info] > git status -z -uall [18ms]
2023-05-03 09:37:04.465 [info] > git config --get commit.template [5ms]
2023-05-03 09:37:04.465 [info] > git for-each-ref --format=%(refname)%00%(upstream:short)%00%(objectname)%00%(upstream:track)%00%(upstream:remotename)%00%(upstream:remoteref) refs/heads/master refs/remotes/master [1ms]
2023-05-03 09:37:04.483 [info] > git status -z -uall [14ms]
2023-05-03 09:37:09.505 [info] > git config --get commit.template [7ms]
2023-05-03 09:37:09.505 [info] > git for-each-ref --format=%(refname)%00%(upstream:short)%00%(objectname)%00%(upstream:track)%00%(upstream:remotename)%00%(upstream:remoteref) refs/heads/master refs/remotes/master [1ms]
2023-05-03 09:37:09.524 [info] > git status -z -uall [15ms]
2023-05-03 09:37:14.541 [info] > git config --get commit.template [4ms]
2023-05-03 09:37:14.542 [info] > git for-each-ref --format=%(refname)%00%(upstream:short)%00%(objectname)%00%(upstream:track)%00%(upstream:remotename)%00%(upstream:remoteref) refs/heads/master refs/remotes/master [2ms]
2023-05-03 09:37:14.565 [info] > git status -z -uall [19ms]
2023-05-03 09:37:19.590 [info] > git config --get commit.template [6ms]
2023-05-03 09:37:19.591 [info] > git for-each-ref --format=%(refname)%00%(upstream:short)%00%(objectname)%00%(upstream:track)%00%(upstream:remotename)%00%(upstream:remoteref) refs/heads/master refs/remotes/master [2ms]
2023-05-03 09:37:19.616 [info] > git status -z -uall [21ms]
2023-05-03 09:37:24.631 [info] > git config --get commit.template [6ms]
2023-05-03 09:37:24.634 [info] > git for-each-ref --format=%(refname)%00%(upstream:short)%00%(objectname)%00%(upstream:track)%00%(upstream:remotename)%00%(upstream:remoteref) refs/heads/master refs/remotes/master [3ms]
2023-05-03 09:37:24.655 [info] > git status -z -uall [18ms]
2023-05-03 09:37:29.670 [info] > git config --get commit.template [4ms]
2023-05-03 09:37:29.671 [info] > git for-each-ref --format=%(refname)%00%(upstream:short)%00%(objectname)%00%(upstream:track)%00%(upstream:remotename)%00%(upstream:remoteref) refs/heads/master refs/remotes/master [2ms]
2023-05-03 09:37:29.690 [info] > git status -z -uall [16ms]
2023-05-03 09:37:34.706 [info] > git config --get commit.template [1ms]
2023-05-03 09:37:34.711 [info] > git for-each-ref --format=%(refname)%00%(upstream:short)%00%(objectname)%00%(upstream:track)%00%(upstream:remotename)%00%(upstream:remoteref) refs/heads/master refs/remotes/master [1ms]
2023-05-03 09:37:34.729 [info] > git status -z -uall [15ms]
2023-05-03 09:37:39.743 [info] > git config --get commit.template [5ms]
2023-05-03 09:37:39.744 [info] > git for-each-ref --format=%(refname)%00%(upstream:short)%00%(objectname)%00%(upstream:track)%00%(upstream:remotename)%00%(upstream:remoteref) refs/heads/master refs/remotes/master [2ms]
2023-05-03 09:37:39.763 [info] > git status -z -uall [16ms]
2023-05-03 09:37:44.778 [info] > git config --get commit.template [5ms]
2023-05-03 09:37:44.779 [info] > git for-each-ref --format=%(refname)%00%(upstream:short)%00%(objectname)%00%(upstream:track)%00%(upstream:remotename)%00%(upstream:remoteref) refs/heads/master refs/remotes/master [1ms]
2023-05-03 09:37:44.799 [info] > git status -z -uall [16ms]
2023-05-03 09:37:49.815 [info] > git config --get commit.template [4ms]
2023-05-03 09:37:49.816 [info] > git for-each-ref --format=%(refname)%00%(upstream:short)%00%(objectname)%00%(upstream:track)%00%(upstream:remotename)%00%(upstream:remoteref) refs/heads/master refs/remotes/master [1ms]
2023-05-03 09:37:49.835 [info] > git status -z -uall [16ms]
2023-05-03 09:37:54.849 [info] > git config --get commit.template [2ms]
2023-05-03 09:37:54.855 [info] > git for-each-ref --format=%(refname)%00%(upstream:short)%00%(objectname)%00%(upstream:track)%00%(upstream:remotename)%00%(upstream:remoteref) refs/heads/master refs/remotes/master [2ms]
2023-05-03 09:37:54.873 [info] > git status -z -uall [15ms]
2023-05-03 09:37:59.887 [info] > git config --get commit.template [6ms]
2023-05-03 09:37:59.888 [info] > git for-each-ref --format=%(refname)%00%(upstream:short)%00%(objectname)%00%(upstream:track)%00%(upstream:remotename)%00%(upstream:remoteref) refs/heads/master refs/remotes/master [0ms]
2023-05-03 09:37:59.908 [info] > git status -z -uall [17ms]
2023-05-03 09:38:04.922 [info] > git config --get commit.template [5ms]
2023-05-03 09:38:04.923 [info] > git for-each-ref --format=%(refname)%00%(upstream:short)%00%(objectname)%00%(upstream:track)%00%(upstream:remotename)%00%(upstream:remoteref) refs/heads/master refs/remotes/master [1ms]
2023-05-03 09:38:04.947 [info] > git status -z -uall [19ms]
2023-05-03 09:38:09.966 [info] > git config --get commit.template [5ms]
2023-05-03 09:38:09.966 [info] > git for-each-ref --format=%(refname)%00%(upstream:short)%00%(objectname)%00%(upstream:track)%00%(upstream:remotename)%00%(upstream:remoteref) refs/heads/master refs/remotes/master [1ms]
2023-05-03 09:38:09.982 [info] > git status -z -uall [13ms]
2023-05-03 09:38:14.998 [info] > git config --get commit.template [2ms]
2023-05-03 09:38:15.004 [info] > git for-each-ref --format=%(refname)%00%(upstream:short)%00%(objectname)%00%(upstream:track)%00%(upstream:remotename)%00%(upstream:remoteref) refs/heads/master refs/remotes/master [1ms]
2023-05-03 09:38:15.020 [info] > git status -z -uall [13ms]
2023-05-03 09:38:20.039 [info] > git config --get commit.template [8ms]
2023-05-03 09:38:20.040 [info] > git for-each-ref --format=%(refname)%00%(upstream:short)%00%(objectname)%00%(upstream:track)%00%(upstream:remotename)%00%(upstream:remoteref) refs/heads/master refs/remotes/master [3ms]
2023-05-03 09:38:20.065 [info] > git status -z -uall [20ms]
2023-05-03 09:38:25.082 [info] > git config --get commit.template [6ms]
2023-05-03 09:38:25.083 [info] > git for-each-ref --format=%(refname)%00%(upstream:short)%00%(objectname)%00%(upstream:track)%00%(upstream:remotename)%00%(upstream:remoteref) refs/heads/master refs/remotes/master [2ms]
2023-05-03 09:38:25.102 [info] > git status -z -uall [14ms]
2023-05-03 09:38:30.118 [info] > git config --get commit.template [7ms]
2023-05-03 09:38:30.120 [info] > git for-each-ref --format=%(refname)%00%(upstream:short)%00%(objectname)%00%(upstream:track)%00%(upstream:remotename)%00%(upstream:remoteref) refs/heads/master refs/remotes/master [3ms]
2023-05-03 09:38:30.142 [info] > git status -z -uall [19ms]
2023-05-03 09:38:35.160 [info] > git config --get commit.template [5ms]
2023-05-03 09:38:35.160 [info] > git for-each-ref --format=%(refname)%00%(upstream:short)%00%(objectname)%00%(upstream:track)%00%(upstream:remotename)%00%(upstream:remoteref) refs/heads/master refs/remotes/master [1ms]
2023-05-03 09:38:35.178 [info] > git status -z -uall [14ms]
2023-05-03 09:38:40.190 [info] > git config --get commit.template [2ms]
2023-05-03 09:38:40.195 [info] > git for-each-ref --format=%(refname)%00%(upstream:short)%00%(objectname)%00%(upstream:track)%00%(upstream:remotename)%00%(upstream:remoteref) refs/heads/master refs/remotes/master [1ms]
2023-05-03 09:38:40.213 [info] > git status -z -uall [14ms]
2023-05-03 09:38:45.231 [info] > git config --get commit.template [5ms]
2023-05-03 09:38:45.231 [info] > git for-each-ref --format=%(refname)%00%(upstream:short)%00%(objectname)%00%(upstream:track)%00%(upstream:remotename)%00%(upstream:remoteref) refs/heads/master refs/remotes/master [1ms]
2023-05-03 09:38:45.251 [info] > git status -z -uall [17ms]
2023-05-03 09:38:50.270 [info] > git config --get commit.template [5ms]
2023-05-03 09:38:50.271 [info] > git for-each-ref --format=%(refname)%00%(upstream:short)%00%(objectname)%00%(upstream:track)%00%(upstream:remotename)%00%(upstream:remoteref) refs/heads/master refs/remotes/master [1ms]
2023-05-03 09:38:50.290 [info] > git status -z -uall [15ms]
2023-05-03 09:38:55.303 [info] > git config --get commit.template [1ms]
2023-05-03 09:38:55.310 [info] > git for-each-ref --format=%(refname)%00%(upstream:short)%00%(objectname)%00%(upstream:track)%00%(upstream:remotename)%00%(upstream:remoteref) refs/heads/master refs/remotes/master [2ms]
2023-05-03 09:38:55.328 [info] > git status -z -uall [15ms]
2023-05-03 09:39:00.347 [info] > git config --get commit.template [7ms]
2023-05-03 09:39:00.348 [info] > git for-each-ref --format=%(refname)%00%(upstream:short)%00%(objectname)%00%(upstream:track)%00%(upstream:remotename)%00%(upstream:remoteref) refs/heads/master refs/remotes/master [1ms]
2023-05-03 09:39:00.369 [info] > git status -z -uall [17ms]
2023-05-03 09:39:05.390 [info] > git config --get commit.template [5ms]
2023-05-03 09:39:05.392 [info] > git for-each-ref --format=%(refname)%00%(upstream:short)%00%(objectname)%00%(upstream:track)%00%(upstream:remotename)%00%(upstream:remoteref) refs/heads/master refs/remotes/master [2ms]
2023-05-03 09:39:05.409 [info] > git status -z -uall [13ms]
2023-05-03 09:39:10.424 [info] > git config --get commit.template [7ms]
2023-05-03 09:39:10.430 [info] > git check-ignore -v -z --stdin [8ms]
2023-05-03 09:39:10.432 [info] > git for-each-ref --format=%(refname)%00%(upstream:short)%00%(objectname)%00%(upstream:track)%00%(upstream:remotename)%00%(upstream:remoteref) refs/heads/master refs/remotes/master [3ms]
2023-05-03 09:39:10.454 [info] > git status -z -uall [18ms]
2023-05-03 09:39:11.646 [info] > git check-ignore -v -z --stdin [4ms]
2023-05-03 09:39:15.471 [info] > git config --get commit.template [5ms]
2023-05-03 09:39:15.472 [info] > git for-each-ref --format=%(refname)%00%(upstream:short)%00%(objectname)%00%(upstream:track)%00%(upstream:remotename)%00%(upstream:remoteref) refs/heads/master refs/remotes/master [2ms]
2023-05-03 09:39:15.492 [info] > git status -z -uall [16ms]
2023-05-03 09:39:20.508 [info] > git config --get commit.template [5ms]
2023-05-03 09:39:20.509 [info] > git for-each-ref --format=%(refname)%00%(upstream:short)%00%(objectname)%00%(upstream:track)%00%(upstream:remotename)%00%(upstream:remoteref) refs/heads/master refs/remotes/master [2ms]
2023-05-03 09:39:20.529 [info] > git status -z -uall [16ms]
2023-05-03 09:39:25.544 [info] > git config --get commit.template [5ms]
2023-05-03 09:39:25.545 [info] > git for-each-ref --format=%(refname)%00%(upstream:short)%00%(objectname)%00%(upstream:track)%00%(upstream:remotename)%00%(upstream:remoteref) refs/heads/master refs/remotes/master [2ms]
2023-05-03 09:39:25.562 [info] > git status -z -uall [14ms]
2023-05-03 09:39:30.573 [info] > git config --get commit.template [1ms]
2023-05-03 09:39:30.579 [info] > git for-each-ref --format=%(refname)%00%(upstream:short)%00%(objectname)%00%(upstream:track)%00%(upstream:remotename)%00%(upstream:remoteref) refs/heads/master refs/remotes/master [2ms]
2023-05-03 09:39:30.604 [info] > git status -z -uall [18ms]
2023-05-03 09:39:35.619 [info] > git config --get commit.template [5ms]
2023-05-03 09:39:35.619 [info] > git for-each-ref --format=%(refname)%00%(upstream:short)%00%(objectname)%00%(upstream:track)%00%(upstream:remotename)%00%(upstream:remoteref) refs/heads/master refs/remotes/master [1ms]
2023-05-03 09:39:35.639 [info] > git status -z -uall [17ms]
2023-05-03 09:39:40.656 [info] > git config --get commit.template [7ms]
2023-05-03 09:39:40.657 [info] > git for-each-ref --format=%(refname)%00%(upstream:short)%00%(objectname)%00%(upstream:track)%00%(upstream:remotename)%00%(upstream:remoteref) refs/heads/master refs/remotes/master [2ms]
2023-05-03 09:39:40.682 [info] > git status -z -uall [19ms]
2023-05-03 09:39:45.699 [info] > git config --get commit.template [5ms]
2023-05-03 09:39:45.699 [info] > git for-each-ref --format=%(refname)%00%(upstream:short)%00%(objectname)%00%(upstream:track)%00%(upstream:remotename)%00%(upstream:remoteref) refs/heads/master refs/remotes/master [1ms]
2023-05-03 09:39:45.724 [info] > git status -z -uall [22ms]
2023-05-03 09:39:50.738 [info] > git config --get commit.template [1ms]
2023-05-03 09:39:50.744 [info] > git for-each-ref --format=%(refname)%00%(upstream:short)%00%(objectname)%00%(upstream:track)%00%(upstream:remotename)%00%(upstream:remoteref) refs/heads/master refs/remotes/master [2ms]
2023-05-03 09:39:50.764 [info] > git status -z -uall [16ms]
2023-05-03 09:39:55.778 [info] > git config --get commit.template [6ms]
2023-05-03 09:39:55.781 [info] > git for-each-ref --format=%(refname)%00%(upstream:short)%00%(objectname)%00%(upstream:track)%00%(upstream:remotename)%00%(upstream:remoteref) refs/heads/master refs/remotes/master [4ms]
2023-05-03 09:39:55.807 [info] > git status -z -uall [21ms]
2023-05-03 09:40:00.824 [info] > git config --get commit.template [5ms]
2023-05-03 09:40:00.825 [info] > git for-each-ref --format=%(refname)%00%(upstream:short)%00%(objectname)%00%(upstream:track)%00%(upstream:remotename)%00%(upstream:remoteref) refs/heads/master refs/remotes/master [1ms]
2023-05-03 09:40:00.847 [info] > git status -z -uall [18ms]
2023-05-03 09:40:12.468 [info] > git config --get commit.template [5ms]
2023-05-03 09:40:12.469 [info] > git for-each-ref --format=%(refname)%00%(upstream:short)%00%(objectname)%00%(upstream:track)%00%(upstream:remotename)%00%(upstream:remoteref) refs/heads/master refs/remotes/master [1ms]
2023-05-03 09:40:12.494 [info] > git status -z -uall [20ms]
2023-05-03 09:40:17.514 [info] > git config --get commit.template [6ms]
2023-05-03 09:40:17.514 [info] > git for-each-ref --format=%(refname)%00%(upstream:short)%00%(objectname)%00%(upstream:track)%00%(upstream:remotename)%00%(upstream:remoteref) refs/heads/master refs/remotes/master [1ms]
2023-05-03 09:40:17.533 [info] > git status -z -uall [15ms]
2023-05-03 09:40:22.549 [info] > git config --get commit.template [1ms]
2023-05-03 09:40:22.554 [info] > git for-each-ref --format=%(refname)%00%(upstream:short)%00%(objectname)%00%(upstream:track)%00%(upstream:remotename)%00%(upstream:remoteref) refs/heads/master refs/remotes/master [2ms]
2023-05-03 09:40:22.575 [info] > git status -z -uall [16ms]
2023-05-03 09:40:27.591 [info] > git config --get commit.template [4ms]
2023-05-03 09:40:27.591 [info] > git for-each-ref --format=%(refname)%00%(upstream:short)%00%(objectname)%00%(upstream:track)%00%(upstream:remotename)%00%(upstream:remoteref) refs/heads/master refs/remotes/master [1ms]
2023-05-03 09:40:27.610 [info] > git status -z -uall [15ms]
2023-05-03 09:40:32.625 [info] > git config --get commit.template [5ms]
2023-05-03 09:40:32.626 [info] > git for-each-ref --format=%(refname)%00%(upstream:short)%00%(objectname)%00%(upstream:track)%00%(upstream:remotename)%00%(upstream:remoteref) refs/heads/master refs/remotes/master [2ms]
2023-05-03 09:40:32.651 [info] > git status -z -uall [20ms]
2023-05-03 09:40:37.667 [info] > git config --get commit.template [5ms]
2023-05-03 09:40:37.668 [info] > git for-each-ref --format=%(refname)%00%(upstream:short)%00%(objectname)%00%(upstream:track)%00%(upstream:remotename)%00%(upstream:remoteref) refs/heads/master refs/remotes/master [1ms]
2023-05-03 09:40:37.689 [info] > git status -z -uall [18ms]
2023-05-03 09:40:42.705 [info] > git config --get commit.template [5ms]
2023-05-03 09:40:42.705 [info] > git for-each-ref --format=%(refname)%00%(upstream:short)%00%(objectname)%00%(upstream:track)%00%(upstream:remotename)%00%(upstream:remoteref) refs/heads/master refs/remotes/master [1ms]
2023-05-03 09:40:42.723 [info] > git status -z -uall [14ms]
2023-05-03 09:40:47.740 [info] > git config --get commit.template [5ms]
2023-05-03 09:40:47.740 [info] > git for-each-ref --format=%(refname)%00%(upstream:short)%00%(objectname)%00%(upstream:track)%00%(upstream:remotename)%00%(upstream:remoteref) refs/heads/master refs/remotes/master [1ms]
2023-05-03 09:40:47.763 [info] > git status -z -uall [18ms]
2023-05-03 09:40:52.776 [info] > git config --get commit.template [2ms]
2023-05-03 09:40:52.783 [info] > git for-each-ref --format=%(refname)%00%(upstream:short)%00%(objectname)%00%(upstream:track)%00%(upstream:remotename)%00%(upstream:remoteref) refs/heads/master refs/remotes/master [2ms]
2023-05-03 09:40:52.800 [info] > git status -z -uall [14ms]
2023-05-03 09:40:57.816 [info] > git config --get commit.template [6ms]
2023-05-03 09:40:57.817 [info] > git for-each-ref --format=%(refname)%00%(upstream:short)%00%(objectname)%00%(upstream:track)%00%(upstream:remotename)%00%(upstream:remoteref) refs/heads/master refs/remotes/master [2ms]
2023-05-03 09:40:57.840 [info] > git status -z -uall [18ms]
2023-05-03 09:41:02.855 [info] > git config --get commit.template [4ms]
2023-05-03 09:41:02.855 [info] > git for-each-ref --format=%(refname)%00%(upstream:short)%00%(objectname)%00%(upstream:track)%00%(upstream:remotename)%00%(upstream:remoteref) refs/heads/master refs/remotes/master [1ms]
2023-05-03 09:41:02.876 [info] > git status -z -uall [18ms]
2023-05-03 09:41:07.008 [info] > git check-ignore -v -z --stdin [2ms]
2023-05-03 09:41:07.517 [info] > git check-ignore -v -z --stdin [0ms]
2023-05-03 09:41:07.898 [info] > git config --get commit.template [6ms]
2023-05-03 09:41:07.898 [info] > git for-each-ref --format=%(refname)%00%(upstream:short)%00%(objectname)%00%(upstream:track)%00%(upstream:remotename)%00%(upstream:remoteref) refs/heads/master refs/remotes/master [1ms]
2023-05-03 09:41:07.919 [info] > git status -z -uall [17ms]
2023-05-03 09:41:12.940 [info] > git config --get commit.template [5ms]
2023-05-03 09:41:12.941 [info] > git for-each-ref --format=%(refname)%00%(upstream:short)%00%(objectname)%00%(upstream:track)%00%(upstream:remotename)%00%(upstream:remoteref) refs/heads/master refs/remotes/master [2ms]
2023-05-03 09:41:12.963 [info] > git status -z -uall [18ms]
2023-05-03 09:41:17.980 [info] > git config --get commit.template [6ms]
2023-05-03 09:41:17.981 [info] > git for-each-ref --format=%(refname)%00%(upstream:short)%00%(objectname)%00%(upstream:track)%00%(upstream:remotename)%00%(upstream:remoteref) refs/heads/master refs/remotes/master [2ms]
2023-05-03 09:41:17.999 [info] > git status -z -uall [14ms]
2023-05-03 09:41:23.016 [info] > git config --get commit.template [5ms]
2023-05-03 09:41:23.017 [info] > git for-each-ref --format=%(refname)%00%(upstream:short)%00%(objectname)%00%(upstream:track)%00%(upstream:remotename)%00%(upstream:remoteref) refs/heads/master refs/remotes/master [2ms]
2023-05-03 09:41:23.039 [info] > git status -z -uall [18ms]
2023-05-03 09:41:28.054 [info] > git config --get commit.template [7ms]
2023-05-03 09:41:28.056 [info] > git for-each-ref --format=%(refname)%00%(upstream:short)%00%(objectname)%00%(upstream:track)%00%(upstream:remotename)%00%(upstream:remoteref) refs/heads/master refs/remotes/master [3ms]
2023-05-03 09:41:28.077 [info] > git status -z -uall [17ms]
2023-05-03 09:41:33.091 [info] > git config --get commit.template [1ms]
2023-05-03 09:41:33.096 [info] > git for-each-ref --format=%(refname)%00%(upstream:short)%00%(objectname)%00%(upstream:track)%00%(upstream:remotename)%00%(upstream:remoteref) refs/heads/master refs/remotes/master [1ms]
2023-05-03 09:41:33.115 [info] > git status -z -uall [15ms]
2023-05-03 09:41:38.130 [info] > git config --get commit.template [5ms]
2023-05-03 09:41:38.130 [info] > git for-each-ref --format=%(refname)%00%(upstream:short)%00%(objectname)%00%(upstream:track)%00%(upstream:remotename)%00%(upstream:remoteref) refs/heads/master refs/remotes/master [1ms]
2023-05-03 09:41:38.147 [info] > git status -z -uall [14ms]
2023-05-03 09:41:43.167 [info] > git config --get commit.template [5ms]
2023-05-03 09:41:43.168 [info] > git for-each-ref --format=%(refname)%00%(upstream:short)%00%(objectname)%00%(upstream:track)%00%(upstream:remotename)%00%(upstream:remoteref) refs/heads/master refs/remotes/master [2ms]
2023-05-03 09:41:43.191 [info] > git status -z -uall [19ms]
2023-05-03 09:41:48.209 [info] > git config --get commit.template [5ms]
2023-05-03 09:41:48.210 [info] > git for-each-ref --format=%(refname)%00%(upstream:short)%00%(objectname)%00%(upstream:track)%00%(upstream:remotename)%00%(upstream:remoteref) refs/heads/master refs/remotes/master [2ms]
2023-05-03 09:41:48.234 [info] > git status -z -uall [21ms]
2023-05-03 09:41:53.251 [info] > git config --get commit.template [6ms]
2023-05-03 09:41:53.253 [info] > git for-each-ref --format=%(refname)%00%(upstream:short)%00%(objectname)%00%(upstream:track)%00%(upstream:remotename)%00%(upstream:remoteref) refs/heads/master refs/remotes/master [3ms]
2023-05-03 09:41:53.271 [info] > git status -z -uall [15ms]
2023-05-03 09:41:58.295 [info] > git config --get commit.template [6ms]
2023-05-03 09:41:58.295 [info] > git for-each-ref --format=%(refname)%00%(upstream:short)%00%(objectname)%00%(upstream:track)%00%(upstream:remotename)%00%(upstream:remoteref) refs/heads/master refs/remotes/master [1ms]
2023-05-03 09:41:58.320 [info] > git status -z -uall [21ms]
2023-05-03 09:42:03.344 [info] > git config --get commit.template [7ms]
2023-05-03 09:42:03.344 [info] > git for-each-ref --format=%(refname)%00%(upstream:short)%00%(objectname)%00%(upstream:track)%00%(upstream:remotename)%00%(upstream:remoteref) refs/heads/master refs/remotes/master [1ms]
2023-05-03 09:42:03.365 [info] > git status -z -uall [17ms]
2023-05-03 09:42:08.378 [info] > git config --get commit.template [2ms]
2023-05-03 09:42:08.385 [info] > git for-each-ref --format=%(refname)%00%(upstream:short)%00%(objectname)%00%(upstream:track)%00%(upstream:remotename)%00%(upstream:remoteref) refs/heads/master refs/remotes/master [2ms]
2023-05-03 09:42:08.403 [info] > git status -z -uall [14ms]
2023-05-03 09:42:49.809 [info] > git config --get commit.template [2ms]
2023-05-03 09:42:49.817 [info] > git for-each-ref --format=%(refname)%00%(upstream:short)%00%(objectname)%00%(upstream:track)%00%(upstream:remotename)%00%(upstream:remoteref) refs/heads/master refs/remotes/master [2ms]
2023-05-03 09:42:49.835 [info] > git status -z -uall [15ms]
2023-05-03 09:42:50.479 [info] > git check-ignore -v -z --stdin [4ms]
2023-05-03 09:43:02.221 [info] > git config --get commit.template [6ms]
2023-05-03 09:43:02.224 [info] > git for-each-ref --format=%(refname)%00%(upstream:short)%00%(objectname)%00%(upstream:track)%00%(upstream:remotename)%00%(upstream:remoteref) refs/heads/master refs/remotes/master [3ms]
2023-05-03 09:43:02.250 [info] > git status -z -uall [22ms]
2023-05-03 09:43:07.265 [info] > git config --get commit.template [6ms]
2023-05-03 09:43:07.268 [info] > git for-each-ref --format=%(refname)%00%(upstream:short)%00%(objectname)%00%(upstream:track)%00%(upstream:remotename)%00%(upstream:remoteref) refs/heads/master refs/remotes/master [3ms]
2023-05-03 09:43:07.290 [info] > git status -z -uall [19ms]
2023-05-03 09:43:12.303 [info] > git config --get commit.template [1ms]
2023-05-03 09:43:12.310 [info] > git for-each-ref --format=%(refname)%00%(upstream:short)%00%(objectname)%00%(upstream:track)%00%(upstream:remotename)%00%(upstream:remoteref) refs/heads/master refs/remotes/master [1ms]
2023-05-03 09:43:12.331 [info] > git status -z -uall [18ms]
2023-05-03 09:43:17.358 [info] > git config --get commit.template [9ms]
2023-05-03 09:43:17.361 [info] > git for-each-ref --format=%(refname)%00%(upstream:short)%00%(objectname)%00%(upstream:track)%00%(upstream:remotename)%00%(upstream:remoteref) refs/heads/master refs/remotes/master [4ms]
2023-05-03 09:43:17.392 [info] > git status -z -uall [26ms]
2023-05-03 09:43:22.405 [info] > git config --get commit.template [5ms]
2023-05-03 09:43:22.405 [info] > git for-each-ref --format=%(refname)%00%(upstream:short)%00%(objectname)%00%(upstream:track)%00%(upstream:remotename)%00%(upstream:remoteref) refs/heads/master refs/remotes/master [1ms]
2023-05-03 09:43:22.427 [info] > git status -z -uall [17ms]
2023-05-03 09:43:33.511 [info] > git config --get commit.template [5ms]
2023-05-03 09:43:33.512 [info] > git for-each-ref --format=%(refname)%00%(upstream:short)%00%(objectname)%00%(upstream:track)%00%(upstream:remotename)%00%(upstream:remoteref) refs/heads/master refs/remotes/master [2ms]
2023-05-03 09:43:33.535 [info] > git status -z -uall [18ms]
2023-05-03 09:43:38.551 [info] > git config --get commit.template [5ms]
2023-05-03 09:43:38.551 [info] > git for-each-ref --format=%(refname)%00%(upstream:short)%00%(objectname)%00%(upstream:track)%00%(upstream:remotename)%00%(upstream:remoteref) refs/heads/master refs/remotes/master [1ms]
2023-05-03 09:43:38.571 [info] > git status -z -uall [16ms]
2023-05-03 09:43:43.585 [info] > git config --get commit.template [1ms]
2023-05-03 09:43:43.592 [info] > git for-each-ref --format=%(refname)%00%(upstream:short)%00%(objectname)%00%(upstream:track)%00%(upstream:remotename)%00%(upstream:remoteref) refs/heads/master refs/remotes/master [2ms]
2023-05-03 09:43:43.615 [info] > git status -z -uall [19ms]
2023-05-03 09:43:48.632 [info] > git config --get commit.template [5ms]
2023-05-03 09:43:48.632 [info] > git for-each-ref --format=%(refname)%00%(upstream:short)%00%(objectname)%00%(upstream:track)%00%(upstream:remotename)%00%(upstream:remoteref) refs/heads/master refs/remotes/master [1ms]
2023-05-03 09:43:48.658 [info] > git status -z -uall [21ms]
2023-05-03 09:43:53.673 [info] > git config --get commit.template [5ms]
2023-05-03 09:43:53.674 [info] > git for-each-ref --format=%(refname)%00%(upstream:short)%00%(objectname)%00%(upstream:track)%00%(upstream:remotename)%00%(upstream:remoteref) refs/heads/master refs/remotes/master [1ms]
2023-05-03 09:43:53.691 [info] > git status -z -uall [14ms]
2023-05-03 09:43:58.707 [info] > git config --get commit.template [4ms]
2023-05-03 09:43:58.708 [info] > git for-each-ref --format=%(refname)%00%(upstream:short)%00%(objectname)%00%(upstream:track)%00%(upstream:remotename)%00%(upstream:remoteref) refs/heads/master refs/remotes/master [1ms]
2023-05-03 09:43:58.726 [info] > git status -z -uall [15ms]
2023-05-03 09:44:03.737 [info] > git config --get commit.template [2ms]
2023-05-03 09:44:03.742 [info] > git for-each-ref --format=%(refname)%00%(upstream:short)%00%(objectname)%00%(upstream:track)%00%(upstream:remotename)%00%(upstream:remoteref) refs/heads/master refs/remotes/master [1ms]
2023-05-03 09:44:03.769 [info] > git status -z -uall [22ms]
2023-05-03 09:44:08.784 [info] > git config --get commit.template [5ms]
2023-05-03 09:44:08.784 [info] > git for-each-ref --format=%(refname)%00%(upstream:short)%00%(objectname)%00%(upstream:track)%00%(upstream:remotename)%00%(upstream:remoteref) refs/heads/master refs/remotes/master [1ms]
2023-05-03 09:44:08.805 [info] > git status -z -uall [17ms]
2023-05-03 09:44:13.820 [info] > git config --get commit.template [4ms]
2023-05-03 09:44:13.821 [info] > git for-each-ref --format=%(refname)%00%(upstream:short)%00%(objectname)%00%(upstream:track)%00%(upstream:remotename)%00%(upstream:remoteref) refs/heads/master refs/remotes/master [1ms]
2023-05-03 09:44:13.842 [info] > git status -z -uall [18ms]
2023-05-03 09:44:18.859 [info] > git config --get commit.template [5ms]
2023-05-03 09:44:18.860 [info] > git for-each-ref --format=%(refname)%00%(upstream:short)%00%(objectname)%00%(upstream:track)%00%(upstream:remotename)%00%(upstream:remoteref) refs/heads/master refs/remotes/master [1ms]
2023-05-03 09:44:18.877 [info] > git status -z -uall [14ms]
2023-05-03 09:44:23.900 [info] > git config --get commit.template [7ms]
2023-05-03 09:44:23.902 [info] > git for-each-ref --format=%(refname)%00%(upstream:short)%00%(objectname)%00%(upstream:track)%00%(upstream:remotename)%00%(upstream:remoteref) refs/heads/master refs/remotes/master [3ms]
2023-05-03 09:44:23.922 [info] > git status -z -uall [17ms]
2023-05-03 09:44:28.942 [info] > git config --get commit.template [5ms]
2023-05-03 09:44:28.943 [info] > git for-each-ref --format=%(refname)%00%(upstream:short)%00%(objectname)%00%(upstream:track)%00%(upstream:remotename)%00%(upstream:remoteref) refs/heads/master refs/remotes/master [1ms]
2023-05-03 09:44:28.961 [info] > git status -z -uall [14ms]
2023-05-03 09:44:33.978 [info] > git config --get commit.template [7ms]
2023-05-03 09:44:33.980 [info] > git for-each-ref --format=%(refname)%00%(upstream:short)%00%(objectname)%00%(upstream:track)%00%(upstream:remotename)%00%(upstream:remoteref) refs/heads/master refs/remotes/master [3ms]
2023-05-03 09:44:34.001 [info] > git status -z -uall [17ms]
2023-05-03 09:44:39.019 [info] > git config --get commit.template [4ms]
2023-05-03 09:44:39.019 [info] > git for-each-ref --format=%(refname)%00%(upstream:short)%00%(objectname)%00%(upstream:track)%00%(upstream:remotename)%00%(upstream:remoteref) refs/heads/master refs/remotes/master [1ms]
2023-05-03 09:44:39.040 [info] > git status -z -uall [18ms]
2023-05-03 09:44:44.065 [info] > git config --get commit.template [6ms]
2023-05-03 09:44:44.066 [info] > git for-each-ref --format=%(refname)%00%(upstream:short)%00%(objectname)%00%(upstream:track)%00%(upstream:remotename)%00%(upstream:remoteref) refs/heads/master refs/remotes/master [2ms]
2023-05-03 09:44:44.092 [info] > git status -z -uall [21ms]
2023-05-03 09:44:49.114 [info] > git config --get commit.template [6ms]
2023-05-03 09:44:49.115 [info] > git for-each-ref --format=%(refname)%00%(upstream:short)%00%(objectname)%00%(upstream:track)%00%(upstream:remotename)%00%(upstream:remoteref) refs/heads/master refs/remotes/master [2ms]
2023-05-03 09:44:49.133 [info] > git status -z -uall [14ms]
2023-05-03 09:44:54.148 [info] > git config --get commit.template [1ms]
2023-05-03 09:44:54.154 [info] > git for-each-ref --format=%(refname)%00%(upstream:short)%00%(objectname)%00%(upstream:track)%00%(upstream:remotename)%00%(upstream:remoteref) refs/heads/master refs/remotes/master [1ms]
2023-05-03 09:44:54.171 [info] > git status -z -uall [14ms]
2023-05-03 09:44:59.194 [info] > git config --get commit.template [12ms]
2023-05-03 09:44:59.195 [info] > git for-each-ref --format=%(refname)%00%(upstream:short)%00%(objectname)%00%(upstream:track)%00%(upstream:remotename)%00%(upstream:remoteref) refs/heads/master refs/remotes/master [7ms]
2023-05-03 09:44:59.227 [info] > git status -z -uall [26ms]
2023-05-03 09:45:04.243 [info] > git config --get commit.template [5ms]
2023-05-03 09:45:04.244 [info] > git for-each-ref --format=%(refname)%00%(upstream:short)%00%(objectname)%00%(upstream:track)%00%(upstream:remotename)%00%(upstream:remoteref) refs/heads/master refs/remotes/master [2ms]
2023-05-03 09:45:04.266 [info] > git status -z -uall [18ms]
2023-05-03 09:45:09.282 [info] > git config --get commit.template [5ms]
2023-05-03 09:45:09.283 [info] > git for-each-ref --format=%(refname)%00%(upstream:short)%00%(objectname)%00%(upstream:track)%00%(upstream:remotename)%00%(upstream:remoteref) refs/heads/master refs/remotes/master [2ms]
2023-05-03 09:45:09.304 [info] > git status -z -uall [18ms]
2023-05-03 09:45:14.319 [info] > git config --get commit.template [5ms]
2023-05-03 09:45:14.320 [info] > git for-each-ref --format=%(refname)%00%(upstream:short)%00%(objectname)%00%(upstream:track)%00%(upstream:remotename)%00%(upstream:remoteref) refs/heads/master refs/remotes/master [1ms]
2023-05-03 09:45:14.346 [info] > git status -z -uall [21ms]
2023-05-03 09:45:19.362 [info] > git config --get commit.template [5ms]
2023-05-03 09:45:19.362 [info] > git for-each-ref --format=%(refname)%00%(upstream:short)%00%(objectname)%00%(upstream:track)%00%(upstream:remotename)%00%(upstream:remoteref) refs/heads/master refs/remotes/master [1ms]
2023-05-03 09:45:19.382 [info] > git status -z -uall [16ms]
2023-05-03 09:45:24.403 [info] > git config --get commit.template [7ms]
2023-05-03 09:45:24.403 [info] > git for-each-ref --format=%(refname)%00%(upstream:short)%00%(objectname)%00%(upstream:track)%00%(upstream:remotename)%00%(upstream:remoteref) refs/heads/master refs/remotes/master [1ms]
2023-05-03 09:45:24.424 [info] > git status -z -uall [17ms]
2023-05-03 09:45:29.439 [info] > git config --get commit.template [2ms]
2023-05-03 09:45:29.444 [info] > git for-each-ref --format=%(refname)%00%(upstream:short)%00%(objectname)%00%(upstream:track)%00%(upstream:remotename)%00%(upstream:remoteref) refs/heads/master refs/remotes/master [1ms]
2023-05-03 09:45:29.465 [info] > git status -z -uall [17ms]
2023-05-03 09:45:34.482 [info] > git config --get commit.template [2ms]
2023-05-03 09:45:34.491 [info] > git for-each-ref --format=%(refname)%00%(upstream:short)%00%(objectname)%00%(upstream:track)%00%(upstream:remotename)%00%(upstream:remoteref) refs/heads/master refs/remotes/master [3ms]
2023-05-03 09:45:34.508 [info] > git status -z -uall [14ms]
2023-05-03 09:45:39.531 [info] > git config --get commit.template [8ms]
2023-05-03 09:45:39.533 [info] > git for-each-ref --format=%(refname)%00%(upstream:short)%00%(objectname)%00%(upstream:track)%00%(upstream:remotename)%00%(upstream:remoteref) refs/heads/master refs/remotes/master [2ms]
2023-05-03 09:45:39.556 [info] > git status -z -uall [20ms]
2023-05-03 09:45:44.577 [info] > git config --get commit.template [5ms]
2023-05-03 09:45:44.578 [info] > git for-each-ref --format=%(refname)%00%(upstream:short)%00%(objectname)%00%(upstream:track)%00%(upstream:remotename)%00%(upstream:remoteref) refs/heads/master refs/remotes/master [2ms]
2023-05-03 09:45:44.598 [info] > git status -z -uall [17ms]
2023-05-03 09:45:49.617 [info] > git config --get commit.template [4ms]
2023-05-03 09:45:49.618 [info] > git for-each-ref --format=%(refname)%00%(upstream:short)%00%(objectname)%00%(upstream:track)%00%(upstream:remotename)%00%(upstream:remoteref) refs/heads/master refs/remotes/master [1ms]
2023-05-03 09:45:49.640 [info] > git status -z -uall [17ms]
2023-05-03 09:45:54.658 [info] > git config --get commit.template [5ms]
2023-05-03 09:45:54.658 [info] > git for-each-ref --format=%(refname)%00%(upstream:short)%00%(objectname)%00%(upstream:track)%00%(upstream:remotename)%00%(upstream:remoteref) refs/heads/master refs/remotes/master [1ms]
2023-05-03 09:45:54.679 [info] > git status -z -uall [18ms]
2023-05-03 09:45:59.692 [info] > git config --get commit.template [5ms]
2023-05-03 09:45:59.692 [info] > git for-each-ref --format=%(refname)%00%(upstream:short)%00%(objectname)%00%(upstream:track)%00%(upstream:remotename)%00%(upstream:remoteref) refs/heads/master refs/remotes/master [1ms]
2023-05-03 09:45:59.713 [info] > git status -z -uall [17ms]
2023-05-03 09:46:04.727 [info] > git config --get commit.template [5ms]
2023-05-03 09:46:04.728 [info] > git for-each-ref --format=%(refname)%00%(upstream:short)%00%(objectname)%00%(upstream:track)%00%(upstream:remotename)%00%(upstream:remoteref) refs/heads/master refs/remotes/master [2ms]
2023-05-03 09:46:04.747 [info] > git status -z -uall [15ms]
2023-05-03 09:46:09.763 [info] > git config --get commit.template [6ms]
2023-05-03 09:46:09.765 [info] > git for-each-ref --format=%(refname)%00%(upstream:short)%00%(objectname)%00%(upstream:track)%00%(upstream:remotename)%00%(upstream:remoteref) refs/heads/master refs/remotes/master [3ms]
2023-05-03 09:46:09.789 [info] > git status -z -uall [20ms]
2023-05-03 09:46:14.804 [info] > git config --get commit.template [5ms]
2023-05-03 09:46:14.804 [info] > git for-each-ref --format=%(refname)%00%(upstream:short)%00%(objectname)%00%(upstream:track)%00%(upstream:remotename)%00%(upstream:remoteref) refs/heads/master refs/remotes/master [1ms]
2023-05-03 09:46:14.824 [info] > git status -z -uall [16ms]
2023-05-03 09:46:19.837 [info] > git config --get commit.template [4ms]
2023-05-03 09:46:19.838 [info] > git for-each-ref --format=%(refname)%00%(upstream:short)%00%(objectname)%00%(upstream:track)%00%(upstream:remotename)%00%(upstream:remoteref) refs/heads/master refs/remotes/master [1ms]
2023-05-03 09:46:19.856 [info] > git status -z -uall [15ms]
2023-05-03 09:46:24.876 [info] > git config --get commit.template [8ms]
2023-05-03 09:46:24.877 [info] > git for-each-ref --format=%(refname)%00%(upstream:short)%00%(objectname)%00%(upstream:track)%00%(upstream:remotename)%00%(upstream:remoteref) refs/heads/master refs/remotes/master [1ms]
2023-05-03 09:46:24.897 [info] > git status -z -uall [17ms]
2023-05-03 09:46:29.914 [info] > git config --get commit.template [1ms]
2023-05-03 09:46:29.919 [info] > git for-each-ref --format=%(refname)%00%(upstream:short)%00%(objectname)%00%(upstream:track)%00%(upstream:remotename)%00%(upstream:remoteref) refs/heads/master refs/remotes/master [1ms]
2023-05-03 09:46:29.938 [info] > git status -z -uall [15ms]
2023-05-03 09:46:34.956 [info] > git config --get commit.template [5ms]
2023-05-03 09:46:34.956 [info] > git for-each-ref --format=%(refname)%00%(upstream:short)%00%(objectname)%00%(upstream:track)%00%(upstream:remotename)%00%(upstream:remoteref) refs/heads/master refs/remotes/master [1ms]
2023-05-03 09:46:34.978 [info] > git status -z -uall [19ms]
2023-05-03 09:46:39.995 [info] > git config --get commit.template [6ms]
2023-05-03 09:46:39.998 [info] > git for-each-ref --format=%(refname)%00%(upstream:short)%00%(objectname)%00%(upstream:track)%00%(upstream:remotename)%00%(upstream:remoteref) refs/heads/master refs/remotes/master [3ms]
2023-05-03 09:46:40.026 [info] > git status -z -uall [23ms]
2023-05-03 09:46:45.040 [info] > git config --get commit.template [5ms]
2023-05-03 09:46:45.042 [info] > git for-each-ref --format=%(refname)%00%(upstream:short)%00%(objectname)%00%(upstream:track)%00%(upstream:remotename)%00%(upstream:remoteref) refs/heads/master refs/remotes/master [3ms]
2023-05-03 09:46:45.064 [info] > git status -z -uall [18ms]
2023-05-03 09:46:50.082 [info] > git config --get commit.template [7ms]
2023-05-03 09:46:50.084 [info] > git for-each-ref --format=%(refname)%00%(upstream:short)%00%(objectname)%00%(upstream:track)%00%(upstream:remotename)%00%(upstream:remoteref) refs/heads/master refs/remotes/master [3ms]
2023-05-03 09:46:50.109 [info] > git status -z -uall [20ms]
2023-05-03 09:46:55.128 [info] > git config --get commit.template [6ms]
2023-05-03 09:46:55.129 [info] > git for-each-ref --format=%(refname)%00%(upstream:short)%00%(objectname)%00%(upstream:track)%00%(upstream:remotename)%00%(upstream:remoteref) refs/heads/master refs/remotes/master [2ms]
2023-05-03 09:46:55.146 [info] > git status -z -uall [14ms]
2023-05-03 09:47:00.168 [info] > git config --get commit.template [5ms]
2023-05-03 09:47:00.168 [info] > git for-each-ref --format=%(refname)%00%(upstream:short)%00%(objectname)%00%(upstream:track)%00%(upstream:remotename)%00%(upstream:remoteref) refs/heads/master refs/remotes/master [1ms]
2023-05-03 09:47:00.186 [info] > git status -z -uall [14ms]
2023-05-03 09:47:05.206 [info] > git config --get commit.template [7ms]
2023-05-03 09:47:05.206 [info] > git for-each-ref --format=%(refname)%00%(upstream:short)%00%(objectname)%00%(upstream:track)%00%(upstream:remotename)%00%(upstream:remoteref) refs/heads/master refs/remotes/master [2ms]
2023-05-03 09:47:05.225 [info] > git status -z -uall [15ms]
2023-05-03 09:47:10.243 [info] > git config --get commit.template [6ms]
2023-05-03 09:47:10.243 [info] > git for-each-ref --format=%(refname)%00%(upstream:short)%00%(objectname)%00%(upstream:track)%00%(upstream:remotename)%00%(upstream:remoteref) refs/heads/master refs/remotes/master [1ms]
2023-05-03 09:47:10.264 [info] > git status -z -uall [17ms]
2023-05-03 09:47:15.281 [info] > git config --get commit.template [5ms]
2023-05-03 09:47:15.282 [info] > git for-each-ref --format=%(refname)%00%(upstream:short)%00%(objectname)%00%(upstream:track)%00%(upstream:remotename)%00%(upstream:remoteref) refs/heads/master refs/remotes/master [1ms]
2023-05-03 09:47:15.308 [info] > git status -z -uall [22ms]
2023-05-03 09:47:20.331 [info] > git config --get commit.template [5ms]
2023-05-03 09:47:20.331 [info] > git for-each-ref --format=%(refname)%00%(upstream:short)%00%(objectname)%00%(upstream:track)%00%(upstream:remotename)%00%(upstream:remoteref) refs/heads/master refs/remotes/master [1ms]
2023-05-03 09:47:20.350 [info] > git status -z -uall [14ms]
2023-05-03 09:47:25.372 [info] > git config --get commit.template [6ms]
2023-05-03 09:47:25.372 [info] > git for-each-ref --format=%(refname)%00%(upstream:short)%00%(objectname)%00%(upstream:track)%00%(upstream:remotename)%00%(upstream:remoteref) refs/heads/master refs/remotes/master [1ms]
2023-05-03 09:47:25.404 [info] > git status -z -uall [27ms]
2023-05-03 09:47:30.419 [info] > git config --get commit.template [2ms]
2023-05-03 09:47:30.425 [info] > git for-each-ref --format=%(refname)%00%(upstream:short)%00%(objectname)%00%(upstream:track)%00%(upstream:remotename)%00%(upstream:remoteref) refs/heads/master refs/remotes/master [2ms]
2023-05-03 09:47:30.443 [info] > git status -z -uall [15ms]
2023-05-03 09:47:35.459 [info] > git config --get commit.template [5ms]
2023-05-03 09:47:35.461 [info] > git for-each-ref --format=%(refname)%00%(upstream:short)%00%(objectname)%00%(upstream:track)%00%(upstream:remotename)%00%(upstream:remoteref) refs/heads/master refs/remotes/master [2ms]
2023-05-03 09:47:35.484 [info] > git status -z -uall [17ms]
2023-05-03 09:48:31.607 [info] > git config --get commit.template [5ms]
2023-05-03 09:48:31.608 [info] > git for-each-ref --format=%(refname)%00%(upstream:short)%00%(objectname)%00%(upstream:track)%00%(upstream:remotename)%00%(upstream:remoteref) refs/heads/master refs/remotes/master [2ms]
2023-05-03 09:48:31.626 [info] > git status -z -uall [14ms]
2023-05-03 09:48:36.644 [info] > git config --get commit.template [6ms]
2023-05-03 09:48:36.647 [info] > git for-each-ref --format=%(refname)%00%(upstream:short)%00%(objectname)%00%(upstream:track)%00%(upstream:remotename)%00%(upstream:remoteref) refs/heads/master refs/remotes/master [3ms]
2023-05-03 09:48:36.670 [info] > git status -z -uall [19ms]
2023-05-03 09:48:41.690 [info] > git config --get commit.template [4ms]
2023-05-03 09:48:41.691 [info] > git for-each-ref --format=%(refname)%00%(upstream:short)%00%(objectname)%00%(upstream:track)%00%(upstream:remotename)%00%(upstream:remoteref) refs/heads/master refs/remotes/master [1ms]
2023-05-03 09:48:41.710 [info] > git status -z -uall [14ms]
2023-05-03 09:48:46.727 [info] > git config --get commit.template [5ms]
2023-05-03 09:48:46.728 [info] > git for-each-ref --format=%(refname)%00%(upstream:short)%00%(objectname)%00%(upstream:track)%00%(upstream:remotename)%00%(upstream:remoteref) refs/heads/master refs/remotes/master [1ms]
2023-05-03 09:48:46.760 [info] > git status -z -uall [28ms]
2023-05-03 09:48:51.770 [info] > git config --get commit.template [1ms]
2023-05-03 09:48:51.776 [info] > git for-each-ref --format=%(refname)%00%(upstream:short)%00%(objectname)%00%(upstream:track)%00%(upstream:remotename)%00%(upstream:remoteref) refs/heads/master refs/remotes/master [2ms]
2023-05-03 09:48:51.797 [info] > git status -z -uall [18ms]
2023-05-03 09:48:56.813 [info] > git config --get commit.template [5ms]
2023-05-03 09:48:56.814 [info] > git for-each-ref --format=%(refname)%00%(upstream:short)%00%(objectname)%00%(upstream:track)%00%(upstream:remotename)%00%(upstream:remoteref) refs/heads/master refs/remotes/master [2ms]
2023-05-03 09:48:56.834 [info] > git status -z -uall [17ms]
2023-05-03 09:49:01.852 [info] > git config --get commit.template [4ms]
2023-05-03 09:49:01.853 [info] > git for-each-ref --format=%(refname)%00%(upstream:short)%00%(objectname)%00%(upstream:track)%00%(upstream:remotename)%00%(upstream:remoteref) refs/heads/master refs/remotes/master [1ms]
2023-05-03 09:49:01.870 [info] > git status -z -uall [14ms]
2023-05-03 09:49:06.888 [info] > git config --get commit.template [2ms]
2023-05-03 09:49:06.894 [info] > git for-each-ref --format=%(refname)%00%(upstream:short)%00%(objectname)%00%(upstream:track)%00%(upstream:remotename)%00%(upstream:remoteref) refs/heads/master refs/remotes/master [2ms]
2023-05-03 09:49:06.915 [info] > git status -z -uall [16ms]
2023-05-03 09:49:11.936 [info] > git config --get commit.template [6ms]
2023-05-03 09:49:11.936 [info] > git for-each-ref --format=%(refname)%00%(upstream:short)%00%(objectname)%00%(upstream:track)%00%(upstream:remotename)%00%(upstream:remoteref) refs/heads/master refs/remotes/master [1ms]
2023-05-03 09:49:11.960 [info] > git status -z -uall [20ms]
2023-05-03 09:49:29.141 [info] > git config --get commit.template [4ms]
2023-05-03 09:49:29.141 [info] > git for-each-ref --format=%(refname)%00%(upstream:short)%00%(objectname)%00%(upstream:track)%00%(upstream:remotename)%00%(upstream:remoteref) refs/heads/master refs/remotes/master [1ms]
2023-05-03 09:49:29.162 [info] > git status -z -uall [17ms]
2023-05-03 09:49:34.185 [info] > git config --get commit.template [10ms]
2023-05-03 09:49:34.187 [info] > git for-each-ref --format=%(refname)%00%(upstream:short)%00%(objectname)%00%(upstream:track)%00%(upstream:remotename)%00%(upstream:remoteref) refs/heads/master refs/remotes/master [3ms]
2023-05-03 09:49:34.213 [info] > git status -z -uall [21ms]
2023-05-03 09:49:39.232 [info] > git config --get commit.template [5ms]
2023-05-03 09:49:39.232 [info] > git for-each-ref --format=%(refname)%00%(upstream:short)%00%(objectname)%00%(upstream:track)%00%(upstream:remotename)%00%(upstream:remoteref) refs/heads/master refs/remotes/master [1ms]
2023-05-03 09:49:39.252 [info] > git status -z -uall [15ms]
2023-05-03 09:49:44.267 [info] > git config --get commit.template [2ms]
2023-05-03 09:49:44.274 [info] > git for-each-ref --format=%(refname)%00%(upstream:short)%00%(objectname)%00%(upstream:track)%00%(upstream:remotename)%00%(upstream:remoteref) refs/heads/master refs/remotes/master [2ms]
2023-05-03 09:49:44.300 [info] > git status -z -uall [20ms]
2023-05-03 09:49:55.828 [info] > git config --get commit.template [7ms]
2023-05-03 09:49:55.831 [info] > git for-each-ref --format=%(refname)%00%(upstream:short)%00%(objectname)%00%(upstream:track)%00%(upstream:remotename)%00%(upstream:remoteref) refs/heads/master refs/remotes/master [3ms]
2023-05-03 09:49:55.855 [info] > git status -z -uall [20ms]
2023-05-03 09:50:00.871 [info] > git config --get commit.template [4ms]
2023-05-03 09:50:00.877 [info] > git for-each-ref --format=%(refname)%00%(upstream:short)%00%(objectname)%00%(upstream:track)%00%(upstream:remotename)%00%(upstream:remoteref) refs/heads/master refs/remotes/master [2ms]
2023-05-03 09:50:00.899 [info] > git status -z -uall [17ms]
2023-05-03 09:50:05.911 [info] > git config --get commit.template [4ms]
2023-05-03 09:50:05.912 [info] > git for-each-ref --format=%(refname)%00%(upstream:short)%00%(objectname)%00%(upstream:track)%00%(upstream:remotename)%00%(upstream:remoteref) refs/heads/master refs/remotes/master [1ms]
2023-05-03 09:50:05.934 [info] > git status -z -uall [18ms]
2023-05-03 09:50:22.073 [info] > git config --get commit.template [7ms]
2023-05-03 09:50:22.075 [info] > git for-each-ref --format=%(refname)%00%(upstream:short)%00%(objectname)%00%(upstream:track)%00%(upstream:remotename)%00%(upstream:remoteref) refs/heads/master refs/remotes/master [3ms]
2023-05-03 09:50:22.096 [info] > git status -z -uall [17ms]
2023-05-03 09:50:30.430 [info] > git config --get commit.template [5ms]
2023-05-03 09:50:30.431 [info] > git for-each-ref --format=%(refname)%00%(upstream:short)%00%(objectname)%00%(upstream:track)%00%(upstream:remotename)%00%(upstream:remoteref) refs/heads/master refs/remotes/master [2ms]
2023-05-03 09:50:30.449 [info] > git status -z -uall [14ms]
2023-05-03 09:50:35.471 [info] > git config --get commit.template [5ms]
2023-05-03 09:50:35.472 [info] > git for-each-ref --format=%(refname)%00%(upstream:short)%00%(objectname)%00%(upstream:track)%00%(upstream:remotename)%00%(upstream:remoteref) refs/heads/master refs/remotes/master [3ms]
2023-05-03 09:50:35.495 [info] > git status -z -uall [16ms]
2023-05-03 09:50:40.516 [info] > git for-each-ref --format=%(refname)%00%(upstream:short)%00%(objectname)%00%(upstream:track)%00%(upstream:remotename)%00%(upstream:remoteref) refs/heads/master refs/remotes/master [0ms]
2023-05-03 09:50:40.516 [info] > git config --get commit.template [6ms]
2023-05-03 09:50:40.534 [info] > git status -z -uall [15ms]
2023-05-03 09:50:45.551 [info] > git config --get commit.template [4ms]
2023-05-03 09:50:45.551 [info] > git for-each-ref --format=%(refname)%00%(upstream:short)%00%(objectname)%00%(upstream:track)%00%(upstream:remotename)%00%(upstream:remoteref) refs/heads/master refs/remotes/master [1ms]
2023-05-03 09:50:45.572 [info] > git status -z -uall [17ms]
2023-05-03 09:50:50.588 [info] > git config --get commit.template [5ms]
2023-05-03 09:50:50.589 [info] > git for-each-ref --format=%(refname)%00%(upstream:short)%00%(objectname)%00%(upstream:track)%00%(upstream:remotename)%00%(upstream:remoteref) refs/heads/master refs/remotes/master [2ms]
2023-05-03 09:50:50.606 [info] > git status -z -uall [14ms]
2023-05-03 09:50:55.631 [info] > git config --get commit.template [5ms]
2023-05-03 09:50:55.632 [info] > git for-each-ref --format=%(refname)%00%(upstream:short)%00%(objectname)%00%(upstream:track)%00%(upstream:remotename)%00%(upstream:remoteref) refs/heads/master refs/remotes/master [3ms]
2023-05-03 09:50:55.650 [info] > git status -z -uall [15ms]
2023-05-03 09:51:00.665 [info] > git config --get commit.template [6ms]
2023-05-03 09:51:00.666 [info] > git for-each-ref --format=%(refname)%00%(upstream:short)%00%(objectname)%00%(upstream:track)%00%(upstream:remotename)%00%(upstream:remoteref) refs/heads/master refs/remotes/master [2ms]
2023-05-03 09:51:00.688 [info] > git status -z -uall [17ms]
2023-05-03 09:51:05.701 [info] > git config --get commit.template [5ms]
2023-05-03 09:51:05.701 [info] > git for-each-ref --format=%(refname)%00%(upstream:short)%00%(objectname)%00%(upstream:track)%00%(upstream:remotename)%00%(upstream:remoteref) refs/heads/master refs/remotes/master [1ms]
2023-05-03 09:51:05.719 [info] > git status -z -uall [15ms]
2023-05-03 09:51:10.733 [info] > git config --get commit.template [5ms]
2023-05-03 09:51:10.734 [info] > git for-each-ref --format=%(refname)%00%(upstream:short)%00%(objectname)%00%(upstream:track)%00%(upstream:remotename)%00%(upstream:remoteref) refs/heads/master refs/remotes/master [1ms]
2023-05-03 09:51:10.752 [info] > git status -z -uall [15ms]
2023-05-03 09:51:15.770 [info] > git config --get commit.template [5ms]
2023-05-03 09:51:15.771 [info] > git for-each-ref --format=%(refname)%00%(upstream:short)%00%(objectname)%00%(upstream:track)%00%(upstream:remotename)%00%(upstream:remoteref) refs/heads/master refs/remotes/master [1ms]
2023-05-03 09:51:15.791 [info] > git status -z -uall [17ms]
2023-05-03 09:51:20.805 [info] > git config --get commit.template [5ms]
2023-05-03 09:51:20.806 [info] > git for-each-ref --format=%(refname)%00%(upstream:short)%00%(objectname)%00%(upstream:track)%00%(upstream:remotename)%00%(upstream:remoteref) refs/heads/master refs/remotes/master [2ms]
2023-05-03 09:51:20.826 [info] > git status -z -uall [17ms]
2023-05-03 09:51:25.843 [info] > git config --get commit.template [6ms]
2023-05-03 09:51:25.843 [info] > git for-each-ref --format=%(refname)%00%(upstream:short)%00%(objectname)%00%(upstream:track)%00%(upstream:remotename)%00%(upstream:remoteref) refs/heads/master refs/remotes/master [1ms]
2023-05-03 09:51:25.864 [info] > git status -z -uall [17ms]
2023-05-03 09:51:30.878 [info] > git config --get commit.template [5ms]
2023-05-03 09:51:30.879 [info] > git for-each-ref --format=%(refname)%00%(upstream:short)%00%(objectname)%00%(upstream:track)%00%(upstream:remotename)%00%(upstream:remoteref) refs/heads/master refs/remotes/master [1ms]
2023-05-03 09:51:30.900 [info] > git status -z -uall [17ms]
2023-05-03 09:51:35.917 [info] > git config --get commit.template [5ms]
2023-05-03 09:51:35.918 [info] > git for-each-ref --format=%(refname)%00%(upstream:short)%00%(objectname)%00%(upstream:track)%00%(upstream:remotename)%00%(upstream:remoteref) refs/heads/master refs/remotes/master [1ms]
2023-05-03 09:51:35.940 [info] > git status -z -uall [18ms]
2023-05-03 09:51:40.963 [info] > git config --get commit.template [7ms]
2023-05-03 09:51:40.964 [info] > git for-each-ref --format=%(refname)%00%(upstream:short)%00%(objectname)%00%(upstream:track)%00%(upstream:remotename)%00%(upstream:remoteref) refs/heads/master refs/remotes/master [2ms]
2023-05-03 09:51:40.981 [info] > git status -z -uall [14ms]
2023-05-03 09:51:45.998 [info] > git config --get commit.template [4ms]
2023-05-03 09:51:45.999 [info] > git for-each-ref --format=%(refname)%00%(upstream:short)%00%(objectname)%00%(upstream:track)%00%(upstream:remotename)%00%(upstream:remoteref) refs/heads/master refs/remotes/master [1ms]
2023-05-03 09:51:46.018 [info] > git status -z -uall [16ms]
2023-05-03 09:51:51.034 [info] > git config --get commit.template [5ms]
2023-05-03 09:51:51.036 [info] > git for-each-ref --format=%(refname)%00%(upstream:short)%00%(objectname)%00%(upstream:track)%00%(upstream:remotename)%00%(upstream:remoteref) refs/heads/master refs/remotes/master [1ms]
2023-05-03 09:51:51.061 [info] > git status -z -uall [22ms]
2023-05-03 09:51:56.078 [info] > git config --get commit.template [4ms]
2023-05-03 09:51:56.078 [info] > git for-each-ref --format=%(refname)%00%(upstream:short)%00%(objectname)%00%(upstream:track)%00%(upstream:remotename)%00%(upstream:remoteref) refs/heads/master refs/remotes/master [1ms]
2023-05-03 09:51:56.101 [info] > git status -z -uall [18ms]
2023-05-03 09:52:01.119 [info] > git config --get commit.template [4ms]
2023-05-03 09:52:01.119 [info] > git for-each-ref --format=%(refname)%00%(upstream:short)%00%(objectname)%00%(upstream:track)%00%(upstream:remotename)%00%(upstream:remoteref) refs/heads/master refs/remotes/master [1ms]
2023-05-03 09:52:01.140 [info] > git status -z -uall [17ms]
2023-05-03 09:52:06.158 [info] > git config --get commit.template [5ms]
2023-05-03 09:52:06.158 [info] > git for-each-ref --format=%(refname)%00%(upstream:short)%00%(objectname)%00%(upstream:track)%00%(upstream:remotename)%00%(upstream:remoteref) refs/heads/master refs/remotes/master [1ms]
2023-05-03 09:52:06.182 [info] > git status -z -uall [19ms]
2023-05-03 09:52:11.198 [info] > git config --get commit.template [5ms]
2023-05-03 09:52:11.198 [info] > git for-each-ref --format=%(refname)%00%(upstream:short)%00%(objectname)%00%(upstream:track)%00%(upstream:remotename)%00%(upstream:remoteref) refs/heads/master refs/remotes/master [1ms]
2023-05-03 09:52:11.219 [info] > git status -z -uall [17ms]
2023-05-03 09:52:16.238 [info] > git config --get commit.template [6ms]
2023-05-03 09:52:16.238 [info] > git for-each-ref --format=%(refname)%00%(upstream:short)%00%(objectname)%00%(upstream:track)%00%(upstream:remotename)%00%(upstream:remoteref) refs/heads/master refs/remotes/master [1ms]
2023-05-03 09:52:16.260 [info] > git status -z -uall [18ms]
2023-05-03 09:52:21.275 [info] > git config --get commit.template [5ms]
2023-05-03 09:52:21.276 [info] > git for-each-ref --format=%(refname)%00%(upstream:short)%00%(objectname)%00%(upstream:track)%00%(upstream:remotename)%00%(upstream:remoteref) refs/heads/master refs/remotes/master [2ms]
2023-05-03 09:52:21.302 [info] > git status -z -uall [21ms]
2023-05-03 09:52:26.315 [info] > git config --get commit.template [4ms]
2023-05-03 09:52:26.316 [info] > git for-each-ref --format=%(refname)%00%(upstream:short)%00%(objectname)%00%(upstream:track)%00%(upstream:remotename)%00%(upstream:remoteref) refs/heads/master refs/remotes/master [1ms]
2023-05-03 09:52:26.337 [info] > git status -z -uall [16ms]
2023-05-03 09:52:31.351 [info] > git config --get commit.template [3ms]
2023-05-03 09:52:31.357 [info] > git for-each-ref --format=%(refname)%00%(upstream:short)%00%(objectname)%00%(upstream:track)%00%(upstream:remotename)%00%(upstream:remoteref) refs/heads/master refs/remotes/master [2ms]
2023-05-03 09:52:31.374 [info] > git status -z -uall [14ms]
2023-05-03 09:52:36.394 [info] > git config --get commit.template [6ms]
2023-05-03 09:52:36.397 [info] > git for-each-ref --format=%(refname)%00%(upstream:short)%00%(objectname)%00%(upstream:track)%00%(upstream:remotename)%00%(upstream:remoteref) refs/heads/master refs/remotes/master [3ms]
2023-05-03 09:52:36.421 [info] > git status -z -uall [21ms]
2023-05-03 09:52:41.439 [info] > git config --get commit.template [1ms]
2023-05-03 09:52:41.445 [info] > git for-each-ref --format=%(refname)%00%(upstream:short)%00%(objectname)%00%(upstream:track)%00%(upstream:remotename)%00%(upstream:remoteref) refs/heads/master refs/remotes/master [2ms]
2023-05-03 09:52:41.466 [info] > git status -z -uall [18ms]
2023-05-03 09:52:46.490 [info] > git config --get commit.template [6ms]
2023-05-03 09:52:46.490 [info] > git for-each-ref --format=%(refname)%00%(upstream:short)%00%(objectname)%00%(upstream:track)%00%(upstream:remotename)%00%(upstream:remoteref) refs/heads/master refs/remotes/master [1ms]
2023-05-03 09:52:46.512 [info] > git status -z -uall [17ms]
2023-05-03 09:52:51.530 [info] > git config --get commit.template [5ms]
2023-05-03 09:52:51.531 [info] > git for-each-ref --format=%(refname)%00%(upstream:short)%00%(objectname)%00%(upstream:track)%00%(upstream:remotename)%00%(upstream:remoteref) refs/heads/master refs/remotes/master [2ms]
2023-05-03 09:52:51.553 [info] > git status -z -uall [17ms]
2023-05-03 09:52:56.580 [info] > git config --get commit.template [8ms]
2023-05-03 09:52:56.581 [info] > git for-each-ref --format=%(refname)%00%(upstream:short)%00%(objectname)%00%(upstream:track)%00%(upstream:remotename)%00%(upstream:remoteref) refs/heads/master refs/remotes/master [3ms]
2023-05-03 09:52:56.601 [info] > git status -z -uall [15ms]
2023-05-03 09:53:01.614 [info] > git config --get commit.template [5ms]
2023-05-03 09:53:01.615 [info] > git for-each-ref --format=%(refname)%00%(upstream:short)%00%(objectname)%00%(upstream:track)%00%(upstream:remotename)%00%(upstream:remoteref) refs/heads/master refs/remotes/master [2ms]
2023-05-03 09:53:01.638 [info] > git status -z -uall [19ms]
2023-05-03 09:53:07.057 [info] > git config --get commit.template [1ms]
2023-05-03 09:53:07.062 [info] > git for-each-ref --format=%(refname)%00%(upstream:short)%00%(objectname)%00%(upstream:track)%00%(upstream:remotename)%00%(upstream:remoteref) refs/heads/master refs/remotes/master [1ms]
2023-05-03 09:53:07.083 [info] > git status -z -uall [16ms]
2023-05-03 09:53:12.097 [info] > git config --get commit.template [4ms]
2023-05-03 09:53:12.098 [info] > git for-each-ref --format=%(refname)%00%(upstream:short)%00%(objectname)%00%(upstream:track)%00%(upstream:remotename)%00%(upstream:remoteref) refs/heads/master refs/remotes/master [1ms]
2023-05-03 09:53:12.118 [info] > git status -z -uall [14ms]
2023-05-03 09:53:17.132 [info] > git config --get commit.template [2ms]
2023-05-03 09:53:17.138 [info] > git for-each-ref --format=%(refname)%00%(upstream:short)%00%(objectname)%00%(upstream:track)%00%(upstream:remotename)%00%(upstream:remoteref) refs/heads/master refs/remotes/master [1ms]
2023-05-03 09:53:17.161 [info] > git status -z -uall [19ms]
2023-05-03 09:53:28.298 [info] > git config --get commit.template [5ms]
2023-05-03 09:53:28.298 [info] > git for-each-ref --format=%(refname)%00%(upstream:short)%00%(objectname)%00%(upstream:track)%00%(upstream:remotename)%00%(upstream:remoteref) refs/heads/master refs/remotes/master [1ms]
2023-05-03 09:53:28.316 [info] > git status -z -uall [14ms]
2023-05-03 09:53:33.330 [info] > git config --get commit.template [4ms]
2023-05-03 09:53:33.331 [info] > git for-each-ref --format=%(refname)%00%(upstream:short)%00%(objectname)%00%(upstream:track)%00%(upstream:remotename)%00%(upstream:remoteref) refs/heads/master refs/remotes/master [1ms]
2023-05-03 09:53:33.350 [info] > git status -z -uall [15ms]
2023-05-03 09:53:38.368 [info] > git config --get commit.template [6ms]
2023-05-03 09:53:38.371 [info] > git for-each-ref --format=%(refname)%00%(upstream:short)%00%(objectname)%00%(upstream:track)%00%(upstream:remotename)%00%(upstream:remoteref) refs/heads/master refs/remotes/master [3ms]
2023-05-03 09:53:38.394 [info] > git status -z -uall [18ms]
2023-05-03 09:53:43.413 [info] > git config --get commit.template [7ms]
2023-05-03 09:53:43.415 [info] > git for-each-ref --format=%(refname)%00%(upstream:short)%00%(objectname)%00%(upstream:track)%00%(upstream:remotename)%00%(upstream:remoteref) refs/heads/master refs/remotes/master [3ms]
2023-05-03 09:53:43.436 [info] > git status -z -uall [16ms]
