2023-05-02 13:01:08.819 [info] Log level: Info
2023-05-02 13:01:08.819 [info] Validating found git in: "git"
2023-05-02 13:01:08.819 [info] Using git "2.25.1" from "git"
2023-05-02 13:01:08.819 [info] > git rev-parse --show-toplevel [10ms]
2023-05-02 13:01:08.819 [info] fatal: not a git repository (or any parent up to mount point /)
Stopping at filesystem boundary (GIT_DISCOVERY_ACROSS_FILESYSTEM not set).
2023-05-02 13:01:08.819 [info] > git rev-parse --show-toplevel [1ms]
2023-05-02 13:01:08.819 [info] fatal: not a git repository (or any parent up to mount point /)
Stopping at filesystem boundary (GIT_DISCOVERY_ACROSS_FILESYSTEM not set).
2023-05-02 13:01:08.819 [info] > git rev-parse --show-toplevel [2ms]
2023-05-02 13:01:08.819 [info] fatal: not a git repository (or any parent up to mount point /)
Stopping at filesystem boundary (GIT_DISCOVERY_ACROSS_FILESYSTEM not set).
2023-05-02 13:01:08.819 [info] > git rev-parse --show-toplevel [3ms]
2023-05-02 13:01:08.819 [info] fatal: not a git repository (or any parent up to mount point /)
Stopping at filesystem boundary (GIT_DISCOVERY_ACROSS_FILESYSTEM not set).
2023-05-02 13:01:33.742 [info] > git rev-parse --show-toplevel [1ms]
2023-05-02 13:01:33.742 [info] fatal: not a git repository (or any parent up to mount point /)
Stopping at filesystem boundary (GIT_DISCOVERY_ACROSS_FILESYSTEM not set).
2023-05-02 13:13:15.252 [info] > git rev-parse --show-toplevel [3ms]
2023-05-02 13:13:15.252 [info] fatal: not a git repository (or any parent up to mount point /)
Stopping at filesystem boundary (GIT_DISCOVERY_ACROSS_FILESYSTEM not set).
2023-05-02 13:13:41.315 [info] > git rev-parse --show-toplevel [2ms]
2023-05-02 13:13:41.315 [info] fatal: not a git repository (or any parent up to mount point /)
Stopping at filesystem boundary (GIT_DISCOVERY_ACROSS_FILESYSTEM not set).
2023-05-02 13:16:09.274 [info] > git rev-parse --show-toplevel [3ms]
2023-05-02 13:16:09.274 [info] fatal: not a git repository (or any parent up to mount point /)
Stopping at filesystem boundary (GIT_DISCOVERY_ACROSS_FILESYSTEM not set).
2023-05-02 13:17:18.551 [info] > git rev-parse --show-toplevel [4ms]
2023-05-02 13:17:18.551 [info] fatal: not a git repository (or any parent up to mount point /)
Stopping at filesystem boundary (GIT_DISCOVERY_ACROSS_FILESYSTEM not set).
2023-05-02 13:17:48.156 [info] > git rev-parse --show-toplevel [2ms]
2023-05-02 13:17:48.156 [info] fatal: not a git repository (or any parent up to mount point /)
Stopping at filesystem boundary (GIT_DISCOVERY_ACROSS_FILESYSTEM not set).
2023-05-02 13:44:54.706 [info] > git rev-parse --show-toplevel [2ms]
2023-05-02 13:44:54.706 [info] fatal: not a git repository (or any parent up to mount point /)
Stopping at filesystem boundary (GIT_DISCOVERY_ACROSS_FILESYSTEM not set).
