2023-05-03 23:24:23.976 [info] Log level: Info
2023-05-03 23:24:23.976 [info] Validating found git in: "git"
2023-05-03 23:24:23.976 [info] Using git "2.25.1" from "git"
2023-05-03 23:24:23.976 [info] > git rev-parse --show-toplevel [30ms]
2023-05-03 23:24:23.976 [info] > git rev-parse --git-dir --git-common-dir [2ms]
2023-05-03 23:24:23.976 [info] Open repository: /home/cn154
2023-05-03 23:24:23.976 [info] > git rev-parse --show-toplevel [28ms]
2023-05-03 23:24:23.976 [info] > git config --get commit.template [8ms]
2023-05-03 23:24:23.976 [info] > git rev-parse --show-toplevel [9ms]
2023-05-03 23:24:23.976 [info] > git for-each-ref --format=%(refname)%00%(upstream:short)%00%(objectname)%00%(upstream:track)%00%(upstream:remotename)%00%(upstream:remoteref) refs/heads/master refs/remotes/master [9ms]
2023-05-03 23:24:23.976 [info] > git rev-parse --show-toplevel [9ms]
2023-05-03 23:24:23.976 [info] > git rev-parse --show-toplevel [3ms]
2023-05-03 23:24:23.976 [info] > git rev-parse --show-toplevel [2ms]
2023-05-03 23:24:23.976 [info] > git status -z -uall [24ms]
2023-05-03 23:24:23.976 [info] > git rev-parse --show-toplevel [28ms]
2023-05-03 23:24:23.976 [info] > git config --get commit.template [5ms]
2023-05-03 23:24:23.976 [info] > git for-each-ref --format=%(refname)%00%(upstream:short)%00%(objectname)%00%(upstream:track)%00%(upstream:remotename)%00%(upstream:remoteref) refs/heads/master refs/remotes/master [7ms]
2023-05-03 23:24:23.976 [info] > git status -z -uall [21ms]
2023-05-03 23:24:24.169 [info] > git show --textconv :proj5_cn154/sneaky_process.c [7ms]
2023-05-03 23:24:24.171 [info] > git ls-files --stage -- /home/cn154/proj5_cn154/sneaky_process.c [2ms]
2023-05-03 23:24:24.177 [info] > git cat-file -s 48619b159365c823a6037cd74c2c37196e9452f2 [1ms]
2023-05-03 23:24:24.275 [info] > git check-ignore -v -z --stdin [3ms]
2023-05-03 23:24:26.164 [info] > git show --textconv :proj5_cn154/sneaky_mod.c [6ms]
2023-05-03 23:24:26.167 [info] > git ls-files --stage -- /home/cn154/proj5_cn154/sneaky_mod.c [3ms]
2023-05-03 23:24:26.175 [info] > git cat-file -s fedbf693b9cb42188a96ceb50eb597e9fa1ecc6e [2ms]
2023-05-03 23:24:26.616 [info] > git config --get commit.template [6ms]
2023-05-03 23:24:26.618 [info] > git for-each-ref --format=%(refname)%00%(upstream:short)%00%(objectname)%00%(upstream:track)%00%(upstream:remotename)%00%(upstream:remoteref) refs/heads/master refs/remotes/master [3ms]
2023-05-03 23:24:26.654 [info] > git status -z -uall [31ms]
2023-05-03 23:24:31.668 [info] > git config --get commit.template [3ms]
2023-05-03 23:24:31.679 [info] > git for-each-ref --format=%(refname)%00%(upstream:short)%00%(objectname)%00%(upstream:track)%00%(upstream:remotename)%00%(upstream:remoteref) refs/heads/master refs/remotes/master [2ms]
2023-05-03 23:24:31.720 [info] > git status -z -uall [36ms]
2023-05-03 23:24:36.742 [info] > git config --get commit.template [8ms]
2023-05-03 23:24:36.743 [info] > git for-each-ref --format=%(refname)%00%(upstream:short)%00%(objectname)%00%(upstream:track)%00%(upstream:remotename)%00%(upstream:remoteref) refs/heads/master refs/remotes/master [2ms]
2023-05-03 23:24:36.779 [info] > git status -z -uall [31ms]
2023-05-03 23:24:41.798 [info] > git config --get commit.template [7ms]
2023-05-03 23:24:41.798 [info] > git for-each-ref --format=%(refname)%00%(upstream:short)%00%(objectname)%00%(upstream:track)%00%(upstream:remotename)%00%(upstream:remoteref) refs/heads/master refs/remotes/master [2ms]
2023-05-03 23:24:41.826 [info] > git status -z -uall [22ms]
2023-05-03 23:24:46.845 [info] > git config --get commit.template [7ms]
2023-05-03 23:24:46.845 [info] > git for-each-ref --format=%(refname)%00%(upstream:short)%00%(objectname)%00%(upstream:track)%00%(upstream:remotename)%00%(upstream:remoteref) refs/heads/master refs/remotes/master [1ms]
2023-05-03 23:24:46.875 [info] > git status -z -uall [24ms]
2023-05-03 23:24:51.894 [info] > git config --get commit.template [6ms]
2023-05-03 23:24:51.897 [info] > git for-each-ref --format=%(refname)%00%(upstream:short)%00%(objectname)%00%(upstream:track)%00%(upstream:remotename)%00%(upstream:remoteref) refs/heads/master refs/remotes/master [3ms]
2023-05-03 23:24:51.936 [info] > git status -z -uall [34ms]
2023-05-03 23:24:56.955 [info] > git config --get commit.template [8ms]
2023-05-03 23:24:56.956 [info] > git for-each-ref --format=%(refname)%00%(upstream:short)%00%(objectname)%00%(upstream:track)%00%(upstream:remotename)%00%(upstream:remoteref) refs/heads/master refs/remotes/master [2ms]
2023-05-03 23:24:56.987 [info] > git status -z -uall [24ms]
2023-05-03 23:26:10.743 [info] > git config --get commit.template [6ms]
2023-05-03 23:26:10.744 [info] > git for-each-ref --format=%(refname)%00%(upstream:short)%00%(objectname)%00%(upstream:track)%00%(upstream:remotename)%00%(upstream:remoteref) refs/heads/master refs/remotes/master [2ms]
2023-05-03 23:26:10.771 [info] > git status -z -uall [21ms]
2023-05-03 23:26:15.785 [info] > git config --get commit.template [1ms]
2023-05-03 23:26:15.792 [info] > git for-each-ref --format=%(refname)%00%(upstream:short)%00%(objectname)%00%(upstream:track)%00%(upstream:remotename)%00%(upstream:remoteref) refs/heads/master refs/remotes/master [2ms]
2023-05-03 23:26:15.819 [info] > git status -z -uall [22ms]
2023-05-03 23:26:20.831 [info] > git config --get commit.template [1ms]
2023-05-03 23:26:20.838 [info] > git for-each-ref --format=%(refname)%00%(upstream:short)%00%(objectname)%00%(upstream:track)%00%(upstream:remotename)%00%(upstream:remoteref) refs/heads/master refs/remotes/master [1ms]
2023-05-03 23:26:20.864 [info] > git status -z -uall [21ms]
2023-05-03 23:26:25.883 [info] > git config --get commit.template [1ms]
2023-05-03 23:26:25.890 [info] > git for-each-ref --format=%(refname)%00%(upstream:short)%00%(objectname)%00%(upstream:track)%00%(upstream:remotename)%00%(upstream:remoteref) refs/heads/master refs/remotes/master [1ms]
2023-05-03 23:26:25.913 [info] > git status -z -uall [18ms]
2023-05-03 23:26:30.943 [info] > git config --get commit.template [10ms]
2023-05-03 23:26:30.944 [info] > git for-each-ref --format=%(refname)%00%(upstream:short)%00%(objectname)%00%(upstream:track)%00%(upstream:remotename)%00%(upstream:remoteref) refs/heads/master refs/remotes/master [2ms]
2023-05-03 23:26:30.980 [info] > git status -z -uall [30ms]
2023-05-03 23:26:36.000 [info] > git config --get commit.template [2ms]
2023-05-03 23:26:36.007 [info] > git for-each-ref --format=%(refname)%00%(upstream:short)%00%(objectname)%00%(upstream:track)%00%(upstream:remotename)%00%(upstream:remoteref) refs/heads/master refs/remotes/master [1ms]
2023-05-03 23:26:36.036 [info] > git status -z -uall [24ms]
2023-05-03 23:26:41.052 [info] > git config --get commit.template [2ms]
2023-05-03 23:26:41.058 [info] > git for-each-ref --format=%(refname)%00%(upstream:short)%00%(objectname)%00%(upstream:track)%00%(upstream:remotename)%00%(upstream:remoteref) refs/heads/master refs/remotes/master [1ms]
2023-05-03 23:26:41.085 [info] > git status -z -uall [22ms]
2023-05-03 23:26:46.102 [info] > git config --get commit.template [6ms]
2023-05-03 23:26:46.103 [info] > git for-each-ref --format=%(refname)%00%(upstream:short)%00%(objectname)%00%(upstream:track)%00%(upstream:remotename)%00%(upstream:remoteref) refs/heads/master refs/remotes/master [2ms]
2023-05-03 23:26:46.127 [info] > git status -z -uall [20ms]
2023-05-03 23:26:51.152 [info] > git config --get commit.template [9ms]
2023-05-03 23:26:51.152 [info] > git for-each-ref --format=%(refname)%00%(upstream:short)%00%(objectname)%00%(upstream:track)%00%(upstream:remotename)%00%(upstream:remoteref) refs/heads/master refs/remotes/master [4ms]
2023-05-03 23:26:51.181 [info] > git status -z -uall [21ms]
2023-05-03 23:26:56.207 [info] > git config --get commit.template [9ms]
2023-05-03 23:26:56.208 [info] > git for-each-ref --format=%(refname)%00%(upstream:short)%00%(objectname)%00%(upstream:track)%00%(upstream:remotename)%00%(upstream:remoteref) refs/heads/master refs/remotes/master [2ms]
2023-05-03 23:26:56.232 [info] > git status -z -uall [19ms]
2023-05-03 23:27:01.250 [info] > git config --get commit.template [6ms]
2023-05-03 23:27:01.251 [info] > git for-each-ref --format=%(refname)%00%(upstream:short)%00%(objectname)%00%(upstream:track)%00%(upstream:remotename)%00%(upstream:remoteref) refs/heads/master refs/remotes/master [1ms]
2023-05-03 23:27:01.276 [info] > git status -z -uall [20ms]
2023-05-03 23:27:06.298 [info] > git config --get commit.template [8ms]
2023-05-03 23:27:06.299 [info] > git for-each-ref --format=%(refname)%00%(upstream:short)%00%(objectname)%00%(upstream:track)%00%(upstream:remotename)%00%(upstream:remoteref) refs/heads/master refs/remotes/master [2ms]
2023-05-03 23:27:06.323 [info] > git status -z -uall [19ms]
2023-05-03 23:27:11.344 [info] > git config --get commit.template [7ms]
2023-05-03 23:27:11.345 [info] > git for-each-ref --format=%(refname)%00%(upstream:short)%00%(objectname)%00%(upstream:track)%00%(upstream:remotename)%00%(upstream:remoteref) refs/heads/master refs/remotes/master [1ms]
2023-05-03 23:27:11.378 [info] > git status -z -uall [23ms]
2023-05-03 23:27:16.400 [info] > git config --get commit.template [2ms]
2023-05-03 23:27:16.406 [info] > git for-each-ref --format=%(refname)%00%(upstream:short)%00%(objectname)%00%(upstream:track)%00%(upstream:remotename)%00%(upstream:remoteref) refs/heads/master refs/remotes/master [1ms]
2023-05-03 23:27:16.433 [info] > git status -z -uall [22ms]
2023-05-03 23:27:21.445 [info] > git config --get commit.template [2ms]
2023-05-03 23:27:21.453 [info] > git for-each-ref --format=%(refname)%00%(upstream:short)%00%(objectname)%00%(upstream:track)%00%(upstream:remotename)%00%(upstream:remoteref) refs/heads/master refs/remotes/master [1ms]
2023-05-03 23:27:21.479 [info] > git status -z -uall [21ms]
2023-05-03 23:27:26.498 [info] > git config --get commit.template [6ms]
2023-05-03 23:27:26.500 [info] > git for-each-ref --format=%(refname)%00%(upstream:short)%00%(objectname)%00%(upstream:track)%00%(upstream:remotename)%00%(upstream:remoteref) refs/heads/master refs/remotes/master [3ms]
2023-05-03 23:27:26.535 [info] > git status -z -uall [30ms]
2023-05-03 23:27:31.553 [info] > git config --get commit.template [3ms]
2023-05-03 23:27:31.563 [info] > git for-each-ref --format=%(refname)%00%(upstream:short)%00%(objectname)%00%(upstream:track)%00%(upstream:remotename)%00%(upstream:remoteref) refs/heads/master refs/remotes/master [2ms]
2023-05-03 23:27:31.588 [info] > git status -z -uall [19ms]
2023-05-03 23:27:36.613 [info] > git config --get commit.template [8ms]
2023-05-03 23:27:36.613 [info] > git for-each-ref --format=%(refname)%00%(upstream:short)%00%(objectname)%00%(upstream:track)%00%(upstream:remotename)%00%(upstream:remoteref) refs/heads/master refs/remotes/master [3ms]
2023-05-03 23:27:36.637 [info] > git status -z -uall [18ms]
2023-05-03 23:27:41.651 [info] > git config --get commit.template [1ms]
2023-05-03 23:27:41.658 [info] > git for-each-ref --format=%(refname)%00%(upstream:short)%00%(objectname)%00%(upstream:track)%00%(upstream:remotename)%00%(upstream:remoteref) refs/heads/master refs/remotes/master [2ms]
2023-05-03 23:27:41.685 [info] > git status -z -uall [21ms]
2023-05-03 23:27:46.698 [info] > git config --get commit.template [2ms]
2023-05-03 23:27:46.704 [info] > git for-each-ref --format=%(refname)%00%(upstream:short)%00%(objectname)%00%(upstream:track)%00%(upstream:remotename)%00%(upstream:remoteref) refs/heads/master refs/remotes/master [1ms]
2023-05-03 23:27:46.732 [info] > git status -z -uall [22ms]
2023-05-03 23:27:51.746 [info] > git config --get commit.template [2ms]
2023-05-03 23:27:51.752 [info] > git for-each-ref --format=%(refname)%00%(upstream:short)%00%(objectname)%00%(upstream:track)%00%(upstream:remotename)%00%(upstream:remoteref) refs/heads/master refs/remotes/master [1ms]
2023-05-03 23:27:51.777 [info] > git status -z -uall [20ms]
2023-05-03 23:27:56.797 [info] > git config --get commit.template [6ms]
2023-05-03 23:27:56.799 [info] > git for-each-ref --format=%(refname)%00%(upstream:short)%00%(objectname)%00%(upstream:track)%00%(upstream:remotename)%00%(upstream:remoteref) refs/heads/master refs/remotes/master [2ms]
2023-05-03 23:27:56.827 [info] > git status -z -uall [22ms]
2023-05-03 23:28:01.846 [info] > git config --get commit.template [7ms]
2023-05-03 23:28:01.847 [info] > git for-each-ref --format=%(refname)%00%(upstream:short)%00%(objectname)%00%(upstream:track)%00%(upstream:remotename)%00%(upstream:remoteref) refs/heads/master refs/remotes/master [3ms]
2023-05-03 23:28:01.886 [info] > git status -z -uall [32ms]
2023-05-03 23:28:06.909 [info] > git config --get commit.template [7ms]
2023-05-03 23:28:06.910 [info] > git for-each-ref --format=%(refname)%00%(upstream:short)%00%(objectname)%00%(upstream:track)%00%(upstream:remotename)%00%(upstream:remoteref) refs/heads/master refs/remotes/master [2ms]
2023-05-03 23:28:06.939 [info] > git status -z -uall [24ms]
2023-05-03 23:28:11.959 [info] > git config --get commit.template [7ms]
2023-05-03 23:28:11.960 [info] > git for-each-ref --format=%(refname)%00%(upstream:short)%00%(objectname)%00%(upstream:track)%00%(upstream:remotename)%00%(upstream:remoteref) refs/heads/master refs/remotes/master [2ms]
2023-05-03 23:28:11.992 [info] > git status -z -uall [26ms]
2023-05-03 23:28:17.010 [info] > git config --get commit.template [8ms]
2023-05-03 23:28:17.011 [info] > git for-each-ref --format=%(refname)%00%(upstream:short)%00%(objectname)%00%(upstream:track)%00%(upstream:remotename)%00%(upstream:remoteref) refs/heads/master refs/remotes/master [2ms]
2023-05-03 23:28:17.045 [info] > git status -z -uall [29ms]
2023-05-03 23:28:22.064 [info] > git config --get commit.template [8ms]
2023-05-03 23:28:22.065 [info] > git for-each-ref --format=%(refname)%00%(upstream:short)%00%(objectname)%00%(upstream:track)%00%(upstream:remotename)%00%(upstream:remoteref) refs/heads/master refs/remotes/master [3ms]
2023-05-03 23:28:22.107 [info] > git status -z -uall [37ms]
2023-05-03 23:28:27.126 [info] > git config --get commit.template [7ms]
2023-05-03 23:28:27.128 [info] > git for-each-ref --format=%(refname)%00%(upstream:short)%00%(objectname)%00%(upstream:track)%00%(upstream:remotename)%00%(upstream:remoteref) refs/heads/master refs/remotes/master [3ms]
2023-05-03 23:28:27.157 [info] > git status -z -uall [22ms]
2023-05-03 23:28:32.177 [info] > git config --get commit.template [9ms]
2023-05-03 23:28:32.178 [info] > git for-each-ref --format=%(refname)%00%(upstream:short)%00%(objectname)%00%(upstream:track)%00%(upstream:remotename)%00%(upstream:remoteref) refs/heads/master refs/remotes/master [2ms]
2023-05-03 23:28:32.204 [info] > git status -z -uall [21ms]
2023-05-03 23:28:37.228 [info] > git config --get commit.template [9ms]
2023-05-03 23:28:37.232 [info] > git for-each-ref --format=%(refname)%00%(upstream:short)%00%(objectname)%00%(upstream:track)%00%(upstream:remotename)%00%(upstream:remoteref) refs/heads/master refs/remotes/master [5ms]
2023-05-03 23:28:37.268 [info] > git status -z -uall [31ms]
2023-05-03 23:28:42.295 [info] > git config --get commit.template [9ms]
2023-05-03 23:28:42.297 [info] > git for-each-ref --format=%(refname)%00%(upstream:short)%00%(objectname)%00%(upstream:track)%00%(upstream:remotename)%00%(upstream:remoteref) refs/heads/master refs/remotes/master [3ms]
2023-05-03 23:28:42.331 [info] > git status -z -uall [29ms]
2023-05-03 23:28:47.360 [info] > git config --get commit.template [14ms]
2023-05-03 23:28:47.363 [info] > git for-each-ref --format=%(refname)%00%(upstream:short)%00%(objectname)%00%(upstream:track)%00%(upstream:remotename)%00%(upstream:remoteref) refs/heads/master refs/remotes/master [4ms]
2023-05-03 23:28:47.387 [info] > git status -z -uall [19ms]
2023-05-03 23:28:52.401 [info] > git config --get commit.template [1ms]
2023-05-03 23:28:52.407 [info] > git for-each-ref --format=%(refname)%00%(upstream:short)%00%(objectname)%00%(upstream:track)%00%(upstream:remotename)%00%(upstream:remoteref) refs/heads/master refs/remotes/master [1ms]
2023-05-03 23:28:52.432 [info] > git status -z -uall [20ms]
2023-05-03 23:28:57.448 [info] > git config --get commit.template [1ms]
2023-05-03 23:28:57.455 [info] > git for-each-ref --format=%(refname)%00%(upstream:short)%00%(objectname)%00%(upstream:track)%00%(upstream:remotename)%00%(upstream:remoteref) refs/heads/master refs/remotes/master [1ms]
2023-05-03 23:28:57.479 [info] > git status -z -uall [19ms]
2023-05-03 23:29:02.496 [info] > git config --get commit.template [2ms]
2023-05-03 23:29:02.504 [info] > git for-each-ref --format=%(refname)%00%(upstream:short)%00%(objectname)%00%(upstream:track)%00%(upstream:remotename)%00%(upstream:remoteref) refs/heads/master refs/remotes/master [2ms]
2023-05-03 23:29:02.532 [info] > git status -z -uall [23ms]
2023-05-03 23:29:07.547 [info] > git config --get commit.template [2ms]
2023-05-03 23:29:07.554 [info] > git for-each-ref --format=%(refname)%00%(upstream:short)%00%(objectname)%00%(upstream:track)%00%(upstream:remotename)%00%(upstream:remoteref) refs/heads/master refs/remotes/master [1ms]
2023-05-03 23:29:07.579 [info] > git status -z -uall [20ms]
2023-05-03 23:29:12.599 [info] > git config --get commit.template [9ms]
2023-05-03 23:29:12.601 [info] > git for-each-ref --format=%(refname)%00%(upstream:short)%00%(objectname)%00%(upstream:track)%00%(upstream:remotename)%00%(upstream:remoteref) refs/heads/master refs/remotes/master [3ms]
2023-05-03 23:29:12.626 [info] > git status -z -uall [20ms]
2023-05-03 23:29:17.649 [info] > git config --get commit.template [8ms]
2023-05-03 23:29:17.651 [info] > git for-each-ref --format=%(refname)%00%(upstream:short)%00%(objectname)%00%(upstream:track)%00%(upstream:remotename)%00%(upstream:remoteref) refs/heads/master refs/remotes/master [3ms]
2023-05-03 23:29:17.676 [info] > git status -z -uall [20ms]
2023-05-03 23:29:22.690 [info] > git config --get commit.template [1ms]
2023-05-03 23:29:22.697 [info] > git for-each-ref --format=%(refname)%00%(upstream:short)%00%(objectname)%00%(upstream:track)%00%(upstream:remotename)%00%(upstream:remoteref) refs/heads/master refs/remotes/master [1ms]
2023-05-03 23:29:22.722 [info] > git status -z -uall [19ms]
2023-05-03 23:29:27.735 [info] > git config --get commit.template [2ms]
2023-05-03 23:29:27.742 [info] > git for-each-ref --format=%(refname)%00%(upstream:short)%00%(objectname)%00%(upstream:track)%00%(upstream:remotename)%00%(upstream:remoteref) refs/heads/master refs/remotes/master [2ms]
2023-05-03 23:29:27.768 [info] > git status -z -uall [21ms]
2023-05-03 23:29:32.782 [info] > git config --get commit.template [1ms]
2023-05-03 23:29:32.789 [info] > git for-each-ref --format=%(refname)%00%(upstream:short)%00%(objectname)%00%(upstream:track)%00%(upstream:remotename)%00%(upstream:remoteref) refs/heads/master refs/remotes/master [1ms]
2023-05-03 23:29:32.815 [info] > git status -z -uall [20ms]
2023-05-03 23:29:37.828 [info] > git config --get commit.template [1ms]
2023-05-03 23:29:37.835 [info] > git for-each-ref --format=%(refname)%00%(upstream:short)%00%(objectname)%00%(upstream:track)%00%(upstream:remotename)%00%(upstream:remoteref) refs/heads/master refs/remotes/master [2ms]
2023-05-03 23:29:37.859 [info] > git status -z -uall [19ms]
2023-05-03 23:29:42.875 [info] > git config --get commit.template [1ms]
2023-05-03 23:29:42.882 [info] > git for-each-ref --format=%(refname)%00%(upstream:short)%00%(objectname)%00%(upstream:track)%00%(upstream:remotename)%00%(upstream:remoteref) refs/heads/master refs/remotes/master [1ms]
2023-05-03 23:29:42.907 [info] > git status -z -uall [19ms]
2023-05-03 23:29:47.934 [info] > git config --get commit.template [10ms]
2023-05-03 23:29:47.934 [info] > git for-each-ref --format=%(refname)%00%(upstream:short)%00%(objectname)%00%(upstream:track)%00%(upstream:remotename)%00%(upstream:remoteref) refs/heads/master refs/remotes/master [1ms]
2023-05-03 23:29:47.960 [info] > git status -z -uall [19ms]
2023-05-03 23:29:52.977 [info] > git config --get commit.template [6ms]
2023-05-03 23:29:52.977 [info] > git for-each-ref --format=%(refname)%00%(upstream:short)%00%(objectname)%00%(upstream:track)%00%(upstream:remotename)%00%(upstream:remoteref) refs/heads/master refs/remotes/master [1ms]
2023-05-03 23:29:53.004 [info] > git status -z -uall [21ms]
2023-05-03 23:29:58.024 [info] > git config --get commit.template [7ms]
2023-05-03 23:29:58.025 [info] > git for-each-ref --format=%(refname)%00%(upstream:short)%00%(objectname)%00%(upstream:track)%00%(upstream:remotename)%00%(upstream:remoteref) refs/heads/master refs/remotes/master [2ms]
2023-05-03 23:29:58.052 [info] > git status -z -uall [22ms]
2023-05-03 23:30:03.080 [info] > git config --get commit.template [7ms]
2023-05-03 23:30:03.081 [info] > git for-each-ref --format=%(refname)%00%(upstream:short)%00%(objectname)%00%(upstream:track)%00%(upstream:remotename)%00%(upstream:remoteref) refs/heads/master refs/remotes/master [1ms]
2023-05-03 23:30:03.109 [info] > git status -z -uall [23ms]
2023-05-03 23:30:08.134 [info] > git config --get commit.template [10ms]
2023-05-03 23:30:08.134 [info] > git for-each-ref --format=%(refname)%00%(upstream:short)%00%(objectname)%00%(upstream:track)%00%(upstream:remotename)%00%(upstream:remoteref) refs/heads/master refs/remotes/master [1ms]
2023-05-03 23:30:08.163 [info] > git status -z -uall [24ms]
2023-05-03 23:30:13.183 [info] > git config --get commit.template [7ms]
2023-05-03 23:30:13.184 [info] > git for-each-ref --format=%(refname)%00%(upstream:short)%00%(objectname)%00%(upstream:track)%00%(upstream:remotename)%00%(upstream:remoteref) refs/heads/master refs/remotes/master [1ms]
2023-05-03 23:30:13.210 [info] > git status -z -uall [22ms]
2023-05-03 23:30:18.228 [info] > git config --get commit.template [7ms]
2023-05-03 23:30:18.228 [info] > git for-each-ref --format=%(refname)%00%(upstream:short)%00%(objectname)%00%(upstream:track)%00%(upstream:remotename)%00%(upstream:remoteref) refs/heads/master refs/remotes/master [1ms]
2023-05-03 23:30:18.257 [info] > git status -z -uall [24ms]
2023-05-03 23:30:23.274 [info] > git config --get commit.template [1ms]
2023-05-03 23:30:23.281 [info] > git for-each-ref --format=%(refname)%00%(upstream:short)%00%(objectname)%00%(upstream:track)%00%(upstream:remotename)%00%(upstream:remoteref) refs/heads/master refs/remotes/master [2ms]
2023-05-03 23:30:23.307 [info] > git status -z -uall [21ms]
2023-05-03 23:30:28.329 [info] > git config --get commit.template [8ms]
2023-05-03 23:30:28.330 [info] > git for-each-ref --format=%(refname)%00%(upstream:short)%00%(objectname)%00%(upstream:track)%00%(upstream:remotename)%00%(upstream:remoteref) refs/heads/master refs/remotes/master [3ms]
2023-05-03 23:30:28.365 [info] > git status -z -uall [30ms]
2023-05-03 23:30:33.386 [info] > git config --get commit.template [8ms]
2023-05-03 23:30:33.387 [info] > git for-each-ref --format=%(refname)%00%(upstream:short)%00%(objectname)%00%(upstream:track)%00%(upstream:remotename)%00%(upstream:remoteref) refs/heads/master refs/remotes/master [2ms]
2023-05-03 23:30:33.425 [info] > git status -z -uall [32ms]
2023-05-03 23:30:38.443 [info] > git config --get commit.template [7ms]
2023-05-03 23:30:38.444 [info] > git for-each-ref --format=%(refname)%00%(upstream:short)%00%(objectname)%00%(upstream:track)%00%(upstream:remotename)%00%(upstream:remoteref) refs/heads/master refs/remotes/master [2ms]
2023-05-03 23:30:38.482 [info] > git status -z -uall [33ms]
2023-05-03 23:30:43.505 [info] > git config --get commit.template [8ms]
2023-05-03 23:30:43.506 [info] > git for-each-ref --format=%(refname)%00%(upstream:short)%00%(objectname)%00%(upstream:track)%00%(upstream:remotename)%00%(upstream:remoteref) refs/heads/master refs/remotes/master [2ms]
2023-05-03 23:30:43.542 [info] > git status -z -uall [31ms]
2023-05-03 23:30:48.563 [info] > git config --get commit.template [10ms]
2023-05-03 23:30:48.564 [info] > git for-each-ref --format=%(refname)%00%(upstream:short)%00%(objectname)%00%(upstream:track)%00%(upstream:remotename)%00%(upstream:remoteref) refs/heads/master refs/remotes/master [4ms]
2023-05-03 23:30:48.600 [info] > git status -z -uall [31ms]
2023-05-03 23:30:53.623 [info] > git config --get commit.template [9ms]
2023-05-03 23:30:53.624 [info] > git for-each-ref --format=%(refname)%00%(upstream:short)%00%(objectname)%00%(upstream:track)%00%(upstream:remotename)%00%(upstream:remoteref) refs/heads/master refs/remotes/master [3ms]
2023-05-03 23:30:53.655 [info] > git status -z -uall [24ms]
2023-05-03 23:30:58.673 [info] > git config --get commit.template [7ms]
2023-05-03 23:30:58.675 [info] > git for-each-ref --format=%(refname)%00%(upstream:short)%00%(objectname)%00%(upstream:track)%00%(upstream:remotename)%00%(upstream:remoteref) refs/heads/master refs/remotes/master [1ms]
2023-05-03 23:30:58.699 [info] > git status -z -uall [20ms]
2023-05-03 23:31:03.716 [info] > git config --get commit.template [6ms]
2023-05-03 23:31:03.718 [info] > git for-each-ref --format=%(refname)%00%(upstream:short)%00%(objectname)%00%(upstream:track)%00%(upstream:remotename)%00%(upstream:remoteref) refs/heads/master refs/remotes/master [2ms]
2023-05-03 23:31:03.742 [info] > git status -z -uall [20ms]
2023-05-03 23:31:08.760 [info] > git config --get commit.template [6ms]
2023-05-03 23:31:08.762 [info] > git for-each-ref --format=%(refname)%00%(upstream:short)%00%(objectname)%00%(upstream:track)%00%(upstream:remotename)%00%(upstream:remoteref) refs/heads/master refs/remotes/master [2ms]
2023-05-03 23:31:08.788 [info] > git status -z -uall [21ms]
2023-05-03 23:31:13.805 [info] > git config --get commit.template [6ms]
2023-05-03 23:31:13.805 [info] > git for-each-ref --format=%(refname)%00%(upstream:short)%00%(objectname)%00%(upstream:track)%00%(upstream:remotename)%00%(upstream:remoteref) refs/heads/master refs/remotes/master [1ms]
2023-05-03 23:31:13.832 [info] > git status -z -uall [21ms]
2023-05-03 23:31:18.849 [info] > git config --get commit.template [6ms]
2023-05-03 23:31:18.850 [info] > git for-each-ref --format=%(refname)%00%(upstream:short)%00%(objectname)%00%(upstream:track)%00%(upstream:remotename)%00%(upstream:remoteref) refs/heads/master refs/remotes/master [1ms]
2023-05-03 23:31:18.880 [info] > git status -z -uall [26ms]
2023-05-03 23:31:23.898 [info] > git config --get commit.template [7ms]
2023-05-03 23:31:23.898 [info] > git for-each-ref --format=%(refname)%00%(upstream:short)%00%(objectname)%00%(upstream:track)%00%(upstream:remotename)%00%(upstream:remoteref) refs/heads/master refs/remotes/master [2ms]
2023-05-03 23:31:23.935 [info] > git status -z -uall [31ms]
2023-05-03 23:31:28.956 [info] > git config --get commit.template [2ms]
2023-05-03 23:31:28.968 [info] > git for-each-ref --format=%(refname)%00%(upstream:short)%00%(objectname)%00%(upstream:track)%00%(upstream:remotename)%00%(upstream:remoteref) refs/heads/master refs/remotes/master [3ms]
2023-05-03 23:31:29.000 [info] > git status -z -uall [24ms]
2023-05-03 23:31:34.021 [info] > git config --get commit.template [7ms]
2023-05-03 23:31:34.023 [info] > git for-each-ref --format=%(refname)%00%(upstream:short)%00%(objectname)%00%(upstream:track)%00%(upstream:remotename)%00%(upstream:remoteref) refs/heads/master refs/remotes/master [2ms]
2023-05-03 23:31:34.055 [info] > git status -z -uall [25ms]
2023-05-03 23:31:39.079 [info] > git config --get commit.template [8ms]
2023-05-03 23:31:39.082 [info] > git for-each-ref --format=%(refname)%00%(upstream:short)%00%(objectname)%00%(upstream:track)%00%(upstream:remotename)%00%(upstream:remoteref) refs/heads/master refs/remotes/master [3ms]
2023-05-03 23:31:39.111 [info] > git status -z -uall [22ms]
2023-05-03 23:31:44.136 [info] > git config --get commit.template [7ms]
2023-05-03 23:31:44.137 [info] > git for-each-ref --format=%(refname)%00%(upstream:short)%00%(objectname)%00%(upstream:track)%00%(upstream:remotename)%00%(upstream:remoteref) refs/heads/master refs/remotes/master [3ms]
2023-05-03 23:31:44.161 [info] > git status -z -uall [20ms]
2023-05-03 23:31:49.191 [info] > git config --get commit.template [7ms]
2023-05-03 23:31:49.192 [info] > git for-each-ref --format=%(refname)%00%(upstream:short)%00%(objectname)%00%(upstream:track)%00%(upstream:remotename)%00%(upstream:remoteref) refs/heads/master refs/remotes/master [1ms]
2023-05-03 23:31:49.217 [info] > git status -z -uall [19ms]
2023-05-03 23:31:54.231 [info] > git config --get commit.template [1ms]
2023-05-03 23:31:54.238 [info] > git for-each-ref --format=%(refname)%00%(upstream:short)%00%(objectname)%00%(upstream:track)%00%(upstream:remotename)%00%(upstream:remoteref) refs/heads/master refs/remotes/master [1ms]
2023-05-03 23:31:54.265 [info] > git status -z -uall [22ms]
2023-05-03 23:31:59.285 [info] > git config --get commit.template [6ms]
2023-05-03 23:31:59.287 [info] > git for-each-ref --format=%(refname)%00%(upstream:short)%00%(objectname)%00%(upstream:track)%00%(upstream:remotename)%00%(upstream:remoteref) refs/heads/master refs/remotes/master [2ms]
2023-05-03 23:31:59.325 [info] > git status -z -uall [32ms]
2023-05-03 23:32:04.345 [info] > git config --get commit.template [6ms]
2023-05-03 23:32:04.346 [info] > git for-each-ref --format=%(refname)%00%(upstream:short)%00%(objectname)%00%(upstream:track)%00%(upstream:remotename)%00%(upstream:remoteref) refs/heads/master refs/remotes/master [2ms]
2023-05-03 23:32:04.371 [info] > git status -z -uall [20ms]
2023-05-03 23:32:09.389 [info] > git config --get commit.template [6ms]
2023-05-03 23:32:09.390 [info] > git for-each-ref --format=%(refname)%00%(upstream:short)%00%(objectname)%00%(upstream:track)%00%(upstream:remotename)%00%(upstream:remoteref) refs/heads/master refs/remotes/master [2ms]
2023-05-03 23:32:09.426 [info] > git status -z -uall [32ms]
2023-05-03 23:32:14.451 [info] > git config --get commit.template [7ms]
2023-05-03 23:32:14.453 [info] > git for-each-ref --format=%(refname)%00%(upstream:short)%00%(objectname)%00%(upstream:track)%00%(upstream:remotename)%00%(upstream:remoteref) refs/heads/master refs/remotes/master [3ms]
2023-05-03 23:32:14.488 [info] > git status -z -uall [30ms]
2023-05-03 23:32:19.517 [info] > git config --get commit.template [10ms]
2023-05-03 23:32:19.517 [info] > git for-each-ref --format=%(refname)%00%(upstream:short)%00%(objectname)%00%(upstream:track)%00%(upstream:remotename)%00%(upstream:remoteref) refs/heads/master refs/remotes/master [2ms]
2023-05-03 23:32:19.551 [info] > git status -z -uall [29ms]
2023-05-03 23:32:24.571 [info] > git config --get commit.template [6ms]
2023-05-03 23:32:24.572 [info] > git for-each-ref --format=%(refname)%00%(upstream:short)%00%(objectname)%00%(upstream:track)%00%(upstream:remotename)%00%(upstream:remoteref) refs/heads/master refs/remotes/master [2ms]
2023-05-03 23:32:24.608 [info] > git status -z -uall [30ms]
2023-05-03 23:32:29.629 [info] > git config --get commit.template [7ms]
2023-05-03 23:32:29.632 [info] > git for-each-ref --format=%(refname)%00%(upstream:short)%00%(objectname)%00%(upstream:track)%00%(upstream:remotename)%00%(upstream:remoteref) refs/heads/master refs/remotes/master [4ms]
2023-05-03 23:32:29.670 [info] > git status -z -uall [31ms]
2023-05-03 23:32:34.691 [info] > git config --get commit.template [8ms]
2023-05-03 23:32:34.693 [info] > git for-each-ref --format=%(refname)%00%(upstream:short)%00%(objectname)%00%(upstream:track)%00%(upstream:remotename)%00%(upstream:remoteref) refs/heads/master refs/remotes/master [3ms]
2023-05-03 23:32:34.735 [info] > git status -z -uall [37ms]
2023-05-03 23:32:39.755 [info] > git config --get commit.template [7ms]
2023-05-03 23:32:39.756 [info] > git for-each-ref --format=%(refname)%00%(upstream:short)%00%(objectname)%00%(upstream:track)%00%(upstream:remotename)%00%(upstream:remoteref) refs/heads/master refs/remotes/master [2ms]
2023-05-03 23:32:39.783 [info] > git status -z -uall [21ms]
2023-05-03 23:32:44.802 [info] > git config --get commit.template [7ms]
2023-05-03 23:32:44.803 [info] > git for-each-ref --format=%(refname)%00%(upstream:short)%00%(objectname)%00%(upstream:track)%00%(upstream:remotename)%00%(upstream:remoteref) refs/heads/master refs/remotes/master [2ms]
2023-05-03 23:32:44.828 [info] > git status -z -uall [21ms]
2023-05-03 23:32:49.849 [info] > git config --get commit.template [9ms]
2023-05-03 23:32:49.851 [info] > git for-each-ref --format=%(refname)%00%(upstream:short)%00%(objectname)%00%(upstream:track)%00%(upstream:remotename)%00%(upstream:remoteref) refs/heads/master refs/remotes/master [3ms]
2023-05-03 23:32:49.878 [info] > git status -z -uall [21ms]
2023-05-03 23:32:54.899 [info] > git config --get commit.template [7ms]
2023-05-03 23:32:54.900 [info] > git for-each-ref --format=%(refname)%00%(upstream:short)%00%(objectname)%00%(upstream:track)%00%(upstream:remotename)%00%(upstream:remoteref) refs/heads/master refs/remotes/master [2ms]
2023-05-03 23:32:54.927 [info] > git status -z -uall [22ms]
2023-05-03 23:32:59.940 [info] > git config --get commit.template [1ms]
2023-05-03 23:32:59.947 [info] > git for-each-ref --format=%(refname)%00%(upstream:short)%00%(objectname)%00%(upstream:track)%00%(upstream:remotename)%00%(upstream:remoteref) refs/heads/master refs/remotes/master [1ms]
2023-05-03 23:32:59.973 [info] > git status -z -uall [20ms]
2023-05-03 23:33:04.990 [info] > git config --get commit.template [1ms]
2023-05-03 23:33:04.999 [info] > git for-each-ref --format=%(refname)%00%(upstream:short)%00%(objectname)%00%(upstream:track)%00%(upstream:remotename)%00%(upstream:remoteref) refs/heads/master refs/remotes/master [1ms]
2023-05-03 23:33:05.023 [info] > git status -z -uall [19ms]
2023-05-03 23:33:10.040 [info] > git config --get commit.template [6ms]
2023-05-03 23:33:10.042 [info] > git for-each-ref --format=%(refname)%00%(upstream:short)%00%(objectname)%00%(upstream:track)%00%(upstream:remotename)%00%(upstream:remoteref) refs/heads/master refs/remotes/master [2ms]
2023-05-03 23:33:10.074 [info] > git status -z -uall [27ms]
2023-05-03 23:33:15.092 [info] > git config --get commit.template [9ms]
2023-05-03 23:33:15.095 [info] > git for-each-ref --format=%(refname)%00%(upstream:short)%00%(objectname)%00%(upstream:track)%00%(upstream:remotename)%00%(upstream:remoteref) refs/heads/master refs/remotes/master [4ms]
2023-05-03 23:33:15.136 [info] > git status -z -uall [36ms]
2023-05-03 23:33:20.155 [info] > git for-each-ref --format=%(refname)%00%(upstream:short)%00%(objectname)%00%(upstream:track)%00%(upstream:remotename)%00%(upstream:remoteref) refs/heads/master refs/remotes/master [2ms]
2023-05-03 23:33:20.155 [info] > git config --get commit.template [8ms]
2023-05-03 23:33:20.180 [info] > git status -z -uall [19ms]
2023-05-03 23:33:25.199 [info] > git config --get commit.template [7ms]
2023-05-03 23:33:25.201 [info] > git for-each-ref --format=%(refname)%00%(upstream:short)%00%(objectname)%00%(upstream:track)%00%(upstream:remotename)%00%(upstream:remoteref) refs/heads/master refs/remotes/master [3ms]
2023-05-03 23:33:25.230 [info] > git status -z -uall [24ms]
2023-05-03 23:33:30.248 [info] > git config --get commit.template [2ms]
2023-05-03 23:33:30.256 [info] > git for-each-ref --format=%(refname)%00%(upstream:short)%00%(objectname)%00%(upstream:track)%00%(upstream:remotename)%00%(upstream:remoteref) refs/heads/master refs/remotes/master [3ms]
2023-05-03 23:33:30.285 [info] > git status -z -uall [23ms]
2023-05-03 23:33:35.302 [info] > git config --get commit.template [8ms]
2023-05-03 23:33:35.303 [info] > git for-each-ref --format=%(refname)%00%(upstream:short)%00%(objectname)%00%(upstream:track)%00%(upstream:remotename)%00%(upstream:remoteref) refs/heads/master refs/remotes/master [2ms]
2023-05-03 23:33:35.331 [info] > git status -z -uall [23ms]
2023-05-03 23:33:40.350 [info] > git config --get commit.template [7ms]
2023-05-03 23:33:40.351 [info] > git for-each-ref --format=%(refname)%00%(upstream:short)%00%(objectname)%00%(upstream:track)%00%(upstream:remotename)%00%(upstream:remoteref) refs/heads/master refs/remotes/master [2ms]
2023-05-03 23:33:40.377 [info] > git status -z -uall [21ms]
2023-05-03 23:33:45.397 [info] > git config --get commit.template [6ms]
2023-05-03 23:33:45.397 [info] > git for-each-ref --format=%(refname)%00%(upstream:short)%00%(objectname)%00%(upstream:track)%00%(upstream:remotename)%00%(upstream:remoteref) refs/heads/master refs/remotes/master [1ms]
2023-05-03 23:33:45.425 [info] > git status -z -uall [23ms]
2023-05-03 23:33:50.448 [info] > git config --get commit.template [10ms]
2023-05-03 23:33:50.450 [info] > git for-each-ref --format=%(refname)%00%(upstream:short)%00%(objectname)%00%(upstream:track)%00%(upstream:remotename)%00%(upstream:remoteref) refs/heads/master refs/remotes/master [3ms]
2023-05-03 23:33:50.481 [info] > git status -z -uall [24ms]
2023-05-03 23:33:55.498 [info] > git config --get commit.template [6ms]
2023-05-03 23:33:55.499 [info] > git for-each-ref --format=%(refname)%00%(upstream:short)%00%(objectname)%00%(upstream:track)%00%(upstream:remotename)%00%(upstream:remoteref) refs/heads/master refs/remotes/master [2ms]
2023-05-03 23:33:55.525 [info] > git status -z -uall [21ms]
2023-05-03 23:34:00.543 [info] > git config --get commit.template [7ms]
2023-05-03 23:34:00.544 [info] > git for-each-ref --format=%(refname)%00%(upstream:short)%00%(objectname)%00%(upstream:track)%00%(upstream:remotename)%00%(upstream:remoteref) refs/heads/master refs/remotes/master [2ms]
2023-05-03 23:34:00.569 [info] > git status -z -uall [20ms]
2023-05-03 23:34:05.582 [info] > git config --get commit.template [2ms]
2023-05-03 23:34:05.589 [info] > git for-each-ref --format=%(refname)%00%(upstream:short)%00%(objectname)%00%(upstream:track)%00%(upstream:remotename)%00%(upstream:remoteref) refs/heads/master refs/remotes/master [1ms]
2023-05-03 23:34:05.614 [info] > git status -z -uall [19ms]
2023-05-03 23:34:10.632 [info] > git config --get commit.template [6ms]
2023-05-03 23:34:10.633 [info] > git for-each-ref --format=%(refname)%00%(upstream:short)%00%(objectname)%00%(upstream:track)%00%(upstream:remotename)%00%(upstream:remoteref) refs/heads/master refs/remotes/master [1ms]
2023-05-03 23:34:10.659 [info] > git status -z -uall [21ms]
2023-05-03 23:34:15.677 [info] > git config --get commit.template [7ms]
2023-05-03 23:34:15.678 [info] > git for-each-ref --format=%(refname)%00%(upstream:short)%00%(objectname)%00%(upstream:track)%00%(upstream:remotename)%00%(upstream:remoteref) refs/heads/master refs/remotes/master [1ms]
2023-05-03 23:34:15.702 [info] > git status -z -uall [18ms]
2023-05-03 23:34:20.723 [info] > git config --get commit.template [9ms]
2023-05-03 23:34:20.723 [info] > git for-each-ref --format=%(refname)%00%(upstream:short)%00%(objectname)%00%(upstream:track)%00%(upstream:remotename)%00%(upstream:remoteref) refs/heads/master refs/remotes/master [2ms]
2023-05-03 23:34:20.746 [info] > git status -z -uall [18ms]
2023-05-03 23:34:25.764 [info] > git config --get commit.template [6ms]
2023-05-03 23:34:25.765 [info] > git for-each-ref --format=%(refname)%00%(upstream:short)%00%(objectname)%00%(upstream:track)%00%(upstream:remotename)%00%(upstream:remoteref) refs/heads/master refs/remotes/master [2ms]
2023-05-03 23:34:25.792 [info] > git status -z -uall [21ms]
2023-05-03 23:34:30.810 [info] > git config --get commit.template [7ms]
2023-05-03 23:34:30.811 [info] > git for-each-ref --format=%(refname)%00%(upstream:short)%00%(objectname)%00%(upstream:track)%00%(upstream:remotename)%00%(upstream:remoteref) refs/heads/master refs/remotes/master [1ms]
2023-05-03 23:34:30.835 [info] > git status -z -uall [20ms]
2023-05-03 23:34:35.848 [info] > git config --get commit.template [1ms]
2023-05-03 23:34:35.855 [info] > git for-each-ref --format=%(refname)%00%(upstream:short)%00%(objectname)%00%(upstream:track)%00%(upstream:remotename)%00%(upstream:remoteref) refs/heads/master refs/remotes/master [1ms]
2023-05-03 23:34:35.878 [info] > git status -z -uall [18ms]
2023-05-03 23:34:40.895 [info] > git config --get commit.template [7ms]
2023-05-03 23:34:40.896 [info] > git for-each-ref --format=%(refname)%00%(upstream:short)%00%(objectname)%00%(upstream:track)%00%(upstream:remotename)%00%(upstream:remoteref) refs/heads/master refs/remotes/master [2ms]
2023-05-03 23:34:40.922 [info] > git status -z -uall [21ms]
2023-05-03 23:34:45.940 [info] > git config --get commit.template [7ms]
2023-05-03 23:34:45.941 [info] > git for-each-ref --format=%(refname)%00%(upstream:short)%00%(objectname)%00%(upstream:track)%00%(upstream:remotename)%00%(upstream:remoteref) refs/heads/master refs/remotes/master [2ms]
2023-05-03 23:34:45.969 [info] > git status -z -uall [22ms]
2023-05-03 23:34:50.988 [info] > git config --get commit.template [7ms]
2023-05-03 23:34:50.989 [info] > git for-each-ref --format=%(refname)%00%(upstream:short)%00%(objectname)%00%(upstream:track)%00%(upstream:remotename)%00%(upstream:remoteref) refs/heads/master refs/remotes/master [2ms]
2023-05-03 23:34:51.017 [info] > git status -z -uall [22ms]
2023-05-03 23:34:56.043 [info] > git config --get commit.template [15ms]
2023-05-03 23:34:56.044 [info] > git for-each-ref --format=%(refname)%00%(upstream:short)%00%(objectname)%00%(upstream:track)%00%(upstream:remotename)%00%(upstream:remoteref) refs/heads/master refs/remotes/master [2ms]
2023-05-03 23:34:56.071 [info] > git status -z -uall [21ms]
2023-05-03 23:35:01.090 [info] > git config --get commit.template [7ms]
2023-05-03 23:35:01.091 [info] > git for-each-ref --format=%(refname)%00%(upstream:short)%00%(objectname)%00%(upstream:track)%00%(upstream:remotename)%00%(upstream:remoteref) refs/heads/master refs/remotes/master [2ms]
2023-05-03 23:35:01.119 [info] > git status -z -uall [22ms]
2023-05-03 23:35:06.136 [info] > git config --get commit.template [6ms]
2023-05-03 23:35:06.137 [info] > git for-each-ref --format=%(refname)%00%(upstream:short)%00%(objectname)%00%(upstream:track)%00%(upstream:remotename)%00%(upstream:remoteref) refs/heads/master refs/remotes/master [2ms]
2023-05-03 23:35:06.160 [info] > git status -z -uall [19ms]
2023-05-03 23:35:11.175 [info] > git config --get commit.template [6ms]
2023-05-03 23:35:11.176 [info] > git for-each-ref --format=%(refname)%00%(upstream:short)%00%(objectname)%00%(upstream:track)%00%(upstream:remotename)%00%(upstream:remoteref) refs/heads/master refs/remotes/master [2ms]
2023-05-03 23:35:11.201 [info] > git status -z -uall [21ms]
2023-05-03 23:35:16.221 [info] > git config --get commit.template [8ms]
2023-05-03 23:35:16.222 [info] > git for-each-ref --format=%(refname)%00%(upstream:short)%00%(objectname)%00%(upstream:track)%00%(upstream:remotename)%00%(upstream:remoteref) refs/heads/master refs/remotes/master [2ms]
2023-05-03 23:35:16.255 [info] > git status -z -uall [27ms]
2023-05-03 23:35:21.277 [info] > git config --get commit.template [7ms]
2023-05-03 23:35:21.277 [info] > git for-each-ref --format=%(refname)%00%(upstream:short)%00%(objectname)%00%(upstream:track)%00%(upstream:remotename)%00%(upstream:remoteref) refs/heads/master refs/remotes/master [1ms]
2023-05-03 23:35:21.303 [info] > git status -z -uall [21ms]
2023-05-03 23:35:26.320 [info] > git config --get commit.template [7ms]
2023-05-03 23:35:26.322 [info] > git for-each-ref --format=%(refname)%00%(upstream:short)%00%(objectname)%00%(upstream:track)%00%(upstream:remotename)%00%(upstream:remoteref) refs/heads/master refs/remotes/master [2ms]
2023-05-03 23:35:26.349 [info] > git status -z -uall [23ms]
2023-05-03 23:35:31.371 [info] > git config --get commit.template [7ms]
2023-05-03 23:35:31.373 [info] > git for-each-ref --format=%(refname)%00%(upstream:short)%00%(objectname)%00%(upstream:track)%00%(upstream:remotename)%00%(upstream:remoteref) refs/heads/master refs/remotes/master [1ms]
2023-05-03 23:35:31.400 [info] > git status -z -uall [22ms]
2023-05-03 23:35:36.417 [info] > git config --get commit.template [7ms]
2023-05-03 23:35:36.419 [info] > git for-each-ref --format=%(refname)%00%(upstream:short)%00%(objectname)%00%(upstream:track)%00%(upstream:remotename)%00%(upstream:remoteref) refs/heads/master refs/remotes/master [2ms]
2023-05-03 23:35:36.444 [info] > git status -z -uall [20ms]
2023-05-03 23:35:41.464 [info] > git config --get commit.template [7ms]
2023-05-03 23:35:41.464 [info] > git for-each-ref --format=%(refname)%00%(upstream:short)%00%(objectname)%00%(upstream:track)%00%(upstream:remotename)%00%(upstream:remoteref) refs/heads/master refs/remotes/master [1ms]
2023-05-03 23:35:41.488 [info] > git status -z -uall [19ms]
2023-05-03 23:35:46.507 [info] > git config --get commit.template [10ms]
2023-05-03 23:35:46.507 [info] > git for-each-ref --format=%(refname)%00%(upstream:short)%00%(objectname)%00%(upstream:track)%00%(upstream:remotename)%00%(upstream:remoteref) refs/heads/master refs/remotes/master [2ms]
2023-05-03 23:35:46.536 [info] > git status -z -uall [23ms]
2023-05-03 23:35:51.556 [info] > git config --get commit.template [7ms]
2023-05-03 23:35:51.558 [info] > git for-each-ref --format=%(refname)%00%(upstream:short)%00%(objectname)%00%(upstream:track)%00%(upstream:remotename)%00%(upstream:remoteref) refs/heads/master refs/remotes/master [3ms]
2023-05-03 23:35:51.584 [info] > git status -z -uall [21ms]
2023-05-03 23:35:56.608 [info] > git config --get commit.template [7ms]
2023-05-03 23:35:56.610 [info] > git for-each-ref --format=%(refname)%00%(upstream:short)%00%(objectname)%00%(upstream:track)%00%(upstream:remotename)%00%(upstream:remoteref) refs/heads/master refs/remotes/master [3ms]
2023-05-03 23:35:56.636 [info] > git status -z -uall [21ms]
2023-05-03 23:36:01.653 [info] > git config --get commit.template [6ms]
2023-05-03 23:36:01.655 [info] > git for-each-ref --format=%(refname)%00%(upstream:short)%00%(objectname)%00%(upstream:track)%00%(upstream:remotename)%00%(upstream:remoteref) refs/heads/master refs/remotes/master [3ms]
2023-05-03 23:36:01.682 [info] > git status -z -uall [22ms]
2023-05-03 23:36:06.704 [info] > git config --get commit.template [9ms]
2023-05-03 23:36:06.708 [info] > git for-each-ref --format=%(refname)%00%(upstream:short)%00%(objectname)%00%(upstream:track)%00%(upstream:remotename)%00%(upstream:remoteref) refs/heads/master refs/remotes/master [5ms]
2023-05-03 23:36:06.732 [info] > git status -z -uall [20ms]
2023-05-03 23:36:11.753 [info] > git config --get commit.template [9ms]
2023-05-03 23:36:11.754 [info] > git for-each-ref --format=%(refname)%00%(upstream:short)%00%(objectname)%00%(upstream:track)%00%(upstream:remotename)%00%(upstream:remoteref) refs/heads/master refs/remotes/master [1ms]
2023-05-03 23:36:11.780 [info] > git status -z -uall [21ms]
2023-05-03 23:36:16.795 [info] > git config --get commit.template [6ms]
2023-05-03 23:36:16.797 [info] > git for-each-ref --format=%(refname)%00%(upstream:short)%00%(objectname)%00%(upstream:track)%00%(upstream:remotename)%00%(upstream:remoteref) refs/heads/master refs/remotes/master [2ms]
2023-05-03 23:36:16.820 [info] > git status -z -uall [19ms]
2023-05-03 23:36:21.836 [info] > git config --get commit.template [7ms]
2023-05-03 23:36:21.836 [info] > git for-each-ref --format=%(refname)%00%(upstream:short)%00%(objectname)%00%(upstream:track)%00%(upstream:remotename)%00%(upstream:remoteref) refs/heads/master refs/remotes/master [1ms]
2023-05-03 23:36:21.861 [info] > git status -z -uall [19ms]
2023-05-03 23:36:26.880 [info] > git config --get commit.template [10ms]
2023-05-03 23:36:26.881 [info] > git for-each-ref --format=%(refname)%00%(upstream:short)%00%(objectname)%00%(upstream:track)%00%(upstream:remotename)%00%(upstream:remoteref) refs/heads/master refs/remotes/master [2ms]
2023-05-03 23:36:26.906 [info] > git status -z -uall [20ms]
2023-05-03 23:36:31.925 [info] > git config --get commit.template [6ms]
2023-05-03 23:36:31.925 [info] > git for-each-ref --format=%(refname)%00%(upstream:short)%00%(objectname)%00%(upstream:track)%00%(upstream:remotename)%00%(upstream:remoteref) refs/heads/master refs/remotes/master [2ms]
2023-05-03 23:36:31.950 [info] > git status -z -uall [20ms]
2023-05-03 23:36:36.965 [info] > git config --get commit.template [1ms]
2023-05-03 23:36:36.973 [info] > git for-each-ref --format=%(refname)%00%(upstream:short)%00%(objectname)%00%(upstream:track)%00%(upstream:remotename)%00%(upstream:remoteref) refs/heads/master refs/remotes/master [1ms]
2023-05-03 23:36:36.999 [info] > git status -z -uall [20ms]
2023-05-03 23:36:42.018 [info] > git config --get commit.template [8ms]
2023-05-03 23:36:42.019 [info] > git for-each-ref --format=%(refname)%00%(upstream:short)%00%(objectname)%00%(upstream:track)%00%(upstream:remotename)%00%(upstream:remoteref) refs/heads/master refs/remotes/master [2ms]
2023-05-03 23:36:42.042 [info] > git status -z -uall [19ms]
2023-05-03 23:36:47.065 [info] > git config --get commit.template [7ms]
2023-05-03 23:36:47.067 [info] > git for-each-ref --format=%(refname)%00%(upstream:short)%00%(objectname)%00%(upstream:track)%00%(upstream:remotename)%00%(upstream:remoteref) refs/heads/master refs/remotes/master [3ms]
2023-05-03 23:36:47.096 [info] > git status -z -uall [23ms]
2023-05-03 23:36:52.115 [info] > git config --get commit.template [7ms]
2023-05-03 23:36:52.117 [info] > git for-each-ref --format=%(refname)%00%(upstream:short)%00%(objectname)%00%(upstream:track)%00%(upstream:remotename)%00%(upstream:remoteref) refs/heads/master refs/remotes/master [2ms]
2023-05-03 23:36:52.143 [info] > git status -z -uall [21ms]
2023-05-03 23:36:57.162 [info] > git config --get commit.template [7ms]
2023-05-03 23:36:57.162 [info] > git for-each-ref --format=%(refname)%00%(upstream:short)%00%(objectname)%00%(upstream:track)%00%(upstream:remotename)%00%(upstream:remoteref) refs/heads/master refs/remotes/master [1ms]
2023-05-03 23:36:57.186 [info] > git status -z -uall [19ms]
2023-05-03 23:37:02.202 [info] > git config --get commit.template [1ms]
2023-05-03 23:37:02.210 [info] > git for-each-ref --format=%(refname)%00%(upstream:short)%00%(objectname)%00%(upstream:track)%00%(upstream:remotename)%00%(upstream:remoteref) refs/heads/master refs/remotes/master [1ms]
2023-05-03 23:37:02.233 [info] > git status -z -uall [18ms]
2023-05-03 23:37:07.251 [info] > git config --get commit.template [7ms]
2023-05-03 23:37:07.252 [info] > git for-each-ref --format=%(refname)%00%(upstream:short)%00%(objectname)%00%(upstream:track)%00%(upstream:remotename)%00%(upstream:remoteref) refs/heads/master refs/remotes/master [2ms]
2023-05-03 23:37:07.280 [info] > git status -z -uall [21ms]
2023-05-03 23:37:12.304 [info] > git config --get commit.template [8ms]
2023-05-03 23:37:12.305 [info] > git for-each-ref --format=%(refname)%00%(upstream:short)%00%(objectname)%00%(upstream:track)%00%(upstream:remotename)%00%(upstream:remoteref) refs/heads/master refs/remotes/master [2ms]
2023-05-03 23:37:12.332 [info] > git status -z -uall [21ms]
2023-05-03 23:37:17.352 [info] > git config --get commit.template [7ms]
2023-05-03 23:37:17.353 [info] > git for-each-ref --format=%(refname)%00%(upstream:short)%00%(objectname)%00%(upstream:track)%00%(upstream:remotename)%00%(upstream:remoteref) refs/heads/master refs/remotes/master [1ms]
2023-05-03 23:37:17.382 [info] > git status -z -uall [23ms]
2023-05-03 23:37:22.399 [info] > git config --get commit.template [6ms]
2023-05-03 23:37:22.400 [info] > git for-each-ref --format=%(refname)%00%(upstream:short)%00%(objectname)%00%(upstream:track)%00%(upstream:remotename)%00%(upstream:remoteref) refs/heads/master refs/remotes/master [2ms]
2023-05-03 23:37:22.425 [info] > git status -z -uall [19ms]
2023-05-03 23:37:27.438 [info] > git config --get commit.template [1ms]
2023-05-03 23:37:27.447 [info] > git for-each-ref --format=%(refname)%00%(upstream:short)%00%(objectname)%00%(upstream:track)%00%(upstream:remotename)%00%(upstream:remoteref) refs/heads/master refs/remotes/master [2ms]
2023-05-03 23:37:27.471 [info] > git status -z -uall [19ms]
2023-05-03 23:37:32.487 [info] > git config --get commit.template [2ms]
2023-05-03 23:37:32.494 [info] > git for-each-ref --format=%(refname)%00%(upstream:short)%00%(objectname)%00%(upstream:track)%00%(upstream:remotename)%00%(upstream:remoteref) refs/heads/master refs/remotes/master [1ms]
2023-05-03 23:37:32.525 [info] > git status -z -uall [25ms]
2023-05-03 23:37:37.545 [info] > git config --get commit.template [7ms]
2023-05-03 23:37:37.546 [info] > git for-each-ref --format=%(refname)%00%(upstream:short)%00%(objectname)%00%(upstream:track)%00%(upstream:remotename)%00%(upstream:remoteref) refs/heads/master refs/remotes/master [2ms]
2023-05-03 23:37:37.571 [info] > git status -z -uall [19ms]
2023-05-03 23:37:42.585 [info] > git config --get commit.template [1ms]
2023-05-03 23:37:42.593 [info] > git for-each-ref --format=%(refname)%00%(upstream:short)%00%(objectname)%00%(upstream:track)%00%(upstream:remotename)%00%(upstream:remoteref) refs/heads/master refs/remotes/master [1ms]
2023-05-03 23:37:42.620 [info] > git status -z -uall [22ms]
2023-05-03 23:37:47.636 [info] > git config --get commit.template [1ms]
2023-05-03 23:37:47.643 [info] > git for-each-ref --format=%(refname)%00%(upstream:short)%00%(objectname)%00%(upstream:track)%00%(upstream:remotename)%00%(upstream:remoteref) refs/heads/master refs/remotes/master [1ms]
2023-05-03 23:37:47.669 [info] > git status -z -uall [21ms]
2023-05-03 23:37:52.686 [info] > git config --get commit.template [2ms]
2023-05-03 23:37:52.695 [info] > git for-each-ref --format=%(refname)%00%(upstream:short)%00%(objectname)%00%(upstream:track)%00%(upstream:remotename)%00%(upstream:remoteref) refs/heads/master refs/remotes/master [2ms]
2023-05-03 23:37:52.728 [info] > git status -z -uall [25ms]
2023-05-03 23:37:57.747 [info] > git config --get commit.template [8ms]
2023-05-03 23:37:57.748 [info] > git for-each-ref --format=%(refname)%00%(upstream:short)%00%(objectname)%00%(upstream:track)%00%(upstream:remotename)%00%(upstream:remoteref) refs/heads/master refs/remotes/master [2ms]
2023-05-03 23:37:57.775 [info] > git status -z -uall [22ms]
2023-05-03 23:38:02.793 [info] > git config --get commit.template [7ms]
2023-05-03 23:38:02.793 [info] > git for-each-ref --format=%(refname)%00%(upstream:short)%00%(objectname)%00%(upstream:track)%00%(upstream:remotename)%00%(upstream:remoteref) refs/heads/master refs/remotes/master [2ms]
2023-05-03 23:38:02.822 [info] > git status -z -uall [23ms]
2023-05-03 23:38:07.840 [info] > git config --get commit.template [6ms]
2023-05-03 23:38:07.842 [info] > git for-each-ref --format=%(refname)%00%(upstream:short)%00%(objectname)%00%(upstream:track)%00%(upstream:remotename)%00%(upstream:remoteref) refs/heads/master refs/remotes/master [3ms]
2023-05-03 23:38:07.869 [info] > git status -z -uall [23ms]
2023-05-03 23:38:12.884 [info] > git config --get commit.template [6ms]
2023-05-03 23:38:12.885 [info] > git for-each-ref --format=%(refname)%00%(upstream:short)%00%(objectname)%00%(upstream:track)%00%(upstream:remotename)%00%(upstream:remoteref) refs/heads/master refs/remotes/master [2ms]
2023-05-03 23:38:12.913 [info] > git status -z -uall [22ms]
2023-05-03 23:38:17.930 [info] > git config --get commit.template [7ms]
2023-05-03 23:38:17.931 [info] > git for-each-ref --format=%(refname)%00%(upstream:short)%00%(objectname)%00%(upstream:track)%00%(upstream:remotename)%00%(upstream:remoteref) refs/heads/master refs/remotes/master [2ms]
2023-05-03 23:38:17.963 [info] > git status -z -uall [26ms]
2023-05-03 23:38:22.987 [info] > git config --get commit.template [9ms]
2023-05-03 23:38:22.987 [info] > git for-each-ref --format=%(refname)%00%(upstream:short)%00%(objectname)%00%(upstream:track)%00%(upstream:remotename)%00%(upstream:remoteref) refs/heads/master refs/remotes/master [3ms]
2023-05-03 23:38:23.019 [info] > git status -z -uall [24ms]
2023-05-03 23:38:28.039 [info] > git config --get commit.template [7ms]
2023-05-03 23:38:28.040 [info] > git for-each-ref --format=%(refname)%00%(upstream:short)%00%(objectname)%00%(upstream:track)%00%(upstream:remotename)%00%(upstream:remoteref) refs/heads/master refs/remotes/master [2ms]
2023-05-03 23:38:28.072 [info] > git status -z -uall [26ms]
2023-05-03 23:38:33.091 [info] > git config --get commit.template [8ms]
2023-05-03 23:38:33.092 [info] > git for-each-ref --format=%(refname)%00%(upstream:short)%00%(objectname)%00%(upstream:track)%00%(upstream:remotename)%00%(upstream:remoteref) refs/heads/master refs/remotes/master [2ms]
2023-05-03 23:38:33.122 [info] > git status -z -uall [25ms]
2023-05-03 23:38:38.141 [info] > git config --get commit.template [7ms]
2023-05-03 23:38:38.142 [info] > git for-each-ref --format=%(refname)%00%(upstream:short)%00%(objectname)%00%(upstream:track)%00%(upstream:remotename)%00%(upstream:remoteref) refs/heads/master refs/remotes/master [2ms]
2023-05-03 23:38:38.169 [info] > git status -z -uall [22ms]
2023-05-03 23:38:43.190 [info] > git config --get commit.template [8ms]
2023-05-03 23:38:43.191 [info] > git for-each-ref --format=%(refname)%00%(upstream:short)%00%(objectname)%00%(upstream:track)%00%(upstream:remotename)%00%(upstream:remoteref) refs/heads/master refs/remotes/master [2ms]
2023-05-03 23:38:43.216 [info] > git status -z -uall [20ms]
2023-05-03 23:38:48.233 [info] > git config --get commit.template [2ms]
2023-05-03 23:38:48.240 [info] > git for-each-ref --format=%(refname)%00%(upstream:short)%00%(objectname)%00%(upstream:track)%00%(upstream:remotename)%00%(upstream:remoteref) refs/heads/master refs/remotes/master [1ms]
2023-05-03 23:38:48.276 [info] > git status -z -uall [32ms]
2023-05-03 23:38:53.295 [info] > git config --get commit.template [6ms]
2023-05-03 23:38:53.295 [info] > git for-each-ref --format=%(refname)%00%(upstream:short)%00%(objectname)%00%(upstream:track)%00%(upstream:remotename)%00%(upstream:remoteref) refs/heads/master refs/remotes/master [2ms]
2023-05-03 23:38:53.320 [info] > git status -z -uall [20ms]
2023-05-03 23:38:58.346 [info] > git config --get commit.template [9ms]
2023-05-03 23:38:58.346 [info] > git for-each-ref --format=%(refname)%00%(upstream:short)%00%(objectname)%00%(upstream:track)%00%(upstream:remotename)%00%(upstream:remoteref) refs/heads/master refs/remotes/master [2ms]
2023-05-03 23:38:58.372 [info] > git status -z -uall [21ms]
2023-05-03 23:39:03.385 [info] > git config --get commit.template [2ms]
2023-05-03 23:39:03.392 [info] > git for-each-ref --format=%(refname)%00%(upstream:short)%00%(objectname)%00%(upstream:track)%00%(upstream:remotename)%00%(upstream:remoteref) refs/heads/master refs/remotes/master [2ms]
2023-05-03 23:39:03.421 [info] > git status -z -uall [24ms]
2023-05-03 23:39:08.441 [info] > git config --get commit.template [6ms]
2023-05-03 23:39:08.442 [info] > git for-each-ref --format=%(refname)%00%(upstream:short)%00%(objectname)%00%(upstream:track)%00%(upstream:remotename)%00%(upstream:remoteref) refs/heads/master refs/remotes/master [2ms]
2023-05-03 23:39:08.468 [info] > git status -z -uall [22ms]
2023-05-03 23:39:13.486 [info] > git config --get commit.template [7ms]
2023-05-03 23:39:13.487 [info] > git for-each-ref --format=%(refname)%00%(upstream:short)%00%(objectname)%00%(upstream:track)%00%(upstream:remotename)%00%(upstream:remoteref) refs/heads/master refs/remotes/master [2ms]
2023-05-03 23:39:13.513 [info] > git status -z -uall [20ms]
2023-05-03 23:39:18.532 [info] > git config --get commit.template [8ms]
2023-05-03 23:39:18.532 [info] > git for-each-ref --format=%(refname)%00%(upstream:short)%00%(objectname)%00%(upstream:track)%00%(upstream:remotename)%00%(upstream:remoteref) refs/heads/master refs/remotes/master [1ms]
2023-05-03 23:39:18.559 [info] > git status -z -uall [22ms]
2023-05-03 23:39:23.577 [info] > git config --get commit.template [6ms]
2023-05-03 23:39:23.577 [info] > git for-each-ref --format=%(refname)%00%(upstream:short)%00%(objectname)%00%(upstream:track)%00%(upstream:remotename)%00%(upstream:remoteref) refs/heads/master refs/remotes/master [1ms]
2023-05-03 23:39:23.602 [info] > git status -z -uall [20ms]
2023-05-03 23:39:28.616 [info] > git config --get commit.template [1ms]
2023-05-03 23:39:28.630 [info] > git for-each-ref --format=%(refname)%00%(upstream:short)%00%(objectname)%00%(upstream:track)%00%(upstream:remotename)%00%(upstream:remoteref) refs/heads/master refs/remotes/master [3ms]
2023-05-03 23:39:28.656 [info] > git status -z -uall [20ms]
2023-05-03 23:39:33.674 [info] > git config --get commit.template [6ms]
2023-05-03 23:39:33.674 [info] > git for-each-ref --format=%(refname)%00%(upstream:short)%00%(objectname)%00%(upstream:track)%00%(upstream:remotename)%00%(upstream:remoteref) refs/heads/master refs/remotes/master [1ms]
2023-05-03 23:39:33.699 [info] > git status -z -uall [20ms]
2023-05-03 23:39:38.716 [info] > git config --get commit.template [7ms]
2023-05-03 23:39:38.717 [info] > git for-each-ref --format=%(refname)%00%(upstream:short)%00%(objectname)%00%(upstream:track)%00%(upstream:remotename)%00%(upstream:remoteref) refs/heads/master refs/remotes/master [1ms]
2023-05-03 23:39:38.745 [info] > git status -z -uall [23ms]
2023-05-03 23:39:43.766 [info] > git config --get commit.template [6ms]
2023-05-03 23:39:43.766 [info] > git for-each-ref --format=%(refname)%00%(upstream:short)%00%(objectname)%00%(upstream:track)%00%(upstream:remotename)%00%(upstream:remoteref) refs/heads/master refs/remotes/master [1ms]
2023-05-03 23:39:43.793 [info] > git status -z -uall [22ms]
2023-05-03 23:39:48.807 [info] > git config --get commit.template [2ms]
2023-05-03 23:39:48.816 [info] > git for-each-ref --format=%(refname)%00%(upstream:short)%00%(objectname)%00%(upstream:track)%00%(upstream:remotename)%00%(upstream:remoteref) refs/heads/master refs/remotes/master [3ms]
2023-05-03 23:39:48.841 [info] > git status -z -uall [20ms]
2023-05-03 23:39:53.860 [info] > git config --get commit.template [7ms]
2023-05-03 23:39:53.860 [info] > git for-each-ref --format=%(refname)%00%(upstream:short)%00%(objectname)%00%(upstream:track)%00%(upstream:remotename)%00%(upstream:remoteref) refs/heads/master refs/remotes/master [1ms]
2023-05-03 23:39:53.888 [info] > git status -z -uall [22ms]
2023-05-03 23:39:58.902 [info] > git config --get commit.template [1ms]
2023-05-03 23:39:58.909 [info] > git for-each-ref --format=%(refname)%00%(upstream:short)%00%(objectname)%00%(upstream:track)%00%(upstream:remotename)%00%(upstream:remoteref) refs/heads/master refs/remotes/master [2ms]
2023-05-03 23:39:58.934 [info] > git status -z -uall [20ms]
2023-05-03 23:40:03.960 [info] > git config --get commit.template [11ms]
2023-05-03 23:40:03.962 [info] > git for-each-ref --format=%(refname)%00%(upstream:short)%00%(objectname)%00%(upstream:track)%00%(upstream:remotename)%00%(upstream:remoteref) refs/heads/master refs/remotes/master [2ms]
2023-05-03 23:40:03.988 [info] > git status -z -uall [20ms]
2023-05-03 23:40:09.005 [info] > git config --get commit.template [7ms]
2023-05-03 23:40:09.006 [info] > git for-each-ref --format=%(refname)%00%(upstream:short)%00%(objectname)%00%(upstream:track)%00%(upstream:remotename)%00%(upstream:remoteref) refs/heads/master refs/remotes/master [2ms]
2023-05-03 23:40:09.034 [info] > git status -z -uall [24ms]
2023-05-03 23:40:14.054 [info] > git config --get commit.template [8ms]
2023-05-03 23:40:14.055 [info] > git for-each-ref --format=%(refname)%00%(upstream:short)%00%(objectname)%00%(upstream:track)%00%(upstream:remotename)%00%(upstream:remoteref) refs/heads/master refs/remotes/master [2ms]
2023-05-03 23:40:14.082 [info] > git status -z -uall [22ms]
2023-05-03 23:40:19.104 [info] > git config --get commit.template [7ms]
2023-05-03 23:40:19.105 [info] > git for-each-ref --format=%(refname)%00%(upstream:short)%00%(objectname)%00%(upstream:track)%00%(upstream:remotename)%00%(upstream:remoteref) refs/heads/master refs/remotes/master [2ms]
2023-05-03 23:40:19.129 [info] > git status -z -uall [19ms]
2023-05-03 23:40:24.150 [info] > git config --get commit.template [6ms]
2023-05-03 23:40:24.151 [info] > git for-each-ref --format=%(refname)%00%(upstream:short)%00%(objectname)%00%(upstream:track)%00%(upstream:remotename)%00%(upstream:remoteref) refs/heads/master refs/remotes/master [2ms]
2023-05-03 23:40:24.176 [info] > git status -z -uall [19ms]
2023-05-03 23:40:29.197 [info] > git config --get commit.template [8ms]
2023-05-03 23:40:29.197 [info] > git for-each-ref --format=%(refname)%00%(upstream:short)%00%(objectname)%00%(upstream:track)%00%(upstream:remotename)%00%(upstream:remoteref) refs/heads/master refs/remotes/master [1ms]
2023-05-03 23:40:29.224 [info] > git status -z -uall [21ms]
2023-05-03 23:40:34.243 [info] > git config --get commit.template [5ms]
2023-05-03 23:40:34.243 [info] > git for-each-ref --format=%(refname)%00%(upstream:short)%00%(objectname)%00%(upstream:track)%00%(upstream:remotename)%00%(upstream:remoteref) refs/heads/master refs/remotes/master [1ms]
2023-05-03 23:40:34.270 [info] > git status -z -uall [23ms]
2023-05-03 23:40:39.284 [info] > git config --get commit.template [2ms]
2023-05-03 23:40:39.292 [info] > git for-each-ref --format=%(refname)%00%(upstream:short)%00%(objectname)%00%(upstream:track)%00%(upstream:remotename)%00%(upstream:remoteref) refs/heads/master refs/remotes/master [2ms]
2023-05-03 23:40:39.318 [info] > git status -z -uall [20ms]
2023-05-03 23:40:44.338 [info] > git config --get commit.template [7ms]
2023-05-03 23:40:44.338 [info] > git for-each-ref --format=%(refname)%00%(upstream:short)%00%(objectname)%00%(upstream:track)%00%(upstream:remotename)%00%(upstream:remoteref) refs/heads/master refs/remotes/master [1ms]
2023-05-03 23:40:44.365 [info] > git status -z -uall [22ms]
2023-05-03 23:40:49.387 [info] > git config --get commit.template [8ms]
2023-05-03 23:40:49.388 [info] > git for-each-ref --format=%(refname)%00%(upstream:short)%00%(objectname)%00%(upstream:track)%00%(upstream:remotename)%00%(upstream:remoteref) refs/heads/master refs/remotes/master [2ms]
2023-05-03 23:40:49.415 [info] > git status -z -uall [22ms]
2023-05-03 23:40:54.437 [info] > git config --get commit.template [7ms]
2023-05-03 23:40:54.438 [info] > git for-each-ref --format=%(refname)%00%(upstream:short)%00%(objectname)%00%(upstream:track)%00%(upstream:remotename)%00%(upstream:remoteref) refs/heads/master refs/remotes/master [2ms]
2023-05-03 23:40:54.475 [info] > git status -z -uall [31ms]
2023-05-03 23:40:59.494 [info] > git config --get commit.template [7ms]
2023-05-03 23:40:59.494 [info] > git for-each-ref --format=%(refname)%00%(upstream:short)%00%(objectname)%00%(upstream:track)%00%(upstream:remotename)%00%(upstream:remoteref) refs/heads/master refs/remotes/master [1ms]
2023-05-03 23:40:59.517 [info] > git status -z -uall [18ms]
2023-05-03 23:57:04.518 [info] > git config --get commit.template [8ms]
2023-05-03 23:57:04.519 [info] > git for-each-ref --format=%(refname)%00%(upstream:short)%00%(objectname)%00%(upstream:track)%00%(upstream:remotename)%00%(upstream:remoteref) refs/heads/master refs/remotes/master [2ms]
2023-05-03 23:57:04.547 [info] > git status -z -uall [22ms]
2023-05-03 23:57:09.568 [info] > git config --get commit.template [7ms]
2023-05-03 23:57:09.570 [info] > git for-each-ref --format=%(refname)%00%(upstream:short)%00%(objectname)%00%(upstream:track)%00%(upstream:remotename)%00%(upstream:remoteref) refs/heads/master refs/remotes/master [2ms]
2023-05-03 23:57:09.595 [info] > git status -z -uall [20ms]
2023-05-03 23:57:14.611 [info] > git config --get commit.template [6ms]
2023-05-03 23:57:14.613 [info] > git for-each-ref --format=%(refname)%00%(upstream:short)%00%(objectname)%00%(upstream:track)%00%(upstream:remotename)%00%(upstream:remoteref) refs/heads/master refs/remotes/master [3ms]
2023-05-03 23:57:14.650 [info] > git status -z -uall [31ms]
2023-05-03 23:57:19.669 [info] > git config --get commit.template [7ms]
2023-05-03 23:57:19.669 [info] > git for-each-ref --format=%(refname)%00%(upstream:short)%00%(objectname)%00%(upstream:track)%00%(upstream:remotename)%00%(upstream:remoteref) refs/heads/master refs/remotes/master [1ms]
2023-05-03 23:57:19.697 [info] > git status -z -uall [23ms]
2023-05-03 23:57:24.715 [info] > git config --get commit.template [7ms]
2023-05-03 23:57:24.716 [info] > git for-each-ref --format=%(refname)%00%(upstream:short)%00%(objectname)%00%(upstream:track)%00%(upstream:remotename)%00%(upstream:remoteref) refs/heads/master refs/remotes/master [2ms]
2023-05-03 23:57:24.741 [info] > git status -z -uall [20ms]
2023-05-03 23:57:29.759 [info] > git config --get commit.template [7ms]
2023-05-03 23:57:29.760 [info] > git for-each-ref --format=%(refname)%00%(upstream:short)%00%(objectname)%00%(upstream:track)%00%(upstream:remotename)%00%(upstream:remoteref) refs/heads/master refs/remotes/master [2ms]
2023-05-03 23:57:29.785 [info] > git status -z -uall [19ms]
2023-05-03 23:57:34.802 [info] > git config --get commit.template [5ms]
2023-05-03 23:57:34.802 [info] > git for-each-ref --format=%(refname)%00%(upstream:short)%00%(objectname)%00%(upstream:track)%00%(upstream:remotename)%00%(upstream:remoteref) refs/heads/master refs/remotes/master [1ms]
2023-05-03 23:57:34.828 [info] > git status -z -uall [21ms]
2023-05-03 23:57:39.849 [info] > git config --get commit.template [6ms]
2023-05-03 23:57:39.850 [info] > git for-each-ref --format=%(refname)%00%(upstream:short)%00%(objectname)%00%(upstream:track)%00%(upstream:remotename)%00%(upstream:remoteref) refs/heads/master refs/remotes/master [1ms]
2023-05-03 23:57:39.878 [info] > git status -z -uall [21ms]
2023-05-03 23:57:44.902 [info] > git config --get commit.template [9ms]
2023-05-03 23:57:44.903 [info] > git for-each-ref --format=%(refname)%00%(upstream:short)%00%(objectname)%00%(upstream:track)%00%(upstream:remotename)%00%(upstream:remoteref) refs/heads/master refs/remotes/master [2ms]
2023-05-03 23:57:44.939 [info] > git status -z -uall [30ms]
2023-05-03 23:57:49.960 [info] > git config --get commit.template [8ms]
2023-05-03 23:57:49.962 [info] > git for-each-ref --format=%(refname)%00%(upstream:short)%00%(objectname)%00%(upstream:track)%00%(upstream:remotename)%00%(upstream:remoteref) refs/heads/master refs/remotes/master [2ms]
2023-05-03 23:57:49.988 [info] > git status -z -uall [20ms]
2023-05-03 23:57:55.005 [info] > git config --get commit.template [7ms]
2023-05-03 23:57:55.006 [info] > git for-each-ref --format=%(refname)%00%(upstream:short)%00%(objectname)%00%(upstream:track)%00%(upstream:remotename)%00%(upstream:remoteref) refs/heads/master refs/remotes/master [2ms]
2023-05-03 23:57:55.031 [info] > git status -z -uall [19ms]
2023-05-03 23:58:00.048 [info] > git config --get commit.template [6ms]
2023-05-03 23:58:00.049 [info] > git for-each-ref --format=%(refname)%00%(upstream:short)%00%(objectname)%00%(upstream:track)%00%(upstream:remotename)%00%(upstream:remoteref) refs/heads/master refs/remotes/master [2ms]
2023-05-03 23:58:00.074 [info] > git status -z -uall [20ms]
2023-05-03 23:58:05.094 [info] > git config --get commit.template [7ms]
2023-05-03 23:58:05.095 [info] > git for-each-ref --format=%(refname)%00%(upstream:short)%00%(objectname)%00%(upstream:track)%00%(upstream:remotename)%00%(upstream:remoteref) refs/heads/master refs/remotes/master [2ms]
2023-05-03 23:58:05.121 [info] > git status -z -uall [21ms]
2023-05-03 23:58:10.138 [info] > git config --get commit.template [7ms]
2023-05-03 23:58:10.139 [info] > git for-each-ref --format=%(refname)%00%(upstream:short)%00%(objectname)%00%(upstream:track)%00%(upstream:remotename)%00%(upstream:remoteref) refs/heads/master refs/remotes/master [2ms]
2023-05-03 23:58:10.166 [info] > git status -z -uall [22ms]
2023-05-03 23:58:15.179 [info] > git config --get commit.template [2ms]
2023-05-03 23:58:15.187 [info] > git for-each-ref --format=%(refname)%00%(upstream:short)%00%(objectname)%00%(upstream:track)%00%(upstream:remotename)%00%(upstream:remoteref) refs/heads/master refs/remotes/master [2ms]
2023-05-03 23:58:15.216 [info] > git status -z -uall [22ms]
2023-05-03 23:58:20.234 [info] > git config --get commit.template [8ms]
2023-05-03 23:58:20.235 [info] > git for-each-ref --format=%(refname)%00%(upstream:short)%00%(objectname)%00%(upstream:track)%00%(upstream:remotename)%00%(upstream:remoteref) refs/heads/master refs/remotes/master [2ms]
2023-05-03 23:58:20.273 [info] > git status -z -uall [32ms]
2023-05-03 23:58:25.293 [info] > git config --get commit.template [8ms]
2023-05-03 23:58:25.293 [info] > git for-each-ref --format=%(refname)%00%(upstream:short)%00%(objectname)%00%(upstream:track)%00%(upstream:remotename)%00%(upstream:remoteref) refs/heads/master refs/remotes/master [1ms]
2023-05-03 23:58:25.330 [info] > git status -z -uall [32ms]
2023-05-03 23:58:30.353 [info] > git config --get commit.template [7ms]
2023-05-03 23:58:30.354 [info] > git for-each-ref --format=%(refname)%00%(upstream:short)%00%(objectname)%00%(upstream:track)%00%(upstream:remotename)%00%(upstream:remoteref) refs/heads/master refs/remotes/master [2ms]
2023-05-03 23:58:30.389 [info] > git status -z -uall [30ms]
2023-05-03 23:58:35.406 [info] > git config --get commit.template [7ms]
2023-05-03 23:58:35.408 [info] > git for-each-ref --format=%(refname)%00%(upstream:short)%00%(objectname)%00%(upstream:track)%00%(upstream:remotename)%00%(upstream:remoteref) refs/heads/master refs/remotes/master [1ms]
2023-05-03 23:58:35.433 [info] > git status -z -uall [20ms]
2023-05-03 23:58:40.453 [info] > git config --get commit.template [9ms]
2023-05-03 23:58:40.454 [info] > git for-each-ref --format=%(refname)%00%(upstream:short)%00%(objectname)%00%(upstream:track)%00%(upstream:remotename)%00%(upstream:remoteref) refs/heads/master refs/remotes/master [2ms]
2023-05-03 23:58:40.497 [info] > git status -z -uall [37ms]
2023-05-03 23:58:45.516 [info] > git config --get commit.template [8ms]
2023-05-03 23:58:45.517 [info] > git for-each-ref --format=%(refname)%00%(upstream:short)%00%(objectname)%00%(upstream:track)%00%(upstream:remotename)%00%(upstream:remoteref) refs/heads/master refs/remotes/master [3ms]
2023-05-03 23:58:45.553 [info] > git status -z -uall [30ms]
2023-05-03 23:58:50.569 [info] > git config --get commit.template [7ms]
2023-05-03 23:58:50.570 [info] > git for-each-ref --format=%(refname)%00%(upstream:short)%00%(objectname)%00%(upstream:track)%00%(upstream:remotename)%00%(upstream:remoteref) refs/heads/master refs/remotes/master [2ms]
2023-05-03 23:58:50.607 [info] > git status -z -uall [31ms]
2023-05-03 23:58:55.628 [info] > git config --get commit.template [7ms]
2023-05-03 23:58:55.630 [info] > git for-each-ref --format=%(refname)%00%(upstream:short)%00%(objectname)%00%(upstream:track)%00%(upstream:remotename)%00%(upstream:remoteref) refs/heads/master refs/remotes/master [3ms]
2023-05-03 23:58:55.657 [info] > git status -z -uall [22ms]
2023-05-03 23:59:00.676 [info] > git config --get commit.template [7ms]
2023-05-03 23:59:00.677 [info] > git for-each-ref --format=%(refname)%00%(upstream:short)%00%(objectname)%00%(upstream:track)%00%(upstream:remotename)%00%(upstream:remoteref) refs/heads/master refs/remotes/master [2ms]
2023-05-03 23:59:00.712 [info] > git status -z -uall [30ms]
2023-05-03 23:59:05.729 [info] > git config --get commit.template [2ms]
2023-05-03 23:59:05.741 [info] > git for-each-ref --format=%(refname)%00%(upstream:short)%00%(objectname)%00%(upstream:track)%00%(upstream:remotename)%00%(upstream:remoteref) refs/heads/master refs/remotes/master [7ms]
2023-05-03 23:59:05.767 [info] > git status -z -uall [21ms]
2023-05-03 23:59:10.787 [info] > git config --get commit.template [7ms]
2023-05-03 23:59:10.788 [info] > git for-each-ref --format=%(refname)%00%(upstream:short)%00%(objectname)%00%(upstream:track)%00%(upstream:remotename)%00%(upstream:remoteref) refs/heads/master refs/remotes/master [2ms]
2023-05-03 23:59:10.813 [info] > git status -z -uall [20ms]
2023-05-03 23:59:15.833 [info] > git config --get commit.template [7ms]
2023-05-03 23:59:15.837 [info] > git for-each-ref --format=%(refname)%00%(upstream:short)%00%(objectname)%00%(upstream:track)%00%(upstream:remotename)%00%(upstream:remoteref) refs/heads/master refs/remotes/master [5ms]
2023-05-03 23:59:15.874 [info] > git status -z -uall [31ms]
2023-05-03 23:59:20.894 [info] > git config --get commit.template [7ms]
2023-05-03 23:59:20.896 [info] > git for-each-ref --format=%(refname)%00%(upstream:short)%00%(objectname)%00%(upstream:track)%00%(upstream:remotename)%00%(upstream:remoteref) refs/heads/master refs/remotes/master [3ms]
2023-05-03 23:59:20.923 [info] > git status -z -uall [22ms]
