2023-05-04 09:41:17.654 [info] Extension host with pid 13297 started
2023-05-04 09:41:17.674 [info] Lock '/home/cn154/.vscode-server/data/User/workspaceStorage/b46e317309c3c222dbd7d15d375ac8e5/vscode.lock': Lock acquired.
2023-05-04 09:41:17.785 [info] ExtensionService#_doActivateExtension vscode.emmet, startup: false, activationEvent: 'onLanguage'
2023-05-04 09:41:17.901 [info] ExtensionService#_doActivateExtension vscode.git-base, startup: true, activationEvent: '*', root cause: vscode.git
2023-05-04 09:41:17.972 [info] ExtensionService#_doActivateExtension vscode.git, startup: true, activationEvent: '*'
2023-05-04 09:41:17.973 [info] ExtensionService#_doActivateExtension vscode.github, startup: true, activationEvent: '*'
2023-05-04 09:41:18.157 [info] Eager extensions activated
2023-05-04 09:41:18.158 [info] ExtensionService#_doActivateExtension vscode.debug-auto-launch, startup: false, activationEvent: 'onStartupFinished'
2023-05-04 09:41:18.158 [info] ExtensionService#_doActivateExtension vscode.merge-conflict, startup: false, activationEvent: 'onStartupFinished'
2023-05-04 09:41:18.323 [warning] [Decorations] CAPPING events from decorations provider vscode.git 1332
2023-05-04 09:41:18.648 [warning] [Decorations] CAPPING events from decorations provider vscode.git 1332
2023-05-04 09:54:42.977 [warning] [Decorations] CAPPING events from decorations provider vscode.git 1374
2023-05-04 09:54:48.053 [warning] [Decorations] CAPPING events from decorations provider vscode.git 1374
2023-05-04 09:54:53.150 [warning] [Decorations] CAPPING events from decorations provider vscode.git 1374
2023-05-04 09:54:58.253 [warning] [Decorations] CAPPING events from decorations provider vscode.git 1374
2023-05-04 09:55:03.331 [warning] [Decorations] CAPPING events from decorations provider vscode.git 1374
2023-05-04 09:55:08.414 [warning] [Decorations] CAPPING events from decorations provider vscode.git 1374
2023-05-04 09:55:13.496 [warning] [Decorations] CAPPING events from decorations provider vscode.git 1374
2023-05-04 09:55:19.738 [warning] [Decorations] CAPPING events from decorations provider vscode.git 1374
2023-05-04 09:55:24.823 [warning] [Decorations] CAPPING events from decorations provider vscode.git 1374
2023-05-04 09:55:29.902 [warning] [Decorations] CAPPING events from decorations provider vscode.git 1374
2023-05-04 09:55:35.005 [warning] [Decorations] CAPPING events from decorations provider vscode.git 1374
2023-05-04 09:55:40.094 [warning] [Decorations] CAPPING events from decorations provider vscode.git 1374
2023-05-04 09:55:45.176 [warning] [Decorations] CAPPING events from decorations provider vscode.git 1374
2023-05-04 09:56:54.246 [warning] [Decorations] CAPPING events from decorations provider vscode.git 1374
2023-05-04 09:59:27.786 [warning] [Decorations] CAPPING events from decorations provider vscode.git 1374
2023-05-04 09:59:37.290 [warning] [Decorations] CAPPING events from decorations provider vscode.git 1374
2023-05-04 09:59:42.380 [warning] [Decorations] CAPPING events from decorations provider vscode.git 1374
2023-05-04 09:59:47.477 [warning] [Decorations] CAPPING events from decorations provider vscode.git 1374
2023-05-04 09:59:52.597 [warning] [Decorations] CAPPING events from decorations provider vscode.git 1374
2023-05-04 09:59:57.678 [warning] [Decorations] CAPPING events from decorations provider vscode.git 1379
2023-05-04 10:00:05.250 [warning] [Decorations] CAPPING events from decorations provider vscode.git 1379
2023-05-04 10:00:10.336 [warning] [Decorations] CAPPING events from decorations provider vscode.git 1379
2023-05-04 10:00:15.415 [warning] [Decorations] CAPPING events from decorations provider vscode.git 1379
2023-05-04 10:00:20.491 [warning] [Decorations] CAPPING events from decorations provider vscode.git 1379
2023-05-04 10:00:25.582 [warning] [Decorations] CAPPING events from decorations provider vscode.git 1379
2023-05-04 10:00:30.662 [warning] [Decorations] CAPPING events from decorations provider vscode.git 1379
2023-05-04 10:00:35.745 [warning] [Decorations] CAPPING events from decorations provider vscode.git 1379
2023-05-04 10:00:40.840 [warning] [Decorations] CAPPING events from decorations provider vscode.git 1379
2023-05-04 10:00:45.930 [warning] [Decorations] CAPPING events from decorations provider vscode.git 1379
2023-05-04 10:00:51.007 [warning] [Decorations] CAPPING events from decorations provider vscode.git 1379
2023-05-04 10:00:56.089 [warning] [Decorations] CAPPING events from decorations provider vscode.git 1379
2023-05-04 10:01:01.170 [warning] [Decorations] CAPPING events from decorations provider vscode.git 1379
2023-05-04 10:01:06.265 [warning] [Decorations] CAPPING events from decorations provider vscode.git 1379
2023-05-04 10:01:11.351 [warning] [Decorations] CAPPING events from decorations provider vscode.git 1379
2023-05-04 10:01:16.432 [warning] [Decorations] CAPPING events from decorations provider vscode.git 1379
2023-05-04 10:01:21.512 [warning] [Decorations] CAPPING events from decorations provider vscode.git 1379
2023-05-04 10:01:26.599 [warning] [Decorations] CAPPING events from decorations provider vscode.git 1379
2023-05-04 10:01:31.676 [warning] [Decorations] CAPPING events from decorations provider vscode.git 1379
2023-05-04 10:01:36.750 [warning] [Decorations] CAPPING events from decorations provider vscode.git 1379
2023-05-04 10:01:41.829 [warning] [Decorations] CAPPING events from decorations provider vscode.git 1379
2023-05-04 10:01:46.923 [warning] [Decorations] CAPPING events from decorations provider vscode.git 1379
2023-05-04 10:01:52.009 [warning] [Decorations] CAPPING events from decorations provider vscode.git 1379
2023-05-04 10:01:57.109 [warning] [Decorations] CAPPING events from decorations provider vscode.git 1379
2023-05-04 10:02:02.189 [warning] [Decorations] CAPPING events from decorations provider vscode.git 1379
2023-05-04 10:02:07.278 [warning] [Decorations] CAPPING events from decorations provider vscode.git 1379
2023-05-04 10:02:12.379 [warning] [Decorations] CAPPING events from decorations provider vscode.git 1379
2023-05-04 10:02:17.476 [warning] [Decorations] CAPPING events from decorations provider vscode.git 1379
2023-05-04 10:02:22.555 [warning] [Decorations] CAPPING events from decorations provider vscode.git 1379
2023-05-04 10:02:27.633 [warning] [Decorations] CAPPING events from decorations provider vscode.git 1379
2023-05-04 10:02:32.715 [warning] [Decorations] CAPPING events from decorations provider vscode.git 1379
2023-05-04 10:02:37.810 [warning] [Decorations] CAPPING events from decorations provider vscode.git 1379
2023-05-04 10:02:42.895 [warning] [Decorations] CAPPING events from decorations provider vscode.git 1379
2023-05-04 10:02:47.980 [warning] [Decorations] CAPPING events from decorations provider vscode.git 1379
2023-05-04 10:02:53.070 [warning] [Decorations] CAPPING events from decorations provider vscode.git 1379
2023-05-04 10:02:58.152 [warning] [Decorations] CAPPING events from decorations provider vscode.git 1379
2023-05-04 10:03:03.233 [warning] [Decorations] CAPPING events from decorations provider vscode.git 1379
2023-05-04 10:03:08.323 [warning] [Decorations] CAPPING events from decorations provider vscode.git 1379
2023-05-04 10:03:13.400 [warning] [Decorations] CAPPING events from decorations provider vscode.git 1379
2023-05-04 10:03:18.490 [warning] [Decorations] CAPPING events from decorations provider vscode.git 1379
2023-05-04 10:03:23.563 [warning] [Decorations] CAPPING events from decorations provider vscode.git 1379
2023-05-04 10:03:28.643 [warning] [Decorations] CAPPING events from decorations provider vscode.git 1379
2023-05-04 10:03:33.734 [warning] [Decorations] CAPPING events from decorations provider vscode.git 1379
2023-05-04 10:03:38.828 [warning] [Decorations] CAPPING events from decorations provider vscode.git 1379
2023-05-04 10:03:43.916 [warning] [Decorations] CAPPING events from decorations provider vscode.git 1379
2023-05-04 10:03:49.023 [warning] [Decorations] CAPPING events from decorations provider vscode.git 1379
2023-05-04 10:03:54.099 [warning] [Decorations] CAPPING events from decorations provider vscode.git 1379
2023-05-04 10:03:59.185 [warning] [Decorations] CAPPING events from decorations provider vscode.git 1379
2023-05-04 10:04:04.269 [warning] [Decorations] CAPPING events from decorations provider vscode.git 1379
2023-05-04 10:04:09.364 [warning] [Decorations] CAPPING events from decorations provider vscode.git 1379
2023-05-04 10:04:14.447 [warning] [Decorations] CAPPING events from decorations provider vscode.git 1379
2023-05-04 10:04:19.535 [warning] [Decorations] CAPPING events from decorations provider vscode.git 1379
2023-05-04 10:04:24.624 [warning] [Decorations] CAPPING events from decorations provider vscode.git 1379
2023-05-04 10:04:29.709 [warning] [Decorations] CAPPING events from decorations provider vscode.git 1379
2023-05-04 10:04:34.791 [warning] [Decorations] CAPPING events from decorations provider vscode.git 1379
2023-05-04 10:04:39.871 [warning] [Decorations] CAPPING events from decorations provider vscode.git 1379
2023-05-04 10:04:44.952 [warning] [Decorations] CAPPING events from decorations provider vscode.git 1379
2023-05-04 10:04:50.039 [warning] [Decorations] CAPPING events from decorations provider vscode.git 1379
2023-05-04 10:04:55.126 [warning] [Decorations] CAPPING events from decorations provider vscode.git 1379
2023-05-04 10:05:00.207 [warning] [Decorations] CAPPING events from decorations provider vscode.git 1379
2023-05-04 10:05:05.303 [warning] [Decorations] CAPPING events from decorations provider vscode.git 1379
2023-05-04 10:05:10.384 [warning] [Decorations] CAPPING events from decorations provider vscode.git 1379
2023-05-04 10:05:15.465 [warning] [Decorations] CAPPING events from decorations provider vscode.git 1379
2023-05-04 10:05:20.544 [warning] [Decorations] CAPPING events from decorations provider vscode.git 1379
2023-05-04 10:05:25.641 [warning] [Decorations] CAPPING events from decorations provider vscode.git 1379
2023-05-04 10:05:30.716 [warning] [Decorations] CAPPING events from decorations provider vscode.git 1379
2023-05-04 10:05:35.799 [warning] [Decorations] CAPPING events from decorations provider vscode.git 1379
2023-05-04 10:05:40.887 [warning] [Decorations] CAPPING events from decorations provider vscode.git 1379
2023-05-04 10:05:45.973 [warning] [Decorations] CAPPING events from decorations provider vscode.git 1379
2023-05-04 10:05:51.066 [warning] [Decorations] CAPPING events from decorations provider vscode.git 1379
2023-05-04 10:05:56.158 [warning] [Decorations] CAPPING events from decorations provider vscode.git 1379
2023-05-04 10:06:01.242 [warning] [Decorations] CAPPING events from decorations provider vscode.git 1379
2023-05-04 10:06:06.339 [warning] [Decorations] CAPPING events from decorations provider vscode.git 1379
2023-05-04 10:06:11.423 [warning] [Decorations] CAPPING events from decorations provider vscode.git 1379
2023-05-04 10:06:16.503 [warning] [Decorations] CAPPING events from decorations provider vscode.git 1379
2023-05-04 10:06:21.580 [warning] [Decorations] CAPPING events from decorations provider vscode.git 1379
2023-05-04 10:06:26.684 [warning] [Decorations] CAPPING events from decorations provider vscode.git 1379
2023-05-04 10:06:31.765 [warning] [Decorations] CAPPING events from decorations provider vscode.git 1379
2023-05-04 10:06:38.125 [warning] [Decorations] CAPPING events from decorations provider vscode.git 1379
2023-05-04 10:06:43.204 [warning] [Decorations] CAPPING events from decorations provider vscode.git 1379
2023-05-04 10:06:48.296 [warning] [Decorations] CAPPING events from decorations provider vscode.git 1379
2023-05-04 10:06:53.371 [warning] [Decorations] CAPPING events from decorations provider vscode.git 1379
2023-05-04 10:06:58.473 [warning] [Decorations] CAPPING events from decorations provider vscode.git 1379
2023-05-04 10:07:03.561 [warning] [Decorations] CAPPING events from decorations provider vscode.git 1379
2023-05-04 10:07:08.636 [warning] [Decorations] CAPPING events from decorations provider vscode.git 1379
2023-05-04 10:07:13.730 [warning] [Decorations] CAPPING events from decorations provider vscode.git 1379
2023-05-04 10:07:18.813 [warning] [Decorations] CAPPING events from decorations provider vscode.git 1382
2023-05-04 10:07:23.893 [warning] [Decorations] CAPPING events from decorations provider vscode.git 1382
2023-05-04 10:07:30.321 [warning] [Decorations] CAPPING events from decorations provider vscode.git 1382
2023-05-04 10:07:35.400 [warning] [Decorations] CAPPING events from decorations provider vscode.git 1385
2023-05-04 10:07:40.481 [warning] [Decorations] CAPPING events from decorations provider vscode.git 1385
2023-05-04 10:07:45.557 [warning] [Decorations] CAPPING events from decorations provider vscode.git 1385
2023-05-04 10:07:50.632 [warning] [Decorations] CAPPING events from decorations provider vscode.git 1385
2023-05-04 10:07:55.713 [warning] [Decorations] CAPPING events from decorations provider vscode.git 1385
2023-05-04 10:08:00.809 [warning] [Decorations] CAPPING events from decorations provider vscode.git 1385
2023-05-04 10:08:05.894 [warning] [Decorations] CAPPING events from decorations provider vscode.git 1385
2023-05-04 10:08:10.973 [warning] [Decorations] CAPPING events from decorations provider vscode.git 1385
2023-05-04 10:08:16.068 [warning] [Decorations] CAPPING events from decorations provider vscode.git 1385
2023-05-04 10:08:21.153 [warning] [Decorations] CAPPING events from decorations provider vscode.git 1388
2023-05-04 10:08:26.237 [warning] [Decorations] CAPPING events from decorations provider vscode.git 1388
2023-05-04 10:08:31.322 [warning] [Decorations] CAPPING events from decorations provider vscode.git 1388
2023-05-04 10:08:36.396 [warning] [Decorations] CAPPING events from decorations provider vscode.git 1388
2023-05-04 10:08:41.477 [warning] [Decorations] CAPPING events from decorations provider vscode.git 1388
2023-05-04 10:08:46.561 [warning] [Decorations] CAPPING events from decorations provider vscode.git 1388
2023-05-04 10:08:51.637 [warning] [Decorations] CAPPING events from decorations provider vscode.git 1388
2023-05-04 10:08:56.717 [warning] [Decorations] CAPPING events from decorations provider vscode.git 1388
2023-05-04 10:09:05.139 [warning] [Decorations] CAPPING events from decorations provider vscode.git 1388
2023-05-04 10:09:10.230 [warning] [Decorations] CAPPING events from decorations provider vscode.git 1388
2023-05-04 10:09:15.331 [warning] [Decorations] CAPPING events from decorations provider vscode.git 1388
2023-05-04 10:09:20.421 [warning] [Decorations] CAPPING events from decorations provider vscode.git 1391
2023-05-04 10:09:25.499 [warning] [Decorations] CAPPING events from decorations provider vscode.git 1391
2023-05-04 10:09:30.578 [warning] [Decorations] CAPPING events from decorations provider vscode.git 1391
2023-05-04 10:09:35.655 [warning] [Decorations] CAPPING events from decorations provider vscode.git 1391
2023-05-04 10:09:40.750 [warning] [Decorations] CAPPING events from decorations provider vscode.git 1391
2023-05-04 10:09:45.824 [warning] [Decorations] CAPPING events from decorations provider vscode.git 1391
2023-05-04 10:09:50.912 [warning] [Decorations] CAPPING events from decorations provider vscode.git 1391
2023-05-04 10:09:55.991 [warning] [Decorations] CAPPING events from decorations provider vscode.git 1394
2023-05-04 10:10:01.072 [warning] [Decorations] CAPPING events from decorations provider vscode.git 1394
2023-05-04 10:10:06.162 [warning] [Decorations] CAPPING events from decorations provider vscode.git 1397
2023-05-04 10:10:11.246 [warning] [Decorations] CAPPING events from decorations provider vscode.git 1397
2023-05-04 10:10:16.333 [warning] [Decorations] CAPPING events from decorations provider vscode.git 1397
2023-05-04 10:10:21.427 [warning] [Decorations] CAPPING events from decorations provider vscode.git 1397
2023-05-04 10:10:26.511 [warning] [Decorations] CAPPING events from decorations provider vscode.git 1397
2023-05-04 10:10:31.592 [warning] [Decorations] CAPPING events from decorations provider vscode.git 1397
2023-05-04 10:10:36.672 [warning] [Decorations] CAPPING events from decorations provider vscode.git 1398
2023-05-04 10:10:41.763 [warning] [Decorations] CAPPING events from decorations provider vscode.git 1400
2023-05-04 10:10:46.845 [warning] [Decorations] CAPPING events from decorations provider vscode.git 1400
2023-05-04 10:10:51.936 [warning] [Decorations] CAPPING events from decorations provider vscode.git 1400
2023-05-04 10:10:57.023 [warning] [Decorations] CAPPING events from decorations provider vscode.git 1400
2023-05-04 10:11:02.100 [warning] [Decorations] CAPPING events from decorations provider vscode.git 1400
2023-05-04 10:11:07.172 [warning] [Decorations] CAPPING events from decorations provider vscode.git 1400
2023-05-04 10:11:12.260 [warning] [Decorations] CAPPING events from decorations provider vscode.git 1400
2023-05-04 10:11:17.356 [warning] [Decorations] CAPPING events from decorations provider vscode.git 1400
2023-05-04 10:11:22.446 [warning] [Decorations] CAPPING events from decorations provider vscode.git 1400
2023-05-04 10:11:29.876 [warning] [Decorations] CAPPING events from decorations provider vscode.git 1400
2023-05-04 10:11:35.891 [warning] [Decorations] CAPPING events from decorations provider vscode.git 1400
2023-05-04 10:11:40.987 [warning] [Decorations] CAPPING events from decorations provider vscode.git 1400
2023-05-04 10:11:46.066 [warning] [Decorations] CAPPING events from decorations provider vscode.git 1400
2023-05-04 10:11:51.128 [info] ExtensionService#_doActivateExtension vscode.npm, startup: false, activationEvent: 'onTerminalQuickFixRequest:ms-vscode.npm-command'
2023-05-04 10:11:51.194 [warning] [Decorations] CAPPING events from decorations provider vscode.git 1401
2023-05-04 10:11:56.290 [warning] [Decorations] CAPPING events from decorations provider vscode.git 1401
2023-05-04 10:12:01.367 [warning] [Decorations] CAPPING events from decorations provider vscode.git 1401
2023-05-04 10:12:06.458 [warning] [Decorations] CAPPING events from decorations provider vscode.git 1401
2023-05-04 10:12:11.542 [warning] [Decorations] CAPPING events from decorations provider vscode.git 1401
2023-05-04 10:12:16.619 [warning] [Decorations] CAPPING events from decorations provider vscode.git 1401
2023-05-04 10:12:22.064 [warning] [Decorations] CAPPING events from decorations provider vscode.git 1401
2023-05-04 10:12:27.148 [warning] [Decorations] CAPPING events from decorations provider vscode.git 1401
2023-05-04 10:12:32.230 [warning] [Decorations] CAPPING events from decorations provider vscode.git 1401
2023-05-04 10:12:37.338 [warning] [Decorations] CAPPING events from decorations provider vscode.git 1401
2023-05-04 10:12:42.418 [warning] [Decorations] CAPPING events from decorations provider vscode.git 1404
2023-05-04 10:13:03.038 [warning] [Decorations] CAPPING events from decorations provider vscode.git 1404
2023-05-04 10:13:08.132 [warning] [Decorations] CAPPING events from decorations provider vscode.git 1405
2023-05-04 10:13:13.228 [warning] [Decorations] CAPPING events from decorations provider vscode.git 1405
2023-05-04 10:13:18.310 [warning] [Decorations] CAPPING events from decorations provider vscode.git 1404
2023-05-04 10:14:02.004 [warning] [Decorations] CAPPING events from decorations provider vscode.git 1404
2023-05-04 10:14:07.113 [warning] [Decorations] CAPPING events from decorations provider vscode.git 1407
2023-05-04 10:14:12.188 [warning] [Decorations] CAPPING events from decorations provider vscode.git 1407
2023-05-04 10:14:17.274 [warning] [Decorations] CAPPING events from decorations provider vscode.git 1407
2023-05-04 10:14:32.126 [warning] [Decorations] CAPPING events from decorations provider vscode.git 1407
2023-05-04 10:14:37.220 [warning] [Decorations] CAPPING events from decorations provider vscode.git 1407
2023-05-04 10:14:42.318 [warning] [Decorations] CAPPING events from decorations provider vscode.git 1410
2023-05-04 10:14:47.402 [warning] [Decorations] CAPPING events from decorations provider vscode.git 1414
2023-05-04 10:14:52.502 [warning] [Decorations] CAPPING events from decorations provider vscode.git 1413
2023-05-04 10:14:57.591 [warning] [Decorations] CAPPING events from decorations provider vscode.git 1413
2023-05-04 10:15:02.672 [warning] [Decorations] CAPPING events from decorations provider vscode.git 1413
2023-05-04 10:15:11.156 [warning] [Decorations] CAPPING events from decorations provider vscode.git 1416
2023-05-04 10:15:16.255 [warning] [Decorations] CAPPING events from decorations provider vscode.git 1416
2023-05-04 10:15:25.096 [warning] [Decorations] CAPPING events from decorations provider vscode.git 1416
2023-05-04 10:15:30.214 [warning] [Decorations] CAPPING events from decorations provider vscode.git 1416
2023-05-04 10:15:35.321 [warning] [Decorations] CAPPING events from decorations provider vscode.git 1416
2023-05-04 10:15:40.422 [warning] [Decorations] CAPPING events from decorations provider vscode.git 1416
2023-05-04 10:15:45.513 [warning] [Decorations] CAPPING events from decorations provider vscode.git 1416
2023-05-04 10:15:50.615 [warning] [Decorations] CAPPING events from decorations provider vscode.git 1416
2023-05-04 10:15:55.694 [warning] [Decorations] CAPPING events from decorations provider vscode.git 1416
2023-05-04 10:16:00.807 [warning] [Decorations] CAPPING events from decorations provider vscode.git 1416
2023-05-04 10:16:05.893 [warning] [Decorations] CAPPING events from decorations provider vscode.git 1416
2023-05-04 10:16:52.754 [warning] [Decorations] CAPPING events from decorations provider vscode.git 1416
2023-05-04 10:16:57.854 [warning] [Decorations] CAPPING events from decorations provider vscode.git 1416
2023-05-04 10:17:02.969 [warning] [Decorations] CAPPING events from decorations provider vscode.git 1416
2023-05-04 10:17:08.082 [warning] [Decorations] CAPPING events from decorations provider vscode.git 1416
2023-05-04 10:17:13.166 [warning] [Decorations] CAPPING events from decorations provider vscode.git 1416
2023-05-04 10:17:23.953 [warning] [Decorations] CAPPING events from decorations provider vscode.git 1416
2023-05-04 10:17:29.058 [warning] [Decorations] CAPPING events from decorations provider vscode.git 1416
2023-05-04 10:17:34.621 [warning] [Decorations] CAPPING events from decorations provider vscode.git 1416
2023-05-04 10:17:39.701 [warning] [Decorations] CAPPING events from decorations provider vscode.git 1416
2023-05-04 10:17:44.778 [warning] [Decorations] CAPPING events from decorations provider vscode.git 1416
2023-05-04 10:17:49.880 [warning] [Decorations] CAPPING events from decorations provider vscode.git 1416
2023-05-04 10:17:55.616 [warning] [Decorations] CAPPING events from decorations provider vscode.git 1416
2023-05-04 10:18:06.674 [warning] [Decorations] CAPPING events from decorations provider vscode.git 1416
2023-05-04 10:18:18.592 [warning] [Decorations] CAPPING events from decorations provider vscode.git 1416
2023-05-04 10:18:23.713 [warning] [Decorations] CAPPING events from decorations provider vscode.git 1416
2023-05-04 10:18:28.830 [warning] [Decorations] CAPPING events from decorations provider vscode.git 1416
2023-05-04 10:18:33.926 [warning] [Decorations] CAPPING events from decorations provider vscode.git 1416
2023-05-04 10:18:44.778 [warning] [Decorations] CAPPING events from decorations provider vscode.git 1416
2023-05-04 10:18:49.870 [warning] [Decorations] CAPPING events from decorations provider vscode.git 1416
2023-05-04 10:18:54.954 [warning] [Decorations] CAPPING events from decorations provider vscode.git 1416
2023-05-04 10:19:00.035 [warning] [Decorations] CAPPING events from decorations provider vscode.git 1416
2023-05-04 10:19:05.136 [warning] [Decorations] CAPPING events from decorations provider vscode.git 1416
2023-05-04 10:19:10.218 [warning] [Decorations] CAPPING events from decorations provider vscode.git 1416
2023-05-04 10:19:15.325 [warning] [Decorations] CAPPING events from decorations provider vscode.git 1416
2023-05-04 10:19:24.709 [warning] [Decorations] CAPPING events from decorations provider vscode.git 1416
2023-05-04 10:19:29.793 [warning] [Decorations] CAPPING events from decorations provider vscode.git 1416
2023-05-04 10:19:34.875 [warning] [Decorations] CAPPING events from decorations provider vscode.git 1416
2023-05-04 10:19:39.976 [warning] [Decorations] CAPPING events from decorations provider vscode.git 1416
2023-05-04 10:19:45.061 [warning] [Decorations] CAPPING events from decorations provider vscode.git 1416
2023-05-04 10:19:53.489 [warning] [Decorations] CAPPING events from decorations provider vscode.git 1416
2023-05-04 10:19:58.571 [warning] [Decorations] CAPPING events from decorations provider vscode.git 1416
2023-05-04 10:20:03.657 [warning] [Decorations] CAPPING events from decorations provider vscode.git 1416
2023-05-04 10:20:08.755 [warning] [Decorations] CAPPING events from decorations provider vscode.git 1416
2023-05-04 10:20:23.308 [warning] [Decorations] CAPPING events from decorations provider vscode.git 1416
2023-05-04 10:20:28.385 [warning] [Decorations] CAPPING events from decorations provider vscode.git 1416
2023-05-04 10:20:33.471 [warning] [Decorations] CAPPING events from decorations provider vscode.git 1416
2023-05-04 10:20:38.556 [warning] [Decorations] CAPPING events from decorations provider vscode.git 1416
2023-05-04 10:20:43.639 [warning] [Decorations] CAPPING events from decorations provider vscode.git 1416
2023-05-04 10:21:04.189 [warning] [Decorations] CAPPING events from decorations provider vscode.git 1416
2023-05-04 10:21:09.288 [warning] [Decorations] CAPPING events from decorations provider vscode.git 1416
2023-05-04 10:21:14.373 [warning] [Decorations] CAPPING events from decorations provider vscode.git 1416
2023-05-04 10:21:19.449 [warning] [Decorations] CAPPING events from decorations provider vscode.git 1416
2023-05-04 10:21:24.546 [warning] [Decorations] CAPPING events from decorations provider vscode.git 1416
2023-05-04 10:21:29.634 [warning] [Decorations] CAPPING events from decorations provider vscode.git 1416
2023-05-04 10:21:34.750 [warning] [Decorations] CAPPING events from decorations provider vscode.git 1416
2023-05-04 10:21:39.860 [warning] [Decorations] CAPPING events from decorations provider vscode.git 1416
