2023-05-03 10:43:42.067 [info] Log level: Info
2023-05-03 10:43:42.067 [info] Validating found git in: "git"
2023-05-03 10:43:42.067 [info] Using git "2.25.1" from "git"
2023-05-03 10:43:42.067 [info] > git rev-parse --show-toplevel [30ms]
2023-05-03 10:43:42.067 [info] > git rev-parse --git-dir --git-common-dir [2ms]
2023-05-03 10:43:42.067 [info] Open repository: /home/cn154
2023-05-03 10:43:42.067 [info] > git rev-parse --show-toplevel [6ms]
2023-05-03 10:43:42.067 [info] > git config --get commit.template [6ms]
2023-05-03 10:43:42.067 [info] > git rev-parse --show-toplevel [5ms]
2023-05-03 10:43:42.067 [info] > git for-each-ref --format=%(refname)%00%(upstream:short)%00%(objectname)%00%(upstream:track)%00%(upstream:remotename)%00%(upstream:remoteref) refs/heads/master refs/remotes/master [6ms]
2023-05-03 10:43:42.067 [info] > git rev-parse --show-toplevel [7ms]
2023-05-03 10:43:42.067 [info] > git rev-parse --show-toplevel [5ms]
2023-05-03 10:43:42.067 [info] > git status -z -uall [35ms]
2023-05-03 10:43:42.067 [info] > git rev-parse --show-toplevel [31ms]
2023-05-03 10:43:42.067 [info] > git config --get commit.template [2ms]
2023-05-03 10:43:42.067 [info] > git rev-parse --show-toplevel [8ms]
2023-05-03 10:43:42.067 [info] > git for-each-ref --format=%(refname)%00%(upstream:short)%00%(objectname)%00%(upstream:track)%00%(upstream:remotename)%00%(upstream:remoteref) refs/heads/master refs/remotes/master [16ms]
2023-05-03 10:43:42.067 [info] > git status -z -uall [18ms]
2023-05-03 10:43:42.529 [info] > git check-ignore -v -z --stdin [3ms]
2023-05-03 10:43:42.546 [info] > git show --textconv :proj5_cn154/sneaky_mod.c [5ms]
2023-05-03 10:43:42.547 [info] > git ls-files --stage -- /home/cn154/proj5_cn154/sneaky_mod.c [2ms]
2023-05-03 10:43:42.557 [info] > git cat-file -s cd8973bf705f1e7ebd97daaaf02f8390ee74eaa5 [5ms]
2023-05-03 10:43:44.096 [info] > git show --textconv :proj5_cn154/sneaky_process.c [5ms]
2023-05-03 10:43:44.097 [info] > git ls-files --stage -- /home/cn154/proj5_cn154/sneaky_process.c [2ms]
2023-05-03 10:43:44.102 [info] > git cat-file -s c93570caae4aa65e1c3877cb8c6be76b0a69ac5a [2ms]
2023-05-03 10:43:45.783 [info] > git config --get commit.template [6ms]
2023-05-03 10:43:45.785 [info] > git for-each-ref --format=%(refname)%00%(upstream:short)%00%(objectname)%00%(upstream:track)%00%(upstream:remotename)%00%(upstream:remoteref) refs/heads/master refs/remotes/master [2ms]
2023-05-03 10:43:45.806 [info] > git status -z -uall [18ms]
2023-05-03 10:47:53.781 [info] > git config --get commit.template [5ms]
2023-05-03 10:47:53.781 [info] > git for-each-ref --format=%(refname)%00%(upstream:short)%00%(objectname)%00%(upstream:track)%00%(upstream:remotename)%00%(upstream:remoteref) refs/heads/master refs/remotes/master [2ms]
2023-05-03 10:47:53.799 [info] > git status -z -uall [14ms]
2023-05-03 10:47:58.811 [info] > git config --get commit.template [1ms]
2023-05-03 10:47:58.817 [info] > git for-each-ref --format=%(refname)%00%(upstream:short)%00%(objectname)%00%(upstream:track)%00%(upstream:remotename)%00%(upstream:remoteref) refs/heads/master refs/remotes/master [1ms]
2023-05-03 10:47:58.836 [info] > git status -z -uall [14ms]
2023-05-03 10:48:03.849 [info] > git config --get commit.template [1ms]
2023-05-03 10:48:03.854 [info] > git for-each-ref --format=%(refname)%00%(upstream:short)%00%(objectname)%00%(upstream:track)%00%(upstream:remotename)%00%(upstream:remoteref) refs/heads/master refs/remotes/master [1ms]
2023-05-03 10:48:03.878 [info] > git status -z -uall [21ms]
2023-05-03 10:48:08.895 [info] > git config --get commit.template [3ms]
2023-05-03 10:48:08.902 [info] > git for-each-ref --format=%(refname)%00%(upstream:short)%00%(objectname)%00%(upstream:track)%00%(upstream:remotename)%00%(upstream:remoteref) refs/heads/master refs/remotes/master [1ms]
2023-05-03 10:48:08.920 [info] > git status -z -uall [15ms]
2023-05-03 10:48:34.319 [info] > git config --get commit.template [4ms]
2023-05-03 10:48:34.319 [info] > git for-each-ref --format=%(refname)%00%(upstream:short)%00%(objectname)%00%(upstream:track)%00%(upstream:remotename)%00%(upstream:remoteref) refs/heads/master refs/remotes/master [1ms]
2023-05-03 10:48:34.336 [info] > git status -z -uall [13ms]
2023-05-03 10:48:39.352 [info] > git config --get commit.template [5ms]
2023-05-03 10:48:39.352 [info] > git for-each-ref --format=%(refname)%00%(upstream:short)%00%(objectname)%00%(upstream:track)%00%(upstream:remotename)%00%(upstream:remoteref) refs/heads/master refs/remotes/master [1ms]
2023-05-03 10:48:39.374 [info] > git status -z -uall [16ms]
2023-05-03 10:48:44.391 [info] > git config --get commit.template [5ms]
2023-05-03 10:48:44.391 [info] > git for-each-ref --format=%(refname)%00%(upstream:short)%00%(objectname)%00%(upstream:track)%00%(upstream:remotename)%00%(upstream:remoteref) refs/heads/master refs/remotes/master [1ms]
2023-05-03 10:48:44.409 [info] > git status -z -uall [14ms]
2023-05-03 10:48:49.427 [info] > git config --get commit.template [7ms]
2023-05-03 10:48:49.429 [info] > git for-each-ref --format=%(refname)%00%(upstream:short)%00%(objectname)%00%(upstream:track)%00%(upstream:remotename)%00%(upstream:remoteref) refs/heads/master refs/remotes/master [3ms]
2023-05-03 10:48:49.447 [info] > git status -z -uall [14ms]
2023-05-03 10:48:54.464 [info] > git config --get commit.template [6ms]
2023-05-03 10:48:54.466 [info] > git for-each-ref --format=%(refname)%00%(upstream:short)%00%(objectname)%00%(upstream:track)%00%(upstream:remotename)%00%(upstream:remoteref) refs/heads/master refs/remotes/master [3ms]
2023-05-03 10:48:54.486 [info] > git status -z -uall [16ms]
2023-05-03 10:49:04.856 [info] > git config --get commit.template [5ms]
2023-05-03 10:49:04.857 [info] > git for-each-ref --format=%(refname)%00%(upstream:short)%00%(objectname)%00%(upstream:track)%00%(upstream:remotename)%00%(upstream:remoteref) refs/heads/master refs/remotes/master [1ms]
2023-05-03 10:49:04.874 [info] > git status -z -uall [14ms]
2023-05-03 10:49:09.889 [info] > git config --get commit.template [4ms]
2023-05-03 10:49:09.890 [info] > git for-each-ref --format=%(refname)%00%(upstream:short)%00%(objectname)%00%(upstream:track)%00%(upstream:remotename)%00%(upstream:remoteref) refs/heads/master refs/remotes/master [1ms]
2023-05-03 10:49:09.909 [info] > git status -z -uall [15ms]
2023-05-03 10:49:14.923 [info] > git config --get commit.template [5ms]
2023-05-03 10:49:14.923 [info] > git for-each-ref --format=%(refname)%00%(upstream:short)%00%(objectname)%00%(upstream:track)%00%(upstream:remotename)%00%(upstream:remoteref) refs/heads/master refs/remotes/master [1ms]
2023-05-03 10:49:14.940 [info] > git status -z -uall [13ms]
2023-05-03 10:49:19.954 [info] > git config --get commit.template [5ms]
2023-05-03 10:49:19.955 [info] > git for-each-ref --format=%(refname)%00%(upstream:short)%00%(objectname)%00%(upstream:track)%00%(upstream:remotename)%00%(upstream:remoteref) refs/heads/master refs/remotes/master [2ms]
2023-05-03 10:49:19.974 [info] > git status -z -uall [16ms]
