2023-05-02 12:14:30.338 [info] Log level: Info
2023-05-02 12:14:30.338 [info] Validating found git in: "git"
2023-05-02 12:14:30.338 [info] Using git "2.25.1" from "git"
2023-05-02 12:14:30.338 [info] > git rev-parse --show-toplevel [27ms]
2023-05-02 12:14:30.338 [info] fatal: not a git repository (or any parent up to mount point /)
Stopping at filesystem boundary (GIT_DISCOVERY_ACROSS_FILESYSTEM not set).
2023-05-02 12:14:30.338 [info] > git rev-parse --show-toplevel [2ms]
2023-05-02 12:14:30.338 [info] fatal: not a git repository (or any parent up to mount point /)
Stopping at filesystem boundary (GIT_DISCOVERY_ACROSS_FILESYSTEM not set).
2023-05-02 12:14:30.338 [info] > git rev-parse --show-toplevel [1ms]
2023-05-02 12:14:30.338 [info] fatal: not a git repository (or any parent up to mount point /)
Stopping at filesystem boundary (GIT_DISCOVERY_ACROSS_FILESYSTEM not set).
2023-05-02 12:14:30.338 [info] > git rev-parse --show-toplevel [1ms]
2023-05-02 12:14:30.338 [info] fatal: not a git repository (or any parent up to mount point /)
Stopping at filesystem boundary (GIT_DISCOVERY_ACROSS_FILESYSTEM not set).
2023-05-02 12:14:30.338 [info] > git rev-parse --show-toplevel [2ms]
2023-05-02 12:14:30.338 [info] fatal: not a git repository (or any parent up to mount point /)
Stopping at filesystem boundary (GIT_DISCOVERY_ACROSS_FILESYSTEM not set).
2023-05-02 12:14:30.338 [info] > git rev-parse --show-toplevel [1ms]
2023-05-02 12:14:30.338 [info] fatal: not a git repository (or any parent up to mount point /)
Stopping at filesystem boundary (GIT_DISCOVERY_ACROSS_FILESYSTEM not set).
2023-05-02 12:14:30.338 [info] > git rev-parse --show-toplevel [2ms]
2023-05-02 12:14:30.338 [info] fatal: not a git repository (or any parent up to mount point /)
Stopping at filesystem boundary (GIT_DISCOVERY_ACROSS_FILESYSTEM not set).
2023-05-02 12:14:34.950 [info] > git rev-parse --show-toplevel [2ms]
2023-05-02 12:14:34.950 [info] fatal: not a git repository (or any parent up to mount point /)
Stopping at filesystem boundary (GIT_DISCOVERY_ACROSS_FILESYSTEM not set).
2023-05-02 12:14:35.731 [info] > git rev-parse --show-toplevel [2ms]
2023-05-02 12:14:35.731 [info] fatal: not a git repository (or any parent up to mount point /)
Stopping at filesystem boundary (GIT_DISCOVERY_ACROSS_FILESYSTEM not set).
