2023-05-02 18:20:36.162 [info] Log level: Info
2023-05-02 18:20:36.162 [info] Validating found git in: "git"
2023-05-02 18:20:36.162 [info] Using git "2.25.1" from "git"
2023-05-02 18:20:36.162 [info] > git rev-parse --show-toplevel [28ms]
2023-05-02 18:20:36.162 [info] > git rev-parse --git-dir --git-common-dir [2ms]
2023-05-02 18:20:36.162 [info] Open repository: /home/cn154
2023-05-02 18:20:36.162 [info] > git rev-parse --show-toplevel [7ms]
2023-05-02 18:20:36.162 [info] > git config --get commit.template [6ms]
2023-05-02 18:20:36.162 [info] > git rev-parse --show-toplevel [7ms]
2023-05-02 18:20:36.162 [info] > git for-each-ref --format=%(refname)%00%(upstream:short)%00%(objectname)%00%(upstream:track)%00%(upstream:remotename)%00%(upstream:remoteref) refs/heads/master refs/remotes/master [4ms]
2023-05-02 18:20:36.162 [info] > git rev-parse --show-toplevel [11ms]
2023-05-02 18:20:36.163 [info] > git rev-parse --show-toplevel [29ms]
2023-05-02 18:20:36.163 [info] > git rev-parse --show-toplevel [8ms]
2023-05-02 18:20:36.163 [info] > git rev-parse --show-toplevel [2ms]
2023-05-02 18:20:36.219 [info] > git status -z -uall [121ms]
2023-05-02 18:20:36.308 [info] > git config --get commit.template [6ms]
2023-05-02 18:20:36.309 [info] > git for-each-ref --format=%(refname)%00%(upstream:short)%00%(objectname)%00%(upstream:track)%00%(upstream:remotename)%00%(upstream:remoteref) refs/heads/master refs/remotes/master [2ms]
2023-05-02 18:20:36.539 [info] > git status -z -uall [225ms]
2023-05-02 18:20:36.787 [info] > git check-ignore -v -z --stdin [7ms]
2023-05-02 18:20:36.800 [info] > git show --textconv :proj5_cn154/sneaky_mod.c [6ms]
2023-05-02 18:20:36.802 [info] > git ls-files --stage -- /home/cn154/proj5_cn154/sneaky_mod.c [4ms]
2023-05-02 18:20:36.807 [info] > git cat-file -s a6b254504b9ff4c55e7312336779cfb7d095e9e8 [1ms]
2023-05-02 18:20:39.064 [info] > git config --get commit.template [5ms]
2023-05-02 18:20:39.064 [info] > git for-each-ref --format=%(refname)%00%(upstream:short)%00%(objectname)%00%(upstream:track)%00%(upstream:remotename)%00%(upstream:remoteref) refs/heads/master refs/remotes/master [1ms]
2023-05-02 18:20:39.093 [info] > git status -z -uall [23ms]
2023-05-02 18:20:44.155 [info] > git config --get commit.template [5ms]
2023-05-02 18:20:44.156 [info] > git for-each-ref --format=%(refname)%00%(upstream:short)%00%(objectname)%00%(upstream:track)%00%(upstream:remotename)%00%(upstream:remoteref) refs/heads/master refs/remotes/master [2ms]
2023-05-02 18:20:44.179 [info] > git status -z -uall [19ms]
2023-05-02 18:20:49.234 [info] > git config --get commit.template [6ms]
2023-05-02 18:20:49.235 [info] > git for-each-ref --format=%(refname)%00%(upstream:short)%00%(objectname)%00%(upstream:track)%00%(upstream:remotename)%00%(upstream:remoteref) refs/heads/master refs/remotes/master [1ms]
2023-05-02 18:20:49.260 [info] > git status -z -uall [21ms]
2023-05-02 18:20:54.318 [info] > git config --get commit.template [7ms]
2023-05-02 18:20:54.318 [info] > git for-each-ref --format=%(refname)%00%(upstream:short)%00%(objectname)%00%(upstream:track)%00%(upstream:remotename)%00%(upstream:remoteref) refs/heads/master refs/remotes/master [2ms]
2023-05-02 18:20:54.344 [info] > git status -z -uall [21ms]
2023-05-02 18:20:59.405 [info] > git config --get commit.template [6ms]
2023-05-02 18:20:59.405 [info] > git for-each-ref --format=%(refname)%00%(upstream:short)%00%(objectname)%00%(upstream:track)%00%(upstream:remotename)%00%(upstream:remoteref) refs/heads/master refs/remotes/master [2ms]
2023-05-02 18:20:59.429 [info] > git status -z -uall [20ms]
2023-05-02 18:21:04.489 [info] > git config --get commit.template [6ms]
2023-05-02 18:21:04.489 [info] > git for-each-ref --format=%(refname)%00%(upstream:short)%00%(objectname)%00%(upstream:track)%00%(upstream:remotename)%00%(upstream:remoteref) refs/heads/master refs/remotes/master [1ms]
2023-05-02 18:21:04.517 [info] > git status -z -uall [22ms]
2023-05-02 18:21:09.582 [info] > git config --get commit.template [5ms]
2023-05-02 18:21:09.583 [info] > git for-each-ref --format=%(refname)%00%(upstream:short)%00%(objectname)%00%(upstream:track)%00%(upstream:remotename)%00%(upstream:remoteref) refs/heads/master refs/remotes/master [2ms]
2023-05-02 18:21:09.606 [info] > git status -z -uall [19ms]
2023-05-02 18:21:14.649 [info] > git config --get commit.template [1ms]
2023-05-02 18:21:14.655 [info] > git for-each-ref --format=%(refname)%00%(upstream:short)%00%(objectname)%00%(upstream:track)%00%(upstream:remotename)%00%(upstream:remoteref) refs/heads/master refs/remotes/master [1ms]
2023-05-02 18:21:14.679 [info] > git status -z -uall [20ms]
2023-05-02 18:21:19.741 [info] > git config --get commit.template [8ms]
2023-05-02 18:21:19.743 [info] > git for-each-ref --format=%(refname)%00%(upstream:short)%00%(objectname)%00%(upstream:track)%00%(upstream:remotename)%00%(upstream:remoteref) refs/heads/master refs/remotes/master [3ms]
2023-05-02 18:21:19.771 [info] > git status -z -uall [24ms]
2023-05-02 18:21:20.001 [info] > git ls-files --stage -- /home/cn154/proj5_cn154/sneaky_mod.c [3ms]
2023-05-02 18:21:20.008 [info] > git cat-file -s a6b254504b9ff4c55e7312336779cfb7d095e9e8 [2ms]
2023-05-02 18:21:20.052 [info] > git show --textconv :proj5_cn154/sneaky_mod.c [2ms]
2023-05-02 18:21:24.832 [info] > git config --get commit.template [7ms]
2023-05-02 18:21:24.833 [info] > git for-each-ref --format=%(refname)%00%(upstream:short)%00%(objectname)%00%(upstream:track)%00%(upstream:remotename)%00%(upstream:remoteref) refs/heads/master refs/remotes/master [3ms]
2023-05-02 18:21:24.859 [info] > git status -z -uall [22ms]
2023-05-02 18:21:29.914 [info] > git config --get commit.template [8ms]
2023-05-02 18:21:29.916 [info] > git for-each-ref --format=%(refname)%00%(upstream:short)%00%(objectname)%00%(upstream:track)%00%(upstream:remotename)%00%(upstream:remoteref) refs/heads/master refs/remotes/master [3ms]
2023-05-02 18:21:29.945 [info] > git status -z -uall [23ms]
2023-05-02 18:21:35.004 [info] > git config --get commit.template [6ms]
2023-05-02 18:21:35.005 [info] > git for-each-ref --format=%(refname)%00%(upstream:short)%00%(objectname)%00%(upstream:track)%00%(upstream:remotename)%00%(upstream:remoteref) refs/heads/master refs/remotes/master [2ms]
2023-05-02 18:21:35.027 [info] > git status -z -uall [18ms]
2023-05-02 18:21:40.082 [info] > git config --get commit.template [6ms]
2023-05-02 18:21:40.083 [info] > git for-each-ref --format=%(refname)%00%(upstream:short)%00%(objectname)%00%(upstream:track)%00%(upstream:remotename)%00%(upstream:remoteref) refs/heads/master refs/remotes/master [1ms]
2023-05-02 18:21:40.112 [info] > git status -z -uall [24ms]
2023-05-02 18:22:10.281 [info] > git config --get commit.template [1ms]
2023-05-02 18:22:10.287 [info] > git for-each-ref --format=%(refname)%00%(upstream:short)%00%(objectname)%00%(upstream:track)%00%(upstream:remotename)%00%(upstream:remoteref) refs/heads/master refs/remotes/master [1ms]
2023-05-02 18:22:10.313 [info] > git status -z -uall [22ms]
2023-05-02 18:22:15.365 [info] > git config --get commit.template [7ms]
2023-05-02 18:22:15.366 [info] > git for-each-ref --format=%(refname)%00%(upstream:short)%00%(objectname)%00%(upstream:track)%00%(upstream:remotename)%00%(upstream:remoteref) refs/heads/master refs/remotes/master [2ms]
2023-05-02 18:22:15.392 [info] > git status -z -uall [20ms]
2023-05-02 18:22:15.939 [info] > git ls-files --stage -- /home/cn154/proj5_cn154/sneaky_mod.c [2ms]
2023-05-02 18:22:15.944 [info] > git cat-file -s a6b254504b9ff4c55e7312336779cfb7d095e9e8 [1ms]
2023-05-02 18:22:15.964 [info] > git show --textconv :proj5_cn154/sneaky_mod.c [3ms]
2023-05-02 18:22:20.449 [info] > git config --get commit.template [8ms]
2023-05-02 18:22:20.451 [info] > git for-each-ref --format=%(refname)%00%(upstream:short)%00%(objectname)%00%(upstream:track)%00%(upstream:remotename)%00%(upstream:remoteref) refs/heads/master refs/remotes/master [3ms]
2023-05-02 18:22:20.475 [info] > git status -z -uall [19ms]
2023-05-02 18:22:38.041 [info] > git config --get commit.template [7ms]
2023-05-02 18:22:38.042 [info] > git for-each-ref --format=%(refname)%00%(upstream:short)%00%(objectname)%00%(upstream:track)%00%(upstream:remotename)%00%(upstream:remoteref) refs/heads/master refs/remotes/master [2ms]
2023-05-02 18:22:38.066 [info] > git status -z -uall [21ms]
2023-05-02 18:22:43.140 [info] > git config --get commit.template [3ms]
2023-05-02 18:22:43.146 [info] > git for-each-ref --format=%(refname)%00%(upstream:short)%00%(objectname)%00%(upstream:track)%00%(upstream:remotename)%00%(upstream:remoteref) refs/heads/master refs/remotes/master [1ms]
2023-05-02 18:22:43.170 [info] > git status -z -uall [20ms]
2023-05-02 18:23:27.786 [info] > git config --get commit.template [2ms]
2023-05-02 18:23:27.791 [info] > git for-each-ref --format=%(refname)%00%(upstream:short)%00%(objectname)%00%(upstream:track)%00%(upstream:remotename)%00%(upstream:remoteref) refs/heads/master refs/remotes/master [1ms]
2023-05-02 18:23:27.816 [info] > git status -z -uall [21ms]
2023-05-02 18:23:32.909 [info] > git config --get commit.template [7ms]
2023-05-02 18:23:32.911 [info] > git for-each-ref --format=%(refname)%00%(upstream:short)%00%(objectname)%00%(upstream:track)%00%(upstream:remotename)%00%(upstream:remoteref) refs/heads/master refs/remotes/master [3ms]
2023-05-02 18:23:32.950 [info] > git status -z -uall [36ms]
2023-05-02 18:23:38.001 [info] > git config --get commit.template [0ms]
2023-05-02 18:23:38.008 [info] > git for-each-ref --format=%(refname)%00%(upstream:short)%00%(objectname)%00%(upstream:track)%00%(upstream:remotename)%00%(upstream:remoteref) refs/heads/master refs/remotes/master [2ms]
2023-05-02 18:23:38.031 [info] > git status -z -uall [20ms]
2023-05-02 18:23:57.608 [info] > git config --get commit.template [2ms]
2023-05-02 18:23:57.614 [info] > git for-each-ref --format=%(refname)%00%(upstream:short)%00%(objectname)%00%(upstream:track)%00%(upstream:remotename)%00%(upstream:remoteref) refs/heads/master refs/remotes/master [1ms]
2023-05-02 18:23:57.641 [info] > git status -z -uall [22ms]
2023-05-02 18:24:02.706 [info] > git config --get commit.template [5ms]
2023-05-02 18:24:02.707 [info] > git for-each-ref --format=%(refname)%00%(upstream:short)%00%(objectname)%00%(upstream:track)%00%(upstream:remotename)%00%(upstream:remoteref) refs/heads/master refs/remotes/master [1ms]
2023-05-02 18:24:02.731 [info] > git status -z -uall [20ms]
2023-05-02 18:24:07.796 [info] > git config --get commit.template [5ms]
2023-05-02 18:24:07.796 [info] > git for-each-ref --format=%(refname)%00%(upstream:short)%00%(objectname)%00%(upstream:track)%00%(upstream:remotename)%00%(upstream:remoteref) refs/heads/master refs/remotes/master [1ms]
2023-05-02 18:24:07.821 [info] > git status -z -uall [20ms]
2023-05-02 18:24:12.875 [info] > git config --get commit.template [5ms]
2023-05-02 18:24:12.875 [info] > git for-each-ref --format=%(refname)%00%(upstream:short)%00%(objectname)%00%(upstream:track)%00%(upstream:remotename)%00%(upstream:remoteref) refs/heads/master refs/remotes/master [1ms]
2023-05-02 18:24:12.899 [info] > git status -z -uall [20ms]
2023-05-02 18:24:17.950 [info] > git config --get commit.template [1ms]
2023-05-02 18:24:17.957 [info] > git for-each-ref --format=%(refname)%00%(upstream:short)%00%(objectname)%00%(upstream:track)%00%(upstream:remotename)%00%(upstream:remoteref) refs/heads/master refs/remotes/master [2ms]
2023-05-02 18:24:17.986 [info] > git status -z -uall [22ms]
2023-05-02 18:24:23.040 [info] > git config --get commit.template [5ms]
2023-05-02 18:24:23.040 [info] > git for-each-ref --format=%(refname)%00%(upstream:short)%00%(objectname)%00%(upstream:track)%00%(upstream:remotename)%00%(upstream:remoteref) refs/heads/master refs/remotes/master [1ms]
2023-05-02 18:24:23.063 [info] > git status -z -uall [19ms]
2023-05-02 18:24:28.117 [info] > git config --get commit.template [8ms]
2023-05-02 18:24:28.118 [info] > git for-each-ref --format=%(refname)%00%(upstream:short)%00%(objectname)%00%(upstream:track)%00%(upstream:remotename)%00%(upstream:remoteref) refs/heads/master refs/remotes/master [2ms]
2023-05-02 18:24:28.141 [info] > git status -z -uall [19ms]
2023-05-02 18:24:32.072 [info] > git ls-files --stage -- /home/cn154/proj5_cn154/sneaky_process.c [3ms]
2023-05-02 18:24:32.076 [info] > git show --textconv :proj5_cn154/sneaky_process.c [12ms]
2023-05-02 18:24:32.078 [info] > git cat-file -s c93570caae4aa65e1c3877cb8c6be76b0a69ac5a [1ms]
2023-05-02 18:24:33.193 [info] > git config --get commit.template [7ms]
2023-05-02 18:24:33.195 [info] > git for-each-ref --format=%(refname)%00%(upstream:short)%00%(objectname)%00%(upstream:track)%00%(upstream:remotename)%00%(upstream:remoteref) refs/heads/master refs/remotes/master [2ms]
2023-05-02 18:24:33.220 [info] > git status -z -uall [20ms]
2023-05-02 18:24:38.272 [info] > git config --get commit.template [6ms]
2023-05-02 18:24:38.272 [info] > git for-each-ref --format=%(refname)%00%(upstream:short)%00%(objectname)%00%(upstream:track)%00%(upstream:remotename)%00%(upstream:remoteref) refs/heads/master refs/remotes/master [1ms]
2023-05-02 18:24:38.295 [info] > git status -z -uall [19ms]
2023-05-02 18:24:43.351 [info] > git config --get commit.template [8ms]
2023-05-02 18:24:43.351 [info] > git for-each-ref --format=%(refname)%00%(upstream:short)%00%(objectname)%00%(upstream:track)%00%(upstream:remotename)%00%(upstream:remoteref) refs/heads/master refs/remotes/master [1ms]
2023-05-02 18:24:43.376 [info] > git status -z -uall [21ms]
2023-05-02 18:24:48.426 [info] > git config --get commit.template [6ms]
2023-05-02 18:24:48.427 [info] > git for-each-ref --format=%(refname)%00%(upstream:short)%00%(objectname)%00%(upstream:track)%00%(upstream:remotename)%00%(upstream:remoteref) refs/heads/master refs/remotes/master [1ms]
2023-05-02 18:24:48.451 [info] > git status -z -uall [20ms]
2023-05-02 18:24:53.764 [info] > git config --get commit.template [6ms]
2023-05-02 18:24:53.765 [info] > git for-each-ref --format=%(refname)%00%(upstream:short)%00%(objectname)%00%(upstream:track)%00%(upstream:remotename)%00%(upstream:remoteref) refs/heads/master refs/remotes/master [1ms]
2023-05-02 18:24:53.789 [info] > git status -z -uall [20ms]
2023-05-02 18:24:58.844 [info] > git config --get commit.template [8ms]
2023-05-02 18:24:58.846 [info] > git for-each-ref --format=%(refname)%00%(upstream:short)%00%(objectname)%00%(upstream:track)%00%(upstream:remotename)%00%(upstream:remoteref) refs/heads/master refs/remotes/master [3ms]
2023-05-02 18:24:58.874 [info] > git status -z -uall [22ms]
2023-05-02 18:24:59.849 [info] > git check-ignore -v -z --stdin [3ms]
2023-05-02 18:25:02.088 [info] > git check-ignore -v -z --stdin [6ms]
2023-05-02 18:25:02.615 [info] > git check-ignore -v -z --stdin [2ms]
2023-05-02 18:25:07.766 [info] > git config --get commit.template [6ms]
2023-05-02 18:25:07.767 [info] > git for-each-ref --format=%(refname)%00%(upstream:short)%00%(objectname)%00%(upstream:track)%00%(upstream:remotename)%00%(upstream:remoteref) refs/heads/master refs/remotes/master [2ms]
2023-05-02 18:25:07.790 [info] > git status -z -uall [19ms]
2023-05-02 18:25:12.835 [info] > git config --get commit.template [5ms]
2023-05-02 18:25:12.836 [info] > git for-each-ref --format=%(refname)%00%(upstream:short)%00%(objectname)%00%(upstream:track)%00%(upstream:remotename)%00%(upstream:remoteref) refs/heads/master refs/remotes/master [2ms]
2023-05-02 18:25:12.859 [info] > git status -z -uall [19ms]
2023-05-02 18:25:17.916 [info] > git config --get commit.template [3ms]
2023-05-02 18:25:17.926 [info] > git for-each-ref --format=%(refname)%00%(upstream:short)%00%(objectname)%00%(upstream:track)%00%(upstream:remotename)%00%(upstream:remoteref) refs/heads/master refs/remotes/master [3ms]
2023-05-02 18:25:17.956 [info] > git status -z -uall [24ms]
2023-05-02 18:25:23.010 [info] > git config --get commit.template [7ms]
2023-05-02 18:25:23.013 [info] > git for-each-ref --format=%(refname)%00%(upstream:short)%00%(objectname)%00%(upstream:track)%00%(upstream:remotename)%00%(upstream:remoteref) refs/heads/master refs/remotes/master [2ms]
2023-05-02 18:25:23.041 [info] > git status -z -uall [24ms]
2023-05-02 18:25:28.099 [info] > git config --get commit.template [10ms]
2023-05-02 18:25:28.102 [info] > git for-each-ref --format=%(refname)%00%(upstream:short)%00%(objectname)%00%(upstream:track)%00%(upstream:remotename)%00%(upstream:remoteref) refs/heads/master refs/remotes/master [4ms]
2023-05-02 18:25:28.126 [info] > git status -z -uall [20ms]
2023-05-02 18:25:33.176 [info] > git config --get commit.template [6ms]
2023-05-02 18:25:33.176 [info] > git for-each-ref --format=%(refname)%00%(upstream:short)%00%(objectname)%00%(upstream:track)%00%(upstream:remotename)%00%(upstream:remoteref) refs/heads/master refs/remotes/master [1ms]
2023-05-02 18:25:33.205 [info] > git status -z -uall [23ms]
2023-05-02 18:25:40.229 [info] > git check-ignore -v -z --stdin [3ms]
2023-05-02 18:25:42.787 [info] > git config --get commit.template [6ms]
2023-05-02 18:25:42.787 [info] > git for-each-ref --format=%(refname)%00%(upstream:short)%00%(objectname)%00%(upstream:track)%00%(upstream:remotename)%00%(upstream:remoteref) refs/heads/master refs/remotes/master [1ms]
2023-05-02 18:25:42.812 [info] > git status -z -uall [21ms]
2023-05-02 18:25:47.862 [info] > git config --get commit.template [5ms]
2023-05-02 18:25:47.863 [info] > git for-each-ref --format=%(refname)%00%(upstream:short)%00%(objectname)%00%(upstream:track)%00%(upstream:remotename)%00%(upstream:remoteref) refs/heads/master refs/remotes/master [1ms]
2023-05-02 18:25:47.887 [info] > git status -z -uall [20ms]
2023-05-02 18:25:52.936 [info] > git config --get commit.template [5ms]
2023-05-02 18:25:52.936 [info] > git for-each-ref --format=%(refname)%00%(upstream:short)%00%(objectname)%00%(upstream:track)%00%(upstream:remotename)%00%(upstream:remoteref) refs/heads/master refs/remotes/master [1ms]
2023-05-02 18:25:52.960 [info] > git status -z -uall [20ms]
2023-05-02 18:25:58.009 [info] > git config --get commit.template [5ms]
2023-05-02 18:25:58.009 [info] > git for-each-ref --format=%(refname)%00%(upstream:short)%00%(objectname)%00%(upstream:track)%00%(upstream:remotename)%00%(upstream:remoteref) refs/heads/master refs/remotes/master [1ms]
2023-05-02 18:25:58.034 [info] > git status -z -uall [21ms]
2023-05-02 18:26:03.080 [info] > git config --get commit.template [6ms]
2023-05-02 18:26:03.080 [info] > git for-each-ref --format=%(refname)%00%(upstream:short)%00%(objectname)%00%(upstream:track)%00%(upstream:remotename)%00%(upstream:remoteref) refs/heads/master refs/remotes/master [1ms]
2023-05-02 18:26:03.104 [info] > git status -z -uall [20ms]
2023-05-02 18:26:08.163 [info] > git config --get commit.template [6ms]
2023-05-02 18:26:08.163 [info] > git for-each-ref --format=%(refname)%00%(upstream:short)%00%(objectname)%00%(upstream:track)%00%(upstream:remotename)%00%(upstream:remoteref) refs/heads/master refs/remotes/master [1ms]
2023-05-02 18:26:08.187 [info] > git status -z -uall [20ms]
2023-05-02 18:26:09.402 [info] > git check-ignore -v -z --stdin [4ms]
2023-05-02 18:26:13.237 [info] > git config --get commit.template [6ms]
2023-05-02 18:26:13.237 [info] > git for-each-ref --format=%(refname)%00%(upstream:short)%00%(objectname)%00%(upstream:track)%00%(upstream:remotename)%00%(upstream:remoteref) refs/heads/master refs/remotes/master [1ms]
2023-05-02 18:26:13.263 [info] > git status -z -uall [21ms]
2023-05-02 18:26:20.103 [info] > git config --get commit.template [1ms]
2023-05-02 18:26:20.110 [info] > git for-each-ref --format=%(refname)%00%(upstream:short)%00%(objectname)%00%(upstream:track)%00%(upstream:remotename)%00%(upstream:remoteref) refs/heads/master refs/remotes/master [2ms]
2023-05-02 18:26:20.139 [info] > git status -z -uall [25ms]
2023-05-02 18:26:22.835 [info] > git check-ignore -v -z --stdin [2ms]
2023-05-02 18:26:25.210 [info] > git config --get commit.template [6ms]
2023-05-02 18:26:25.211 [info] > git for-each-ref --format=%(refname)%00%(upstream:short)%00%(objectname)%00%(upstream:track)%00%(upstream:remotename)%00%(upstream:remoteref) refs/heads/master refs/remotes/master [2ms]
2023-05-02 18:26:25.234 [info] > git status -z -uall [19ms]
2023-05-02 18:26:30.289 [info] > git config --get commit.template [3ms]
2023-05-02 18:26:30.297 [info] > git for-each-ref --format=%(refname)%00%(upstream:short)%00%(objectname)%00%(upstream:track)%00%(upstream:remotename)%00%(upstream:remoteref) refs/heads/master refs/remotes/master [1ms]
2023-05-02 18:26:30.329 [info] > git status -z -uall [26ms]
2023-05-02 18:26:35.380 [info] > git config --get commit.template [5ms]
2023-05-02 18:26:35.381 [info] > git for-each-ref --format=%(refname)%00%(upstream:short)%00%(objectname)%00%(upstream:track)%00%(upstream:remotename)%00%(upstream:remoteref) refs/heads/master refs/remotes/master [1ms]
2023-05-02 18:26:35.406 [info] > git status -z -uall [21ms]
2023-05-02 18:26:38.202 [info] > git ls-files --stage -- /home/cn154/proj5_cn154/sneaky_mod.mod.c [3ms]
2023-05-02 18:26:38.211 [info] > git show --textconv :proj5_cn154/sneaky_mod.mod.c [16ms]
2023-05-02 18:26:38.212 [info] > git cat-file -s f26ec565467558e12b8f060b8bda8accedc0d17f [6ms]
2023-05-02 18:26:40.461 [info] > git config --get commit.template [5ms]
2023-05-02 18:26:40.462 [info] > git for-each-ref --format=%(refname)%00%(upstream:short)%00%(objectname)%00%(upstream:track)%00%(upstream:remotename)%00%(upstream:remoteref) refs/heads/master refs/remotes/master [2ms]
2023-05-02 18:26:40.486 [info] > git status -z -uall [21ms]
2023-05-02 18:26:45.537 [info] > git config --get commit.template [5ms]
2023-05-02 18:26:45.538 [info] > git for-each-ref --format=%(refname)%00%(upstream:short)%00%(objectname)%00%(upstream:track)%00%(upstream:remotename)%00%(upstream:remoteref) refs/heads/master refs/remotes/master [1ms]
2023-05-02 18:26:45.564 [info] > git status -z -uall [21ms]
2023-05-02 18:26:50.623 [info] > git config --get commit.template [1ms]
2023-05-02 18:26:50.629 [info] > git for-each-ref --format=%(refname)%00%(upstream:short)%00%(objectname)%00%(upstream:track)%00%(upstream:remotename)%00%(upstream:remoteref) refs/heads/master refs/remotes/master [1ms]
2023-05-02 18:26:50.661 [info] > git status -z -uall [25ms]
2023-05-02 18:26:55.717 [info] > git config --get commit.template [8ms]
2023-05-02 18:26:55.719 [info] > git for-each-ref --format=%(refname)%00%(upstream:short)%00%(objectname)%00%(upstream:track)%00%(upstream:remotename)%00%(upstream:remoteref) refs/heads/master refs/remotes/master [3ms]
2023-05-02 18:26:55.743 [info] > git status -z -uall [19ms]
2023-05-02 18:27:00.801 [info] > git config --get commit.template [6ms]
2023-05-02 18:27:00.801 [info] > git for-each-ref --format=%(refname)%00%(upstream:short)%00%(objectname)%00%(upstream:track)%00%(upstream:remotename)%00%(upstream:remoteref) refs/heads/master refs/remotes/master [1ms]
2023-05-02 18:27:00.825 [info] > git status -z -uall [20ms]
2023-05-02 18:27:05.878 [info] > git config --get commit.template [6ms]
2023-05-02 18:27:05.878 [info] > git for-each-ref --format=%(refname)%00%(upstream:short)%00%(objectname)%00%(upstream:track)%00%(upstream:remotename)%00%(upstream:remoteref) refs/heads/master refs/remotes/master [1ms]
2023-05-02 18:27:05.908 [info] > git status -z -uall [26ms]
2023-05-02 18:27:10.969 [info] > git config --get commit.template [1ms]
2023-05-02 18:27:10.974 [info] > git for-each-ref --format=%(refname)%00%(upstream:short)%00%(objectname)%00%(upstream:track)%00%(upstream:remotename)%00%(upstream:remoteref) refs/heads/master refs/remotes/master [1ms]
2023-05-02 18:27:10.999 [info] > git status -z -uall [21ms]
2023-05-02 18:27:16.056 [info] > git config --get commit.template [8ms]
2023-05-02 18:27:16.058 [info] > git for-each-ref --format=%(refname)%00%(upstream:short)%00%(objectname)%00%(upstream:track)%00%(upstream:remotename)%00%(upstream:remoteref) refs/heads/master refs/remotes/master [3ms]
2023-05-02 18:27:16.090 [info] > git status -z -uall [24ms]
2023-05-02 18:27:21.141 [info] > git config --get commit.template [6ms]
2023-05-02 18:27:21.142 [info] > git for-each-ref --format=%(refname)%00%(upstream:short)%00%(objectname)%00%(upstream:track)%00%(upstream:remotename)%00%(upstream:remoteref) refs/heads/master refs/remotes/master [1ms]
2023-05-02 18:27:21.166 [info] > git status -z -uall [19ms]
2023-05-02 18:27:26.051 [info] > git check-ignore -v -z --stdin [4ms]
2023-05-02 18:27:26.212 [info] > git config --get commit.template [1ms]
2023-05-02 18:27:26.218 [info] > git for-each-ref --format=%(refname)%00%(upstream:short)%00%(objectname)%00%(upstream:track)%00%(upstream:remotename)%00%(upstream:remoteref) refs/heads/master refs/remotes/master [1ms]
2023-05-02 18:27:26.244 [info] > git status -z -uall [20ms]
2023-05-02 18:27:31.297 [info] > git config --get commit.template [5ms]
2023-05-02 18:27:31.297 [info] > git for-each-ref --format=%(refname)%00%(upstream:short)%00%(objectname)%00%(upstream:track)%00%(upstream:remotename)%00%(upstream:remoteref) refs/heads/master refs/remotes/master [1ms]
2023-05-02 18:27:31.320 [info] > git status -z -uall [20ms]
2023-05-02 18:27:33.536 [info] > git check-ignore -v -z --stdin [6ms]
2023-05-02 18:27:35.695 [info] > git check-ignore -v -z --stdin [15ms]
2023-05-02 18:27:36.370 [info] > git config --get commit.template [2ms]
2023-05-02 18:27:36.376 [info] > git for-each-ref --format=%(refname)%00%(upstream:short)%00%(objectname)%00%(upstream:track)%00%(upstream:remotename)%00%(upstream:remoteref) refs/heads/master refs/remotes/master [1ms]
2023-05-02 18:27:36.403 [info] > git status -z -uall [21ms]
2023-05-02 18:27:41.455 [info] > git config --get commit.template [5ms]
2023-05-02 18:27:41.455 [info] > git for-each-ref --format=%(refname)%00%(upstream:short)%00%(objectname)%00%(upstream:track)%00%(upstream:remotename)%00%(upstream:remoteref) refs/heads/master refs/remotes/master [1ms]
2023-05-02 18:27:41.492 [info] > git status -z -uall [31ms]
2023-05-02 18:27:46.550 [info] > git config --get commit.template [5ms]
2023-05-02 18:27:46.550 [info] > git for-each-ref --format=%(refname)%00%(upstream:short)%00%(objectname)%00%(upstream:track)%00%(upstream:remotename)%00%(upstream:remoteref) refs/heads/master refs/remotes/master [1ms]
2023-05-02 18:27:46.574 [info] > git status -z -uall [20ms]
2023-05-02 18:27:51.622 [info] > git config --get commit.template [1ms]
2023-05-02 18:27:51.628 [info] > git for-each-ref --format=%(refname)%00%(upstream:short)%00%(objectname)%00%(upstream:track)%00%(upstream:remotename)%00%(upstream:remoteref) refs/heads/master refs/remotes/master [1ms]
2023-05-02 18:27:51.656 [info] > git status -z -uall [23ms]
2023-05-02 18:27:56.712 [info] > git config --get commit.template [8ms]
2023-05-02 18:27:56.713 [info] > git for-each-ref --format=%(refname)%00%(upstream:short)%00%(objectname)%00%(upstream:track)%00%(upstream:remotename)%00%(upstream:remoteref) refs/heads/master refs/remotes/master [1ms]
2023-05-02 18:27:56.739 [info] > git status -z -uall [20ms]
2023-05-02 18:28:36.576 [info] > git config --get commit.template [7ms]
2023-05-02 18:28:36.577 [info] > git for-each-ref --format=%(refname)%00%(upstream:short)%00%(objectname)%00%(upstream:track)%00%(upstream:remotename)%00%(upstream:remoteref) refs/heads/master refs/remotes/master [2ms]
2023-05-02 18:28:36.605 [info] > git status -z -uall [22ms]
2023-05-02 18:28:41.690 [info] > git config --get commit.template [5ms]
2023-05-02 18:28:41.690 [info] > git for-each-ref --format=%(refname)%00%(upstream:short)%00%(objectname)%00%(upstream:track)%00%(upstream:remotename)%00%(upstream:remoteref) refs/heads/master refs/remotes/master [1ms]
2023-05-02 18:28:41.715 [info] > git status -z -uall [21ms]
2023-05-02 18:29:54.594 [info] > git config --get commit.template [5ms]
2023-05-02 18:29:54.596 [info] > git for-each-ref --format=%(refname)%00%(upstream:short)%00%(objectname)%00%(upstream:track)%00%(upstream:remotename)%00%(upstream:remoteref) refs/heads/master refs/remotes/master [2ms]
2023-05-02 18:29:54.620 [info] > git status -z -uall [20ms]
2023-05-02 18:29:59.682 [info] > git config --get commit.template [5ms]
2023-05-02 18:29:59.682 [info] > git for-each-ref --format=%(refname)%00%(upstream:short)%00%(objectname)%00%(upstream:track)%00%(upstream:remotename)%00%(upstream:remoteref) refs/heads/master refs/remotes/master [1ms]
2023-05-02 18:29:59.727 [info] > git status -z -uall [39ms]
2023-05-02 18:30:04.782 [info] > git config --get commit.template [4ms]
2023-05-02 18:30:04.787 [info] > git for-each-ref --format=%(refname)%00%(upstream:short)%00%(objectname)%00%(upstream:track)%00%(upstream:remotename)%00%(upstream:remoteref) refs/heads/master refs/remotes/master [1ms]
2023-05-02 18:30:04.811 [info] > git status -z -uall [20ms]
2023-05-02 18:30:09.879 [info] > git config --get commit.template [6ms]
2023-05-02 18:30:09.879 [info] > git for-each-ref --format=%(refname)%00%(upstream:short)%00%(objectname)%00%(upstream:track)%00%(upstream:remotename)%00%(upstream:remoteref) refs/heads/master refs/remotes/master [1ms]
2023-05-02 18:30:09.904 [info] > git status -z -uall [21ms]
2023-05-02 18:30:14.966 [info] > git config --get commit.template [7ms]
2023-05-02 18:30:14.969 [info] > git for-each-ref --format=%(refname)%00%(upstream:short)%00%(objectname)%00%(upstream:track)%00%(upstream:remotename)%00%(upstream:remoteref) refs/heads/master refs/remotes/master [2ms]
2023-05-02 18:30:14.992 [info] > git status -z -uall [19ms]
2023-05-02 18:30:20.061 [info] > git config --get commit.template [6ms]
2023-05-02 18:30:20.061 [info] > git for-each-ref --format=%(refname)%00%(upstream:short)%00%(objectname)%00%(upstream:track)%00%(upstream:remotename)%00%(upstream:remoteref) refs/heads/master refs/remotes/master [2ms]
2023-05-02 18:30:20.085 [info] > git status -z -uall [19ms]
2023-05-02 18:30:25.143 [info] > git config --get commit.template [6ms]
2023-05-02 18:30:25.144 [info] > git for-each-ref --format=%(refname)%00%(upstream:short)%00%(objectname)%00%(upstream:track)%00%(upstream:remotename)%00%(upstream:remoteref) refs/heads/master refs/remotes/master [1ms]
2023-05-02 18:30:25.174 [info] > git status -z -uall [26ms]
2023-05-02 18:30:30.229 [info] > git config --get commit.template [6ms]
2023-05-02 18:30:30.229 [info] > git for-each-ref --format=%(refname)%00%(upstream:short)%00%(objectname)%00%(upstream:track)%00%(upstream:remotename)%00%(upstream:remoteref) refs/heads/master refs/remotes/master [1ms]
2023-05-02 18:30:30.253 [info] > git status -z -uall [20ms]
2023-05-02 18:30:35.299 [info] > git config --get commit.template [6ms]
2023-05-02 18:30:35.299 [info] > git for-each-ref --format=%(refname)%00%(upstream:short)%00%(objectname)%00%(upstream:track)%00%(upstream:remotename)%00%(upstream:remoteref) refs/heads/master refs/remotes/master [1ms]
2023-05-02 18:30:35.324 [info] > git status -z -uall [21ms]
2023-05-02 18:30:40.373 [info] > git config --get commit.template [6ms]
2023-05-02 18:30:40.373 [info] > git for-each-ref --format=%(refname)%00%(upstream:short)%00%(objectname)%00%(upstream:track)%00%(upstream:remotename)%00%(upstream:remoteref) refs/heads/master refs/remotes/master [1ms]
2023-05-02 18:30:40.399 [info] > git status -z -uall [20ms]
2023-05-02 18:30:45.464 [info] > git config --get commit.template [9ms]
2023-05-02 18:30:45.465 [info] > git for-each-ref --format=%(refname)%00%(upstream:short)%00%(objectname)%00%(upstream:track)%00%(upstream:remotename)%00%(upstream:remoteref) refs/heads/master refs/remotes/master [2ms]
2023-05-02 18:30:45.495 [info] > git status -z -uall [25ms]
2023-05-02 18:30:50.546 [info] > git config --get commit.template [6ms]
2023-05-02 18:30:50.546 [info] > git for-each-ref --format=%(refname)%00%(upstream:short)%00%(objectname)%00%(upstream:track)%00%(upstream:remotename)%00%(upstream:remoteref) refs/heads/master refs/remotes/master [1ms]
2023-05-02 18:30:50.570 [info] > git status -z -uall [20ms]
2023-05-02 18:30:55.619 [info] > git config --get commit.template [6ms]
2023-05-02 18:30:55.620 [info] > git for-each-ref --format=%(refname)%00%(upstream:short)%00%(objectname)%00%(upstream:track)%00%(upstream:remotename)%00%(upstream:remoteref) refs/heads/master refs/remotes/master [1ms]
2023-05-02 18:30:55.644 [info] > git status -z -uall [20ms]
2023-05-02 18:31:00.698 [info] > git config --get commit.template [6ms]
2023-05-02 18:31:00.699 [info] > git for-each-ref --format=%(refname)%00%(upstream:short)%00%(objectname)%00%(upstream:track)%00%(upstream:remotename)%00%(upstream:remoteref) refs/heads/master refs/remotes/master [2ms]
2023-05-02 18:31:00.724 [info] > git status -z -uall [20ms]
2023-05-02 18:31:05.771 [info] > git config --get commit.template [2ms]
2023-05-02 18:31:05.777 [info] > git for-each-ref --format=%(refname)%00%(upstream:short)%00%(objectname)%00%(upstream:track)%00%(upstream:remotename)%00%(upstream:remoteref) refs/heads/master refs/remotes/master [1ms]
2023-05-02 18:31:05.806 [info] > git status -z -uall [25ms]
2023-05-02 18:31:10.861 [info] > git config --get commit.template [7ms]
2023-05-02 18:31:10.861 [info] > git for-each-ref --format=%(refname)%00%(upstream:short)%00%(objectname)%00%(upstream:track)%00%(upstream:remotename)%00%(upstream:remoteref) refs/heads/master refs/remotes/master [2ms]
2023-05-02 18:31:10.886 [info] > git status -z -uall [20ms]
2023-05-02 18:31:15.939 [info] > git config --get commit.template [6ms]
2023-05-02 18:31:15.940 [info] > git for-each-ref --format=%(refname)%00%(upstream:short)%00%(objectname)%00%(upstream:track)%00%(upstream:remotename)%00%(upstream:remoteref) refs/heads/master refs/remotes/master [2ms]
2023-05-02 18:31:15.964 [info] > git status -z -uall [20ms]
2023-05-02 18:31:21.012 [info] > git config --get commit.template [6ms]
2023-05-02 18:31:21.012 [info] > git for-each-ref --format=%(refname)%00%(upstream:short)%00%(objectname)%00%(upstream:track)%00%(upstream:remotename)%00%(upstream:remoteref) refs/heads/master refs/remotes/master [1ms]
2023-05-02 18:31:21.036 [info] > git status -z -uall [20ms]
2023-05-02 18:31:26.090 [info] > git config --get commit.template [5ms]
2023-05-02 18:31:26.091 [info] > git for-each-ref --format=%(refname)%00%(upstream:short)%00%(objectname)%00%(upstream:track)%00%(upstream:remotename)%00%(upstream:remoteref) refs/heads/master refs/remotes/master [1ms]
2023-05-02 18:31:26.114 [info] > git status -z -uall [19ms]
2023-05-02 18:31:31.167 [info] > git config --get commit.template [6ms]
2023-05-02 18:31:31.167 [info] > git for-each-ref --format=%(refname)%00%(upstream:short)%00%(objectname)%00%(upstream:track)%00%(upstream:remotename)%00%(upstream:remoteref) refs/heads/master refs/remotes/master [1ms]
2023-05-02 18:31:31.191 [info] > git status -z -uall [20ms]
2023-05-02 18:31:41.550 [info] > git config --get commit.template [6ms]
2023-05-02 18:31:41.550 [info] > git for-each-ref --format=%(refname)%00%(upstream:short)%00%(objectname)%00%(upstream:track)%00%(upstream:remotename)%00%(upstream:remoteref) refs/heads/master refs/remotes/master [1ms]
2023-05-02 18:31:41.575 [info] > git status -z -uall [21ms]
2023-05-02 18:31:46.631 [info] > git config --get commit.template [6ms]
2023-05-02 18:31:46.631 [info] > git for-each-ref --format=%(refname)%00%(upstream:short)%00%(objectname)%00%(upstream:track)%00%(upstream:remotename)%00%(upstream:remoteref) refs/heads/master refs/remotes/master [1ms]
2023-05-02 18:31:46.656 [info] > git status -z -uall [20ms]
2023-05-02 18:31:51.704 [info] > git config --get commit.template [6ms]
2023-05-02 18:31:51.704 [info] > git for-each-ref --format=%(refname)%00%(upstream:short)%00%(objectname)%00%(upstream:track)%00%(upstream:remotename)%00%(upstream:remoteref) refs/heads/master refs/remotes/master [1ms]
2023-05-02 18:31:51.731 [info] > git status -z -uall [23ms]
2023-05-02 18:31:56.782 [info] > git config --get commit.template [6ms]
2023-05-02 18:31:56.782 [info] > git for-each-ref --format=%(refname)%00%(upstream:short)%00%(objectname)%00%(upstream:track)%00%(upstream:remotename)%00%(upstream:remoteref) refs/heads/master refs/remotes/master [1ms]
2023-05-02 18:31:56.810 [info] > git status -z -uall [22ms]
2023-05-02 18:32:01.862 [info] > git config --get commit.template [8ms]
2023-05-02 18:32:01.864 [info] > git for-each-ref --format=%(refname)%00%(upstream:short)%00%(objectname)%00%(upstream:track)%00%(upstream:remotename)%00%(upstream:remoteref) refs/heads/master refs/remotes/master [3ms]
2023-05-02 18:32:01.891 [info] > git status -z -uall [22ms]
2023-05-02 18:32:06.942 [info] > git config --get commit.template [6ms]
2023-05-02 18:32:06.942 [info] > git for-each-ref --format=%(refname)%00%(upstream:short)%00%(objectname)%00%(upstream:track)%00%(upstream:remotename)%00%(upstream:remoteref) refs/heads/master refs/remotes/master [1ms]
2023-05-02 18:32:06.968 [info] > git status -z -uall [20ms]
2023-05-02 18:32:12.026 [info] > git for-each-ref --format=%(refname)%00%(upstream:short)%00%(objectname)%00%(upstream:track)%00%(upstream:remotename)%00%(upstream:remoteref) refs/heads/master refs/remotes/master [2ms]
2023-05-02 18:32:12.027 [info] > git config --get commit.template [9ms]
2023-05-02 18:32:12.056 [info] > git status -z -uall [22ms]
2023-05-02 18:32:17.103 [info] > git config --get commit.template [1ms]
2023-05-02 18:32:17.114 [info] > git for-each-ref --format=%(refname)%00%(upstream:short)%00%(objectname)%00%(upstream:track)%00%(upstream:remotename)%00%(upstream:remoteref) refs/heads/master refs/remotes/master [3ms]
2023-05-02 18:32:17.139 [info] > git status -z -uall [19ms]
2023-05-02 18:32:22.310 [info] > git config --get commit.template [1ms]
2023-05-02 18:32:22.317 [info] > git for-each-ref --format=%(refname)%00%(upstream:short)%00%(objectname)%00%(upstream:track)%00%(upstream:remotename)%00%(upstream:remoteref) refs/heads/master refs/remotes/master [2ms]
2023-05-02 18:32:22.342 [info] > git status -z -uall [21ms]
2023-05-02 18:32:29.495 [info] > git config --get commit.template [7ms]
2023-05-02 18:32:29.497 [info] > git for-each-ref --format=%(refname)%00%(upstream:short)%00%(objectname)%00%(upstream:track)%00%(upstream:remotename)%00%(upstream:remoteref) refs/heads/master refs/remotes/master [3ms]
2023-05-02 18:32:29.521 [info] > git status -z -uall [20ms]
2023-05-02 18:32:34.571 [info] > git config --get commit.template [6ms]
2023-05-02 18:32:34.571 [info] > git for-each-ref --format=%(refname)%00%(upstream:short)%00%(objectname)%00%(upstream:track)%00%(upstream:remotename)%00%(upstream:remoteref) refs/heads/master refs/remotes/master [1ms]
2023-05-02 18:32:34.595 [info] > git status -z -uall [20ms]
2023-05-02 18:32:39.647 [info] > git config --get commit.template [1ms]
2023-05-02 18:32:39.653 [info] > git for-each-ref --format=%(refname)%00%(upstream:short)%00%(objectname)%00%(upstream:track)%00%(upstream:remotename)%00%(upstream:remoteref) refs/heads/master refs/remotes/master [1ms]
2023-05-02 18:32:39.678 [info] > git status -z -uall [21ms]
2023-05-02 18:32:44.741 [info] > git config --get commit.template [5ms]
2023-05-02 18:32:44.741 [info] > git for-each-ref --format=%(refname)%00%(upstream:short)%00%(objectname)%00%(upstream:track)%00%(upstream:remotename)%00%(upstream:remoteref) refs/heads/master refs/remotes/master [1ms]
2023-05-02 18:32:44.765 [info] > git status -z -uall [20ms]
2023-05-02 18:32:49.816 [info] > git config --get commit.template [5ms]
2023-05-02 18:32:49.817 [info] > git for-each-ref --format=%(refname)%00%(upstream:short)%00%(objectname)%00%(upstream:track)%00%(upstream:remotename)%00%(upstream:remoteref) refs/heads/master refs/remotes/master [2ms]
2023-05-02 18:32:49.842 [info] > git status -z -uall [21ms]
2023-05-02 18:32:54.909 [info] > git config --get commit.template [8ms]
2023-05-02 18:32:54.909 [info] > git for-each-ref --format=%(refname)%00%(upstream:short)%00%(objectname)%00%(upstream:track)%00%(upstream:remotename)%00%(upstream:remoteref) refs/heads/master refs/remotes/master [1ms]
2023-05-02 18:32:54.938 [info] > git status -z -uall [23ms]
2023-05-02 18:32:59.995 [info] > git config --get commit.template [5ms]
2023-05-02 18:32:59.996 [info] > git for-each-ref --format=%(refname)%00%(upstream:short)%00%(objectname)%00%(upstream:track)%00%(upstream:remotename)%00%(upstream:remoteref) refs/heads/master refs/remotes/master [2ms]
2023-05-02 18:33:00.026 [info] > git status -z -uall [26ms]
2023-05-02 18:33:05.079 [info] > git config --get commit.template [8ms]
2023-05-02 18:33:05.079 [info] > git for-each-ref --format=%(refname)%00%(upstream:short)%00%(objectname)%00%(upstream:track)%00%(upstream:remotename)%00%(upstream:remoteref) refs/heads/master refs/remotes/master [1ms]
2023-05-02 18:33:05.107 [info] > git status -z -uall [23ms]
2023-05-02 18:33:10.191 [info] > git config --get commit.template [7ms]
2023-05-02 18:33:10.191 [info] > git for-each-ref --format=%(refname)%00%(upstream:short)%00%(objectname)%00%(upstream:track)%00%(upstream:remotename)%00%(upstream:remoteref) refs/heads/master refs/remotes/master [1ms]
2023-05-02 18:33:10.215 [info] > git status -z -uall [19ms]
2023-05-02 18:33:15.270 [info] > git config --get commit.template [5ms]
2023-05-02 18:33:15.270 [info] > git for-each-ref --format=%(refname)%00%(upstream:short)%00%(objectname)%00%(upstream:track)%00%(upstream:remotename)%00%(upstream:remoteref) refs/heads/master refs/remotes/master [1ms]
2023-05-02 18:33:15.295 [info] > git status -z -uall [21ms]
2023-05-02 18:33:20.351 [info] > git config --get commit.template [5ms]
2023-05-02 18:33:20.351 [info] > git for-each-ref --format=%(refname)%00%(upstream:short)%00%(objectname)%00%(upstream:track)%00%(upstream:remotename)%00%(upstream:remoteref) refs/heads/master refs/remotes/master [1ms]
2023-05-02 18:33:20.375 [info] > git status -z -uall [20ms]
2023-05-02 18:33:25.428 [info] > git config --get commit.template [6ms]
2023-05-02 18:33:25.428 [info] > git for-each-ref --format=%(refname)%00%(upstream:short)%00%(objectname)%00%(upstream:track)%00%(upstream:remotename)%00%(upstream:remoteref) refs/heads/master refs/remotes/master [1ms]
2023-05-02 18:33:25.458 [info] > git status -z -uall [24ms]
2023-05-02 18:33:30.516 [info] > git config --get commit.template [6ms]
2023-05-02 18:33:30.517 [info] > git for-each-ref --format=%(refname)%00%(upstream:short)%00%(objectname)%00%(upstream:track)%00%(upstream:remotename)%00%(upstream:remoteref) refs/heads/master refs/remotes/master [2ms]
2023-05-02 18:33:30.543 [info] > git status -z -uall [21ms]
2023-05-02 18:33:35.597 [info] > git config --get commit.template [7ms]
2023-05-02 18:33:35.598 [info] > git for-each-ref --format=%(refname)%00%(upstream:short)%00%(objectname)%00%(upstream:track)%00%(upstream:remotename)%00%(upstream:remoteref) refs/heads/master refs/remotes/master [2ms]
2023-05-02 18:33:35.626 [info] > git status -z -uall [23ms]
2023-05-02 18:33:40.677 [info] > git config --get commit.template [6ms]
2023-05-02 18:33:40.678 [info] > git for-each-ref --format=%(refname)%00%(upstream:short)%00%(objectname)%00%(upstream:track)%00%(upstream:remotename)%00%(upstream:remoteref) refs/heads/master refs/remotes/master [1ms]
2023-05-02 18:33:40.702 [info] > git status -z -uall [20ms]
2023-05-02 18:33:45.749 [info] > git config --get commit.template [5ms]
2023-05-02 18:33:45.750 [info] > git for-each-ref --format=%(refname)%00%(upstream:short)%00%(objectname)%00%(upstream:track)%00%(upstream:remotename)%00%(upstream:remoteref) refs/heads/master refs/remotes/master [1ms]
2023-05-02 18:33:45.774 [info] > git status -z -uall [20ms]
2023-05-02 18:33:50.824 [info] > git config --get commit.template [8ms]
2023-05-02 18:33:50.826 [info] > git for-each-ref --format=%(refname)%00%(upstream:short)%00%(objectname)%00%(upstream:track)%00%(upstream:remotename)%00%(upstream:remoteref) refs/heads/master refs/remotes/master [3ms]
2023-05-02 18:33:50.851 [info] > git status -z -uall [21ms]
2023-05-02 18:33:55.900 [info] > git config --get commit.template [5ms]
2023-05-02 18:33:55.900 [info] > git for-each-ref --format=%(refname)%00%(upstream:short)%00%(objectname)%00%(upstream:track)%00%(upstream:remotename)%00%(upstream:remoteref) refs/heads/master refs/remotes/master [1ms]
2023-05-02 18:33:55.927 [info] > git status -z -uall [23ms]
2023-05-02 18:34:00.984 [info] > git config --get commit.template [7ms]
2023-05-02 18:34:00.984 [info] > git for-each-ref --format=%(refname)%00%(upstream:short)%00%(objectname)%00%(upstream:track)%00%(upstream:remotename)%00%(upstream:remoteref) refs/heads/master refs/remotes/master [1ms]
2023-05-02 18:34:01.008 [info] > git status -z -uall [19ms]
2023-05-02 18:34:06.062 [info] > git config --get commit.template [8ms]
2023-05-02 18:34:06.064 [info] > git for-each-ref --format=%(refname)%00%(upstream:short)%00%(objectname)%00%(upstream:track)%00%(upstream:remotename)%00%(upstream:remoteref) refs/heads/master refs/remotes/master [2ms]
2023-05-02 18:34:06.095 [info] > git status -z -uall [26ms]
2023-05-02 18:34:11.153 [info] > git config --get commit.template [8ms]
2023-05-02 18:34:11.154 [info] > git for-each-ref --format=%(refname)%00%(upstream:short)%00%(objectname)%00%(upstream:track)%00%(upstream:remotename)%00%(upstream:remoteref) refs/heads/master refs/remotes/master [2ms]
2023-05-02 18:34:11.178 [info] > git status -z -uall [19ms]
2023-05-02 18:34:16.225 [info] > git config --get commit.template [5ms]
2023-05-02 18:34:16.225 [info] > git for-each-ref --format=%(refname)%00%(upstream:short)%00%(objectname)%00%(upstream:track)%00%(upstream:remotename)%00%(upstream:remoteref) refs/heads/master refs/remotes/master [1ms]
2023-05-02 18:34:16.248 [info] > git status -z -uall [19ms]
2023-05-02 18:34:21.295 [info] > git config --get commit.template [1ms]
2023-05-02 18:34:21.304 [info] > git for-each-ref --format=%(refname)%00%(upstream:short)%00%(objectname)%00%(upstream:track)%00%(upstream:remotename)%00%(upstream:remoteref) refs/heads/master refs/remotes/master [2ms]
2023-05-02 18:34:21.331 [info] > git status -z -uall [21ms]
2023-05-02 18:34:28.656 [info] > git config --get commit.template [8ms]
2023-05-02 18:34:28.658 [info] > git for-each-ref --format=%(refname)%00%(upstream:short)%00%(objectname)%00%(upstream:track)%00%(upstream:remotename)%00%(upstream:remoteref) refs/heads/master refs/remotes/master [3ms]
2023-05-02 18:34:28.684 [info] > git status -z -uall [20ms]
2023-05-02 18:34:33.741 [info] > git config --get commit.template [8ms]
2023-05-02 18:34:33.743 [info] > git for-each-ref --format=%(refname)%00%(upstream:short)%00%(objectname)%00%(upstream:track)%00%(upstream:remotename)%00%(upstream:remoteref) refs/heads/master refs/remotes/master [2ms]
2023-05-02 18:34:33.774 [info] > git status -z -uall [24ms]
2023-05-02 18:34:38.830 [info] > git config --get commit.template [8ms]
2023-05-02 18:34:38.832 [info] > git for-each-ref --format=%(refname)%00%(upstream:short)%00%(objectname)%00%(upstream:track)%00%(upstream:remotename)%00%(upstream:remoteref) refs/heads/master refs/remotes/master [3ms]
2023-05-02 18:34:38.857 [info] > git status -z -uall [20ms]
2023-05-02 18:34:43.912 [info] > git config --get commit.template [6ms]
2023-05-02 18:34:43.912 [info] > git for-each-ref --format=%(refname)%00%(upstream:short)%00%(objectname)%00%(upstream:track)%00%(upstream:remotename)%00%(upstream:remoteref) refs/heads/master refs/remotes/master [1ms]
2023-05-02 18:34:43.939 [info] > git status -z -uall [22ms]
2023-05-02 18:34:48.995 [info] > git config --get commit.template [9ms]
2023-05-02 18:34:48.996 [info] > git for-each-ref --format=%(refname)%00%(upstream:short)%00%(objectname)%00%(upstream:track)%00%(upstream:remotename)%00%(upstream:remoteref) refs/heads/master refs/remotes/master [2ms]
2023-05-02 18:34:49.035 [info] > git status -z -uall [34ms]
2023-05-02 18:34:54.094 [info] > git config --get commit.template [8ms]
2023-05-02 18:34:54.095 [info] > git for-each-ref --format=%(refname)%00%(upstream:short)%00%(objectname)%00%(upstream:track)%00%(upstream:remotename)%00%(upstream:remoteref) refs/heads/master refs/remotes/master [2ms]
2023-05-02 18:34:54.123 [info] > git status -z -uall [22ms]
2023-05-02 18:34:59.179 [info] > git config --get commit.template [7ms]
2023-05-02 18:34:59.181 [info] > git for-each-ref --format=%(refname)%00%(upstream:short)%00%(objectname)%00%(upstream:track)%00%(upstream:remotename)%00%(upstream:remoteref) refs/heads/master refs/remotes/master [3ms]
2023-05-02 18:34:59.206 [info] > git status -z -uall [21ms]
2023-05-02 18:35:04.262 [info] > git config --get commit.template [6ms]
2023-05-02 18:35:04.262 [info] > git for-each-ref --format=%(refname)%00%(upstream:short)%00%(objectname)%00%(upstream:track)%00%(upstream:remotename)%00%(upstream:remoteref) refs/heads/master refs/remotes/master [1ms]
2023-05-02 18:35:04.285 [info] > git status -z -uall [19ms]
2023-05-02 18:35:09.336 [info] > git config --get commit.template [5ms]
2023-05-02 18:35:09.336 [info] > git for-each-ref --format=%(refname)%00%(upstream:short)%00%(objectname)%00%(upstream:track)%00%(upstream:remotename)%00%(upstream:remoteref) refs/heads/master refs/remotes/master [1ms]
2023-05-02 18:35:09.360 [info] > git status -z -uall [20ms]
2023-05-02 18:35:14.413 [info] > git config --get commit.template [8ms]
2023-05-02 18:35:14.415 [info] > git for-each-ref --format=%(refname)%00%(upstream:short)%00%(objectname)%00%(upstream:track)%00%(upstream:remotename)%00%(upstream:remoteref) refs/heads/master refs/remotes/master [3ms]
2023-05-02 18:35:14.440 [info] > git status -z -uall [20ms]
2023-05-02 18:35:19.490 [info] > git config --get commit.template [6ms]
2023-05-02 18:35:19.490 [info] > git for-each-ref --format=%(refname)%00%(upstream:short)%00%(objectname)%00%(upstream:track)%00%(upstream:remotename)%00%(upstream:remoteref) refs/heads/master refs/remotes/master [1ms]
2023-05-02 18:35:19.513 [info] > git status -z -uall [19ms]
2023-05-02 18:35:24.566 [info] > git config --get commit.template [2ms]
2023-05-02 18:35:24.572 [info] > git for-each-ref --format=%(refname)%00%(upstream:short)%00%(objectname)%00%(upstream:track)%00%(upstream:remotename)%00%(upstream:remoteref) refs/heads/master refs/remotes/master [1ms]
2023-05-02 18:35:24.597 [info] > git status -z -uall [20ms]
2023-05-02 18:35:29.643 [info] > git config --get commit.template [5ms]
2023-05-02 18:35:29.643 [info] > git for-each-ref --format=%(refname)%00%(upstream:short)%00%(objectname)%00%(upstream:track)%00%(upstream:remotename)%00%(upstream:remoteref) refs/heads/master refs/remotes/master [1ms]
2023-05-02 18:35:29.671 [info] > git status -z -uall [22ms]
2023-05-02 18:35:34.725 [info] > git for-each-ref --format=%(refname)%00%(upstream:short)%00%(objectname)%00%(upstream:track)%00%(upstream:remotename)%00%(upstream:remoteref) refs/heads/master refs/remotes/master [2ms]
2023-05-02 18:35:34.725 [info] > git config --get commit.template [9ms]
2023-05-02 18:35:34.751 [info] > git status -z -uall [20ms]
2023-05-02 18:35:39.811 [info] > git config --get commit.template [7ms]
2023-05-02 18:35:39.812 [info] > git for-each-ref --format=%(refname)%00%(upstream:short)%00%(objectname)%00%(upstream:track)%00%(upstream:remotename)%00%(upstream:remoteref) refs/heads/master refs/remotes/master [2ms]
2023-05-02 18:35:39.844 [info] > git status -z -uall [24ms]
2023-05-02 18:35:44.895 [info] > git config --get commit.template [8ms]
2023-05-02 18:35:44.898 [info] > git for-each-ref --format=%(refname)%00%(upstream:short)%00%(objectname)%00%(upstream:track)%00%(upstream:remotename)%00%(upstream:remoteref) refs/heads/master refs/remotes/master [3ms]
2023-05-02 18:35:44.922 [info] > git status -z -uall [20ms]
2023-05-02 18:35:49.968 [info] > git config --get commit.template [1ms]
2023-05-02 18:35:49.974 [info] > git for-each-ref --format=%(refname)%00%(upstream:short)%00%(objectname)%00%(upstream:track)%00%(upstream:remotename)%00%(upstream:remoteref) refs/heads/master refs/remotes/master [1ms]
2023-05-02 18:35:49.999 [info] > git status -z -uall [20ms]
2023-05-02 18:35:55.054 [info] > git config --get commit.template [5ms]
2023-05-02 18:35:55.055 [info] > git for-each-ref --format=%(refname)%00%(upstream:short)%00%(objectname)%00%(upstream:track)%00%(upstream:remotename)%00%(upstream:remoteref) refs/heads/master refs/remotes/master [1ms]
2023-05-02 18:35:55.086 [info] > git status -z -uall [24ms]
2023-05-02 18:36:00.440 [info] > git config --get commit.template [9ms]
2023-05-02 18:36:00.440 [info] > git for-each-ref --format=%(refname)%00%(upstream:short)%00%(objectname)%00%(upstream:track)%00%(upstream:remotename)%00%(upstream:remoteref) refs/heads/master refs/remotes/master [1ms]
2023-05-02 18:36:00.463 [info] > git status -z -uall [19ms]
2023-05-02 19:52:17.161 [info] > git config --get commit.template [5ms]
2023-05-02 19:52:17.161 [info] > git for-each-ref --format=%(refname)%00%(upstream:short)%00%(objectname)%00%(upstream:track)%00%(upstream:remotename)%00%(upstream:remoteref) refs/heads/master refs/remotes/master [1ms]
2023-05-02 19:52:17.188 [info] > git status -z -uall [22ms]
2023-05-02 19:55:15.092 [info] > git config --get commit.template [5ms]
2023-05-02 19:55:15.093 [info] > git for-each-ref --format=%(refname)%00%(upstream:short)%00%(objectname)%00%(upstream:track)%00%(upstream:remotename)%00%(upstream:remoteref) refs/heads/master refs/remotes/master [2ms]
2023-05-02 19:55:15.120 [info] > git status -z -uall [24ms]
2023-05-02 19:55:20.199 [info] > git config --get commit.template [6ms]
2023-05-02 19:55:20.200 [info] > git for-each-ref --format=%(refname)%00%(upstream:short)%00%(objectname)%00%(upstream:track)%00%(upstream:remotename)%00%(upstream:remoteref) refs/heads/master refs/remotes/master [2ms]
2023-05-02 19:55:20.226 [info] > git status -z -uall [23ms]
2023-05-02 19:55:25.274 [info] > git config --get commit.template [2ms]
2023-05-02 19:55:25.284 [info] > git for-each-ref --format=%(refname)%00%(upstream:short)%00%(objectname)%00%(upstream:track)%00%(upstream:remotename)%00%(upstream:remoteref) refs/heads/master refs/remotes/master [3ms]
2023-05-02 19:55:25.308 [info] > git status -z -uall [20ms]
2023-05-02 19:55:57.514 [info] > git config --get commit.template [5ms]
2023-05-02 19:55:57.515 [info] > git for-each-ref --format=%(refname)%00%(upstream:short)%00%(objectname)%00%(upstream:track)%00%(upstream:remotename)%00%(upstream:remoteref) refs/heads/master refs/remotes/master [2ms]
2023-05-02 19:55:57.539 [info] > git status -z -uall [20ms]
2023-05-02 20:34:40.625 [info] > git config --get commit.template [12ms]
2023-05-02 20:34:40.626 [info] > git for-each-ref --format=%(refname)%00%(upstream:short)%00%(objectname)%00%(upstream:track)%00%(upstream:remotename)%00%(upstream:remoteref) refs/heads/master refs/remotes/master [2ms]
2023-05-02 20:34:40.653 [info] > git status -z -uall [24ms]
2023-05-02 20:34:45.735 [info] > git config --get commit.template [7ms]
2023-05-02 20:34:45.737 [info] > git for-each-ref --format=%(refname)%00%(upstream:short)%00%(objectname)%00%(upstream:track)%00%(upstream:remotename)%00%(upstream:remoteref) refs/heads/master refs/remotes/master [3ms]
2023-05-02 20:34:45.764 [info] > git status -z -uall [23ms]
