2023-05-03 12:08:55.218 [info] Log level: Info
2023-05-03 12:08:55.218 [info] Validating found git in: "git"
2023-05-03 12:08:55.218 [info] Using git "2.25.1" from "git"
2023-05-03 12:08:55.218 [info] > git rev-parse --show-toplevel [29ms]
2023-05-03 12:08:55.218 [info] > git rev-parse --git-dir --git-common-dir [2ms]
2023-05-03 12:08:55.218 [info] Open repository: /home/cn154
2023-05-03 12:08:55.218 [info] > git rev-parse --show-toplevel [5ms]
2023-05-03 12:08:55.218 [info] > git config --get commit.template [5ms]
2023-05-03 12:08:55.218 [info] > git rev-parse --show-toplevel [3ms]
2023-05-03 12:08:55.219 [info] > git rev-parse --show-toplevel [5ms]
2023-05-03 12:08:55.219 [info] > git for-each-ref --format=%(refname)%00%(upstream:short)%00%(objectname)%00%(upstream:track)%00%(upstream:remotename)%00%(upstream:remoteref) refs/heads/master refs/remotes/master [6ms]
2023-05-03 12:08:55.219 [info] > git rev-parse --show-toplevel [13ms]
2023-05-03 12:08:55.219 [info] > git rev-parse --show-toplevel [1ms]
2023-05-03 12:08:55.219 [info] > git rev-parse --show-toplevel [1ms]
2023-05-03 12:08:55.219 [info] > git status -z -uall [20ms]
2023-05-03 12:08:55.219 [info] > git config --get commit.template [7ms]
2023-05-03 12:08:55.219 [info] > git for-each-ref --format=%(refname)%00%(upstream:short)%00%(objectname)%00%(upstream:track)%00%(upstream:remotename)%00%(upstream:remoteref) refs/heads/master refs/remotes/master [3ms]
2023-05-03 12:08:55.219 [info] > git status -z -uall [48ms]
2023-05-03 12:08:55.547 [info] > git show --textconv :proj5_cn154/sneaky_mod.c [6ms]
2023-05-03 12:08:55.548 [info] > git ls-files --stage -- /home/cn154/proj5_cn154/sneaky_mod.c [3ms]
2023-05-03 12:08:55.554 [info] > git cat-file -s a49df6f5f0dca803832cb51f59965de29923c2a9 [3ms]
2023-05-03 12:08:55.675 [info] > git check-ignore -v -z --stdin [2ms]
2023-05-03 12:08:57.934 [info] > git config --get commit.template [8ms]
2023-05-03 12:08:57.934 [info] > git for-each-ref --format=%(refname)%00%(upstream:short)%00%(objectname)%00%(upstream:track)%00%(upstream:remotename)%00%(upstream:remoteref) refs/heads/master refs/remotes/master [2ms]
2023-05-03 12:08:57.960 [info] > git status -z -uall [21ms]
2023-05-03 12:09:03.796 [info] > git config --get commit.template [5ms]
2023-05-03 12:09:03.797 [info] > git for-each-ref --format=%(refname)%00%(upstream:short)%00%(objectname)%00%(upstream:track)%00%(upstream:remotename)%00%(upstream:remoteref) refs/heads/master refs/remotes/master [2ms]
2023-05-03 12:09:03.818 [info] > git status -z -uall [16ms]
2023-05-03 12:09:08.834 [info] > git config --get commit.template [5ms]
2023-05-03 12:09:08.835 [info] > git for-each-ref --format=%(refname)%00%(upstream:short)%00%(objectname)%00%(upstream:track)%00%(upstream:remotename)%00%(upstream:remoteref) refs/heads/master refs/remotes/master [2ms]
2023-05-03 12:09:08.855 [info] > git status -z -uall [16ms]
2023-05-03 12:09:13.867 [info] > git config --get commit.template [2ms]
2023-05-03 12:09:13.873 [info] > git for-each-ref --format=%(refname)%00%(upstream:short)%00%(objectname)%00%(upstream:track)%00%(upstream:remotename)%00%(upstream:remoteref) refs/heads/master refs/remotes/master [2ms]
2023-05-03 12:09:13.894 [info] > git status -z -uall [17ms]
2023-05-03 12:09:18.907 [info] > git config --get commit.template [2ms]
2023-05-03 12:09:18.913 [info] > git for-each-ref --format=%(refname)%00%(upstream:short)%00%(objectname)%00%(upstream:track)%00%(upstream:remotename)%00%(upstream:remoteref) refs/heads/master refs/remotes/master [1ms]
2023-05-03 12:09:18.934 [info] > git status -z -uall [17ms]
2023-05-03 12:09:23.945 [info] > git config --get commit.template [2ms]
2023-05-03 12:09:23.950 [info] > git for-each-ref --format=%(refname)%00%(upstream:short)%00%(objectname)%00%(upstream:track)%00%(upstream:remotename)%00%(upstream:remoteref) refs/heads/master refs/remotes/master [1ms]
2023-05-03 12:09:23.967 [info] > git status -z -uall [14ms]
2023-05-03 12:09:28.982 [info] > git config --get commit.template [5ms]
2023-05-03 12:09:28.983 [info] > git for-each-ref --format=%(refname)%00%(upstream:short)%00%(objectname)%00%(upstream:track)%00%(upstream:remotename)%00%(upstream:remoteref) refs/heads/master refs/remotes/master [2ms]
2023-05-03 12:09:29.003 [info] > git status -z -uall [16ms]
2023-05-03 12:09:34.020 [info] > git config --get commit.template [7ms]
2023-05-03 12:09:34.021 [info] > git for-each-ref --format=%(refname)%00%(upstream:short)%00%(objectname)%00%(upstream:track)%00%(upstream:remotename)%00%(upstream:remoteref) refs/heads/master refs/remotes/master [3ms]
2023-05-03 12:09:34.044 [info] > git status -z -uall [19ms]
2023-05-03 12:09:39.064 [info] > git config --get commit.template [5ms]
2023-05-03 12:09:39.065 [info] > git for-each-ref --format=%(refname)%00%(upstream:short)%00%(objectname)%00%(upstream:track)%00%(upstream:remotename)%00%(upstream:remoteref) refs/heads/master refs/remotes/master [2ms]
2023-05-03 12:09:39.086 [info] > git status -z -uall [16ms]
2023-05-03 12:09:44.100 [info] > git config --get commit.template [5ms]
2023-05-03 12:09:44.101 [info] > git for-each-ref --format=%(refname)%00%(upstream:short)%00%(objectname)%00%(upstream:track)%00%(upstream:remotename)%00%(upstream:remoteref) refs/heads/master refs/remotes/master [2ms]
2023-05-03 12:09:44.122 [info] > git status -z -uall [17ms]
2023-05-03 12:09:49.140 [info] > git config --get commit.template [5ms]
2023-05-03 12:09:49.141 [info] > git for-each-ref --format=%(refname)%00%(upstream:short)%00%(objectname)%00%(upstream:track)%00%(upstream:remotename)%00%(upstream:remoteref) refs/heads/master refs/remotes/master [1ms]
2023-05-03 12:09:49.161 [info] > git status -z -uall [17ms]
2023-05-03 12:09:54.175 [info] > git config --get commit.template [5ms]
2023-05-03 12:09:54.176 [info] > git for-each-ref --format=%(refname)%00%(upstream:short)%00%(objectname)%00%(upstream:track)%00%(upstream:remotename)%00%(upstream:remoteref) refs/heads/master refs/remotes/master [1ms]
2023-05-03 12:09:54.194 [info] > git status -z -uall [15ms]
2023-05-03 12:09:59.208 [info] > git config --get commit.template [5ms]
2023-05-03 12:09:59.209 [info] > git for-each-ref --format=%(refname)%00%(upstream:short)%00%(objectname)%00%(upstream:track)%00%(upstream:remotename)%00%(upstream:remoteref) refs/heads/master refs/remotes/master [1ms]
2023-05-03 12:09:59.230 [info] > git status -z -uall [18ms]
2023-05-03 12:10:04.246 [info] > git config --get commit.template [4ms]
2023-05-03 12:10:04.246 [info] > git for-each-ref --format=%(refname)%00%(upstream:short)%00%(objectname)%00%(upstream:track)%00%(upstream:remotename)%00%(upstream:remoteref) refs/heads/master refs/remotes/master [1ms]
2023-05-03 12:10:04.266 [info] > git status -z -uall [16ms]
2023-05-03 12:10:09.278 [info] > git config --get commit.template [2ms]
2023-05-03 12:10:09.284 [info] > git for-each-ref --format=%(refname)%00%(upstream:short)%00%(objectname)%00%(upstream:track)%00%(upstream:remotename)%00%(upstream:remoteref) refs/heads/master refs/remotes/master [2ms]
2023-05-03 12:10:09.310 [info] > git status -z -uall [22ms]
2023-05-03 12:10:14.328 [info] > git config --get commit.template [5ms]
2023-05-03 12:10:14.328 [info] > git for-each-ref --format=%(refname)%00%(upstream:short)%00%(objectname)%00%(upstream:track)%00%(upstream:remotename)%00%(upstream:remoteref) refs/heads/master refs/remotes/master [1ms]
2023-05-03 12:10:14.346 [info] > git status -z -uall [14ms]
2023-05-03 12:10:19.363 [info] > git config --get commit.template [6ms]
2023-05-03 12:10:19.364 [info] > git for-each-ref --format=%(refname)%00%(upstream:short)%00%(objectname)%00%(upstream:track)%00%(upstream:remotename)%00%(upstream:remoteref) refs/heads/master refs/remotes/master [1ms]
2023-05-03 12:10:19.382 [info] > git status -z -uall [14ms]
2023-05-03 12:10:24.399 [info] > git config --get commit.template [5ms]
2023-05-03 12:10:24.400 [info] > git for-each-ref --format=%(refname)%00%(upstream:short)%00%(objectname)%00%(upstream:track)%00%(upstream:remotename)%00%(upstream:remoteref) refs/heads/master refs/remotes/master [1ms]
2023-05-03 12:10:24.421 [info] > git status -z -uall [16ms]
2023-05-03 12:10:32.336 [info] > git config --get commit.template [6ms]
2023-05-03 12:10:32.337 [info] > git for-each-ref --format=%(refname)%00%(upstream:short)%00%(objectname)%00%(upstream:track)%00%(upstream:remotename)%00%(upstream:remoteref) refs/heads/master refs/remotes/master [1ms]
2023-05-03 12:10:32.356 [info] > git status -z -uall [15ms]
2023-05-03 12:10:37.370 [info] > git config --get commit.template [2ms]
2023-05-03 12:10:37.379 [info] > git for-each-ref --format=%(refname)%00%(upstream:short)%00%(objectname)%00%(upstream:track)%00%(upstream:remotename)%00%(upstream:remoteref) refs/heads/master refs/remotes/master [4ms]
2023-05-03 12:10:37.401 [info] > git status -z -uall [18ms]
2023-05-03 12:10:42.415 [info] > git config --get commit.template [5ms]
2023-05-03 12:10:42.415 [info] > git for-each-ref --format=%(refname)%00%(upstream:short)%00%(objectname)%00%(upstream:track)%00%(upstream:remotename)%00%(upstream:remoteref) refs/heads/master refs/remotes/master [1ms]
2023-05-03 12:10:42.434 [info] > git status -z -uall [15ms]
2023-05-03 12:10:47.451 [info] > git config --get commit.template [6ms]
2023-05-03 12:10:47.452 [info] > git for-each-ref --format=%(refname)%00%(upstream:short)%00%(objectname)%00%(upstream:track)%00%(upstream:remotename)%00%(upstream:remoteref) refs/heads/master refs/remotes/master [2ms]
2023-05-03 12:10:47.473 [info] > git status -z -uall [17ms]
2023-05-03 12:10:52.490 [info] > git config --get commit.template [4ms]
2023-05-03 12:10:52.491 [info] > git for-each-ref --format=%(refname)%00%(upstream:short)%00%(objectname)%00%(upstream:track)%00%(upstream:remotename)%00%(upstream:remoteref) refs/heads/master refs/remotes/master [2ms]
2023-05-03 12:10:52.512 [info] > git status -z -uall [18ms]
2023-05-03 12:10:57.529 [info] > git config --get commit.template [7ms]
2023-05-03 12:10:57.531 [info] > git for-each-ref --format=%(refname)%00%(upstream:short)%00%(objectname)%00%(upstream:track)%00%(upstream:remotename)%00%(upstream:remoteref) refs/heads/master refs/remotes/master [3ms]
2023-05-03 12:10:57.554 [info] > git status -z -uall [18ms]
2023-05-03 12:10:59.605 [info] > git check-ignore -v -z --stdin [2ms]
2023-05-03 12:11:02.569 [info] > git config --get commit.template [2ms]
2023-05-03 12:11:02.576 [info] > git for-each-ref --format=%(refname)%00%(upstream:short)%00%(objectname)%00%(upstream:track)%00%(upstream:remotename)%00%(upstream:remoteref) refs/heads/master refs/remotes/master [1ms]
2023-05-03 12:11:02.598 [info] > git status -z -uall [17ms]
2023-05-03 12:11:10.371 [info] > git for-each-ref --format=%(refname)%00%(upstream:short)%00%(objectname)%00%(upstream:track)%00%(upstream:remotename)%00%(upstream:remoteref) refs/heads/master refs/remotes/master [1ms]
2023-05-03 12:11:10.371 [info] > git config --get commit.template [7ms]
2023-05-03 12:11:10.419 [info] > git status -z -uall [16ms]
2023-05-03 12:11:15.434 [info] > git config --get commit.template [6ms]
2023-05-03 12:11:15.434 [info] > git for-each-ref --format=%(refname)%00%(upstream:short)%00%(objectname)%00%(upstream:track)%00%(upstream:remotename)%00%(upstream:remoteref) refs/heads/master refs/remotes/master [1ms]
2023-05-03 12:11:15.452 [info] > git status -z -uall [14ms]
2023-05-03 12:11:27.966 [info] > git config --get commit.template [5ms]
2023-05-03 12:11:27.967 [info] > git for-each-ref --format=%(refname)%00%(upstream:short)%00%(objectname)%00%(upstream:track)%00%(upstream:remotename)%00%(upstream:remoteref) refs/heads/master refs/remotes/master [2ms]
2023-05-03 12:11:27.988 [info] > git status -z -uall [18ms]
2023-05-03 12:11:33.002 [info] > git config --get commit.template [5ms]
2023-05-03 12:11:33.003 [info] > git for-each-ref --format=%(refname)%00%(upstream:short)%00%(objectname)%00%(upstream:track)%00%(upstream:remotename)%00%(upstream:remoteref) refs/heads/master refs/remotes/master [2ms]
2023-05-03 12:11:33.022 [info] > git status -z -uall [15ms]
2023-05-03 12:11:37.661 [info] > git show --textconv :proj5_cn154/sneaky_process.c [7ms]
2023-05-03 12:11:37.665 [info] > git ls-files --stage -- /home/cn154/proj5_cn154/sneaky_process.c [5ms]
2023-05-03 12:11:37.674 [info] > git cat-file -s 7d77b7cb7b3ec3d7c68f4b0605d02208c9b6d4b4 [3ms]
2023-05-03 12:11:38.038 [info] > git config --get commit.template [6ms]
2023-05-03 12:11:38.038 [info] > git for-each-ref --format=%(refname)%00%(upstream:short)%00%(objectname)%00%(upstream:track)%00%(upstream:remotename)%00%(upstream:remoteref) refs/heads/master refs/remotes/master [1ms]
2023-05-03 12:11:38.058 [info] > git status -z -uall [15ms]
2023-05-03 12:11:43.073 [info] > git config --get commit.template [4ms]
2023-05-03 12:11:43.073 [info] > git for-each-ref --format=%(refname)%00%(upstream:short)%00%(objectname)%00%(upstream:track)%00%(upstream:remotename)%00%(upstream:remoteref) refs/heads/master refs/remotes/master [1ms]
2023-05-03 12:11:43.094 [info] > git status -z -uall [16ms]
2023-05-03 12:11:49.950 [info] > git config --get commit.template [2ms]
2023-05-03 12:11:49.957 [info] > git for-each-ref --format=%(refname)%00%(upstream:short)%00%(objectname)%00%(upstream:track)%00%(upstream:remotename)%00%(upstream:remoteref) refs/heads/master refs/remotes/master [1ms]
2023-05-03 12:11:49.978 [info] > git status -z -uall [17ms]
2023-05-03 12:11:54.996 [info] > git config --get commit.template [6ms]
2023-05-03 12:11:54.999 [info] > git for-each-ref --format=%(refname)%00%(upstream:short)%00%(objectname)%00%(upstream:track)%00%(upstream:remotename)%00%(upstream:remoteref) refs/heads/master refs/remotes/master [4ms]
2023-05-03 12:11:55.019 [info] > git status -z -uall [16ms]
2023-05-03 12:12:00.034 [info] > git config --get commit.template [6ms]
2023-05-03 12:12:00.034 [info] > git for-each-ref --format=%(refname)%00%(upstream:short)%00%(objectname)%00%(upstream:track)%00%(upstream:remotename)%00%(upstream:remoteref) refs/heads/master refs/remotes/master [1ms]
2023-05-03 12:12:00.052 [info] > git status -z -uall [14ms]
2023-05-03 12:12:05.066 [info] > git config --get commit.template [5ms]
2023-05-03 12:12:05.067 [info] > git for-each-ref --format=%(refname)%00%(upstream:short)%00%(objectname)%00%(upstream:track)%00%(upstream:remotename)%00%(upstream:remoteref) refs/heads/master refs/remotes/master [1ms]
2023-05-03 12:12:05.087 [info] > git status -z -uall [16ms]
