2023-05-02 17:47:54.388 [info] Log level: Info
2023-05-02 17:47:54.388 [info] Validating found git in: "git"
2023-05-02 17:47:54.388 [info] Using git "2.25.1" from "git"
2023-05-02 17:47:54.388 [info] > git rev-parse --show-toplevel [50ms]
2023-05-02 17:47:54.388 [info] > git rev-parse --git-dir --git-common-dir [2ms]
2023-05-02 17:47:54.388 [info] Open repository: /home/cn154
2023-05-02 17:47:54.389 [info] > git config --get commit.template [6ms]
2023-05-02 17:47:54.389 [info] > git rev-parse --show-toplevel [12ms]
2023-05-02 17:47:54.389 [info] > git rev-parse --show-toplevel [2ms]
2023-05-02 17:47:54.389 [info] > git rev-parse --show-toplevel [5ms]
2023-05-02 17:47:54.389 [info] > git for-each-ref --format=%(refname)%00%(upstream:short)%00%(objectname)%00%(upstream:track)%00%(upstream:remotename)%00%(upstream:remoteref) refs/heads/master refs/remotes/master [29ms]
2023-05-02 17:47:54.389 [info] > git rev-parse --show-toplevel [32ms]
2023-05-02 17:47:54.389 [info] > git rev-parse --show-toplevel [5ms]
2023-05-02 17:47:54.389 [info] > git rev-parse --show-toplevel [1ms]
2023-05-02 17:47:54.389 [info] > git status -z -uall [37ms]
2023-05-02 17:47:54.389 [info] > git config --get commit.template [2ms]
2023-05-02 17:47:54.389 [info] > git for-each-ref --format=%(refname)%00%(upstream:short)%00%(objectname)%00%(upstream:track)%00%(upstream:remotename)%00%(upstream:remoteref) refs/heads/master refs/remotes/master [3ms]
2023-05-02 17:47:54.626 [info] > git status -z -uall [239ms]
2023-05-02 17:47:54.887 [info] > git show --textconv :proj5_cn154/sneaky_mod.c [155ms]
2023-05-02 17:47:54.888 [info] > git ls-files --stage -- /home/cn154/proj5_cn154/sneaky_mod.c [149ms]
2023-05-02 17:47:54.901 [info] > git check-ignore -v -z --stdin [2ms]
2023-05-02 17:47:54.902 [info] > git cat-file -s a6b254504b9ff4c55e7312336779cfb7d095e9e8 [9ms]
2023-05-02 17:47:56.767 [info] > git config --get commit.template [7ms]
2023-05-02 17:47:56.767 [info] > git for-each-ref --format=%(refname)%00%(upstream:short)%00%(objectname)%00%(upstream:track)%00%(upstream:remotename)%00%(upstream:remoteref) refs/heads/master refs/remotes/master [2ms]
2023-05-02 17:47:56.792 [info] > git status -z -uall [21ms]
2023-05-02 17:48:01.435 [info] > git config --get commit.template [5ms]
2023-05-02 17:48:01.436 [info] > git for-each-ref --format=%(refname)%00%(upstream:short)%00%(objectname)%00%(upstream:track)%00%(upstream:remotename)%00%(upstream:remoteref) refs/heads/master refs/remotes/master [2ms]
2023-05-02 17:48:01.463 [info] > git status -z -uall [22ms]
2023-05-02 17:48:06.523 [info] > git config --get commit.template [6ms]
2023-05-02 17:48:06.523 [info] > git for-each-ref --format=%(refname)%00%(upstream:short)%00%(objectname)%00%(upstream:track)%00%(upstream:remotename)%00%(upstream:remoteref) refs/heads/master refs/remotes/master [1ms]
2023-05-02 17:48:06.547 [info] > git status -z -uall [20ms]
2023-05-02 17:48:10.051 [info] > git check-ignore -v -z --stdin [8ms]
2023-05-02 17:48:11.602 [info] > git config --get commit.template [2ms]
2023-05-02 17:48:11.612 [info] > git for-each-ref --format=%(refname)%00%(upstream:short)%00%(objectname)%00%(upstream:track)%00%(upstream:remotename)%00%(upstream:remoteref) refs/heads/master refs/remotes/master [3ms]
2023-05-02 17:48:11.637 [info] > git status -z -uall [21ms]
2023-05-02 17:48:16.707 [info] > git config --get commit.template [8ms]
2023-05-02 17:48:16.708 [info] > git for-each-ref --format=%(refname)%00%(upstream:short)%00%(objectname)%00%(upstream:track)%00%(upstream:remotename)%00%(upstream:remoteref) refs/heads/master refs/remotes/master [3ms]
2023-05-02 17:48:16.737 [info] > git status -z -uall [24ms]
2023-05-02 17:48:21.803 [info] > git config --get commit.template [6ms]
2023-05-02 17:48:21.803 [info] > git for-each-ref --format=%(refname)%00%(upstream:short)%00%(objectname)%00%(upstream:track)%00%(upstream:remotename)%00%(upstream:remoteref) refs/heads/master refs/remotes/master [2ms]
2023-05-02 17:48:21.832 [info] > git status -z -uall [21ms]
2023-05-02 17:48:33.737 [info] > git config --get commit.template [5ms]
2023-05-02 17:48:33.738 [info] > git for-each-ref --format=%(refname)%00%(upstream:short)%00%(objectname)%00%(upstream:track)%00%(upstream:remotename)%00%(upstream:remoteref) refs/heads/master refs/remotes/master [1ms]
2023-05-02 17:48:33.761 [info] > git status -z -uall [20ms]
2023-05-02 17:48:35.920 [info] > git show --textconv :proj5_cn154/sneaky_process.c [8ms]
2023-05-02 17:48:35.924 [info] > git ls-files --stage -- /home/cn154/proj5_cn154/sneaky_process.c [5ms]
2023-05-02 17:48:35.930 [info] > git cat-file -s c93570caae4aa65e1c3877cb8c6be76b0a69ac5a [2ms]
2023-05-02 17:48:38.818 [info] > git config --get commit.template [2ms]
2023-05-02 17:48:38.824 [info] > git for-each-ref --format=%(refname)%00%(upstream:short)%00%(objectname)%00%(upstream:track)%00%(upstream:remotename)%00%(upstream:remoteref) refs/heads/master refs/remotes/master [2ms]
2023-05-02 17:48:38.846 [info] > git status -z -uall [18ms]
2023-05-02 17:48:43.899 [info] > git config --get commit.template [2ms]
2023-05-02 17:48:43.905 [info] > git for-each-ref --format=%(refname)%00%(upstream:short)%00%(objectname)%00%(upstream:track)%00%(upstream:remotename)%00%(upstream:remoteref) refs/heads/master refs/remotes/master [1ms]
2023-05-02 17:48:43.927 [info] > git status -z -uall [18ms]
2023-05-02 17:48:49.428 [info] > git config --get commit.template [7ms]
2023-05-02 17:48:49.431 [info] > git for-each-ref --format=%(refname)%00%(upstream:short)%00%(objectname)%00%(upstream:track)%00%(upstream:remotename)%00%(upstream:remoteref) refs/heads/master refs/remotes/master [3ms]
2023-05-02 17:48:49.460 [info] > git status -z -uall [22ms]
2023-05-02 17:48:54.524 [info] > git config --get commit.template [7ms]
2023-05-02 17:48:54.524 [info] > git for-each-ref --format=%(refname)%00%(upstream:short)%00%(objectname)%00%(upstream:track)%00%(upstream:remotename)%00%(upstream:remoteref) refs/heads/master refs/remotes/master [1ms]
2023-05-02 17:48:54.549 [info] > git status -z -uall [20ms]
2023-05-02 17:49:01.577 [info] > git config --get commit.template [6ms]
2023-05-02 17:49:01.577 [info] > git for-each-ref --format=%(refname)%00%(upstream:short)%00%(objectname)%00%(upstream:track)%00%(upstream:remotename)%00%(upstream:remoteref) refs/heads/master refs/remotes/master [1ms]
2023-05-02 17:49:01.601 [info] > git status -z -uall [20ms]
2023-05-02 17:49:06.661 [info] > git config --get commit.template [8ms]
2023-05-02 17:49:06.662 [info] > git for-each-ref --format=%(refname)%00%(upstream:short)%00%(objectname)%00%(upstream:track)%00%(upstream:remotename)%00%(upstream:remoteref) refs/heads/master refs/remotes/master [2ms]
2023-05-02 17:49:06.695 [info] > git status -z -uall [27ms]
2023-05-02 17:49:11.751 [info] > git config --get commit.template [6ms]
2023-05-02 17:49:11.751 [info] > git for-each-ref --format=%(refname)%00%(upstream:short)%00%(objectname)%00%(upstream:track)%00%(upstream:remotename)%00%(upstream:remoteref) refs/heads/master refs/remotes/master [1ms]
2023-05-02 17:49:11.775 [info] > git status -z -uall [20ms]
2023-05-02 17:49:16.836 [info] > git config --get commit.template [7ms]
2023-05-02 17:49:16.836 [info] > git for-each-ref --format=%(refname)%00%(upstream:short)%00%(objectname)%00%(upstream:track)%00%(upstream:remotename)%00%(upstream:remoteref) refs/heads/master refs/remotes/master [1ms]
2023-05-02 17:49:16.865 [info] > git status -z -uall [22ms]
2023-05-02 17:49:21.924 [info] > git config --get commit.template [8ms]
2023-05-02 17:49:21.926 [info] > git for-each-ref --format=%(refname)%00%(upstream:short)%00%(objectname)%00%(upstream:track)%00%(upstream:remotename)%00%(upstream:remoteref) refs/heads/master refs/remotes/master [2ms]
2023-05-02 17:49:21.950 [info] > git status -z -uall [20ms]
2023-05-02 17:49:27.001 [info] > git config --get commit.template [5ms]
2023-05-02 17:49:27.002 [info] > git for-each-ref --format=%(refname)%00%(upstream:short)%00%(objectname)%00%(upstream:track)%00%(upstream:remotename)%00%(upstream:remoteref) refs/heads/master refs/remotes/master [2ms]
2023-05-02 17:49:27.025 [info] > git status -z -uall [20ms]
2023-05-02 17:49:32.077 [info] > git config --get commit.template [1ms]
2023-05-02 17:49:32.086 [info] > git for-each-ref --format=%(refname)%00%(upstream:short)%00%(objectname)%00%(upstream:track)%00%(upstream:remotename)%00%(upstream:remoteref) refs/heads/master refs/remotes/master [2ms]
2023-05-02 17:49:32.108 [info] > git status -z -uall [19ms]
2023-05-02 17:49:37.165 [info] > git config --get commit.template [5ms]
2023-05-02 17:49:37.166 [info] > git for-each-ref --format=%(refname)%00%(upstream:short)%00%(objectname)%00%(upstream:track)%00%(upstream:remotename)%00%(upstream:remoteref) refs/heads/master refs/remotes/master [2ms]
2023-05-02 17:49:37.194 [info] > git status -z -uall [22ms]
2023-05-02 17:49:42.249 [info] > git config --get commit.template [10ms]
2023-05-02 17:49:42.249 [info] > git for-each-ref --format=%(refname)%00%(upstream:short)%00%(objectname)%00%(upstream:track)%00%(upstream:remotename)%00%(upstream:remoteref) refs/heads/master refs/remotes/master [1ms]
2023-05-02 17:49:42.273 [info] > git status -z -uall [20ms]
2023-05-02 17:49:47.334 [info] > git config --get commit.template [14ms]
2023-05-02 17:49:47.336 [info] > git for-each-ref --format=%(refname)%00%(upstream:short)%00%(objectname)%00%(upstream:track)%00%(upstream:remotename)%00%(upstream:remoteref) refs/heads/master refs/remotes/master [3ms]
2023-05-02 17:49:47.364 [info] > git status -z -uall [21ms]
2023-05-02 17:49:52.417 [info] > git config --get commit.template [8ms]
2023-05-02 17:49:52.419 [info] > git for-each-ref --format=%(refname)%00%(upstream:short)%00%(objectname)%00%(upstream:track)%00%(upstream:remotename)%00%(upstream:remoteref) refs/heads/master refs/remotes/master [3ms]
2023-05-02 17:49:52.446 [info] > git status -z -uall [21ms]
2023-05-02 17:49:57.501 [info] > git config --get commit.template [6ms]
2023-05-02 17:49:57.502 [info] > git for-each-ref --format=%(refname)%00%(upstream:short)%00%(objectname)%00%(upstream:track)%00%(upstream:remotename)%00%(upstream:remoteref) refs/heads/master refs/remotes/master [1ms]
2023-05-02 17:49:57.525 [info] > git status -z -uall [20ms]
2023-05-02 17:49:58.803 [info] > git check-ignore -v -z --stdin [4ms]
2023-05-02 17:50:00.819 [info] > git check-ignore -v -z --stdin [6ms]
2023-05-02 17:50:02.576 [info] > git config --get commit.template [6ms]
2023-05-02 17:50:02.576 [info] > git for-each-ref --format=%(refname)%00%(upstream:short)%00%(objectname)%00%(upstream:track)%00%(upstream:remotename)%00%(upstream:remoteref) refs/heads/master refs/remotes/master [1ms]
2023-05-02 17:50:02.601 [info] > git status -z -uall [20ms]
2023-05-02 17:50:02.667 [info] > git check-ignore -v -z --stdin [17ms]
2023-05-02 17:50:03.485 [info] > git check-ignore -v -z --stdin [14ms]
2023-05-02 17:50:06.610 [info] > git show --textconv :proj5_cn154/sneaky_mod.mod.c [7ms]
2023-05-02 17:50:06.616 [info] > git ls-files --stage -- /home/cn154/proj5_cn154/sneaky_mod.mod.c [7ms]
2023-05-02 17:50:06.626 [info] > git cat-file -s f26ec565467558e12b8f060b8bda8accedc0d17f [3ms]
2023-05-02 17:50:07.661 [info] > git config --get commit.template [7ms]
2023-05-02 17:50:07.662 [info] > git for-each-ref --format=%(refname)%00%(upstream:short)%00%(objectname)%00%(upstream:track)%00%(upstream:remotename)%00%(upstream:remoteref) refs/heads/master refs/remotes/master [2ms]
2023-05-02 17:50:07.686 [info] > git status -z -uall [19ms]
2023-05-02 17:50:12.736 [info] > git config --get commit.template [7ms]
2023-05-02 17:50:12.738 [info] > git for-each-ref --format=%(refname)%00%(upstream:short)%00%(objectname)%00%(upstream:track)%00%(upstream:remotename)%00%(upstream:remoteref) refs/heads/master refs/remotes/master [3ms]
2023-05-02 17:50:12.763 [info] > git status -z -uall [20ms]
