2023-05-02 12:57:36.605 [info] Log level: Info
2023-05-02 12:57:36.606 [info] Validating found git in: "git"
2023-05-02 12:57:36.606 [info] Using git "2.25.1" from "git"
2023-05-02 12:57:36.606 [info] > git rev-parse --show-toplevel [8ms]
2023-05-02 12:57:36.606 [info] fatal: not a git repository (or any of the parent directories): .git
2023-05-02 12:57:36.606 [info] > git rev-parse --show-toplevel [1ms]
2023-05-02 12:57:36.606 [info] fatal: not a git repository (or any of the parent directories): .git
2023-05-02 12:57:36.606 [info] > git rev-parse --show-toplevel [1ms]
2023-05-02 12:57:36.606 [info] fatal: not a git repository (or any of the parent directories): .git
2023-05-02 12:57:36.606 [info] > git rev-parse --show-toplevel [1ms]
2023-05-02 12:57:36.606 [info] fatal: not a git repository (or any of the parent directories): .git
2023-05-02 12:57:36.606 [info] > git rev-parse --show-toplevel [0ms]
2023-05-02 12:57:36.606 [info] fatal: not a git repository (or any of the parent directories): .git
2023-05-02 12:57:36.606 [info] > git rev-parse --show-toplevel [1ms]
2023-05-02 12:57:36.606 [info] fatal: not a git repository (or any of the parent directories): .git
2023-05-02 12:57:36.606 [info] > git rev-parse --show-toplevel [5ms]
2023-05-02 12:57:36.606 [info] fatal: not a git repository (or any of the parent directories): .git
2023-05-02 12:57:36.606 [info] > git rev-parse --show-toplevel [1ms]
2023-05-02 12:57:36.606 [info] fatal: not a git repository (or any of the parent directories): .git
2023-05-02 12:57:36.606 [info] > git rev-parse --show-toplevel [1ms]
2023-05-02 12:57:36.606 [info] fatal: not a git repository (or any of the parent directories): .git
2023-05-02 12:57:36.606 [info] > git rev-parse --show-toplevel [1ms]
2023-05-02 12:57:36.606 [info] fatal: not a git repository (or any of the parent directories): .git
2023-05-02 12:57:36.606 [info] > git rev-parse --show-toplevel [1ms]
2023-05-02 12:57:36.606 [info] fatal: not a git repository (or any of the parent directories): .git
2023-05-02 12:57:36.606 [info] > git rev-parse --show-toplevel [1ms]
2023-05-02 12:57:36.606 [info] fatal: not a git repository (or any of the parent directories): .git
2023-05-02 12:57:36.606 [info] > git rev-parse --show-toplevel [0ms]
2023-05-02 12:57:36.606 [info] fatal: not a git repository (or any of the parent directories): .git
2023-05-02 12:57:36.606 [info] > git rev-parse --show-toplevel [1ms]
2023-05-02 12:57:36.606 [info] fatal: not a git repository (or any of the parent directories): .git
2023-05-02 12:57:36.606 [info] > git rev-parse --show-toplevel [1ms]
2023-05-02 12:57:36.606 [info] fatal: not a git repository (or any of the parent directories): .git
2023-05-02 12:57:36.606 [info] > git rev-parse --show-toplevel [0ms]
2023-05-02 12:57:36.606 [info] fatal: not a git repository (or any of the parent directories): .git
2023-05-02 12:57:36.606 [info] > git rev-parse --show-toplevel [1ms]
2023-05-02 12:57:36.606 [info] fatal: not a git repository (or any of the parent directories): .git
2023-05-02 12:57:36.606 [info] > git rev-parse --show-toplevel [1ms]
2023-05-02 12:57:36.606 [info] fatal: not a git repository (or any of the parent directories): .git
2023-05-02 12:57:36.606 [info] > git rev-parse --show-toplevel [1ms]
2023-05-02 12:57:36.606 [info] fatal: not a git repository (or any of the parent directories): .git
2023-05-02 12:57:36.606 [info] > git rev-parse --show-toplevel [1ms]
2023-05-02 12:57:36.606 [info] fatal: not a git repository (or any of the parent directories): .git
2023-05-02 12:57:36.606 [info] > git rev-parse --show-toplevel [0ms]
2023-05-02 12:57:36.606 [info] fatal: not a git repository (or any of the parent directories): .git
2023-05-02 12:57:36.606 [info] > git rev-parse --show-toplevel [1ms]
2023-05-02 12:57:36.606 [info] fatal: not a git repository (or any of the parent directories): .git
2023-05-02 12:57:36.606 [info] > git rev-parse --show-toplevel [1ms]
2023-05-02 12:57:36.606 [info] fatal: not a git repository (or any of the parent directories): .git
2023-05-02 12:57:36.606 [info] > git rev-parse --show-toplevel [1ms]
2023-05-02 12:57:36.606 [info] fatal: not a git repository (or any of the parent directories): .git
2023-05-02 12:57:36.606 [info] > git rev-parse --show-toplevel [2ms]
2023-05-02 12:57:36.606 [info] fatal: not a git repository (or any of the parent directories): .git
2023-05-02 12:57:36.607 [info] > git rev-parse --show-toplevel [1ms]
2023-05-02 12:57:36.607 [info] fatal: not a git repository (or any of the parent directories): .git
2023-05-02 12:57:36.610 [info] > git rev-parse --show-toplevel [1ms]
2023-05-02 12:57:36.610 [info] fatal: not a git repository (or any of the parent directories): .git
2023-05-02 12:57:36.613 [info] > git rev-parse --show-toplevel [1ms]
2023-05-02 12:57:36.613 [info] fatal: not a git repository (or any of the parent directories): .git
2023-05-02 12:57:36.616 [info] > git rev-parse --show-toplevel [0ms]
2023-05-02 12:57:36.616 [info] fatal: not a git repository (or any of the parent directories): .git
2023-05-02 12:57:36.620 [info] > git rev-parse --show-toplevel [1ms]
2023-05-02 12:57:36.620 [info] fatal: not a git repository (or any of the parent directories): .git
2023-05-02 12:57:36.623 [info] > git rev-parse --show-toplevel [1ms]
2023-05-02 12:57:36.623 [info] fatal: not a git repository (or any of the parent directories): .git
2023-05-02 12:57:36.626 [info] > git rev-parse --show-toplevel [1ms]
2023-05-02 12:57:36.626 [info] fatal: not a git repository (or any of the parent directories): .git
2023-05-02 12:57:36.629 [info] > git rev-parse --show-toplevel [1ms]
2023-05-02 12:57:36.629 [info] fatal: not a git repository (or any of the parent directories): .git
2023-05-02 12:57:36.633 [info] > git rev-parse --show-toplevel [0ms]
2023-05-02 12:57:36.633 [info] fatal: not a git repository (or any of the parent directories): .git
2023-05-02 12:57:36.636 [info] > git rev-parse --show-toplevel [1ms]
2023-05-02 12:57:36.636 [info] fatal: not a git repository (or any of the parent directories): .git
2023-05-02 12:57:36.639 [info] > git rev-parse --show-toplevel [1ms]
2023-05-02 12:57:36.639 [info] fatal: not a git repository (or any of the parent directories): .git
2023-05-02 12:57:36.643 [info] > git rev-parse --show-toplevel [1ms]
2023-05-02 12:57:36.643 [info] fatal: not a git repository (or any of the parent directories): .git
2023-05-02 12:57:36.646 [info] > git rev-parse --show-toplevel [1ms]
2023-05-02 12:57:36.646 [info] fatal: not a git repository (or any of the parent directories): .git
2023-05-02 12:57:36.649 [info] > git rev-parse --show-toplevel [1ms]
2023-05-02 12:57:36.649 [info] fatal: not a git repository (or any of the parent directories): .git
2023-05-02 12:57:36.652 [info] > git rev-parse --show-toplevel [1ms]
2023-05-02 12:57:36.652 [info] fatal: not a git repository (or any of the parent directories): .git
2023-05-02 12:57:36.656 [info] > git rev-parse --show-toplevel [0ms]
2023-05-02 12:57:36.656 [info] fatal: not a git repository (or any of the parent directories): .git
2023-05-02 12:57:36.659 [info] > git rev-parse --show-toplevel [1ms]
2023-05-02 12:57:36.659 [info] fatal: not a git repository (or any of the parent directories): .git
2023-05-02 12:57:36.662 [info] > git rev-parse --show-toplevel [1ms]
2023-05-02 12:57:36.662 [info] fatal: not a git repository (or any of the parent directories): .git
2023-05-02 12:57:36.667 [info] > git rev-parse --show-toplevel [2ms]
2023-05-02 12:57:36.667 [info] fatal: not a git repository (or any of the parent directories): .git
2023-05-02 12:57:36.671 [info] > git rev-parse --show-toplevel [1ms]
2023-05-02 12:57:36.671 [info] fatal: not a git repository (or any of the parent directories): .git
2023-05-02 12:57:36.674 [info] > git rev-parse --show-toplevel [1ms]
2023-05-02 12:57:36.674 [info] fatal: not a git repository (or any of the parent directories): .git
2023-05-02 12:57:36.678 [info] > git rev-parse --show-toplevel [0ms]
2023-05-02 12:57:36.678 [info] fatal: not a git repository (or any of the parent directories): .git
2023-05-02 12:57:36.681 [info] > git rev-parse --show-toplevel [1ms]
2023-05-02 12:57:36.681 [info] fatal: not a git repository (or any of the parent directories): .git
2023-05-02 12:57:36.685 [info] > git rev-parse --show-toplevel [0ms]
2023-05-02 12:57:36.685 [info] fatal: not a git repository (or any of the parent directories): .git
2023-05-02 12:57:36.688 [info] > git rev-parse --show-toplevel [1ms]
2023-05-02 12:57:36.688 [info] fatal: not a git repository (or any of the parent directories): .git
2023-05-02 12:57:36.691 [info] > git rev-parse --show-toplevel [1ms]
2023-05-02 12:57:36.691 [info] fatal: not a git repository (or any of the parent directories): .git
2023-05-02 12:57:36.694 [info] > git rev-parse --show-toplevel [1ms]
2023-05-02 12:57:36.694 [info] fatal: not a git repository (or any of the parent directories): .git
2023-05-02 12:57:36.697 [info] > git rev-parse --show-toplevel [1ms]
2023-05-02 12:57:36.697 [info] fatal: not a git repository (or any of the parent directories): .git
2023-05-02 12:57:36.703 [info] > git rev-parse --show-toplevel [2ms]
2023-05-02 12:57:36.703 [info] fatal: not a git repository (or any of the parent directories): .git
2023-05-02 12:57:36.710 [info] > git rev-parse --show-toplevel [3ms]
2023-05-02 12:57:36.710 [info] fatal: not a git repository (or any of the parent directories): .git
2023-05-02 12:57:36.713 [info] > git rev-parse --show-toplevel [1ms]
2023-05-02 12:57:36.713 [info] fatal: not a git repository (or any of the parent directories): .git
2023-05-02 12:57:36.721 [info] > git rev-parse --show-toplevel [5ms]
2023-05-02 12:57:36.721 [info] fatal: not a git repository (or any of the parent directories): .git
2023-05-02 12:57:36.725 [info] > git rev-parse --show-toplevel [1ms]
2023-05-02 12:57:36.725 [info] fatal: not a git repository (or any of the parent directories): .git
2023-05-02 12:57:36.729 [info] > git rev-parse --show-toplevel [1ms]
2023-05-02 12:57:36.729 [info] fatal: not a git repository (or any of the parent directories): .git
2023-05-02 12:57:36.733 [info] > git rev-parse --show-toplevel [1ms]
2023-05-02 12:57:36.733 [info] fatal: not a git repository (or any of the parent directories): .git
2023-05-02 12:57:36.737 [info] > git rev-parse --show-toplevel [1ms]
2023-05-02 12:57:36.737 [info] fatal: not a git repository (or any of the parent directories): .git
2023-05-02 12:57:36.741 [info] > git rev-parse --show-toplevel [1ms]
2023-05-02 12:57:36.741 [info] fatal: not a git repository (or any of the parent directories): .git
2023-05-02 12:57:36.745 [info] > git rev-parse --show-toplevel [0ms]
2023-05-02 12:57:36.745 [info] fatal: not a git repository (or any of the parent directories): .git
2023-05-02 12:57:36.748 [info] > git rev-parse --show-toplevel [0ms]
2023-05-02 12:57:36.748 [info] fatal: not a git repository (or any of the parent directories): .git
2023-05-02 12:57:36.752 [info] > git rev-parse --show-toplevel [1ms]
2023-05-02 12:57:36.752 [info] fatal: not a git repository (or any of the parent directories): .git
2023-05-02 12:57:36.756 [info] > git rev-parse --show-toplevel [1ms]
2023-05-02 12:57:36.756 [info] fatal: not a git repository (or any of the parent directories): .git
2023-05-02 12:57:36.759 [info] > git rev-parse --show-toplevel [0ms]
2023-05-02 12:57:36.759 [info] fatal: not a git repository (or any of the parent directories): .git
2023-05-02 12:57:36.763 [info] > git rev-parse --show-toplevel [1ms]
2023-05-02 12:57:36.763 [info] fatal: not a git repository (or any of the parent directories): .git
2023-05-02 12:57:36.766 [info] > git rev-parse --show-toplevel [0ms]
2023-05-02 12:57:36.766 [info] fatal: not a git repository (or any of the parent directories): .git
2023-05-02 12:57:36.770 [info] > git rev-parse --show-toplevel [1ms]
2023-05-02 12:57:36.770 [info] fatal: not a git repository (or any of the parent directories): .git
2023-05-02 12:57:36.773 [info] > git rev-parse --show-toplevel [1ms]
2023-05-02 12:57:36.773 [info] fatal: not a git repository (or any of the parent directories): .git
2023-05-02 12:57:36.777 [info] > git rev-parse --show-toplevel [1ms]
2023-05-02 12:57:36.777 [info] fatal: not a git repository (or any of the parent directories): .git
2023-05-02 12:57:36.783 [info] > git rev-parse --show-toplevel [2ms]
2023-05-02 12:57:36.783 [info] fatal: not a git repository (or any of the parent directories): .git
2023-05-02 12:57:36.787 [info] > git rev-parse --show-toplevel [1ms]
2023-05-02 12:57:36.787 [info] fatal: not a git repository (or any of the parent directories): .git
2023-05-02 12:57:36.791 [info] > git rev-parse --show-toplevel [1ms]
2023-05-02 12:57:36.791 [info] fatal: not a git repository (or any of the parent directories): .git
2023-05-02 12:57:36.795 [info] > git rev-parse --show-toplevel [0ms]
2023-05-02 12:57:36.795 [info] fatal: not a git repository (or any of the parent directories): .git
2023-05-02 12:57:36.798 [info] > git rev-parse --show-toplevel [1ms]
2023-05-02 12:57:36.798 [info] fatal: not a git repository (or any of the parent directories): .git
2023-05-02 12:57:36.802 [info] > git rev-parse --show-toplevel [1ms]
2023-05-02 12:57:36.802 [info] fatal: not a git repository (or any of the parent directories): .git
2023-05-02 12:57:36.806 [info] > git rev-parse --show-toplevel [0ms]
2023-05-02 12:57:36.806 [info] fatal: not a git repository (or any of the parent directories): .git
2023-05-02 12:57:36.809 [info] > git rev-parse --show-toplevel [1ms]
2023-05-02 12:57:36.809 [info] fatal: not a git repository (or any of the parent directories): .git
2023-05-02 12:57:36.813 [info] > git rev-parse --show-toplevel [0ms]
2023-05-02 12:57:36.813 [info] fatal: not a git repository (or any of the parent directories): .git
2023-05-02 12:57:36.816 [info] > git rev-parse --show-toplevel [1ms]
2023-05-02 12:57:36.816 [info] fatal: not a git repository (or any of the parent directories): .git
2023-05-02 12:57:36.819 [info] > git rev-parse --show-toplevel [0ms]
2023-05-02 12:57:36.819 [info] fatal: not a git repository (or any of the parent directories): .git
2023-05-02 12:57:36.823 [info] > git rev-parse --show-toplevel [1ms]
2023-05-02 12:57:36.823 [info] fatal: not a git repository (or any of the parent directories): .git
2023-05-02 12:57:36.826 [info] > git rev-parse --show-toplevel [1ms]
2023-05-02 12:57:36.826 [info] fatal: not a git repository (or any of the parent directories): .git
2023-05-02 12:59:27.574 [info] > git rev-parse --show-toplevel [1ms]
2023-05-02 12:59:27.574 [info] fatal: not a git repository (or any of the parent directories): .git
