2023-05-03 01:53:41.691 [info] Log level: Info
2023-05-03 01:53:41.691 [info] Validating found git in: "git"
2023-05-03 01:53:41.691 [info] Using git "2.25.1" from "git"
2023-05-03 01:53:41.691 [info] > git rev-parse --show-toplevel [46ms]
2023-05-03 01:53:41.691 [info] > git rev-parse --git-dir --git-common-dir [7ms]
2023-05-03 01:53:41.691 [info] Open repository: /home/cn154
2023-05-03 01:53:41.691 [info] > git rev-parse --show-toplevel [12ms]
2023-05-03 01:53:41.691 [info] > git config --get commit.template [12ms]
2023-05-03 01:53:41.691 [info] > git rev-parse --show-toplevel [3ms]
2023-05-03 01:53:41.691 [info] > git rev-parse --show-toplevel [4ms]
2023-05-03 01:53:41.691 [info] > git rev-parse --show-toplevel [2ms]
2023-05-03 01:53:41.691 [info] > git rev-parse --show-toplevel [1ms]
2023-05-03 01:53:41.691 [info] > git for-each-ref --format=%(refname)%00%(upstream:short)%00%(objectname)%00%(upstream:track)%00%(upstream:remotename)%00%(upstream:remoteref) refs/heads/master refs/remotes/master [13ms]
2023-05-03 01:53:41.691 [info] > git rev-parse --show-toplevel [5ms]
2023-05-03 01:53:41.691 [info] > git status -z -uall [30ms]
2023-05-03 01:53:41.691 [info] > git config --get commit.template [5ms]
2023-05-03 01:53:41.691 [info] > git for-each-ref --format=%(refname)%00%(upstream:short)%00%(objectname)%00%(upstream:track)%00%(upstream:remotename)%00%(upstream:remoteref) refs/heads/master refs/remotes/master [1ms]
2023-05-03 01:53:41.691 [info] > git status -z -uall [49ms]
2023-05-03 01:53:41.818 [info] > git ls-files --stage -- /home/cn154/proj5_cn154/sneaky_mod.c [2ms]
2023-05-03 01:53:41.822 [info] > git show --textconv :proj5_cn154/sneaky_mod.c [10ms]
2023-05-03 01:53:41.823 [info] > git cat-file -s cd8973bf705f1e7ebd97daaaf02f8390ee74eaa5 [2ms]
2023-05-03 01:53:41.962 [info] > git check-ignore -v -z --stdin [4ms]
2023-05-03 01:53:44.900 [info] > git for-each-ref --format=%(refname)%00%(upstream:short)%00%(objectname)%00%(upstream:track)%00%(upstream:remotename)%00%(upstream:remoteref) refs/heads/master refs/remotes/master [2ms]
2023-05-03 01:53:44.900 [info] > git config --get commit.template [8ms]
2023-05-03 01:53:44.922 [info] > git status -z -uall [17ms]
2023-05-03 01:53:49.939 [info] > git config --get commit.template [5ms]
2023-05-03 01:53:49.940 [info] > git for-each-ref --format=%(refname)%00%(upstream:short)%00%(objectname)%00%(upstream:track)%00%(upstream:remotename)%00%(upstream:remoteref) refs/heads/master refs/remotes/master [1ms]
2023-05-03 01:53:49.957 [info] > git status -z -uall [14ms]
2023-05-03 01:53:54.976 [info] > git config --get commit.template [6ms]
2023-05-03 01:53:54.978 [info] > git for-each-ref --format=%(refname)%00%(upstream:short)%00%(objectname)%00%(upstream:track)%00%(upstream:remotename)%00%(upstream:remoteref) refs/heads/master refs/remotes/master [3ms]
2023-05-03 01:53:55.008 [info] > git status -z -uall [25ms]
2023-05-03 01:54:00.018 [info] > git config --get commit.template [1ms]
2023-05-03 01:54:00.023 [info] > git for-each-ref --format=%(refname)%00%(upstream:short)%00%(objectname)%00%(upstream:track)%00%(upstream:remotename)%00%(upstream:remoteref) refs/heads/master refs/remotes/master [1ms]
2023-05-03 01:54:00.043 [info] > git status -z -uall [17ms]
2023-05-03 01:54:05.056 [info] > git config --get commit.template [1ms]
2023-05-03 01:54:05.063 [info] > git for-each-ref --format=%(refname)%00%(upstream:short)%00%(objectname)%00%(upstream:track)%00%(upstream:remotename)%00%(upstream:remoteref) refs/heads/master refs/remotes/master [2ms]
2023-05-03 01:54:05.081 [info] > git status -z -uall [14ms]
2023-05-03 01:54:10.095 [info] > git config --get commit.template [4ms]
2023-05-03 01:54:10.096 [info] > git for-each-ref --format=%(refname)%00%(upstream:short)%00%(objectname)%00%(upstream:track)%00%(upstream:remotename)%00%(upstream:remoteref) refs/heads/master refs/remotes/master [2ms]
2023-05-03 01:54:10.117 [info] > git status -z -uall [17ms]
2023-05-03 01:54:15.131 [info] > git config --get commit.template [4ms]
2023-05-03 01:54:15.131 [info] > git for-each-ref --format=%(refname)%00%(upstream:short)%00%(objectname)%00%(upstream:track)%00%(upstream:remotename)%00%(upstream:remoteref) refs/heads/master refs/remotes/master [1ms]
2023-05-03 01:54:15.148 [info] > git status -z -uall [13ms]
2023-05-03 01:54:20.157 [info] > git config --get commit.template [1ms]
2023-05-03 01:54:20.161 [info] > git for-each-ref --format=%(refname)%00%(upstream:short)%00%(objectname)%00%(upstream:track)%00%(upstream:remotename)%00%(upstream:remoteref) refs/heads/master refs/remotes/master [1ms]
2023-05-03 01:54:20.178 [info] > git status -z -uall [14ms]
2023-05-03 01:54:25.188 [info] > git config --get commit.template [1ms]
2023-05-03 01:54:25.193 [info] > git for-each-ref --format=%(refname)%00%(upstream:short)%00%(objectname)%00%(upstream:track)%00%(upstream:remotename)%00%(upstream:remoteref) refs/heads/master refs/remotes/master [1ms]
2023-05-03 01:54:25.210 [info] > git status -z -uall [14ms]
2023-05-03 01:54:30.225 [info] > git config --get commit.template [6ms]
2023-05-03 01:54:30.226 [info] > git for-each-ref --format=%(refname)%00%(upstream:short)%00%(objectname)%00%(upstream:track)%00%(upstream:remotename)%00%(upstream:remoteref) refs/heads/master refs/remotes/master [3ms]
2023-05-03 01:54:30.248 [info] > git status -z -uall [16ms]
2023-05-03 01:54:35.263 [info] > git config --get commit.template [5ms]
2023-05-03 01:54:35.264 [info] > git for-each-ref --format=%(refname)%00%(upstream:short)%00%(objectname)%00%(upstream:track)%00%(upstream:remotename)%00%(upstream:remoteref) refs/heads/master refs/remotes/master [1ms]
2023-05-03 01:54:35.284 [info] > git status -z -uall [17ms]
2023-05-03 01:54:40.302 [info] > git config --get commit.template [6ms]
2023-05-03 01:54:40.303 [info] > git for-each-ref --format=%(refname)%00%(upstream:short)%00%(objectname)%00%(upstream:track)%00%(upstream:remotename)%00%(upstream:remoteref) refs/heads/master refs/remotes/master [1ms]
2023-05-03 01:54:40.319 [info] > git status -z -uall [13ms]
2023-05-03 01:54:45.334 [info] > git config --get commit.template [4ms]
2023-05-03 01:54:45.334 [info] > git for-each-ref --format=%(refname)%00%(upstream:short)%00%(objectname)%00%(upstream:track)%00%(upstream:remotename)%00%(upstream:remoteref) refs/heads/master refs/remotes/master [1ms]
2023-05-03 01:54:45.353 [info] > git status -z -uall [16ms]
2023-05-03 01:54:50.363 [info] > git config --get commit.template [2ms]
2023-05-03 01:54:50.368 [info] > git for-each-ref --format=%(refname)%00%(upstream:short)%00%(objectname)%00%(upstream:track)%00%(upstream:remotename)%00%(upstream:remoteref) refs/heads/master refs/remotes/master [1ms]
2023-05-03 01:54:50.391 [info] > git status -z -uall [18ms]
2023-05-03 01:54:55.403 [info] > git config --get commit.template [4ms]
2023-05-03 01:54:55.404 [info] > git for-each-ref --format=%(refname)%00%(upstream:short)%00%(objectname)%00%(upstream:track)%00%(upstream:remotename)%00%(upstream:remoteref) refs/heads/master refs/remotes/master [1ms]
2023-05-03 01:54:55.424 [info] > git status -z -uall [16ms]
2023-05-03 01:55:00.437 [info] > git config --get commit.template [5ms]
2023-05-03 01:55:00.438 [info] > git for-each-ref --format=%(refname)%00%(upstream:short)%00%(objectname)%00%(upstream:track)%00%(upstream:remotename)%00%(upstream:remoteref) refs/heads/master refs/remotes/master [2ms]
2023-05-03 01:55:00.460 [info] > git status -z -uall [19ms]
2023-05-03 01:55:05.473 [info] > git config --get commit.template [5ms]
2023-05-03 01:55:05.474 [info] > git for-each-ref --format=%(refname)%00%(upstream:short)%00%(objectname)%00%(upstream:track)%00%(upstream:remotename)%00%(upstream:remoteref) refs/heads/master refs/remotes/master [2ms]
2023-05-03 01:55:05.493 [info] > git status -z -uall [16ms]
2023-05-03 01:55:10.509 [info] > git config --get commit.template [5ms]
2023-05-03 01:55:10.510 [info] > git for-each-ref --format=%(refname)%00%(upstream:short)%00%(objectname)%00%(upstream:track)%00%(upstream:remotename)%00%(upstream:remoteref) refs/heads/master refs/remotes/master [2ms]
2023-05-03 01:55:10.533 [info] > git status -z -uall [19ms]
2023-05-03 01:55:15.548 [info] > git config --get commit.template [4ms]
2023-05-03 01:55:15.549 [info] > git for-each-ref --format=%(refname)%00%(upstream:short)%00%(objectname)%00%(upstream:track)%00%(upstream:remotename)%00%(upstream:remoteref) refs/heads/master refs/remotes/master [2ms]
2023-05-03 01:55:15.565 [info] > git status -z -uall [13ms]
2023-05-03 01:55:20.577 [info] > git config --get commit.template [2ms]
2023-05-03 01:55:20.583 [info] > git for-each-ref --format=%(refname)%00%(upstream:short)%00%(objectname)%00%(upstream:track)%00%(upstream:remotename)%00%(upstream:remoteref) refs/heads/master refs/remotes/master [1ms]
2023-05-03 01:55:20.605 [info] > git status -z -uall [17ms]
2023-05-03 01:55:25.620 [info] > git config --get commit.template [5ms]
2023-05-03 01:55:25.621 [info] > git for-each-ref --format=%(refname)%00%(upstream:short)%00%(objectname)%00%(upstream:track)%00%(upstream:remotename)%00%(upstream:remoteref) refs/heads/master refs/remotes/master [2ms]
2023-05-03 01:55:25.645 [info] > git status -z -uall [21ms]
2023-05-03 01:55:30.657 [info] > git config --get commit.template [1ms]
2023-05-03 01:55:30.662 [info] > git for-each-ref --format=%(refname)%00%(upstream:short)%00%(objectname)%00%(upstream:track)%00%(upstream:remotename)%00%(upstream:remoteref) refs/heads/master refs/remotes/master [1ms]
2023-05-03 01:55:30.682 [info] > git status -z -uall [16ms]
2023-05-03 01:55:35.696 [info] > git config --get commit.template [5ms]
2023-05-03 01:55:35.697 [info] > git for-each-ref --format=%(refname)%00%(upstream:short)%00%(objectname)%00%(upstream:track)%00%(upstream:remotename)%00%(upstream:remoteref) refs/heads/master refs/remotes/master [2ms]
2023-05-03 01:55:35.714 [info] > git status -z -uall [13ms]
2023-05-03 01:55:40.733 [info] > git config --get commit.template [6ms]
2023-05-03 01:55:40.735 [info] > git for-each-ref --format=%(refname)%00%(upstream:short)%00%(objectname)%00%(upstream:track)%00%(upstream:remotename)%00%(upstream:remoteref) refs/heads/master refs/remotes/master [3ms]
2023-05-03 01:55:40.752 [info] > git status -z -uall [13ms]
2023-05-03 01:55:45.766 [info] > git config --get commit.template [6ms]
2023-05-03 01:55:45.769 [info] > git for-each-ref --format=%(refname)%00%(upstream:short)%00%(objectname)%00%(upstream:track)%00%(upstream:remotename)%00%(upstream:remoteref) refs/heads/master refs/remotes/master [4ms]
2023-05-03 01:55:45.789 [info] > git status -z -uall [17ms]
2023-05-03 01:55:50.805 [info] > git config --get commit.template [6ms]
2023-05-03 01:55:50.808 [info] > git for-each-ref --format=%(refname)%00%(upstream:short)%00%(objectname)%00%(upstream:track)%00%(upstream:remotename)%00%(upstream:remoteref) refs/heads/master refs/remotes/master [3ms]
2023-05-03 01:55:50.833 [info] > git status -z -uall [19ms]
2023-05-03 01:55:55.844 [info] > git config --get commit.template [1ms]
2023-05-03 01:55:55.851 [info] > git for-each-ref --format=%(refname)%00%(upstream:short)%00%(objectname)%00%(upstream:track)%00%(upstream:remotename)%00%(upstream:remoteref) refs/heads/master refs/remotes/master [2ms]
2023-05-03 01:55:55.869 [info] > git status -z -uall [15ms]
2023-05-03 01:56:00.886 [info] > git config --get commit.template [4ms]
2023-05-03 01:56:00.887 [info] > git for-each-ref --format=%(refname)%00%(upstream:short)%00%(objectname)%00%(upstream:track)%00%(upstream:remotename)%00%(upstream:remoteref) refs/heads/master refs/remotes/master [1ms]
2023-05-03 01:56:00.904 [info] > git status -z -uall [14ms]
2023-05-03 01:56:05.915 [info] > git config --get commit.template [2ms]
2023-05-03 01:56:05.920 [info] > git for-each-ref --format=%(refname)%00%(upstream:short)%00%(objectname)%00%(upstream:track)%00%(upstream:remotename)%00%(upstream:remoteref) refs/heads/master refs/remotes/master [1ms]
2023-05-03 01:56:05.941 [info] > git status -z -uall [16ms]
2023-05-03 01:56:10.956 [info] > git config --get commit.template [5ms]
2023-05-03 01:56:10.957 [info] > git for-each-ref --format=%(refname)%00%(upstream:short)%00%(objectname)%00%(upstream:track)%00%(upstream:remotename)%00%(upstream:remoteref) refs/heads/master refs/remotes/master [1ms]
2023-05-03 01:56:10.973 [info] > git status -z -uall [13ms]
2023-05-03 01:56:15.989 [info] > git config --get commit.template [5ms]
2023-05-03 01:56:15.990 [info] > git for-each-ref --format=%(refname)%00%(upstream:short)%00%(objectname)%00%(upstream:track)%00%(upstream:remotename)%00%(upstream:remoteref) refs/heads/master refs/remotes/master [1ms]
2023-05-03 01:56:16.007 [info] > git status -z -uall [13ms]
2023-05-03 01:56:21.020 [info] > git config --get commit.template [4ms]
2023-05-03 01:56:21.021 [info] > git for-each-ref --format=%(refname)%00%(upstream:short)%00%(objectname)%00%(upstream:track)%00%(upstream:remotename)%00%(upstream:remoteref) refs/heads/master refs/remotes/master [1ms]
2023-05-03 01:56:21.039 [info] > git status -z -uall [14ms]
2023-05-03 01:56:26.052 [info] > git config --get commit.template [5ms]
2023-05-03 01:56:26.053 [info] > git for-each-ref --format=%(refname)%00%(upstream:short)%00%(objectname)%00%(upstream:track)%00%(upstream:remotename)%00%(upstream:remoteref) refs/heads/master refs/remotes/master [1ms]
2023-05-03 01:56:26.069 [info] > git status -z -uall [13ms]
2023-05-03 01:56:31.085 [info] > git config --get commit.template [5ms]
2023-05-03 01:56:31.086 [info] > git for-each-ref --format=%(refname)%00%(upstream:short)%00%(objectname)%00%(upstream:track)%00%(upstream:remotename)%00%(upstream:remoteref) refs/heads/master refs/remotes/master [1ms]
2023-05-03 01:56:31.102 [info] > git status -z -uall [13ms]
2023-05-03 01:56:36.119 [info] > git config --get commit.template [4ms]
2023-05-03 01:56:36.120 [info] > git for-each-ref --format=%(refname)%00%(upstream:short)%00%(objectname)%00%(upstream:track)%00%(upstream:remotename)%00%(upstream:remoteref) refs/heads/master refs/remotes/master [1ms]
2023-05-03 01:56:36.141 [info] > git status -z -uall [16ms]
2023-05-03 01:56:41.158 [info] > git config --get commit.template [5ms]
2023-05-03 01:56:41.159 [info] > git for-each-ref --format=%(refname)%00%(upstream:short)%00%(objectname)%00%(upstream:track)%00%(upstream:remotename)%00%(upstream:remoteref) refs/heads/master refs/remotes/master [1ms]
2023-05-03 01:56:41.176 [info] > git status -z -uall [14ms]
2023-05-03 01:56:46.192 [info] > git config --get commit.template [2ms]
2023-05-03 01:56:46.197 [info] > git for-each-ref --format=%(refname)%00%(upstream:short)%00%(objectname)%00%(upstream:track)%00%(upstream:remotename)%00%(upstream:remoteref) refs/heads/master refs/remotes/master [2ms]
2023-05-03 01:56:46.213 [info] > git status -z -uall [13ms]
2023-05-03 01:56:51.230 [info] > git config --get commit.template [6ms]
2023-05-03 01:56:51.230 [info] > git for-each-ref --format=%(refname)%00%(upstream:short)%00%(objectname)%00%(upstream:track)%00%(upstream:remotename)%00%(upstream:remoteref) refs/heads/master refs/remotes/master [2ms]
2023-05-03 01:56:51.251 [info] > git status -z -uall [17ms]
2023-05-03 01:56:56.265 [info] > git config --get commit.template [4ms]
2023-05-03 01:56:56.265 [info] > git for-each-ref --format=%(refname)%00%(upstream:short)%00%(objectname)%00%(upstream:track)%00%(upstream:remotename)%00%(upstream:remoteref) refs/heads/master refs/remotes/master [1ms]
2023-05-03 01:56:56.289 [info] > git status -z -uall [21ms]
2023-05-03 01:57:01.305 [info] > git config --get commit.template [7ms]
2023-05-03 01:57:01.306 [info] > git for-each-ref --format=%(refname)%00%(upstream:short)%00%(objectname)%00%(upstream:track)%00%(upstream:remotename)%00%(upstream:remoteref) refs/heads/master refs/remotes/master [2ms]
2023-05-03 01:57:01.325 [info] > git status -z -uall [16ms]
2023-05-03 01:57:06.340 [info] > git config --get commit.template [4ms]
2023-05-03 01:57:06.341 [info] > git for-each-ref --format=%(refname)%00%(upstream:short)%00%(objectname)%00%(upstream:track)%00%(upstream:remotename)%00%(upstream:remoteref) refs/heads/master refs/remotes/master [1ms]
2023-05-03 01:57:06.362 [info] > git status -z -uall [18ms]
2023-05-03 01:57:11.379 [info] > git config --get commit.template [5ms]
2023-05-03 01:57:11.379 [info] > git for-each-ref --format=%(refname)%00%(upstream:short)%00%(objectname)%00%(upstream:track)%00%(upstream:remotename)%00%(upstream:remoteref) refs/heads/master refs/remotes/master [1ms]
2023-05-03 01:57:11.405 [info] > git status -z -uall [19ms]
2023-05-03 01:57:16.426 [info] > git config --get commit.template [6ms]
2023-05-03 01:57:16.428 [info] > git for-each-ref --format=%(refname)%00%(upstream:short)%00%(objectname)%00%(upstream:track)%00%(upstream:remotename)%00%(upstream:remoteref) refs/heads/master refs/remotes/master [3ms]
2023-05-03 01:57:16.449 [info] > git status -z -uall [16ms]
2023-05-03 01:57:21.465 [info] > git config --get commit.template [4ms]
2023-05-03 01:57:21.466 [info] > git for-each-ref --format=%(refname)%00%(upstream:short)%00%(objectname)%00%(upstream:track)%00%(upstream:remotename)%00%(upstream:remoteref) refs/heads/master refs/remotes/master [1ms]
2023-05-03 01:57:21.482 [info] > git status -z -uall [13ms]
2023-05-03 01:57:26.496 [info] > git config --get commit.template [1ms]
2023-05-03 01:57:26.502 [info] > git for-each-ref --format=%(refname)%00%(upstream:short)%00%(objectname)%00%(upstream:track)%00%(upstream:remotename)%00%(upstream:remoteref) refs/heads/master refs/remotes/master [1ms]
2023-05-03 01:57:26.521 [info] > git status -z -uall [16ms]
2023-05-03 01:57:31.534 [info] > git config --get commit.template [5ms]
2023-05-03 01:57:31.535 [info] > git for-each-ref --format=%(refname)%00%(upstream:short)%00%(objectname)%00%(upstream:track)%00%(upstream:remotename)%00%(upstream:remoteref) refs/heads/master refs/remotes/master [2ms]
2023-05-03 01:57:31.552 [info] > git status -z -uall [14ms]
2023-05-03 01:57:36.570 [info] > git config --get commit.template [7ms]
2023-05-03 01:57:36.571 [info] > git for-each-ref --format=%(refname)%00%(upstream:short)%00%(objectname)%00%(upstream:track)%00%(upstream:remotename)%00%(upstream:remoteref) refs/heads/master refs/remotes/master [2ms]
2023-05-03 01:57:36.592 [info] > git status -z -uall [16ms]
2023-05-03 01:57:41.607 [info] > git config --get commit.template [5ms]
2023-05-03 01:57:41.607 [info] > git for-each-ref --format=%(refname)%00%(upstream:short)%00%(objectname)%00%(upstream:track)%00%(upstream:remotename)%00%(upstream:remoteref) refs/heads/master refs/remotes/master [1ms]
2023-05-03 01:57:41.628 [info] > git status -z -uall [16ms]
2023-05-03 01:57:46.643 [info] > git config --get commit.template [6ms]
2023-05-03 01:57:46.644 [info] > git for-each-ref --format=%(refname)%00%(upstream:short)%00%(objectname)%00%(upstream:track)%00%(upstream:remotename)%00%(upstream:remoteref) refs/heads/master refs/remotes/master [2ms]
2023-05-03 01:57:46.663 [info] > git status -z -uall [14ms]
2023-05-03 01:57:51.673 [info] > git config --get commit.template [1ms]
2023-05-03 01:57:51.679 [info] > git for-each-ref --format=%(refname)%00%(upstream:short)%00%(objectname)%00%(upstream:track)%00%(upstream:remotename)%00%(upstream:remoteref) refs/heads/master refs/remotes/master [1ms]
2023-05-03 01:57:51.699 [info] > git status -z -uall [17ms]
2023-05-03 01:57:56.713 [info] > git config --get commit.template [2ms]
2023-05-03 01:57:56.720 [info] > git for-each-ref --format=%(refname)%00%(upstream:short)%00%(objectname)%00%(upstream:track)%00%(upstream:remotename)%00%(upstream:remoteref) refs/heads/master refs/remotes/master [1ms]
2023-05-03 01:57:56.739 [info] > git status -z -uall [15ms]
2023-05-03 01:58:01.753 [info] > git config --get commit.template [5ms]
2023-05-03 01:58:01.754 [info] > git for-each-ref --format=%(refname)%00%(upstream:short)%00%(objectname)%00%(upstream:track)%00%(upstream:remotename)%00%(upstream:remoteref) refs/heads/master refs/remotes/master [2ms]
2023-05-03 01:58:01.772 [info] > git status -z -uall [14ms]
2023-05-03 01:58:06.785 [info] > git config --get commit.template [5ms]
2023-05-03 01:58:06.786 [info] > git for-each-ref --format=%(refname)%00%(upstream:short)%00%(objectname)%00%(upstream:track)%00%(upstream:remotename)%00%(upstream:remoteref) refs/heads/master refs/remotes/master [2ms]
2023-05-03 01:58:06.802 [info] > git status -z -uall [13ms]
2023-05-03 01:58:11.818 [info] > git config --get commit.template [6ms]
2023-05-03 01:58:11.820 [info] > git for-each-ref --format=%(refname)%00%(upstream:short)%00%(objectname)%00%(upstream:track)%00%(upstream:remotename)%00%(upstream:remoteref) refs/heads/master refs/remotes/master [3ms]
2023-05-03 01:58:11.840 [info] > git status -z -uall [17ms]
2023-05-03 01:58:16.859 [info] > git config --get commit.template [6ms]
2023-05-03 01:58:16.860 [info] > git for-each-ref --format=%(refname)%00%(upstream:short)%00%(objectname)%00%(upstream:track)%00%(upstream:remotename)%00%(upstream:remoteref) refs/heads/master refs/remotes/master [2ms]
2023-05-03 01:58:16.878 [info] > git status -z -uall [14ms]
2023-05-03 01:58:21.893 [info] > git config --get commit.template [5ms]
2023-05-03 01:58:21.894 [info] > git for-each-ref --format=%(refname)%00%(upstream:short)%00%(objectname)%00%(upstream:track)%00%(upstream:remotename)%00%(upstream:remoteref) refs/heads/master refs/remotes/master [1ms]
2023-05-03 01:58:21.914 [info] > git status -z -uall [17ms]
2023-05-03 01:58:26.932 [info] > git config --get commit.template [6ms]
2023-05-03 01:58:26.934 [info] > git for-each-ref --format=%(refname)%00%(upstream:short)%00%(objectname)%00%(upstream:track)%00%(upstream:remotename)%00%(upstream:remoteref) refs/heads/master refs/remotes/master [1ms]
2023-05-03 01:58:26.951 [info] > git status -z -uall [14ms]
2023-05-03 01:58:31.964 [info] > git config --get commit.template [1ms]
2023-05-03 01:58:31.969 [info] > git for-each-ref --format=%(refname)%00%(upstream:short)%00%(objectname)%00%(upstream:track)%00%(upstream:remotename)%00%(upstream:remoteref) refs/heads/master refs/remotes/master [1ms]
2023-05-03 01:58:31.987 [info] > git status -z -uall [13ms]
2023-05-03 01:58:37.006 [info] > git config --get commit.template [5ms]
2023-05-03 01:58:37.006 [info] > git for-each-ref --format=%(refname)%00%(upstream:short)%00%(objectname)%00%(upstream:track)%00%(upstream:remotename)%00%(upstream:remoteref) refs/heads/master refs/remotes/master [1ms]
2023-05-03 01:58:37.024 [info] > git status -z -uall [14ms]
2023-05-03 01:58:42.039 [info] > git config --get commit.template [5ms]
2023-05-03 01:58:42.040 [info] > git for-each-ref --format=%(refname)%00%(upstream:short)%00%(objectname)%00%(upstream:track)%00%(upstream:remotename)%00%(upstream:remoteref) refs/heads/master refs/remotes/master [1ms]
2023-05-03 01:58:42.056 [info] > git status -z -uall [13ms]
2023-05-03 01:58:47.072 [info] > git config --get commit.template [2ms]
2023-05-03 01:58:47.079 [info] > git for-each-ref --format=%(refname)%00%(upstream:short)%00%(objectname)%00%(upstream:track)%00%(upstream:remotename)%00%(upstream:remoteref) refs/heads/master refs/remotes/master [2ms]
2023-05-03 01:58:47.096 [info] > git status -z -uall [14ms]
2023-05-03 01:58:52.109 [info] > git config --get commit.template [5ms]
2023-05-03 01:58:52.110 [info] > git for-each-ref --format=%(refname)%00%(upstream:short)%00%(objectname)%00%(upstream:track)%00%(upstream:remotename)%00%(upstream:remoteref) refs/heads/master refs/remotes/master [2ms]
2023-05-03 01:58:52.135 [info] > git status -z -uall [20ms]
2023-05-03 01:58:57.151 [info] > git config --get commit.template [5ms]
2023-05-03 01:58:57.151 [info] > git for-each-ref --format=%(refname)%00%(upstream:short)%00%(objectname)%00%(upstream:track)%00%(upstream:remotename)%00%(upstream:remoteref) refs/heads/master refs/remotes/master [1ms]
2023-05-03 01:58:57.173 [info] > git status -z -uall [17ms]
2023-05-03 01:59:02.186 [info] > git config --get commit.template [5ms]
2023-05-03 01:59:02.187 [info] > git for-each-ref --format=%(refname)%00%(upstream:short)%00%(objectname)%00%(upstream:track)%00%(upstream:remotename)%00%(upstream:remoteref) refs/heads/master refs/remotes/master [2ms]
2023-05-03 01:59:02.207 [info] > git status -z -uall [16ms]
2023-05-03 01:59:07.221 [info] > git config --get commit.template [5ms]
2023-05-03 01:59:07.222 [info] > git for-each-ref --format=%(refname)%00%(upstream:short)%00%(objectname)%00%(upstream:track)%00%(upstream:remotename)%00%(upstream:remoteref) refs/heads/master refs/remotes/master [2ms]
2023-05-03 01:59:07.244 [info] > git status -z -uall [18ms]
2023-05-03 01:59:12.257 [info] > git config --get commit.template [1ms]
2023-05-03 01:59:12.262 [info] > git for-each-ref --format=%(refname)%00%(upstream:short)%00%(objectname)%00%(upstream:track)%00%(upstream:remotename)%00%(upstream:remoteref) refs/heads/master refs/remotes/master [2ms]
2023-05-03 01:59:12.278 [info] > git status -z -uall [13ms]
2023-05-03 01:59:17.295 [info] > git config --get commit.template [5ms]
2023-05-03 01:59:17.295 [info] > git for-each-ref --format=%(refname)%00%(upstream:short)%00%(objectname)%00%(upstream:track)%00%(upstream:remotename)%00%(upstream:remoteref) refs/heads/master refs/remotes/master [1ms]
2023-05-03 01:59:17.312 [info] > git status -z -uall [13ms]
2023-05-03 01:59:22.326 [info] > git config --get commit.template [4ms]
2023-05-03 01:59:22.327 [info] > git for-each-ref --format=%(refname)%00%(upstream:short)%00%(objectname)%00%(upstream:track)%00%(upstream:remotename)%00%(upstream:remoteref) refs/heads/master refs/remotes/master [1ms]
2023-05-03 01:59:22.345 [info] > git status -z -uall [15ms]
2023-05-03 01:59:27.356 [info] > git config --get commit.template [2ms]
2023-05-03 01:59:27.362 [info] > git for-each-ref --format=%(refname)%00%(upstream:short)%00%(objectname)%00%(upstream:track)%00%(upstream:remotename)%00%(upstream:remoteref) refs/heads/master refs/remotes/master [1ms]
2023-05-03 01:59:27.382 [info] > git status -z -uall [15ms]
2023-05-03 01:59:32.396 [info] > git config --get commit.template [4ms]
2023-05-03 01:59:32.397 [info] > git for-each-ref --format=%(refname)%00%(upstream:short)%00%(objectname)%00%(upstream:track)%00%(upstream:remotename)%00%(upstream:remoteref) refs/heads/master refs/remotes/master [1ms]
2023-05-03 01:59:32.417 [info] > git status -z -uall [16ms]
2023-05-03 01:59:37.429 [info] > git config --get commit.template [4ms]
2023-05-03 01:59:37.430 [info] > git for-each-ref --format=%(refname)%00%(upstream:short)%00%(objectname)%00%(upstream:track)%00%(upstream:remotename)%00%(upstream:remoteref) refs/heads/master refs/remotes/master [1ms]
2023-05-03 01:59:37.447 [info] > git status -z -uall [13ms]
2023-05-03 01:59:42.459 [info] > git config --get commit.template [1ms]
2023-05-03 01:59:42.464 [info] > git for-each-ref --format=%(refname)%00%(upstream:short)%00%(objectname)%00%(upstream:track)%00%(upstream:remotename)%00%(upstream:remoteref) refs/heads/master refs/remotes/master [1ms]
2023-05-03 01:59:42.485 [info] > git status -z -uall [17ms]
2023-05-03 01:59:47.498 [info] > git config --get commit.template [3ms]
2023-05-03 01:59:47.504 [info] > git for-each-ref --format=%(refname)%00%(upstream:short)%00%(objectname)%00%(upstream:track)%00%(upstream:remotename)%00%(upstream:remoteref) refs/heads/master refs/remotes/master [2ms]
2023-05-03 01:59:47.529 [info] > git status -z -uall [21ms]
2023-05-03 01:59:52.548 [info] > git config --get commit.template [6ms]
2023-05-03 01:59:52.550 [info] > git for-each-ref --format=%(refname)%00%(upstream:short)%00%(objectname)%00%(upstream:track)%00%(upstream:remotename)%00%(upstream:remoteref) refs/heads/master refs/remotes/master [3ms]
2023-05-03 01:59:52.568 [info] > git status -z -uall [14ms]
2023-05-03 01:59:57.577 [info] > git config --get commit.template [1ms]
2023-05-03 01:59:57.586 [info] > git for-each-ref --format=%(refname)%00%(upstream:short)%00%(objectname)%00%(upstream:track)%00%(upstream:remotename)%00%(upstream:remoteref) refs/heads/master refs/remotes/master [4ms]
2023-05-03 01:59:57.605 [info] > git status -z -uall [14ms]
2023-05-03 02:00:02.616 [info] > git config --get commit.template [1ms]
2023-05-03 02:00:02.623 [info] > git for-each-ref --format=%(refname)%00%(upstream:short)%00%(objectname)%00%(upstream:track)%00%(upstream:remotename)%00%(upstream:remoteref) refs/heads/master refs/remotes/master [1ms]
2023-05-03 02:00:02.644 [info] > git status -z -uall [17ms]
2023-05-03 02:00:07.658 [info] > git config --get commit.template [5ms]
2023-05-03 02:00:07.658 [info] > git for-each-ref --format=%(refname)%00%(upstream:short)%00%(objectname)%00%(upstream:track)%00%(upstream:remotename)%00%(upstream:remoteref) refs/heads/master refs/remotes/master [1ms]
2023-05-03 02:00:07.681 [info] > git status -z -uall [20ms]
2023-05-03 02:00:12.697 [info] > git config --get commit.template [5ms]
2023-05-03 02:00:12.697 [info] > git for-each-ref --format=%(refname)%00%(upstream:short)%00%(objectname)%00%(upstream:track)%00%(upstream:remotename)%00%(upstream:remoteref) refs/heads/master refs/remotes/master [1ms]
2023-05-03 02:00:12.721 [info] > git status -z -uall [18ms]
2023-05-03 02:00:17.734 [info] > git config --get commit.template [5ms]
2023-05-03 02:00:17.735 [info] > git for-each-ref --format=%(refname)%00%(upstream:short)%00%(objectname)%00%(upstream:track)%00%(upstream:remotename)%00%(upstream:remoteref) refs/heads/master refs/remotes/master [1ms]
2023-05-03 02:00:17.757 [info] > git status -z -uall [19ms]
2023-05-03 02:00:22.772 [info] > git config --get commit.template [5ms]
2023-05-03 02:00:22.774 [info] > git for-each-ref --format=%(refname)%00%(upstream:short)%00%(objectname)%00%(upstream:track)%00%(upstream:remotename)%00%(upstream:remoteref) refs/heads/master refs/remotes/master [3ms]
2023-05-03 02:00:22.796 [info] > git status -z -uall [17ms]
2023-05-03 02:00:27.813 [info] > git config --get commit.template [6ms]
2023-05-03 02:00:27.813 [info] > git for-each-ref --format=%(refname)%00%(upstream:short)%00%(objectname)%00%(upstream:track)%00%(upstream:remotename)%00%(upstream:remoteref) refs/heads/master refs/remotes/master [2ms]
2023-05-03 02:00:27.830 [info] > git status -z -uall [13ms]
2023-05-03 02:00:32.843 [info] > git config --get commit.template [5ms]
2023-05-03 02:00:32.844 [info] > git for-each-ref --format=%(refname)%00%(upstream:short)%00%(objectname)%00%(upstream:track)%00%(upstream:remotename)%00%(upstream:remoteref) refs/heads/master refs/remotes/master [2ms]
2023-05-03 02:00:32.862 [info] > git status -z -uall [15ms]
2023-05-03 02:00:37.876 [info] > git config --get commit.template [1ms]
2023-05-03 02:00:37.883 [info] > git for-each-ref --format=%(refname)%00%(upstream:short)%00%(objectname)%00%(upstream:track)%00%(upstream:remotename)%00%(upstream:remoteref) refs/heads/master refs/remotes/master [2ms]
2023-05-03 02:00:37.900 [info] > git status -z -uall [14ms]
2023-05-03 02:00:42.913 [info] > git config --get commit.template [5ms]
2023-05-03 02:00:42.913 [info] > git for-each-ref --format=%(refname)%00%(upstream:short)%00%(objectname)%00%(upstream:track)%00%(upstream:remotename)%00%(upstream:remoteref) refs/heads/master refs/remotes/master [1ms]
2023-05-03 02:00:42.930 [info] > git status -z -uall [13ms]
2023-05-03 02:00:47.944 [info] > git config --get commit.template [5ms]
2023-05-03 02:00:47.945 [info] > git for-each-ref --format=%(refname)%00%(upstream:short)%00%(objectname)%00%(upstream:track)%00%(upstream:remotename)%00%(upstream:remoteref) refs/heads/master refs/remotes/master [1ms]
2023-05-03 02:00:47.970 [info] > git status -z -uall [22ms]
2023-05-03 02:00:52.985 [info] > git config --get commit.template [6ms]
2023-05-03 02:00:52.986 [info] > git for-each-ref --format=%(refname)%00%(upstream:short)%00%(objectname)%00%(upstream:track)%00%(upstream:remotename)%00%(upstream:remoteref) refs/heads/master refs/remotes/master [2ms]
2023-05-03 02:00:53.004 [info] > git status -z -uall [14ms]
2023-05-03 02:00:58.020 [info] > git config --get commit.template [5ms]
2023-05-03 02:00:58.021 [info] > git for-each-ref --format=%(refname)%00%(upstream:short)%00%(objectname)%00%(upstream:track)%00%(upstream:remotename)%00%(upstream:remoteref) refs/heads/master refs/remotes/master [2ms]
2023-05-03 02:00:58.038 [info] > git status -z -uall [14ms]
2023-05-03 02:01:03.051 [info] > git config --get commit.template [4ms]
2023-05-03 02:01:03.052 [info] > git for-each-ref --format=%(refname)%00%(upstream:short)%00%(objectname)%00%(upstream:track)%00%(upstream:remotename)%00%(upstream:remoteref) refs/heads/master refs/remotes/master [1ms]
2023-05-03 02:01:03.072 [info] > git status -z -uall [17ms]
2023-05-03 02:01:08.086 [info] > git config --get commit.template [2ms]
2023-05-03 02:01:08.095 [info] > git for-each-ref --format=%(refname)%00%(upstream:short)%00%(objectname)%00%(upstream:track)%00%(upstream:remotename)%00%(upstream:remoteref) refs/heads/master refs/remotes/master [4ms]
2023-05-03 02:01:08.113 [info] > git status -z -uall [14ms]
2023-05-03 02:01:13.127 [info] > git config --get commit.template [5ms]
2023-05-03 02:01:13.128 [info] > git for-each-ref --format=%(refname)%00%(upstream:short)%00%(objectname)%00%(upstream:track)%00%(upstream:remotename)%00%(upstream:remoteref) refs/heads/master refs/remotes/master [2ms]
2023-05-03 02:01:13.148 [info] > git status -z -uall [17ms]
2023-05-03 02:01:18.162 [info] > git config --get commit.template [1ms]
2023-05-03 02:01:18.167 [info] > git for-each-ref --format=%(refname)%00%(upstream:short)%00%(objectname)%00%(upstream:track)%00%(upstream:remotename)%00%(upstream:remoteref) refs/heads/master refs/remotes/master [1ms]
2023-05-03 02:01:18.187 [info] > git status -z -uall [17ms]
2023-05-03 02:01:23.199 [info] > git config --get commit.template [0ms]
2023-05-03 02:01:23.204 [info] > git for-each-ref --format=%(refname)%00%(upstream:short)%00%(objectname)%00%(upstream:track)%00%(upstream:remotename)%00%(upstream:remoteref) refs/heads/master refs/remotes/master [1ms]
2023-05-03 02:01:23.225 [info] > git status -z -uall [16ms]
2023-05-03 02:01:28.243 [info] > git config --get commit.template [5ms]
2023-05-03 02:01:28.244 [info] > git for-each-ref --format=%(refname)%00%(upstream:short)%00%(objectname)%00%(upstream:track)%00%(upstream:remotename)%00%(upstream:remoteref) refs/heads/master refs/remotes/master [2ms]
2023-05-03 02:01:28.260 [info] > git status -z -uall [13ms]
2023-05-03 02:01:33.269 [info] > git config --get commit.template [1ms]
2023-05-03 02:01:33.278 [info] > git for-each-ref --format=%(refname)%00%(upstream:short)%00%(objectname)%00%(upstream:track)%00%(upstream:remotename)%00%(upstream:remoteref) refs/heads/master refs/remotes/master [4ms]
2023-05-03 02:01:33.295 [info] > git status -z -uall [13ms]
2023-05-03 02:01:38.309 [info] > git config --get commit.template [2ms]
2023-05-03 02:01:38.314 [info] > git for-each-ref --format=%(refname)%00%(upstream:short)%00%(objectname)%00%(upstream:track)%00%(upstream:remotename)%00%(upstream:remoteref) refs/heads/master refs/remotes/master [1ms]
2023-05-03 02:01:38.334 [info] > git status -z -uall [16ms]
2023-05-03 02:01:43.349 [info] > git config --get commit.template [6ms]
2023-05-03 02:01:43.349 [info] > git for-each-ref --format=%(refname)%00%(upstream:short)%00%(objectname)%00%(upstream:track)%00%(upstream:remotename)%00%(upstream:remoteref) refs/heads/master refs/remotes/master [1ms]
2023-05-03 02:01:43.369 [info] > git status -z -uall [16ms]
2023-05-03 02:01:48.386 [info] > git config --get commit.template [5ms]
2023-05-03 02:01:48.387 [info] > git for-each-ref --format=%(refname)%00%(upstream:short)%00%(objectname)%00%(upstream:track)%00%(upstream:remotename)%00%(upstream:remoteref) refs/heads/master refs/remotes/master [1ms]
2023-05-03 02:01:48.404 [info] > git status -z -uall [14ms]
2023-05-03 02:01:53.419 [info] > git config --get commit.template [5ms]
2023-05-03 02:01:53.420 [info] > git for-each-ref --format=%(refname)%00%(upstream:short)%00%(objectname)%00%(upstream:track)%00%(upstream:remotename)%00%(upstream:remoteref) refs/heads/master refs/remotes/master [1ms]
2023-05-03 02:01:53.437 [info] > git status -z -uall [13ms]
2023-05-03 02:01:58.452 [info] > git config --get commit.template [5ms]
2023-05-03 02:01:58.452 [info] > git for-each-ref --format=%(refname)%00%(upstream:short)%00%(objectname)%00%(upstream:track)%00%(upstream:remotename)%00%(upstream:remoteref) refs/heads/master refs/remotes/master [1ms]
2023-05-03 02:01:58.473 [info] > git status -z -uall [16ms]
2023-05-03 02:02:03.489 [info] > git config --get commit.template [7ms]
2023-05-03 02:02:03.492 [info] > git for-each-ref --format=%(refname)%00%(upstream:short)%00%(objectname)%00%(upstream:track)%00%(upstream:remotename)%00%(upstream:remoteref) refs/heads/master refs/remotes/master [3ms]
2023-05-03 02:02:03.512 [info] > git status -z -uall [15ms]
2023-05-03 02:02:08.526 [info] > git config --get commit.template [5ms]
2023-05-03 02:02:08.527 [info] > git for-each-ref --format=%(refname)%00%(upstream:short)%00%(objectname)%00%(upstream:track)%00%(upstream:remotename)%00%(upstream:remoteref) refs/heads/master refs/remotes/master [1ms]
2023-05-03 02:02:08.550 [info] > git status -z -uall [18ms]
2023-05-03 02:02:13.560 [info] > git config --get commit.template [1ms]
2023-05-03 02:02:13.567 [info] > git for-each-ref --format=%(refname)%00%(upstream:short)%00%(objectname)%00%(upstream:track)%00%(upstream:remotename)%00%(upstream:remoteref) refs/heads/master refs/remotes/master [1ms]
2023-05-03 02:02:13.586 [info] > git status -z -uall [16ms]
2023-05-03 02:02:18.601 [info] > git config --get commit.template [2ms]
2023-05-03 02:02:18.607 [info] > git for-each-ref --format=%(refname)%00%(upstream:short)%00%(objectname)%00%(upstream:track)%00%(upstream:remotename)%00%(upstream:remoteref) refs/heads/master refs/remotes/master [1ms]
2023-05-03 02:02:18.628 [info] > git status -z -uall [16ms]
2023-05-03 02:02:23.642 [info] > git config --get commit.template [5ms]
2023-05-03 02:02:23.643 [info] > git for-each-ref --format=%(refname)%00%(upstream:short)%00%(objectname)%00%(upstream:track)%00%(upstream:remotename)%00%(upstream:remoteref) refs/heads/master refs/remotes/master [2ms]
2023-05-03 02:02:23.659 [info] > git status -z -uall [13ms]
2023-05-03 02:02:28.672 [info] > git config --get commit.template [5ms]
2023-05-03 02:02:28.673 [info] > git for-each-ref --format=%(refname)%00%(upstream:short)%00%(objectname)%00%(upstream:track)%00%(upstream:remotename)%00%(upstream:remoteref) refs/heads/master refs/remotes/master [1ms]
2023-05-03 02:02:28.690 [info] > git status -z -uall [14ms]
2023-05-03 02:02:33.709 [info] > git config --get commit.template [6ms]
2023-05-03 02:02:33.709 [info] > git for-each-ref --format=%(refname)%00%(upstream:short)%00%(objectname)%00%(upstream:track)%00%(upstream:remotename)%00%(upstream:remoteref) refs/heads/master refs/remotes/master [1ms]
2023-05-03 02:02:33.729 [info] > git status -z -uall [17ms]
2023-05-03 02:02:38.745 [info] > git config --get commit.template [7ms]
2023-05-03 02:02:38.748 [info] > git for-each-ref --format=%(refname)%00%(upstream:short)%00%(objectname)%00%(upstream:track)%00%(upstream:remotename)%00%(upstream:remoteref) refs/heads/master refs/remotes/master [4ms]
2023-05-03 02:02:38.770 [info] > git status -z -uall [19ms]
2023-05-03 02:02:43.785 [info] > git config --get commit.template [7ms]
2023-05-03 02:02:43.786 [info] > git for-each-ref --format=%(refname)%00%(upstream:short)%00%(objectname)%00%(upstream:track)%00%(upstream:remotename)%00%(upstream:remoteref) refs/heads/master refs/remotes/master [2ms]
2023-05-03 02:02:43.804 [info] > git status -z -uall [14ms]
2023-05-03 02:02:48.818 [info] > git config --get commit.template [6ms]
2023-05-03 02:02:48.821 [info] > git for-each-ref --format=%(refname)%00%(upstream:short)%00%(objectname)%00%(upstream:track)%00%(upstream:remotename)%00%(upstream:remoteref) refs/heads/master refs/remotes/master [4ms]
2023-05-03 02:02:48.841 [info] > git status -z -uall [17ms]
2023-05-03 02:02:53.855 [info] > git config --get commit.template [2ms]
2023-05-03 02:02:53.861 [info] > git for-each-ref --format=%(refname)%00%(upstream:short)%00%(objectname)%00%(upstream:track)%00%(upstream:remotename)%00%(upstream:remoteref) refs/heads/master refs/remotes/master [1ms]
2023-05-03 02:02:53.878 [info] > git status -z -uall [13ms]
2023-05-03 02:02:58.897 [info] > git config --get commit.template [7ms]
2023-05-03 02:02:58.899 [info] > git for-each-ref --format=%(refname)%00%(upstream:short)%00%(objectname)%00%(upstream:track)%00%(upstream:remotename)%00%(upstream:remoteref) refs/heads/master refs/remotes/master [3ms]
2023-05-03 02:02:58.930 [info] > git status -z -uall [26ms]
2023-05-03 02:03:03.946 [info] > git config --get commit.template [5ms]
2023-05-03 02:03:03.947 [info] > git for-each-ref --format=%(refname)%00%(upstream:short)%00%(objectname)%00%(upstream:track)%00%(upstream:remotename)%00%(upstream:remoteref) refs/heads/master refs/remotes/master [2ms]
2023-05-03 02:03:03.970 [info] > git status -z -uall [18ms]
2023-05-03 02:03:08.983 [info] > git config --get commit.template [4ms]
2023-05-03 02:03:08.984 [info] > git for-each-ref --format=%(refname)%00%(upstream:short)%00%(objectname)%00%(upstream:track)%00%(upstream:remotename)%00%(upstream:remoteref) refs/heads/master refs/remotes/master [1ms]
2023-05-03 02:03:09.001 [info] > git status -z -uall [14ms]
2023-05-03 02:03:14.016 [info] > git config --get commit.template [5ms]
2023-05-03 02:03:14.017 [info] > git for-each-ref --format=%(refname)%00%(upstream:short)%00%(objectname)%00%(upstream:track)%00%(upstream:remotename)%00%(upstream:remoteref) refs/heads/master refs/remotes/master [2ms]
2023-05-03 02:03:14.034 [info] > git status -z -uall [13ms]
2023-05-03 02:03:19.047 [info] > git config --get commit.template [4ms]
2023-05-03 02:03:19.047 [info] > git for-each-ref --format=%(refname)%00%(upstream:short)%00%(objectname)%00%(upstream:track)%00%(upstream:remotename)%00%(upstream:remoteref) refs/heads/master refs/remotes/master [1ms]
2023-05-03 02:03:19.065 [info] > git status -z -uall [14ms]
2023-05-03 02:03:24.076 [info] > git config --get commit.template [2ms]
2023-05-03 02:03:24.083 [info] > git for-each-ref --format=%(refname)%00%(upstream:short)%00%(objectname)%00%(upstream:track)%00%(upstream:remotename)%00%(upstream:remoteref) refs/heads/master refs/remotes/master [2ms]
2023-05-03 02:03:24.109 [info] > git status -z -uall [23ms]
2023-05-03 02:03:29.123 [info] > git config --get commit.template [6ms]
2023-05-03 02:03:29.123 [info] > git for-each-ref --format=%(refname)%00%(upstream:short)%00%(objectname)%00%(upstream:track)%00%(upstream:remotename)%00%(upstream:remoteref) refs/heads/master refs/remotes/master [1ms]
2023-05-03 02:03:29.141 [info] > git status -z -uall [14ms]
2023-05-03 02:03:34.160 [info] > git config --get commit.template [6ms]
2023-05-03 02:03:34.161 [info] > git for-each-ref --format=%(refname)%00%(upstream:short)%00%(objectname)%00%(upstream:track)%00%(upstream:remotename)%00%(upstream:remoteref) refs/heads/master refs/remotes/master [2ms]
2023-05-03 02:03:34.183 [info] > git status -z -uall [17ms]
2023-05-03 02:03:39.197 [info] > git config --get commit.template [5ms]
2023-05-03 02:03:39.198 [info] > git for-each-ref --format=%(refname)%00%(upstream:short)%00%(objectname)%00%(upstream:track)%00%(upstream:remotename)%00%(upstream:remoteref) refs/heads/master refs/remotes/master [2ms]
2023-05-03 02:03:39.222 [info] > git status -z -uall [20ms]
2023-05-03 02:03:44.244 [info] > git config --get commit.template [8ms]
2023-05-03 02:03:44.245 [info] > git for-each-ref --format=%(refname)%00%(upstream:short)%00%(objectname)%00%(upstream:track)%00%(upstream:remotename)%00%(upstream:remoteref) refs/heads/master refs/remotes/master [1ms]
2023-05-03 02:03:44.265 [info] > git status -z -uall [17ms]
2023-05-03 02:03:49.281 [info] > git config --get commit.template [2ms]
2023-05-03 02:03:49.287 [info] > git for-each-ref --format=%(refname)%00%(upstream:short)%00%(objectname)%00%(upstream:track)%00%(upstream:remotename)%00%(upstream:remoteref) refs/heads/master refs/remotes/master [2ms]
2023-05-03 02:03:49.309 [info] > git status -z -uall [19ms]
2023-05-03 02:03:54.322 [info] > git config --get commit.template [5ms]
2023-05-03 02:03:54.323 [info] > git for-each-ref --format=%(refname)%00%(upstream:short)%00%(objectname)%00%(upstream:track)%00%(upstream:remotename)%00%(upstream:remoteref) refs/heads/master refs/remotes/master [2ms]
2023-05-03 02:03:54.345 [info] > git status -z -uall [19ms]
2023-05-03 02:03:59.360 [info] > git config --get commit.template [5ms]
2023-05-03 02:03:59.360 [info] > git for-each-ref --format=%(refname)%00%(upstream:short)%00%(objectname)%00%(upstream:track)%00%(upstream:remotename)%00%(upstream:remoteref) refs/heads/master refs/remotes/master [1ms]
2023-05-03 02:03:59.388 [info] > git status -z -uall [23ms]
2023-05-03 02:04:04.404 [info] > git config --get commit.template [5ms]
2023-05-03 02:04:04.405 [info] > git for-each-ref --format=%(refname)%00%(upstream:short)%00%(objectname)%00%(upstream:track)%00%(upstream:remotename)%00%(upstream:remoteref) refs/heads/master refs/remotes/master [2ms]
2023-05-03 02:04:04.422 [info] > git status -z -uall [14ms]
2023-05-03 02:04:09.436 [info] > git config --get commit.template [5ms]
2023-05-03 02:04:09.437 [info] > git for-each-ref --format=%(refname)%00%(upstream:short)%00%(objectname)%00%(upstream:track)%00%(upstream:remotename)%00%(upstream:remoteref) refs/heads/master refs/remotes/master [1ms]
2023-05-03 02:04:09.457 [info] > git status -z -uall [17ms]
2023-05-03 02:04:14.471 [info] > git config --get commit.template [1ms]
2023-05-03 02:04:14.476 [info] > git for-each-ref --format=%(refname)%00%(upstream:short)%00%(objectname)%00%(upstream:track)%00%(upstream:remotename)%00%(upstream:remoteref) refs/heads/master refs/remotes/master [1ms]
2023-05-03 02:04:14.496 [info] > git status -z -uall [16ms]
2023-05-03 02:04:19.514 [info] > git config --get commit.template [7ms]
2023-05-03 02:04:19.516 [info] > git for-each-ref --format=%(refname)%00%(upstream:short)%00%(objectname)%00%(upstream:track)%00%(upstream:remotename)%00%(upstream:remoteref) refs/heads/master refs/remotes/master [3ms]
2023-05-03 02:04:19.537 [info] > git status -z -uall [16ms]
2023-05-03 02:04:24.549 [info] > git config --get commit.template [5ms]
2023-05-03 02:04:24.550 [info] > git for-each-ref --format=%(refname)%00%(upstream:short)%00%(objectname)%00%(upstream:track)%00%(upstream:remotename)%00%(upstream:remoteref) refs/heads/master refs/remotes/master [1ms]
2023-05-03 02:04:24.571 [info] > git status -z -uall [18ms]
2023-05-03 02:04:29.588 [info] > git config --get commit.template [4ms]
2023-05-03 02:04:29.588 [info] > git for-each-ref --format=%(refname)%00%(upstream:short)%00%(objectname)%00%(upstream:track)%00%(upstream:remotename)%00%(upstream:remoteref) refs/heads/master refs/remotes/master [1ms]
2023-05-03 02:04:29.609 [info] > git status -z -uall [16ms]
2023-05-03 02:04:34.628 [info] > git config --get commit.template [7ms]
2023-05-03 02:04:34.630 [info] > git for-each-ref --format=%(refname)%00%(upstream:short)%00%(objectname)%00%(upstream:track)%00%(upstream:remotename)%00%(upstream:remoteref) refs/heads/master refs/remotes/master [3ms]
2023-05-03 02:04:34.649 [info] > git status -z -uall [14ms]
2023-05-03 02:04:39.664 [info] > git config --get commit.template [4ms]
2023-05-03 02:04:39.664 [info] > git for-each-ref --format=%(refname)%00%(upstream:short)%00%(objectname)%00%(upstream:track)%00%(upstream:remotename)%00%(upstream:remoteref) refs/heads/master refs/remotes/master [1ms]
2023-05-03 02:04:39.690 [info] > git status -z -uall [21ms]
2023-05-03 02:04:44.708 [info] > git config --get commit.template [7ms]
2023-05-03 02:04:44.708 [info] > git for-each-ref --format=%(refname)%00%(upstream:short)%00%(objectname)%00%(upstream:track)%00%(upstream:remotename)%00%(upstream:remoteref) refs/heads/master refs/remotes/master [1ms]
2023-05-03 02:04:44.733 [info] > git status -z -uall [17ms]
2023-05-03 02:04:49.754 [info] > git config --get commit.template [8ms]
2023-05-03 02:04:49.757 [info] > git for-each-ref --format=%(refname)%00%(upstream:short)%00%(objectname)%00%(upstream:track)%00%(upstream:remotename)%00%(upstream:remoteref) refs/heads/master refs/remotes/master [3ms]
2023-05-03 02:04:49.777 [info] > git status -z -uall [17ms]
2023-05-03 02:04:54.792 [info] > git config --get commit.template [5ms]
2023-05-03 02:04:54.792 [info] > git for-each-ref --format=%(refname)%00%(upstream:short)%00%(objectname)%00%(upstream:track)%00%(upstream:remotename)%00%(upstream:remoteref) refs/heads/master refs/remotes/master [1ms]
2023-05-03 02:04:54.809 [info] > git status -z -uall [13ms]
2023-05-03 02:04:59.826 [info] > git config --get commit.template [5ms]
2023-05-03 02:04:59.827 [info] > git for-each-ref --format=%(refname)%00%(upstream:short)%00%(objectname)%00%(upstream:track)%00%(upstream:remotename)%00%(upstream:remoteref) refs/heads/master refs/remotes/master [2ms]
2023-05-03 02:04:59.850 [info] > git status -z -uall [19ms]
2023-05-03 02:05:04.863 [info] > git config --get commit.template [5ms]
2023-05-03 02:05:04.864 [info] > git for-each-ref --format=%(refname)%00%(upstream:short)%00%(objectname)%00%(upstream:track)%00%(upstream:remotename)%00%(upstream:remoteref) refs/heads/master refs/remotes/master [2ms]
2023-05-03 02:05:04.881 [info] > git status -z -uall [14ms]
2023-05-03 02:05:09.896 [info] > git config --get commit.template [4ms]
2023-05-03 02:05:09.897 [info] > git for-each-ref --format=%(refname)%00%(upstream:short)%00%(objectname)%00%(upstream:track)%00%(upstream:remotename)%00%(upstream:remoteref) refs/heads/master refs/remotes/master [1ms]
2023-05-03 02:05:09.914 [info] > git status -z -uall [14ms]
2023-05-03 02:05:14.925 [info] > git config --get commit.template [2ms]
2023-05-03 02:05:14.930 [info] > git for-each-ref --format=%(refname)%00%(upstream:short)%00%(objectname)%00%(upstream:track)%00%(upstream:remotename)%00%(upstream:remoteref) refs/heads/master refs/remotes/master [1ms]
2023-05-03 02:05:14.949 [info] > git status -z -uall [14ms]
2023-05-03 02:05:19.964 [info] > git config --get commit.template [5ms]
2023-05-03 02:05:19.965 [info] > git for-each-ref --format=%(refname)%00%(upstream:short)%00%(objectname)%00%(upstream:track)%00%(upstream:remotename)%00%(upstream:remoteref) refs/heads/master refs/remotes/master [1ms]
2023-05-03 02:05:19.983 [info] > git status -z -uall [14ms]
2023-05-03 02:05:25.000 [info] > git config --get commit.template [6ms]
2023-05-03 02:05:25.002 [info] > git for-each-ref --format=%(refname)%00%(upstream:short)%00%(objectname)%00%(upstream:track)%00%(upstream:remotename)%00%(upstream:remoteref) refs/heads/master refs/remotes/master [3ms]
2023-05-03 02:05:25.022 [info] > git status -z -uall [17ms]
2023-05-03 02:05:30.036 [info] > git config --get commit.template [6ms]
2023-05-03 02:05:30.039 [info] > git for-each-ref --format=%(refname)%00%(upstream:short)%00%(objectname)%00%(upstream:track)%00%(upstream:remotename)%00%(upstream:remoteref) refs/heads/master refs/remotes/master [3ms]
2023-05-03 02:05:30.056 [info] > git status -z -uall [13ms]
2023-05-03 02:05:35.070 [info] > git config --get commit.template [1ms]
2023-05-03 02:05:35.077 [info] > git for-each-ref --format=%(refname)%00%(upstream:short)%00%(objectname)%00%(upstream:track)%00%(upstream:remotename)%00%(upstream:remoteref) refs/heads/master refs/remotes/master [1ms]
2023-05-03 02:05:35.093 [info] > git status -z -uall [13ms]
2023-05-03 02:05:40.110 [info] > git config --get commit.template [4ms]
2023-05-03 02:05:40.110 [info] > git for-each-ref --format=%(refname)%00%(upstream:short)%00%(objectname)%00%(upstream:track)%00%(upstream:remotename)%00%(upstream:remoteref) refs/heads/master refs/remotes/master [1ms]
2023-05-03 02:05:40.127 [info] > git status -z -uall [14ms]
2023-05-03 02:05:45.142 [info] > git config --get commit.template [6ms]
2023-05-03 02:05:45.145 [info] > git for-each-ref --format=%(refname)%00%(upstream:short)%00%(objectname)%00%(upstream:track)%00%(upstream:remotename)%00%(upstream:remoteref) refs/heads/master refs/remotes/master [3ms]
2023-05-03 02:05:45.165 [info] > git status -z -uall [17ms]
2023-05-03 02:05:50.184 [info] > git config --get commit.template [7ms]
2023-05-03 02:05:50.184 [info] > git for-each-ref --format=%(refname)%00%(upstream:short)%00%(objectname)%00%(upstream:track)%00%(upstream:remotename)%00%(upstream:remoteref) refs/heads/master refs/remotes/master [1ms]
2023-05-03 02:05:50.204 [info] > git status -z -uall [15ms]
2023-05-03 02:05:55.221 [info] > git config --get commit.template [7ms]
2023-05-03 02:05:55.221 [info] > git for-each-ref --format=%(refname)%00%(upstream:short)%00%(objectname)%00%(upstream:track)%00%(upstream:remotename)%00%(upstream:remoteref) refs/heads/master refs/remotes/master [1ms]
2023-05-03 02:05:55.249 [info] > git status -z -uall [23ms]
2023-05-03 02:06:00.267 [info] > git config --get commit.template [6ms]
2023-05-03 02:06:00.269 [info] > git for-each-ref --format=%(refname)%00%(upstream:short)%00%(objectname)%00%(upstream:track)%00%(upstream:remotename)%00%(upstream:remoteref) refs/heads/master refs/remotes/master [3ms]
2023-05-03 02:06:00.294 [info] > git status -z -uall [20ms]
2023-05-03 02:06:05.308 [info] > git config --get commit.template [5ms]
2023-05-03 02:06:05.309 [info] > git for-each-ref --format=%(refname)%00%(upstream:short)%00%(objectname)%00%(upstream:track)%00%(upstream:remotename)%00%(upstream:remoteref) refs/heads/master refs/remotes/master [1ms]
2023-05-03 02:06:05.327 [info] > git status -z -uall [14ms]
2023-05-03 02:06:10.341 [info] > git config --get commit.template [5ms]
2023-05-03 02:06:10.341 [info] > git for-each-ref --format=%(refname)%00%(upstream:short)%00%(objectname)%00%(upstream:track)%00%(upstream:remotename)%00%(upstream:remoteref) refs/heads/master refs/remotes/master [1ms]
2023-05-03 02:06:10.359 [info] > git status -z -uall [13ms]
2023-05-03 02:06:15.374 [info] > git config --get commit.template [5ms]
2023-05-03 02:06:15.375 [info] > git for-each-ref --format=%(refname)%00%(upstream:short)%00%(objectname)%00%(upstream:track)%00%(upstream:remotename)%00%(upstream:remoteref) refs/heads/master refs/remotes/master [1ms]
2023-05-03 02:06:15.393 [info] > git status -z -uall [15ms]
2023-05-03 02:06:20.405 [info] > git config --get commit.template [4ms]
2023-05-03 02:06:20.406 [info] > git for-each-ref --format=%(refname)%00%(upstream:short)%00%(objectname)%00%(upstream:track)%00%(upstream:remotename)%00%(upstream:remoteref) refs/heads/master refs/remotes/master [1ms]
2023-05-03 02:06:20.423 [info] > git status -z -uall [13ms]
2023-05-03 02:06:25.435 [info] > git config --get commit.template [4ms]
2023-05-03 02:06:25.436 [info] > git for-each-ref --format=%(refname)%00%(upstream:short)%00%(objectname)%00%(upstream:track)%00%(upstream:remotename)%00%(upstream:remoteref) refs/heads/master refs/remotes/master [1ms]
2023-05-03 02:06:25.458 [info] > git status -z -uall [19ms]
2023-05-03 02:06:30.475 [info] > git config --get commit.template [6ms]
2023-05-03 02:06:30.476 [info] > git for-each-ref --format=%(refname)%00%(upstream:short)%00%(objectname)%00%(upstream:track)%00%(upstream:remotename)%00%(upstream:remoteref) refs/heads/master refs/remotes/master [1ms]
2023-05-03 02:06:30.493 [info] > git status -z -uall [13ms]
2023-05-03 02:06:35.506 [info] > git config --get commit.template [4ms]
2023-05-03 02:06:35.507 [info] > git for-each-ref --format=%(refname)%00%(upstream:short)%00%(objectname)%00%(upstream:track)%00%(upstream:remotename)%00%(upstream:remoteref) refs/heads/master refs/remotes/master [1ms]
2023-05-03 02:06:35.525 [info] > git status -z -uall [14ms]
2023-05-03 02:06:40.539 [info] > git config --get commit.template [5ms]
2023-05-03 02:06:40.539 [info] > git for-each-ref --format=%(refname)%00%(upstream:short)%00%(objectname)%00%(upstream:track)%00%(upstream:remotename)%00%(upstream:remoteref) refs/heads/master refs/remotes/master [1ms]
2023-05-03 02:06:40.563 [info] > git status -z -uall [19ms]
2023-05-03 02:06:45.579 [info] > git config --get commit.template [5ms]
2023-05-03 02:06:45.580 [info] > git for-each-ref --format=%(refname)%00%(upstream:short)%00%(objectname)%00%(upstream:track)%00%(upstream:remotename)%00%(upstream:remoteref) refs/heads/master refs/remotes/master [1ms]
2023-05-03 02:06:45.596 [info] > git status -z -uall [13ms]
2023-05-03 02:06:50.612 [info] > git config --get commit.template [7ms]
2023-05-03 02:06:50.615 [info] > git for-each-ref --format=%(refname)%00%(upstream:short)%00%(objectname)%00%(upstream:track)%00%(upstream:remotename)%00%(upstream:remoteref) refs/heads/master refs/remotes/master [3ms]
2023-05-03 02:06:50.637 [info] > git status -z -uall [17ms]
2023-05-03 02:06:55.653 [info] > git config --get commit.template [5ms]
2023-05-03 02:06:55.654 [info] > git for-each-ref --format=%(refname)%00%(upstream:short)%00%(objectname)%00%(upstream:track)%00%(upstream:remotename)%00%(upstream:remoteref) refs/heads/master refs/remotes/master [1ms]
2023-05-03 02:06:55.675 [info] > git status -z -uall [17ms]
2023-05-03 02:07:00.687 [info] > git config --get commit.template [1ms]
2023-05-03 02:07:00.693 [info] > git for-each-ref --format=%(refname)%00%(upstream:short)%00%(objectname)%00%(upstream:track)%00%(upstream:remotename)%00%(upstream:remoteref) refs/heads/master refs/remotes/master [1ms]
2023-05-03 02:07:00.714 [info] > git status -z -uall [17ms]
2023-05-03 02:07:05.730 [info] > git config --get commit.template [6ms]
2023-05-03 02:07:05.731 [info] > git for-each-ref --format=%(refname)%00%(upstream:short)%00%(objectname)%00%(upstream:track)%00%(upstream:remotename)%00%(upstream:remoteref) refs/heads/master refs/remotes/master [2ms]
2023-05-03 02:07:05.758 [info] > git status -z -uall [23ms]
2023-05-03 02:07:10.776 [info] > git config --get commit.template [5ms]
2023-05-03 02:07:10.777 [info] > git for-each-ref --format=%(refname)%00%(upstream:short)%00%(objectname)%00%(upstream:track)%00%(upstream:remotename)%00%(upstream:remoteref) refs/heads/master refs/remotes/master [2ms]
2023-05-03 02:07:10.800 [info] > git status -z -uall [18ms]
2023-05-03 02:07:15.812 [info] > git config --get commit.template [1ms]
2023-05-03 02:07:15.818 [info] > git for-each-ref --format=%(refname)%00%(upstream:short)%00%(objectname)%00%(upstream:track)%00%(upstream:remotename)%00%(upstream:remoteref) refs/heads/master refs/remotes/master [2ms]
2023-05-03 02:07:15.838 [info] > git status -z -uall [17ms]
2023-05-03 02:07:20.853 [info] > git config --get commit.template [5ms]
2023-05-03 02:07:20.854 [info] > git for-each-ref --format=%(refname)%00%(upstream:short)%00%(objectname)%00%(upstream:track)%00%(upstream:remotename)%00%(upstream:remoteref) refs/heads/master refs/remotes/master [1ms]
2023-05-03 02:07:20.871 [info] > git status -z -uall [14ms]
2023-05-03 02:07:25.886 [info] > git config --get commit.template [5ms]
2023-05-03 02:07:25.887 [info] > git for-each-ref --format=%(refname)%00%(upstream:short)%00%(objectname)%00%(upstream:track)%00%(upstream:remotename)%00%(upstream:remoteref) refs/heads/master refs/remotes/master [1ms]
2023-05-03 02:07:25.909 [info] > git status -z -uall [19ms]
2023-05-03 02:07:30.924 [info] > git config --get commit.template [6ms]
2023-05-03 02:07:30.924 [info] > git for-each-ref --format=%(refname)%00%(upstream:short)%00%(objectname)%00%(upstream:track)%00%(upstream:remotename)%00%(upstream:remoteref) refs/heads/master refs/remotes/master [1ms]
2023-05-03 02:07:30.944 [info] > git status -z -uall [14ms]
2023-05-03 02:07:35.962 [info] > git config --get commit.template [5ms]
2023-05-03 02:07:35.962 [info] > git for-each-ref --format=%(refname)%00%(upstream:short)%00%(objectname)%00%(upstream:track)%00%(upstream:remotename)%00%(upstream:remoteref) refs/heads/master refs/remotes/master [1ms]
2023-05-03 02:07:35.980 [info] > git status -z -uall [14ms]
2023-05-03 02:07:40.993 [info] > git config --get commit.template [0ms]
2023-05-03 02:07:41.000 [info] > git for-each-ref --format=%(refname)%00%(upstream:short)%00%(objectname)%00%(upstream:track)%00%(upstream:remotename)%00%(upstream:remoteref) refs/heads/master refs/remotes/master [2ms]
2023-05-03 02:07:41.018 [info] > git status -z -uall [14ms]
2023-05-03 02:07:46.033 [info] > git config --get commit.template [6ms]
2023-05-03 02:07:46.035 [info] > git for-each-ref --format=%(refname)%00%(upstream:short)%00%(objectname)%00%(upstream:track)%00%(upstream:remotename)%00%(upstream:remoteref) refs/heads/master refs/remotes/master [3ms]
2023-05-03 02:07:46.052 [info] > git status -z -uall [14ms]
2023-05-03 02:07:51.066 [info] > git config --get commit.template [5ms]
2023-05-03 02:07:51.067 [info] > git for-each-ref --format=%(refname)%00%(upstream:short)%00%(objectname)%00%(upstream:track)%00%(upstream:remotename)%00%(upstream:remoteref) refs/heads/master refs/remotes/master [2ms]
2023-05-03 02:07:51.089 [info] > git status -z -uall [17ms]
2023-05-03 02:07:56.106 [info] > git config --get commit.template [6ms]
2023-05-03 02:07:56.109 [info] > git for-each-ref --format=%(refname)%00%(upstream:short)%00%(objectname)%00%(upstream:track)%00%(upstream:remotename)%00%(upstream:remoteref) refs/heads/master refs/remotes/master [3ms]
2023-05-03 02:07:56.140 [info] > git status -z -uall [26ms]
2023-05-03 02:08:01.156 [info] > git config --get commit.template [3ms]
2023-05-03 02:08:01.161 [info] > git for-each-ref --format=%(refname)%00%(upstream:short)%00%(objectname)%00%(upstream:track)%00%(upstream:remotename)%00%(upstream:remoteref) refs/heads/master refs/remotes/master [1ms]
2023-05-03 02:08:01.186 [info] > git status -z -uall [20ms]
2023-05-03 02:08:06.203 [info] > git config --get commit.template [5ms]
2023-05-03 02:08:06.203 [info] > git for-each-ref --format=%(refname)%00%(upstream:short)%00%(objectname)%00%(upstream:track)%00%(upstream:remotename)%00%(upstream:remoteref) refs/heads/master refs/remotes/master [1ms]
2023-05-03 02:08:06.220 [info] > git status -z -uall [13ms]
2023-05-03 02:08:11.236 [info] > git config --get commit.template [7ms]
2023-05-03 02:08:11.238 [info] > git for-each-ref --format=%(refname)%00%(upstream:short)%00%(objectname)%00%(upstream:track)%00%(upstream:remotename)%00%(upstream:remoteref) refs/heads/master refs/remotes/master [3ms]
2023-05-03 02:08:11.255 [info] > git status -z -uall [13ms]
2023-05-03 02:08:16.268 [info] > git config --get commit.template [4ms]
2023-05-03 02:08:16.268 [info] > git for-each-ref --format=%(refname)%00%(upstream:short)%00%(objectname)%00%(upstream:track)%00%(upstream:remotename)%00%(upstream:remoteref) refs/heads/master refs/remotes/master [1ms]
2023-05-03 02:08:16.284 [info] > git status -z -uall [13ms]
2023-05-03 02:08:21.299 [info] > git config --get commit.template [6ms]
2023-05-03 02:08:21.300 [info] > git for-each-ref --format=%(refname)%00%(upstream:short)%00%(objectname)%00%(upstream:track)%00%(upstream:remotename)%00%(upstream:remoteref) refs/heads/master refs/remotes/master [1ms]
2023-05-03 02:08:21.318 [info] > git status -z -uall [14ms]
2023-05-03 02:08:26.334 [info] > git for-each-ref --format=%(refname)%00%(upstream:short)%00%(objectname)%00%(upstream:track)%00%(upstream:remotename)%00%(upstream:remoteref) refs/heads/master refs/remotes/master [1ms]
2023-05-03 02:08:26.334 [info] > git config --get commit.template [6ms]
2023-05-03 02:08:26.354 [info] > git status -z -uall [17ms]
2023-05-03 02:08:31.369 [info] > git config --get commit.template [7ms]
2023-05-03 02:08:31.370 [info] > git for-each-ref --format=%(refname)%00%(upstream:short)%00%(objectname)%00%(upstream:track)%00%(upstream:remotename)%00%(upstream:remoteref) refs/heads/master refs/remotes/master [2ms]
2023-05-03 02:08:31.388 [info] > git status -z -uall [14ms]
2023-05-03 02:08:36.407 [info] > git config --get commit.template [5ms]
2023-05-03 02:08:36.407 [info] > git for-each-ref --format=%(refname)%00%(upstream:short)%00%(objectname)%00%(upstream:track)%00%(upstream:remotename)%00%(upstream:remoteref) refs/heads/master refs/remotes/master [1ms]
2023-05-03 02:08:36.424 [info] > git status -z -uall [13ms]
2023-05-03 02:08:41.444 [info] > git config --get commit.template [4ms]
2023-05-03 02:08:41.444 [info] > git for-each-ref --format=%(refname)%00%(upstream:short)%00%(objectname)%00%(upstream:track)%00%(upstream:remotename)%00%(upstream:remoteref) refs/heads/master refs/remotes/master [1ms]
2023-05-03 02:08:41.462 [info] > git status -z -uall [14ms]
2023-05-03 02:08:46.478 [info] > git config --get commit.template [2ms]
2023-05-03 02:08:46.484 [info] > git for-each-ref --format=%(refname)%00%(upstream:short)%00%(objectname)%00%(upstream:track)%00%(upstream:remotename)%00%(upstream:remoteref) refs/heads/master refs/remotes/master [1ms]
2023-05-03 02:08:46.505 [info] > git status -z -uall [17ms]
2023-05-03 02:08:51.519 [info] > git config --get commit.template [5ms]
2023-05-03 02:08:51.520 [info] > git for-each-ref --format=%(refname)%00%(upstream:short)%00%(objectname)%00%(upstream:track)%00%(upstream:remotename)%00%(upstream:remoteref) refs/heads/master refs/remotes/master [2ms]
2023-05-03 02:08:51.537 [info] > git status -z -uall [14ms]
2023-05-03 02:08:56.554 [info] > git config --get commit.template [5ms]
2023-05-03 02:08:56.555 [info] > git for-each-ref --format=%(refname)%00%(upstream:short)%00%(objectname)%00%(upstream:track)%00%(upstream:remotename)%00%(upstream:remoteref) refs/heads/master refs/remotes/master [2ms]
2023-05-03 02:08:56.571 [info] > git status -z -uall [12ms]
2023-05-03 02:09:01.589 [info] > git config --get commit.template [6ms]
2023-05-03 02:09:01.590 [info] > git for-each-ref --format=%(refname)%00%(upstream:short)%00%(objectname)%00%(upstream:track)%00%(upstream:remotename)%00%(upstream:remoteref) refs/heads/master refs/remotes/master [2ms]
2023-05-03 02:09:01.611 [info] > git status -z -uall [18ms]
2023-05-03 02:09:06.623 [info] > git config --get commit.template [5ms]
2023-05-03 02:09:06.624 [info] > git for-each-ref --format=%(refname)%00%(upstream:short)%00%(objectname)%00%(upstream:track)%00%(upstream:remotename)%00%(upstream:remoteref) refs/heads/master refs/remotes/master [1ms]
2023-05-03 02:09:06.640 [info] > git status -z -uall [13ms]
2023-05-03 02:09:11.656 [info] > git config --get commit.template [6ms]
2023-05-03 02:09:11.659 [info] > git for-each-ref --format=%(refname)%00%(upstream:short)%00%(objectname)%00%(upstream:track)%00%(upstream:remotename)%00%(upstream:remoteref) refs/heads/master refs/remotes/master [4ms]
2023-05-03 02:09:11.681 [info] > git status -z -uall [18ms]
2023-05-03 02:09:16.695 [info] > git config --get commit.template [5ms]
2023-05-03 02:09:16.695 [info] > git for-each-ref --format=%(refname)%00%(upstream:short)%00%(objectname)%00%(upstream:track)%00%(upstream:remotename)%00%(upstream:remoteref) refs/heads/master refs/remotes/master [1ms]
2023-05-03 02:09:16.715 [info] > git status -z -uall [16ms]
2023-05-03 02:09:21.732 [info] > git config --get commit.template [7ms]
2023-05-03 02:09:21.734 [info] > git for-each-ref --format=%(refname)%00%(upstream:short)%00%(objectname)%00%(upstream:track)%00%(upstream:remotename)%00%(upstream:remoteref) refs/heads/master refs/remotes/master [3ms]
2023-05-03 02:09:21.754 [info] > git status -z -uall [16ms]
2023-05-03 02:09:26.769 [info] > git config --get commit.template [5ms]
2023-05-03 02:09:26.769 [info] > git for-each-ref --format=%(refname)%00%(upstream:short)%00%(objectname)%00%(upstream:track)%00%(upstream:remotename)%00%(upstream:remoteref) refs/heads/master refs/remotes/master [1ms]
2023-05-03 02:09:26.790 [info] > git status -z -uall [16ms]
2023-05-03 02:09:31.805 [info] > git config --get commit.template [6ms]
2023-05-03 02:09:31.805 [info] > git for-each-ref --format=%(refname)%00%(upstream:short)%00%(objectname)%00%(upstream:track)%00%(upstream:remotename)%00%(upstream:remoteref) refs/heads/master refs/remotes/master [1ms]
2023-05-03 02:09:31.826 [info] > git status -z -uall [17ms]
2023-05-03 02:09:36.844 [info] > git for-each-ref --format=%(refname)%00%(upstream:short)%00%(objectname)%00%(upstream:track)%00%(upstream:remotename)%00%(upstream:remoteref) refs/heads/master refs/remotes/master [2ms]
2023-05-03 02:09:36.844 [info] > git config --get commit.template [7ms]
2023-05-03 02:09:36.867 [info] > git status -z -uall [19ms]
2023-05-03 02:09:41.880 [info] > git config --get commit.template [5ms]
2023-05-03 02:09:41.881 [info] > git for-each-ref --format=%(refname)%00%(upstream:short)%00%(objectname)%00%(upstream:track)%00%(upstream:remotename)%00%(upstream:remoteref) refs/heads/master refs/remotes/master [2ms]
2023-05-03 02:09:41.898 [info] > git status -z -uall [13ms]
2023-05-03 02:09:46.920 [info] > git config --get commit.template [8ms]
2023-05-03 02:09:46.922 [info] > git for-each-ref --format=%(refname)%00%(upstream:short)%00%(objectname)%00%(upstream:track)%00%(upstream:remotename)%00%(upstream:remoteref) refs/heads/master refs/remotes/master [3ms]
2023-05-03 02:09:46.944 [info] > git status -z -uall [18ms]
2023-05-03 02:09:51.961 [info] > git config --get commit.template [7ms]
2023-05-03 02:09:51.964 [info] > git for-each-ref --format=%(refname)%00%(upstream:short)%00%(objectname)%00%(upstream:track)%00%(upstream:remotename)%00%(upstream:remoteref) refs/heads/master refs/remotes/master [4ms]
2023-05-03 02:09:51.985 [info] > git status -z -uall [16ms]
2023-05-03 02:09:57.000 [info] > git config --get commit.template [5ms]
2023-05-03 02:09:57.000 [info] > git for-each-ref --format=%(refname)%00%(upstream:short)%00%(objectname)%00%(upstream:track)%00%(upstream:remotename)%00%(upstream:remoteref) refs/heads/master refs/remotes/master [1ms]
2023-05-03 02:09:57.019 [info] > git status -z -uall [15ms]
2023-05-03 02:10:02.033 [info] > git config --get commit.template [1ms]
2023-05-03 02:10:02.039 [info] > git for-each-ref --format=%(refname)%00%(upstream:short)%00%(objectname)%00%(upstream:track)%00%(upstream:remotename)%00%(upstream:remoteref) refs/heads/master refs/remotes/master [2ms]
2023-05-03 02:10:02.057 [info] > git status -z -uall [14ms]
2023-05-03 02:10:07.076 [info] > git config --get commit.template [6ms]
2023-05-03 02:10:07.078 [info] > git for-each-ref --format=%(refname)%00%(upstream:short)%00%(objectname)%00%(upstream:track)%00%(upstream:remotename)%00%(upstream:remoteref) refs/heads/master refs/remotes/master [3ms]
2023-05-03 02:10:07.098 [info] > git status -z -uall [15ms]
2023-05-03 02:10:12.111 [info] > git config --get commit.template [5ms]
2023-05-03 02:10:12.112 [info] > git for-each-ref --format=%(refname)%00%(upstream:short)%00%(objectname)%00%(upstream:track)%00%(upstream:remotename)%00%(upstream:remoteref) refs/heads/master refs/remotes/master [2ms]
2023-05-03 02:10:12.132 [info] > git status -z -uall [17ms]
2023-05-03 02:10:17.144 [info] > git config --get commit.template [2ms]
2023-05-03 02:10:17.151 [info] > git for-each-ref --format=%(refname)%00%(upstream:short)%00%(objectname)%00%(upstream:track)%00%(upstream:remotename)%00%(upstream:remoteref) refs/heads/master refs/remotes/master [2ms]
2023-05-03 02:10:17.171 [info] > git status -z -uall [17ms]
2023-05-03 02:10:22.186 [info] > git config --get commit.template [1ms]
2023-05-03 02:10:22.194 [info] > git for-each-ref --format=%(refname)%00%(upstream:short)%00%(objectname)%00%(upstream:track)%00%(upstream:remotename)%00%(upstream:remoteref) refs/heads/master refs/remotes/master [2ms]
2023-05-03 02:10:22.215 [info] > git status -z -uall [18ms]
2023-05-03 02:10:27.227 [info] > git config --get commit.template [5ms]
2023-05-03 02:10:27.227 [info] > git for-each-ref --format=%(refname)%00%(upstream:short)%00%(objectname)%00%(upstream:track)%00%(upstream:remotename)%00%(upstream:remoteref) refs/heads/master refs/remotes/master [1ms]
2023-05-03 02:10:27.245 [info] > git status -z -uall [14ms]
2023-05-03 02:10:32.261 [info] > git config --get commit.template [6ms]
2023-05-03 02:10:32.261 [info] > git for-each-ref --format=%(refname)%00%(upstream:short)%00%(objectname)%00%(upstream:track)%00%(upstream:remotename)%00%(upstream:remoteref) refs/heads/master refs/remotes/master [1ms]
2023-05-03 02:10:32.294 [info] > git status -z -uall [27ms]
2023-05-03 02:10:37.307 [info] > git config --get commit.template [2ms]
2023-05-03 02:10:37.313 [info] > git for-each-ref --format=%(refname)%00%(upstream:short)%00%(objectname)%00%(upstream:track)%00%(upstream:remotename)%00%(upstream:remoteref) refs/heads/master refs/remotes/master [1ms]
2023-05-03 02:10:37.343 [info] > git status -z -uall [25ms]
2023-05-03 02:10:42.356 [info] > git config --get commit.template [6ms]
2023-05-03 02:10:42.358 [info] > git for-each-ref --format=%(refname)%00%(upstream:short)%00%(objectname)%00%(upstream:track)%00%(upstream:remotename)%00%(upstream:remoteref) refs/heads/master refs/remotes/master [3ms]
2023-05-03 02:10:42.376 [info] > git status -z -uall [14ms]
