2023-05-03 00:03:17.952 [info] Extension host with pid 6253 started
2023-05-03 00:03:17.983 [info] Lock '/home/cn154/.vscode-server/data/User/workspaceStorage/b46e317309c3c222dbd7d15d375ac8e5/vscode.lock': Lock acquired.
2023-05-03 00:03:18.175 [info] ExtensionService#_doActivateExtension vscode.emmet, startup: false, activationEvent: 'onLanguage'
2023-05-03 00:03:18.681 [info] ExtensionService#_doActivateExtension vscode.git-base, startup: true, activationEvent: '*', root cause: vscode.git
2023-05-03 00:03:18.752 [info] ExtensionService#_doActivateExtension vscode.git, startup: true, activationEvent: '*'
2023-05-03 00:03:18.753 [info] ExtensionService#_doActivateExtension vscode.github, startup: true, activationEvent: '*'
2023-05-03 00:03:18.922 [info] Eager extensions activated
2023-05-03 00:03:18.922 [info] ExtensionService#_doActivateExtension vscode.debug-auto-launch, startup: false, activationEvent: 'onStartupFinished'
2023-05-03 00:03:18.923 [info] ExtensionService#_doActivateExtension vscode.merge-conflict, startup: false, activationEvent: 'onStartupFinished'
2023-05-03 00:03:19.094 [warning] [Decorations] CAPPING events from decorations provider vscode.git 1495
2023-05-03 00:03:19.366 [warning] [Decorations] CAPPING events from decorations provider vscode.git 1495
2023-05-03 00:03:23.187 [warning] [Decorations] CAPPING events from decorations provider vscode.git 1496
2023-05-03 00:03:28.265 [warning] [Decorations] CAPPING events from decorations provider vscode.git 1496
2023-05-03 00:03:33.347 [warning] [Decorations] CAPPING events from decorations provider vscode.git 1496
2023-05-03 00:03:38.463 [warning] [Decorations] CAPPING events from decorations provider vscode.git 1496
2023-05-03 00:03:43.543 [warning] [Decorations] CAPPING events from decorations provider vscode.git 1496
2023-05-03 00:03:49.191 [warning] [Decorations] CAPPING events from decorations provider vscode.git 1499
2023-05-03 00:03:54.279 [warning] [Decorations] CAPPING events from decorations provider vscode.git 1499
2023-05-03 00:03:59.365 [warning] [Decorations] CAPPING events from decorations provider vscode.git 1499
2023-05-03 00:04:04.446 [warning] [Decorations] CAPPING events from decorations provider vscode.git 1499
2023-05-03 00:04:09.536 [warning] [Decorations] CAPPING events from decorations provider vscode.git 1499
2023-05-03 00:04:14.632 [warning] [Decorations] CAPPING events from decorations provider vscode.git 1499
2023-05-03 00:04:19.731 [warning] [Decorations] CAPPING events from decorations provider vscode.git 1499
2023-05-03 00:04:47.389 [warning] [Decorations] CAPPING events from decorations provider vscode.git 1499
2023-05-03 00:04:52.484 [warning] [Decorations] CAPPING events from decorations provider vscode.git 1499
2023-05-03 00:04:57.577 [warning] [Decorations] CAPPING events from decorations provider vscode.git 1499
2023-05-03 00:05:02.656 [warning] [Decorations] CAPPING events from decorations provider vscode.git 1499
2023-05-03 00:05:07.745 [warning] [Decorations] CAPPING events from decorations provider vscode.git 1499
2023-05-03 00:05:12.845 [warning] [Decorations] CAPPING events from decorations provider vscode.git 1499
2023-05-03 00:05:17.936 [warning] [Decorations] CAPPING events from decorations provider vscode.git 1499
2023-05-03 00:05:23.030 [warning] [Decorations] CAPPING events from decorations provider vscode.git 1499
2023-05-03 00:05:28.109 [warning] [Decorations] CAPPING events from decorations provider vscode.git 1499
2023-05-03 00:05:33.185 [warning] [Decorations] CAPPING events from decorations provider vscode.git 1499
2023-05-03 00:05:38.567 [warning] [Decorations] CAPPING events from decorations provider vscode.git 1499
2023-05-03 00:05:43.651 [warning] [Decorations] CAPPING events from decorations provider vscode.git 1499
2023-05-03 00:05:48.729 [warning] [Decorations] CAPPING events from decorations provider vscode.git 1499
2023-05-03 00:05:53.808 [warning] [Decorations] CAPPING events from decorations provider vscode.git 1499
2023-05-03 00:05:58.893 [warning] [Decorations] CAPPING events from decorations provider vscode.git 1499
2023-05-03 00:06:03.969 [warning] [Decorations] CAPPING events from decorations provider vscode.git 1499
2023-05-03 00:06:09.044 [warning] [Decorations] CAPPING events from decorations provider vscode.git 1499
2023-05-03 00:06:15.837 [warning] [Decorations] CAPPING events from decorations provider vscode.git 1499
2023-05-03 00:06:20.924 [warning] [Decorations] CAPPING events from decorations provider vscode.git 1499
2023-05-03 00:06:26.002 [warning] [Decorations] CAPPING events from decorations provider vscode.git 1499
2023-05-03 00:06:34.018 [warning] [Decorations] CAPPING events from decorations provider vscode.git 1499
2023-05-03 00:06:57.115 [warning] [Decorations] CAPPING events from decorations provider vscode.git 1499
2023-05-03 00:07:02.211 [warning] [Decorations] CAPPING events from decorations provider vscode.git 1499
2023-05-03 00:07:10.629 [warning] [Decorations] CAPPING events from decorations provider vscode.git 1499
2023-05-03 00:07:15.715 [warning] [Decorations] CAPPING events from decorations provider vscode.git 1499
2023-05-03 00:07:20.808 [warning] [Decorations] CAPPING events from decorations provider vscode.git 1499
2023-05-03 00:07:25.889 [warning] [Decorations] CAPPING events from decorations provider vscode.git 1499
2023-05-03 00:07:30.971 [warning] [Decorations] CAPPING events from decorations provider vscode.git 1499
2023-05-03 00:07:36.050 [warning] [Decorations] CAPPING events from decorations provider vscode.git 1499
2023-05-03 00:07:41.137 [warning] [Decorations] CAPPING events from decorations provider vscode.git 1499
2023-05-03 00:07:47.603 [warning] [Decorations] CAPPING events from decorations provider vscode.git 1502
2023-05-03 00:07:52.680 [warning] [Decorations] CAPPING events from decorations provider vscode.git 1502
2023-05-03 00:07:57.758 [warning] [Decorations] CAPPING events from decorations provider vscode.git 1502
2023-05-03 00:08:02.842 [warning] [Decorations] CAPPING events from decorations provider vscode.git 1502
2023-05-03 00:08:07.923 [warning] [Decorations] CAPPING events from decorations provider vscode.git 1502
2023-05-03 00:08:13.010 [warning] [Decorations] CAPPING events from decorations provider vscode.git 1502
2023-05-03 00:08:18.105 [warning] [Decorations] CAPPING events from decorations provider vscode.git 1502
2023-05-03 00:08:23.183 [warning] [Decorations] CAPPING events from decorations provider vscode.git 1502
2023-05-03 00:08:28.261 [warning] [Decorations] CAPPING events from decorations provider vscode.git 1502
2023-05-03 00:08:33.338 [warning] [Decorations] CAPPING events from decorations provider vscode.git 1502
2023-05-03 00:08:38.431 [warning] [Decorations] CAPPING events from decorations provider vscode.git 1502
2023-05-03 00:08:43.507 [warning] [Decorations] CAPPING events from decorations provider vscode.git 1502
2023-05-03 00:08:48.588 [warning] [Decorations] CAPPING events from decorations provider vscode.git 1502
2023-05-03 00:08:53.660 [warning] [Decorations] CAPPING events from decorations provider vscode.git 1502
2023-05-03 00:08:58.741 [warning] [Decorations] CAPPING events from decorations provider vscode.git 1502
2023-05-03 00:09:03.835 [warning] [Decorations] CAPPING events from decorations provider vscode.git 1502
2023-05-03 00:09:08.914 [warning] [Decorations] CAPPING events from decorations provider vscode.git 1502
2023-05-03 00:09:13.995 [warning] [Decorations] CAPPING events from decorations provider vscode.git 1502
2023-05-03 00:09:19.073 [warning] [Decorations] CAPPING events from decorations provider vscode.git 1502
2023-05-03 00:10:24.286 [warning] [Decorations] CAPPING events from decorations provider vscode.git 1502
2023-05-03 00:10:29.375 [warning] [Decorations] CAPPING events from decorations provider vscode.git 1502
2023-05-03 00:10:34.456 [warning] [Decorations] CAPPING events from decorations provider vscode.git 1502
2023-05-03 00:10:39.543 [warning] [Decorations] CAPPING events from decorations provider vscode.git 1502
2023-05-03 00:10:44.623 [warning] [Decorations] CAPPING events from decorations provider vscode.git 1502
2023-05-03 00:10:49.708 [warning] [Decorations] CAPPING events from decorations provider vscode.git 1502
2023-05-03 00:10:54.795 [warning] [Decorations] CAPPING events from decorations provider vscode.git 1502
2023-05-03 00:10:59.876 [warning] [Decorations] CAPPING events from decorations provider vscode.git 1502
2023-05-03 00:11:04.955 [warning] [Decorations] CAPPING events from decorations provider vscode.git 1502
2023-05-03 00:11:10.044 [warning] [Decorations] CAPPING events from decorations provider vscode.git 1502
2023-05-03 00:11:15.125 [warning] [Decorations] CAPPING events from decorations provider vscode.git 1502
2023-05-03 00:11:20.222 [warning] [Decorations] CAPPING events from decorations provider vscode.git 1502
2023-05-03 00:11:25.298 [warning] [Decorations] CAPPING events from decorations provider vscode.git 1502
2023-05-03 00:11:30.376 [warning] [Decorations] CAPPING events from decorations provider vscode.git 1505
2023-05-03 00:11:35.465 [warning] [Decorations] CAPPING events from decorations provider vscode.git 1505
2023-05-03 00:11:40.553 [warning] [Decorations] CAPPING events from decorations provider vscode.git 1505
2023-05-03 00:11:45.625 [warning] [Decorations] CAPPING events from decorations provider vscode.git 1505
2023-05-03 00:11:50.710 [warning] [Decorations] CAPPING events from decorations provider vscode.git 1505
2023-05-03 00:11:55.807 [warning] [Decorations] CAPPING events from decorations provider vscode.git 1505
2023-05-03 00:12:00.887 [warning] [Decorations] CAPPING events from decorations provider vscode.git 1505
2023-05-03 00:12:05.967 [warning] [Decorations] CAPPING events from decorations provider vscode.git 1505
2023-05-03 00:12:11.050 [warning] [Decorations] CAPPING events from decorations provider vscode.git 1505
2023-05-03 00:12:16.132 [warning] [Decorations] CAPPING events from decorations provider vscode.git 1505
2023-05-03 00:12:21.211 [warning] [Decorations] CAPPING events from decorations provider vscode.git 1505
2023-05-03 00:12:26.283 [warning] [Decorations] CAPPING events from decorations provider vscode.git 1505
2023-05-03 00:12:31.663 [warning] [Decorations] CAPPING events from decorations provider vscode.git 1505
2023-05-03 00:12:36.744 [warning] [Decorations] CAPPING events from decorations provider vscode.git 1505
2023-05-03 00:12:41.831 [warning] [Decorations] CAPPING events from decorations provider vscode.git 1505
2023-05-03 00:12:46.927 [warning] [Decorations] CAPPING events from decorations provider vscode.git 1505
2023-05-03 00:12:52.018 [warning] [Decorations] CAPPING events from decorations provider vscode.git 1505
2023-05-03 00:12:57.104 [warning] [Decorations] CAPPING events from decorations provider vscode.git 1505
2023-05-03 00:13:02.174 [warning] [Decorations] CAPPING events from decorations provider vscode.git 1505
2023-05-03 00:13:07.249 [warning] [Decorations] CAPPING events from decorations provider vscode.git 1505
2023-05-03 00:13:12.334 [warning] [Decorations] CAPPING events from decorations provider vscode.git 1505
2023-05-03 00:13:17.423 [warning] [Decorations] CAPPING events from decorations provider vscode.git 1505
2023-05-03 00:13:22.509 [warning] [Decorations] CAPPING events from decorations provider vscode.git 1505
2023-05-03 00:13:27.597 [warning] [Decorations] CAPPING events from decorations provider vscode.git 1505
2023-05-03 00:13:32.675 [warning] [Decorations] CAPPING events from decorations provider vscode.git 1505
2023-05-03 00:13:37.760 [warning] [Decorations] CAPPING events from decorations provider vscode.git 1505
2023-05-03 00:13:42.849 [warning] [Decorations] CAPPING events from decorations provider vscode.git 1505
2023-05-03 00:13:47.930 [warning] [Decorations] CAPPING events from decorations provider vscode.git 1505
2023-05-03 00:13:53.019 [warning] [Decorations] CAPPING events from decorations provider vscode.git 1505
2023-05-03 00:13:58.123 [warning] [Decorations] CAPPING events from decorations provider vscode.git 1505
2023-05-03 00:14:14.954 [warning] [Decorations] CAPPING events from decorations provider vscode.git 1505
2023-05-03 00:14:20.034 [warning] [Decorations] CAPPING events from decorations provider vscode.git 1505
2023-05-03 00:14:25.118 [warning] [Decorations] CAPPING events from decorations provider vscode.git 1505
2023-05-03 00:14:30.191 [warning] [Decorations] CAPPING events from decorations provider vscode.git 1505
2023-05-03 00:14:35.265 [warning] [Decorations] CAPPING events from decorations provider vscode.git 1505
2023-05-03 00:14:40.354 [warning] [Decorations] CAPPING events from decorations provider vscode.git 1505
2023-05-03 00:14:45.444 [warning] [Decorations] CAPPING events from decorations provider vscode.git 1505
2023-05-03 00:14:50.525 [warning] [Decorations] CAPPING events from decorations provider vscode.git 1505
2023-05-03 00:14:55.608 [warning] [Decorations] CAPPING events from decorations provider vscode.git 1505
2023-05-03 00:15:00.689 [warning] [Decorations] CAPPING events from decorations provider vscode.git 1505
2023-05-03 00:15:05.766 [warning] [Decorations] CAPPING events from decorations provider vscode.git 1505
2023-05-03 00:15:10.845 [warning] [Decorations] CAPPING events from decorations provider vscode.git 1505
2023-05-03 00:15:15.923 [warning] [Decorations] CAPPING events from decorations provider vscode.git 1505
2023-05-03 00:15:21.301 [warning] [Decorations] CAPPING events from decorations provider vscode.git 1505
2023-05-03 00:15:26.393 [warning] [Decorations] CAPPING events from decorations provider vscode.git 1505
2023-05-03 00:15:31.465 [warning] [Decorations] CAPPING events from decorations provider vscode.git 1505
2023-05-03 00:15:36.550 [warning] [Decorations] CAPPING events from decorations provider vscode.git 1505
2023-05-03 00:15:41.636 [warning] [Decorations] CAPPING events from decorations provider vscode.git 1505
2023-05-03 00:15:46.712 [warning] [Decorations] CAPPING events from decorations provider vscode.git 1505
2023-05-03 00:15:51.791 [warning] [Decorations] CAPPING events from decorations provider vscode.git 1505
2023-05-03 00:15:56.865 [warning] [Decorations] CAPPING events from decorations provider vscode.git 1505
2023-05-03 00:16:01.945 [warning] [Decorations] CAPPING events from decorations provider vscode.git 1505
2023-05-03 00:16:07.027 [warning] [Decorations] CAPPING events from decorations provider vscode.git 1505
2023-05-03 00:16:12.111 [warning] [Decorations] CAPPING events from decorations provider vscode.git 1505
2023-05-03 00:16:17.192 [warning] [Decorations] CAPPING events from decorations provider vscode.git 1505
2023-05-03 00:16:22.279 [warning] [Decorations] CAPPING events from decorations provider vscode.git 1505
2023-05-03 00:16:27.370 [warning] [Decorations] CAPPING events from decorations provider vscode.git 1505
2023-05-03 00:16:32.458 [warning] [Decorations] CAPPING events from decorations provider vscode.git 1505
2023-05-03 00:16:37.547 [warning] [Decorations] CAPPING events from decorations provider vscode.git 1505
2023-05-03 00:16:42.626 [warning] [Decorations] CAPPING events from decorations provider vscode.git 1505
2023-05-03 00:16:47.715 [warning] [Decorations] CAPPING events from decorations provider vscode.git 1505
2023-05-03 00:16:52.798 [warning] [Decorations] CAPPING events from decorations provider vscode.git 1505
2023-05-03 00:16:57.878 [warning] [Decorations] CAPPING events from decorations provider vscode.git 1505
2023-05-03 00:17:02.958 [warning] [Decorations] CAPPING events from decorations provider vscode.git 1505
2023-05-03 00:17:08.048 [warning] [Decorations] CAPPING events from decorations provider vscode.git 1505
2023-05-03 00:17:13.129 [warning] [Decorations] CAPPING events from decorations provider vscode.git 1505
2023-05-03 00:17:18.209 [warning] [Decorations] CAPPING events from decorations provider vscode.git 1505
2023-05-03 00:17:23.286 [warning] [Decorations] CAPPING events from decorations provider vscode.git 1505
2023-05-03 00:17:28.366 [warning] [Decorations] CAPPING events from decorations provider vscode.git 1505
2023-05-03 00:17:33.441 [warning] [Decorations] CAPPING events from decorations provider vscode.git 1505
2023-05-03 00:17:38.522 [warning] [Decorations] CAPPING events from decorations provider vscode.git 1505
2023-05-03 00:17:43.598 [warning] [Decorations] CAPPING events from decorations provider vscode.git 1505
2023-05-03 00:17:48.676 [warning] [Decorations] CAPPING events from decorations provider vscode.git 1505
2023-05-03 00:17:53.763 [warning] [Decorations] CAPPING events from decorations provider vscode.git 1505
2023-05-03 00:17:58.845 [warning] [Decorations] CAPPING events from decorations provider vscode.git 1505
2023-05-03 00:18:03.924 [warning] [Decorations] CAPPING events from decorations provider vscode.git 1505
2023-05-03 00:18:09.013 [warning] [Decorations] CAPPING events from decorations provider vscode.git 1505
2023-05-03 00:18:14.093 [warning] [Decorations] CAPPING events from decorations provider vscode.git 1505
2023-05-03 00:18:19.168 [warning] [Decorations] CAPPING events from decorations provider vscode.git 1505
2023-05-03 00:18:24.249 [warning] [Decorations] CAPPING events from decorations provider vscode.git 1505
2023-05-03 00:18:29.342 [warning] [Decorations] CAPPING events from decorations provider vscode.git 1505
2023-05-03 00:18:34.415 [warning] [Decorations] CAPPING events from decorations provider vscode.git 1505
2023-05-03 00:18:39.497 [warning] [Decorations] CAPPING events from decorations provider vscode.git 1505
2023-05-03 00:18:44.882 [warning] [Decorations] CAPPING events from decorations provider vscode.git 1505
2023-05-03 00:18:49.968 [warning] [Decorations] CAPPING events from decorations provider vscode.git 1505
2023-05-03 00:18:55.059 [warning] [Decorations] CAPPING events from decorations provider vscode.git 1505
2023-05-03 00:19:00.148 [warning] [Decorations] CAPPING events from decorations provider vscode.git 1505
2023-05-03 00:19:05.242 [warning] [Decorations] CAPPING events from decorations provider vscode.git 1505
2023-05-03 00:19:10.327 [warning] [Decorations] CAPPING events from decorations provider vscode.git 1505
2023-05-03 00:19:15.417 [warning] [Decorations] CAPPING events from decorations provider vscode.git 1505
2023-05-03 00:19:20.494 [warning] [Decorations] CAPPING events from decorations provider vscode.git 1505
2023-05-03 00:19:25.591 [warning] [Decorations] CAPPING events from decorations provider vscode.git 1505
2023-05-03 00:19:30.666 [warning] [Decorations] CAPPING events from decorations provider vscode.git 1505
2023-05-03 00:19:35.751 [warning] [Decorations] CAPPING events from decorations provider vscode.git 1505
2023-05-03 00:19:40.839 [warning] [Decorations] CAPPING events from decorations provider vscode.git 1505
2023-05-03 00:19:45.916 [warning] [Decorations] CAPPING events from decorations provider vscode.git 1505
2023-05-03 00:19:50.995 [warning] [Decorations] CAPPING events from decorations provider vscode.git 1505
2023-05-03 00:20:25.685 [warning] [Decorations] CAPPING events from decorations provider vscode.git 1505
2023-05-03 00:20:30.772 [warning] [Decorations] CAPPING events from decorations provider vscode.git 1505
2023-05-03 00:20:35.854 [warning] [Decorations] CAPPING events from decorations provider vscode.git 1508
2023-05-03 00:21:22.332 [warning] [Decorations] CAPPING events from decorations provider vscode.git 1508
2023-05-03 00:22:09.583 [warning] [Decorations] CAPPING events from decorations provider vscode.git 1508
2023-05-03 00:22:14.675 [warning] [Decorations] CAPPING events from decorations provider vscode.git 1508
2023-05-03 00:22:19.752 [warning] [Decorations] CAPPING events from decorations provider vscode.git 1508
2023-05-03 00:22:24.842 [warning] [Decorations] CAPPING events from decorations provider vscode.git 1508
2023-05-03 00:22:29.924 [warning] [Decorations] CAPPING events from decorations provider vscode.git 1508
2023-05-03 00:22:35.011 [warning] [Decorations] CAPPING events from decorations provider vscode.git 1508
2023-05-03 00:22:40.087 [warning] [Decorations] CAPPING events from decorations provider vscode.git 1508
2023-05-03 00:22:45.163 [warning] [Decorations] CAPPING events from decorations provider vscode.git 1508
2023-05-03 00:22:50.251 [warning] [Decorations] CAPPING events from decorations provider vscode.git 1508
2023-05-03 00:22:55.624 [warning] [Decorations] CAPPING events from decorations provider vscode.git 1508
2023-05-03 00:23:00.711 [warning] [Decorations] CAPPING events from decorations provider vscode.git 1508
2023-05-03 00:23:05.871 [warning] [Decorations] CAPPING events from decorations provider vscode.git 1508
2023-05-03 00:23:10.958 [warning] [Decorations] CAPPING events from decorations provider vscode.git 1508
2023-05-03 00:23:16.043 [warning] [Decorations] CAPPING events from decorations provider vscode.git 1508
2023-05-03 00:23:21.135 [warning] [Decorations] CAPPING events from decorations provider vscode.git 1508
2023-05-03 00:23:26.215 [warning] [Decorations] CAPPING events from decorations provider vscode.git 1508
2023-05-03 00:23:31.315 [warning] [Decorations] CAPPING events from decorations provider vscode.git 1508
2023-05-03 00:23:36.412 [warning] [Decorations] CAPPING events from decorations provider vscode.git 1508
2023-05-03 00:23:41.505 [warning] [Decorations] CAPPING events from decorations provider vscode.git 1508
2023-05-03 00:23:46.589 [warning] [Decorations] CAPPING events from decorations provider vscode.git 1508
2023-05-03 00:23:51.673 [warning] [Decorations] CAPPING events from decorations provider vscode.git 1508
2023-05-03 00:23:56.759 [warning] [Decorations] CAPPING events from decorations provider vscode.git 1508
2023-05-03 00:24:01.846 [warning] [Decorations] CAPPING events from decorations provider vscode.git 1508
2023-05-03 00:24:06.918 [warning] [Decorations] CAPPING events from decorations provider vscode.git 1508
2023-05-03 00:24:12.011 [warning] [Decorations] CAPPING events from decorations provider vscode.git 1511
2023-05-03 00:24:17.100 [warning] [Decorations] CAPPING events from decorations provider vscode.git 1511
2023-05-03 00:24:22.182 [warning] [Decorations] CAPPING events from decorations provider vscode.git 1511
2023-05-03 00:24:27.261 [warning] [Decorations] CAPPING events from decorations provider vscode.git 1511
2023-05-03 00:24:32.343 [warning] [Decorations] CAPPING events from decorations provider vscode.git 1511
2023-05-03 00:24:37.432 [warning] [Decorations] CAPPING events from decorations provider vscode.git 1511
2023-05-03 00:24:42.514 [warning] [Decorations] CAPPING events from decorations provider vscode.git 1511
2023-05-03 00:24:47.601 [warning] [Decorations] CAPPING events from decorations provider vscode.git 1511
2023-05-03 00:24:52.687 [warning] [Decorations] CAPPING events from decorations provider vscode.git 1511
2023-05-03 00:24:57.763 [warning] [Decorations] CAPPING events from decorations provider vscode.git 1511
2023-05-03 00:25:02.833 [warning] [Decorations] CAPPING events from decorations provider vscode.git 1511
2023-05-03 00:25:07.914 [warning] [Decorations] CAPPING events from decorations provider vscode.git 1511
2023-05-03 00:25:13.006 [warning] [Decorations] CAPPING events from decorations provider vscode.git 1511
2023-05-03 00:25:18.081 [warning] [Decorations] CAPPING events from decorations provider vscode.git 1511
2023-05-03 00:25:23.157 [warning] [Decorations] CAPPING events from decorations provider vscode.git 1511
2023-05-03 00:25:28.239 [warning] [Decorations] CAPPING events from decorations provider vscode.git 1511
2023-05-03 00:25:33.311 [warning] [Decorations] CAPPING events from decorations provider vscode.git 1511
2023-05-03 00:25:38.408 [warning] [Decorations] CAPPING events from decorations provider vscode.git 1511
2023-05-03 00:25:43.487 [warning] [Decorations] CAPPING events from decorations provider vscode.git 1511
2023-05-03 00:25:48.568 [warning] [Decorations] CAPPING events from decorations provider vscode.git 1511
2023-05-03 00:25:53.657 [warning] [Decorations] CAPPING events from decorations provider vscode.git 1511
2023-05-03 00:25:58.734 [warning] [Decorations] CAPPING events from decorations provider vscode.git 1511
2023-05-03 00:26:48.507 [warning] [Decorations] CAPPING events from decorations provider vscode.git 1511
2023-05-03 00:26:53.587 [warning] [Decorations] CAPPING events from decorations provider vscode.git 1511
2023-05-03 00:26:58.678 [warning] [Decorations] CAPPING events from decorations provider vscode.git 1511
2023-05-03 00:27:13.352 [warning] [Decorations] CAPPING events from decorations provider vscode.git 1511
2023-05-03 00:27:18.442 [warning] [Decorations] CAPPING events from decorations provider vscode.git 1511
2023-05-03 00:28:59.267 [warning] [Decorations] CAPPING events from decorations provider vscode.git 1511
2023-05-03 00:29:04.370 [warning] [Decorations] CAPPING events from decorations provider vscode.git 1511
2023-05-03 00:29:09.449 [warning] [Decorations] CAPPING events from decorations provider vscode.git 1511
2023-05-03 00:29:14.537 [warning] [Decorations] CAPPING events from decorations provider vscode.git 1511
2023-05-03 00:29:19.614 [warning] [Decorations] CAPPING events from decorations provider vscode.git 1511
2023-05-03 00:29:24.697 [warning] [Decorations] CAPPING events from decorations provider vscode.git 1511
2023-05-03 00:29:29.777 [warning] [Decorations] CAPPING events from decorations provider vscode.git 1511
2023-05-03 00:29:34.859 [warning] [Decorations] CAPPING events from decorations provider vscode.git 1511
2023-05-03 00:29:39.931 [warning] [Decorations] CAPPING events from decorations provider vscode.git 1511
2023-05-03 00:29:45.011 [warning] [Decorations] CAPPING events from decorations provider vscode.git 1511
2023-05-03 00:29:50.108 [warning] [Decorations] CAPPING events from decorations provider vscode.git 1511
2023-05-03 00:29:55.181 [warning] [Decorations] CAPPING events from decorations provider vscode.git 1511
2023-05-03 00:30:00.271 [warning] [Decorations] CAPPING events from decorations provider vscode.git 1511
2023-05-03 00:30:05.356 [warning] [Decorations] CAPPING events from decorations provider vscode.git 1511
2023-05-03 00:30:10.445 [warning] [Decorations] CAPPING events from decorations provider vscode.git 1511
2023-05-03 00:30:15.526 [warning] [Decorations] CAPPING events from decorations provider vscode.git 1511
2023-05-03 00:30:20.618 [warning] [Decorations] CAPPING events from decorations provider vscode.git 1511
2023-05-03 00:30:25.703 [warning] [Decorations] CAPPING events from decorations provider vscode.git 1511
2023-05-03 00:30:30.780 [warning] [Decorations] CAPPING events from decorations provider vscode.git 1511
2023-05-03 00:31:27.314 [warning] [Decorations] CAPPING events from decorations provider vscode.git 1511
2023-05-03 00:31:32.407 [warning] [Decorations] CAPPING events from decorations provider vscode.git 1511
2023-05-03 00:32:56.436 [warning] [Decorations] CAPPING events from decorations provider vscode.git 1511
2023-05-03 00:33:01.535 [warning] [Decorations] CAPPING events from decorations provider vscode.git 1511
2023-05-03 00:33:06.632 [warning] [Decorations] CAPPING events from decorations provider vscode.git 1511
2023-05-03 00:33:12.266 [warning] [Decorations] CAPPING events from decorations provider vscode.git 1511
2023-05-03 00:33:17.340 [warning] [Decorations] CAPPING events from decorations provider vscode.git 1511
2023-05-03 00:33:27.981 [warning] [Decorations] CAPPING events from decorations provider vscode.git 1511
2023-05-03 00:33:33.064 [warning] [Decorations] CAPPING events from decorations provider vscode.git 1511
2023-05-03 00:33:43.685 [warning] [Decorations] CAPPING events from decorations provider vscode.git 1511
2023-05-03 00:33:48.767 [warning] [Decorations] CAPPING events from decorations provider vscode.git 1511
2023-05-03 00:33:53.847 [warning] [Decorations] CAPPING events from decorations provider vscode.git 1511
2023-05-03 00:33:58.922 [warning] [Decorations] CAPPING events from decorations provider vscode.git 1511
2023-05-03 00:34:04.006 [warning] [Decorations] CAPPING events from decorations provider vscode.git 1511
2023-05-03 00:34:09.090 [warning] [Decorations] CAPPING events from decorations provider vscode.git 1511
2023-05-03 00:34:38.140 [warning] [Decorations] CAPPING events from decorations provider vscode.git 1511
2023-05-03 00:34:43.236 [warning] [Decorations] CAPPING events from decorations provider vscode.git 1511
2023-05-03 00:34:48.320 [warning] [Decorations] CAPPING events from decorations provider vscode.git 1511
2023-05-03 00:35:24.345 [warning] [Decorations] CAPPING events from decorations provider vscode.git 1511
2023-05-03 00:35:29.432 [warning] [Decorations] CAPPING events from decorations provider vscode.git 1511
2023-05-03 00:35:34.516 [warning] [Decorations] CAPPING events from decorations provider vscode.git 1511
2023-05-03 00:35:39.596 [warning] [Decorations] CAPPING events from decorations provider vscode.git 1511
2023-05-03 00:35:44.694 [warning] [Decorations] CAPPING events from decorations provider vscode.git 1511
2023-05-03 00:35:49.788 [warning] [Decorations] CAPPING events from decorations provider vscode.git 1511
2023-05-03 00:35:54.879 [warning] [Decorations] CAPPING events from decorations provider vscode.git 1511
2023-05-03 00:36:02.214 [warning] [Decorations] CAPPING events from decorations provider vscode.git 1511
2023-05-03 00:36:07.288 [warning] [Decorations] CAPPING events from decorations provider vscode.git 1511
2023-05-03 00:36:12.367 [warning] [Decorations] CAPPING events from decorations provider vscode.git 1511
2023-05-03 00:36:17.447 [warning] [Decorations] CAPPING events from decorations provider vscode.git 1511
2023-05-03 00:36:22.519 [warning] [Decorations] CAPPING events from decorations provider vscode.git 1511
2023-05-03 00:36:27.606 [warning] [Decorations] CAPPING events from decorations provider vscode.git 1511
2023-05-03 00:36:40.330 [warning] [Decorations] CAPPING events from decorations provider vscode.git 1511
2023-05-03 00:37:29.347 [warning] [Decorations] CAPPING events from decorations provider vscode.git 1511
2023-05-03 00:38:04.316 [warning] [Decorations] CAPPING events from decorations provider vscode.git 1511
2023-05-03 00:40:03.872 [warning] [Decorations] CAPPING events from decorations provider vscode.git 1511
2023-05-03 00:40:08.964 [warning] [Decorations] CAPPING events from decorations provider vscode.git 1511
2023-05-03 00:40:14.050 [warning] [Decorations] CAPPING events from decorations provider vscode.git 1511
2023-05-03 00:40:19.131 [warning] [Decorations] CAPPING events from decorations provider vscode.git 1511
2023-05-03 00:40:24.224 [warning] [Decorations] CAPPING events from decorations provider vscode.git 1511
2023-05-03 00:40:29.319 [warning] [Decorations] CAPPING events from decorations provider vscode.git 1511
2023-05-03 00:40:34.421 [warning] [Decorations] CAPPING events from decorations provider vscode.git 1511
2023-05-03 00:40:39.514 [warning] [Decorations] CAPPING events from decorations provider vscode.git 1511
2023-05-03 00:40:44.591 [warning] [Decorations] CAPPING events from decorations provider vscode.git 1511
2023-05-03 00:40:49.674 [warning] [Decorations] CAPPING events from decorations provider vscode.git 1511
2023-05-03 00:40:54.767 [warning] [Decorations] CAPPING events from decorations provider vscode.git 1511
2023-05-03 00:40:59.860 [warning] [Decorations] CAPPING events from decorations provider vscode.git 1511
2023-05-03 00:41:04.933 [warning] [Decorations] CAPPING events from decorations provider vscode.git 1511
2023-05-03 00:41:10.318 [warning] [Decorations] CAPPING events from decorations provider vscode.git 1511
2023-05-03 00:41:15.399 [warning] [Decorations] CAPPING events from decorations provider vscode.git 1511
2023-05-03 00:41:20.483 [warning] [Decorations] CAPPING events from decorations provider vscode.git 1511
2023-05-03 00:41:25.567 [warning] [Decorations] CAPPING events from decorations provider vscode.git 1511
2023-05-03 00:41:30.672 [warning] [Decorations] CAPPING events from decorations provider vscode.git 1511
2023-05-03 00:41:35.771 [warning] [Decorations] CAPPING events from decorations provider vscode.git 1511
2023-05-03 00:41:40.851 [warning] [Decorations] CAPPING events from decorations provider vscode.git 1511
2023-05-03 00:41:45.930 [warning] [Decorations] CAPPING events from decorations provider vscode.git 1511
2023-05-03 00:41:51.008 [warning] [Decorations] CAPPING events from decorations provider vscode.git 1511
2023-05-03 00:41:56.085 [warning] [Decorations] CAPPING events from decorations provider vscode.git 1511
2023-05-03 00:42:01.159 [warning] [Decorations] CAPPING events from decorations provider vscode.git 1511
2023-05-03 00:42:06.240 [warning] [Decorations] CAPPING events from decorations provider vscode.git 1511
2023-05-03 00:42:11.330 [warning] [Decorations] CAPPING events from decorations provider vscode.git 1511
2023-05-03 00:42:16.404 [warning] [Decorations] CAPPING events from decorations provider vscode.git 1511
2023-05-03 00:42:21.478 [warning] [Decorations] CAPPING events from decorations provider vscode.git 1511
2023-05-03 00:42:26.563 [warning] [Decorations] CAPPING events from decorations provider vscode.git 1511
2023-05-03 00:42:32.948 [warning] [Decorations] CAPPING events from decorations provider vscode.git 1511
2023-05-03 00:42:38.021 [warning] [Decorations] CAPPING events from decorations provider vscode.git 1511
2023-05-03 00:42:43.093 [warning] [Decorations] CAPPING events from decorations provider vscode.git 1511
2023-05-03 00:42:48.180 [warning] [Decorations] CAPPING events from decorations provider vscode.git 1511
2023-05-03 00:42:53.266 [warning] [Decorations] CAPPING events from decorations provider vscode.git 1511
2023-05-03 00:42:58.345 [warning] [Decorations] CAPPING events from decorations provider vscode.git 1511
2023-05-03 00:43:03.434 [warning] [Decorations] CAPPING events from decorations provider vscode.git 1511
2023-05-03 00:43:08.516 [warning] [Decorations] CAPPING events from decorations provider vscode.git 1511
2023-05-03 00:43:13.598 [warning] [Decorations] CAPPING events from decorations provider vscode.git 1511
2023-05-03 00:43:37.286 [warning] [Decorations] CAPPING events from decorations provider vscode.git 1511
2023-05-03 00:43:42.373 [warning] [Decorations] CAPPING events from decorations provider vscode.git 1511
2023-05-03 00:43:47.461 [warning] [Decorations] CAPPING events from decorations provider vscode.git 1511
2023-05-03 00:43:52.545 [warning] [Decorations] CAPPING events from decorations provider vscode.git 1511
2023-05-03 00:43:57.624 [warning] [Decorations] CAPPING events from decorations provider vscode.git 1511
2023-05-03 00:44:02.710 [warning] [Decorations] CAPPING events from decorations provider vscode.git 1511
2023-05-03 00:44:07.800 [warning] [Decorations] CAPPING events from decorations provider vscode.git 1511
2023-05-03 00:44:12.880 [warning] [Decorations] CAPPING events from decorations provider vscode.git 1511
2023-05-03 00:44:17.964 [warning] [Decorations] CAPPING events from decorations provider vscode.git 1511
2023-05-03 00:44:23.038 [warning] [Decorations] CAPPING events from decorations provider vscode.git 1511
2023-05-03 00:44:28.118 [warning] [Decorations] CAPPING events from decorations provider vscode.git 1511
2023-05-03 00:44:33.201 [warning] [Decorations] CAPPING events from decorations provider vscode.git 1511
2023-05-03 00:44:38.294 [warning] [Decorations] CAPPING events from decorations provider vscode.git 1511
2023-05-03 00:44:43.378 [warning] [Decorations] CAPPING events from decorations provider vscode.git 1511
2023-05-03 00:44:48.463 [warning] [Decorations] CAPPING events from decorations provider vscode.git 1511
2023-05-03 00:44:53.565 [warning] [Decorations] CAPPING events from decorations provider vscode.git 1511
2023-05-03 00:44:58.649 [warning] [Decorations] CAPPING events from decorations provider vscode.git 1511
2023-05-03 00:45:03.731 [warning] [Decorations] CAPPING events from decorations provider vscode.git 1511
2023-05-03 00:45:08.822 [warning] [Decorations] CAPPING events from decorations provider vscode.git 1511
2023-05-03 00:45:13.908 [warning] [Decorations] CAPPING events from decorations provider vscode.git 1511
2023-05-03 00:45:18.987 [warning] [Decorations] CAPPING events from decorations provider vscode.git 1511
2023-05-03 00:45:24.072 [warning] [Decorations] CAPPING events from decorations provider vscode.git 1511
2023-05-03 00:45:29.178 [warning] [Decorations] CAPPING events from decorations provider vscode.git 1511
2023-05-03 00:45:39.445 [warning] [Decorations] CAPPING events from decorations provider vscode.git 1514
2023-05-03 00:45:44.545 [warning] [Decorations] CAPPING events from decorations provider vscode.git 1514
2023-05-03 00:45:47.762 [info] ExtensionService#_doActivateExtension vscode.npm, startup: false, activationEvent: 'onTerminalQuickFixRequest:ms-vscode.npm-command'
2023-05-03 00:45:49.636 [warning] [Decorations] CAPPING events from decorations provider vscode.git 1515
2023-05-03 00:45:54.737 [warning] [Decorations] CAPPING events from decorations provider vscode.git 1515
2023-05-03 00:45:59.848 [warning] [Decorations] CAPPING events from decorations provider vscode.git 1515
2023-05-03 00:46:04.927 [warning] [Decorations] CAPPING events from decorations provider vscode.git 1515
2023-05-03 00:46:10.024 [warning] [Decorations] CAPPING events from decorations provider vscode.git 1515
2023-05-03 00:46:15.113 [warning] [Decorations] CAPPING events from decorations provider vscode.git 1515
2023-05-03 00:46:20.197 [warning] [Decorations] CAPPING events from decorations provider vscode.git 1515
2023-05-03 00:46:25.287 [warning] [Decorations] CAPPING events from decorations provider vscode.git 1515
2023-05-03 00:46:30.362 [warning] [Decorations] CAPPING events from decorations provider vscode.git 1515
2023-05-03 00:46:35.467 [warning] [Decorations] CAPPING events from decorations provider vscode.git 1515
2023-05-03 00:46:40.556 [warning] [Decorations] CAPPING events from decorations provider vscode.git 1515
2023-05-03 00:46:45.642 [warning] [Decorations] CAPPING events from decorations provider vscode.git 1515
2023-05-03 00:46:50.732 [warning] [Decorations] CAPPING events from decorations provider vscode.git 1518
2023-05-03 00:46:55.813 [warning] [Decorations] CAPPING events from decorations provider vscode.git 1518
2023-05-03 00:47:00.900 [warning] [Decorations] CAPPING events from decorations provider vscode.git 1518
2023-05-03 00:47:05.987 [warning] [Decorations] CAPPING events from decorations provider vscode.git 1518
2023-05-03 00:47:11.081 [warning] [Decorations] CAPPING events from decorations provider vscode.git 1518
2023-05-03 00:47:16.167 [warning] [Decorations] CAPPING events from decorations provider vscode.git 1521
2023-05-03 00:47:21.245 [warning] [Decorations] CAPPING events from decorations provider vscode.git 1521
2023-05-03 00:47:26.336 [warning] [Decorations] CAPPING events from decorations provider vscode.git 1521
2023-05-03 00:47:31.416 [warning] [Decorations] CAPPING events from decorations provider vscode.git 1524
2023-05-03 00:47:36.494 [warning] [Decorations] CAPPING events from decorations provider vscode.git 1525
2023-05-03 00:47:41.585 [warning] [Decorations] CAPPING events from decorations provider vscode.git 1524
2023-05-03 00:47:46.680 [warning] [Decorations] CAPPING events from decorations provider vscode.git 1524
2023-05-03 00:47:51.771 [warning] [Decorations] CAPPING events from decorations provider vscode.git 1524
2023-05-03 00:47:56.872 [warning] [Decorations] CAPPING events from decorations provider vscode.git 1524
2023-05-03 00:48:08.981 [warning] [Decorations] CAPPING events from decorations provider vscode.git 1524
2023-05-03 00:48:14.078 [warning] [Decorations] CAPPING events from decorations provider vscode.git 1524
2023-05-03 00:48:45.366 [warning] [Decorations] CAPPING events from decorations provider vscode.git 1524
2023-05-03 00:48:50.449 [warning] [Decorations] CAPPING events from decorations provider vscode.git 1524
