2023-05-03 13:14:49.225 [info] Log level: Info
2023-05-03 13:14:49.226 [info] Validating found git in: "git"
2023-05-03 13:14:49.226 [info] Using git "2.25.1" from "git"
2023-05-03 13:14:49.226 [info] > git rev-parse --show-toplevel [50ms]
2023-05-03 13:14:49.226 [info] > git rev-parse --git-dir --git-common-dir [1ms]
2023-05-03 13:14:49.226 [info] Open repository: /home/cn154
2023-05-03 13:14:49.226 [info] > git rev-parse --show-toplevel [8ms]
2023-05-03 13:14:49.226 [info] > git config --get commit.template [8ms]
2023-05-03 13:14:49.226 [info] > git rev-parse --show-toplevel [7ms]
2023-05-03 13:14:49.226 [info] > git for-each-ref --format=%(refname)%00%(upstream:short)%00%(objectname)%00%(upstream:track)%00%(upstream:remotename)%00%(upstream:remoteref) refs/heads/master refs/remotes/master [13ms]
2023-05-03 13:14:49.226 [info] > git rev-parse --show-toplevel [14ms]
2023-05-03 13:14:49.226 [info] > git rev-parse --show-toplevel [1ms]
2023-05-03 13:14:49.226 [info] > git rev-parse --show-toplevel [1ms]
2023-05-03 13:14:49.226 [info] > git rev-parse --show-toplevel [1ms]
2023-05-03 13:14:49.226 [info] > git status -z -uall [36ms]
2023-05-03 13:14:49.226 [info] > git config --get commit.template [15ms]
2023-05-03 13:14:49.226 [info] > git for-each-ref --format=%(refname)%00%(upstream:short)%00%(objectname)%00%(upstream:track)%00%(upstream:remotename)%00%(upstream:remoteref) refs/heads/master refs/remotes/master [27ms]
2023-05-03 13:14:49.226 [info] > git status -z -uall [27ms]
2023-05-03 13:14:49.226 [info] > git check-ignore -v -z --stdin [17ms]
2023-05-03 13:14:49.226 [info] > git show --textconv :proj5_cn154/sneaky_mod.c [10ms]
2023-05-03 13:14:49.226 [info] > git ls-files --stage -- /home/cn154/proj5_cn154/sneaky_mod.c [7ms]
2023-05-03 13:14:49.226 [info] > git cat-file -s 7328b1a3915ec5b1a8ab5815e2c5881c3ddca7da [2ms]
2023-05-03 13:14:52.615 [info] > git config --get commit.template [8ms]
2023-05-03 13:14:52.617 [info] > git for-each-ref --format=%(refname)%00%(upstream:short)%00%(objectname)%00%(upstream:track)%00%(upstream:remotename)%00%(upstream:remoteref) refs/heads/master refs/remotes/master [3ms]
2023-05-03 13:14:52.644 [info] > git status -z -uall [22ms]
2023-05-03 13:14:57.662 [info] > git config --get commit.template [6ms]
2023-05-03 13:14:57.663 [info] > git for-each-ref --format=%(refname)%00%(upstream:short)%00%(objectname)%00%(upstream:track)%00%(upstream:remotename)%00%(upstream:remoteref) refs/heads/master refs/remotes/master [2ms]
2023-05-03 13:14:57.689 [info] > git status -z -uall [20ms]
2023-05-03 13:15:02.705 [info] > git config --get commit.template [6ms]
2023-05-03 13:15:02.706 [info] > git for-each-ref --format=%(refname)%00%(upstream:short)%00%(objectname)%00%(upstream:track)%00%(upstream:remotename)%00%(upstream:remoteref) refs/heads/master refs/remotes/master [2ms]
2023-05-03 13:15:02.732 [info] > git status -z -uall [21ms]
2023-05-03 13:15:07.748 [info] > git config --get commit.template [7ms]
2023-05-03 13:15:07.749 [info] > git for-each-ref --format=%(refname)%00%(upstream:short)%00%(objectname)%00%(upstream:track)%00%(upstream:remotename)%00%(upstream:remoteref) refs/heads/master refs/remotes/master [1ms]
2023-05-03 13:15:07.773 [info] > git status -z -uall [19ms]
2023-05-03 13:15:12.790 [info] > git config --get commit.template [2ms]
2023-05-03 13:15:12.804 [info] > git for-each-ref --format=%(refname)%00%(upstream:short)%00%(objectname)%00%(upstream:track)%00%(upstream:remotename)%00%(upstream:remoteref) refs/heads/master refs/remotes/master [4ms]
2023-05-03 13:15:12.830 [info] > git status -z -uall [21ms]
2023-05-03 13:15:17.849 [info] > git config --get commit.template [7ms]
2023-05-03 13:15:17.849 [info] > git for-each-ref --format=%(refname)%00%(upstream:short)%00%(objectname)%00%(upstream:track)%00%(upstream:remotename)%00%(upstream:remoteref) refs/heads/master refs/remotes/master [2ms]
2023-05-03 13:15:17.874 [info] > git status -z -uall [20ms]
2023-05-03 13:15:22.886 [info] > git config --get commit.template [1ms]
2023-05-03 13:15:22.894 [info] > git for-each-ref --format=%(refname)%00%(upstream:short)%00%(objectname)%00%(upstream:track)%00%(upstream:remotename)%00%(upstream:remoteref) refs/heads/master refs/remotes/master [1ms]
2023-05-03 13:15:22.919 [info] > git status -z -uall [20ms]
2023-05-03 13:15:27.937 [info] > git config --get commit.template [6ms]
2023-05-03 13:15:27.937 [info] > git for-each-ref --format=%(refname)%00%(upstream:short)%00%(objectname)%00%(upstream:track)%00%(upstream:remotename)%00%(upstream:remoteref) refs/heads/master refs/remotes/master [1ms]
2023-05-03 13:15:27.962 [info] > git status -z -uall [20ms]
2023-05-03 13:15:39.148 [info] > git config --get commit.template [6ms]
2023-05-03 13:15:39.149 [info] > git for-each-ref --format=%(refname)%00%(upstream:short)%00%(objectname)%00%(upstream:track)%00%(upstream:remotename)%00%(upstream:remoteref) refs/heads/master refs/remotes/master [1ms]
2023-05-03 13:15:39.173 [info] > git status -z -uall [19ms]
2023-05-03 13:15:44.185 [info] > git config --get commit.template [1ms]
2023-05-03 13:15:44.192 [info] > git for-each-ref --format=%(refname)%00%(upstream:short)%00%(objectname)%00%(upstream:track)%00%(upstream:remotename)%00%(upstream:remoteref) refs/heads/master refs/remotes/master [1ms]
2023-05-03 13:15:44.215 [info] > git status -z -uall [18ms]
2023-05-03 13:15:49.628 [info] > git config --get commit.template [6ms]
2023-05-03 13:15:49.629 [info] > git for-each-ref --format=%(refname)%00%(upstream:short)%00%(objectname)%00%(upstream:track)%00%(upstream:remotename)%00%(upstream:remoteref) refs/heads/master refs/remotes/master [2ms]
2023-05-03 13:15:49.655 [info] > git status -z -uall [20ms]
2023-05-03 13:15:54.676 [info] > git config --get commit.template [6ms]
2023-05-03 13:15:54.677 [info] > git for-each-ref --format=%(refname)%00%(upstream:short)%00%(objectname)%00%(upstream:track)%00%(upstream:remotename)%00%(upstream:remoteref) refs/heads/master refs/remotes/master [2ms]
2023-05-03 13:15:54.712 [info] > git status -z -uall [30ms]
2023-05-03 13:15:59.723 [info] > git config --get commit.template [1ms]
2023-05-03 13:15:59.730 [info] > git for-each-ref --format=%(refname)%00%(upstream:short)%00%(objectname)%00%(upstream:track)%00%(upstream:remotename)%00%(upstream:remoteref) refs/heads/master refs/remotes/master [1ms]
2023-05-03 13:15:59.754 [info] > git status -z -uall [19ms]
