2023-05-04 09:41:19.323 [info] Log level: Info
2023-05-04 09:41:19.323 [info] Validating found git in: "git"
2023-05-04 09:41:19.323 [info] Using git "2.25.1" from "git"
2023-05-04 09:41:19.323 [info] > git rev-parse --show-toplevel [29ms]
2023-05-04 09:41:19.324 [info] > git rev-parse --git-dir --git-common-dir [2ms]
2023-05-04 09:41:19.324 [info] Open repository: /home/cn154
2023-05-04 09:41:19.324 [info] > git rev-parse --show-toplevel [7ms]
2023-05-04 09:41:19.324 [info] > git config --get commit.template [7ms]
2023-05-04 09:41:19.324 [info] > git rev-parse --show-toplevel [8ms]
2023-05-04 09:41:19.324 [info] > git for-each-ref --format=%(refname)%00%(upstream:short)%00%(objectname)%00%(upstream:track)%00%(upstream:remotename)%00%(upstream:remoteref) refs/heads/master refs/remotes/master [6ms]
2023-05-04 09:41:19.324 [info] > git rev-parse --show-toplevel [7ms]
2023-05-04 09:41:19.324 [info] > git rev-parse --show-toplevel [2ms]
2023-05-04 09:41:19.324 [info] > git rev-parse --show-toplevel [2ms]
2023-05-04 09:41:19.325 [info] > git status -z -uall [42ms]
2023-05-04 09:41:19.325 [info] > git config --get commit.template [8ms]
2023-05-04 09:41:19.325 [info] > git for-each-ref --format=%(refname)%00%(upstream:short)%00%(objectname)%00%(upstream:track)%00%(upstream:remotename)%00%(upstream:remoteref) refs/heads/master refs/remotes/master [1ms]
2023-05-04 09:41:19.325 [info] > git status -z -uall [61ms]
2023-05-04 09:41:19.325 [info] > git check-ignore -v -z --stdin [3ms]
2023-05-04 09:54:42.892 [info] > git config --get commit.template [7ms]
2023-05-04 09:54:42.893 [info] > git for-each-ref --format=%(refname)%00%(upstream:short)%00%(objectname)%00%(upstream:track)%00%(upstream:remotename)%00%(upstream:remoteref) refs/heads/master refs/remotes/master [3ms]
2023-05-04 09:54:42.951 [info] > git status -z -uall [53ms]
2023-05-04 09:54:46.340 [info] > git check-ignore -v -z --stdin [2ms]
2023-05-04 09:54:47.955 [info] > git show --textconv :proj5_cn154/sneaky_mod.c [6ms]
2023-05-04 09:54:47.957 [info] > git ls-files --stage -- /home/cn154/proj5_cn154/sneaky_mod.c [2ms]
2023-05-04 09:54:47.965 [info] > git cat-file -s fedbf693b9cb42188a96ceb50eb597e9fa1ecc6e [1ms]
2023-05-04 09:54:47.996 [info] > git config --get commit.template [7ms]
2023-05-04 09:54:47.997 [info] > git for-each-ref --format=%(refname)%00%(upstream:short)%00%(objectname)%00%(upstream:track)%00%(upstream:remotename)%00%(upstream:remoteref) refs/heads/master refs/remotes/master [2ms]
2023-05-04 09:54:48.038 [info] > git status -z -uall [34ms]
2023-05-04 09:54:53.076 [info] > git config --get commit.template [8ms]
2023-05-04 09:54:53.077 [info] > git for-each-ref --format=%(refname)%00%(upstream:short)%00%(objectname)%00%(upstream:track)%00%(upstream:remotename)%00%(upstream:remoteref) refs/heads/master refs/remotes/master [2ms]
2023-05-04 09:54:53.128 [info] > git status -z -uall [46ms]
2023-05-04 09:54:58.196 [info] > git config --get commit.template [12ms]
2023-05-04 09:54:58.198 [info] > git for-each-ref --format=%(refname)%00%(upstream:short)%00%(objectname)%00%(upstream:track)%00%(upstream:remotename)%00%(upstream:remoteref) refs/heads/master refs/remotes/master [3ms]
2023-05-04 09:54:58.239 [info] > git status -z -uall [34ms]
2023-05-04 09:55:03.267 [info] > git config --get commit.template [1ms]
2023-05-04 09:55:03.275 [info] > git for-each-ref --format=%(refname)%00%(upstream:short)%00%(objectname)%00%(upstream:track)%00%(upstream:remotename)%00%(upstream:remoteref) refs/heads/master refs/remotes/master [1ms]
2023-05-04 09:55:03.317 [info] > git status -z -uall [35ms]
2023-05-04 09:55:08.354 [info] > git config --get commit.template [9ms]
2023-05-04 09:55:08.355 [info] > git for-each-ref --format=%(refname)%00%(upstream:short)%00%(objectname)%00%(upstream:track)%00%(upstream:remotename)%00%(upstream:remoteref) refs/heads/master refs/remotes/master [3ms]
2023-05-04 09:55:08.399 [info] > git status -z -uall [38ms]
2023-05-04 09:55:13.437 [info] > git config --get commit.template [9ms]
2023-05-04 09:55:13.437 [info] > git for-each-ref --format=%(refname)%00%(upstream:short)%00%(objectname)%00%(upstream:track)%00%(upstream:remotename)%00%(upstream:remoteref) refs/heads/master refs/remotes/master [3ms]
2023-05-04 09:55:13.480 [info] > git status -z -uall [37ms]
2023-05-04 09:55:19.675 [info] > git config --get commit.template [10ms]
2023-05-04 09:55:19.679 [info] > git for-each-ref --format=%(refname)%00%(upstream:short)%00%(objectname)%00%(upstream:track)%00%(upstream:remotename)%00%(upstream:remoteref) refs/heads/master refs/remotes/master [4ms]
2023-05-04 09:55:19.725 [info] > git status -z -uall [40ms]
2023-05-04 09:55:24.764 [info] > git config --get commit.template [8ms]
2023-05-04 09:55:24.764 [info] > git for-each-ref --format=%(refname)%00%(upstream:short)%00%(objectname)%00%(upstream:track)%00%(upstream:remotename)%00%(upstream:remoteref) refs/heads/master refs/remotes/master [2ms]
2023-05-04 09:55:24.805 [info] > git status -z -uall [34ms]
2023-05-04 09:55:29.841 [info] > git config --get commit.template [2ms]
2023-05-04 09:55:29.849 [info] > git for-each-ref --format=%(refname)%00%(upstream:short)%00%(objectname)%00%(upstream:track)%00%(upstream:remotename)%00%(upstream:remoteref) refs/heads/master refs/remotes/master [2ms]
2023-05-04 09:55:29.889 [info] > git status -z -uall [34ms]
2023-05-04 09:55:34.929 [info] > git config --get commit.template [9ms]
2023-05-04 09:55:34.930 [info] > git for-each-ref --format=%(refname)%00%(upstream:short)%00%(objectname)%00%(upstream:track)%00%(upstream:remotename)%00%(upstream:remoteref) refs/heads/master refs/remotes/master [3ms]
2023-05-04 09:55:34.977 [info] > git status -z -uall [41ms]
2023-05-04 09:55:40.026 [info] > git config --get commit.template [2ms]
2023-05-04 09:55:40.037 [info] > git for-each-ref --format=%(refname)%00%(upstream:short)%00%(objectname)%00%(upstream:track)%00%(upstream:remotename)%00%(upstream:remoteref) refs/heads/master refs/remotes/master [2ms]
2023-05-04 09:55:40.081 [info] > git status -z -uall [37ms]
2023-05-04 09:55:45.109 [info] > git config --get commit.template [1ms]
2023-05-04 09:55:45.117 [info] > git for-each-ref --format=%(refname)%00%(upstream:short)%00%(objectname)%00%(upstream:track)%00%(upstream:remotename)%00%(upstream:remoteref) refs/heads/master refs/remotes/master [2ms]
2023-05-04 09:55:45.159 [info] > git status -z -uall [36ms]
2023-05-04 09:56:54.189 [info] > git config --get commit.template [7ms]
2023-05-04 09:56:54.190 [info] > git for-each-ref --format=%(refname)%00%(upstream:short)%00%(objectname)%00%(upstream:track)%00%(upstream:remotename)%00%(upstream:remoteref) refs/heads/master refs/remotes/master [2ms]
2023-05-04 09:56:54.232 [info] > git status -z -uall [36ms]
2023-05-04 09:59:27.705 [info] > git config --get commit.template [1ms]
2023-05-04 09:59:27.712 [info] > git for-each-ref --format=%(refname)%00%(upstream:short)%00%(objectname)%00%(upstream:track)%00%(upstream:remotename)%00%(upstream:remoteref) refs/heads/master refs/remotes/master [2ms]
2023-05-04 09:59:27.755 [info] > git status -z -uall [37ms]
2023-05-04 09:59:37.187 [info] > git config --get commit.template [12ms]
2023-05-04 09:59:37.200 [info] > git for-each-ref --format=%(refname)%00%(upstream:short)%00%(objectname)%00%(upstream:track)%00%(upstream:remotename)%00%(upstream:remoteref) refs/heads/master refs/remotes/master [17ms]
2023-05-04 09:59:37.262 [info] > git status -z -uall [56ms]
2023-05-04 09:59:42.313 [info] > git config --get commit.template [9ms]
2023-05-04 09:59:42.315 [info] > git for-each-ref --format=%(refname)%00%(upstream:short)%00%(objectname)%00%(upstream:track)%00%(upstream:remotename)%00%(upstream:remoteref) refs/heads/master refs/remotes/master [3ms]
2023-05-04 09:59:42.362 [info] > git status -z -uall [40ms]
2023-05-04 09:59:47.408 [info] > git config --get commit.template [7ms]
2023-05-04 09:59:47.408 [info] > git for-each-ref --format=%(refname)%00%(upstream:short)%00%(objectname)%00%(upstream:track)%00%(upstream:remotename)%00%(upstream:remoteref) refs/heads/master refs/remotes/master [2ms]
2023-05-04 09:59:47.452 [info] > git status -z -uall [37ms]
2023-05-04 09:59:52.504 [info] > git config --get commit.template [9ms]
2023-05-04 09:59:52.505 [info] > git for-each-ref --format=%(refname)%00%(upstream:short)%00%(objectname)%00%(upstream:track)%00%(upstream:remotename)%00%(upstream:remoteref) refs/heads/master refs/remotes/master [2ms]
2023-05-04 09:59:52.569 [info] > git status -z -uall [57ms]
2023-05-04 09:59:57.622 [info] > git config --get commit.template [9ms]
2023-05-04 09:59:57.623 [info] > git for-each-ref --format=%(refname)%00%(upstream:short)%00%(objectname)%00%(upstream:track)%00%(upstream:remotename)%00%(upstream:remoteref) refs/heads/master refs/remotes/master [3ms]
2023-05-04 09:59:57.664 [info] > git status -z -uall [35ms]
2023-05-04 10:00:05.180 [info] > git config --get commit.template [4ms]
2023-05-04 10:00:05.191 [info] > git for-each-ref --format=%(refname)%00%(upstream:short)%00%(objectname)%00%(upstream:track)%00%(upstream:remotename)%00%(upstream:remoteref) refs/heads/master refs/remotes/master [3ms]
2023-05-04 10:00:05.233 [info] > git status -z -uall [34ms]
2023-05-04 10:00:10.272 [info] > git config --get commit.template [7ms]
2023-05-04 10:00:10.274 [info] > git for-each-ref --format=%(refname)%00%(upstream:short)%00%(objectname)%00%(upstream:track)%00%(upstream:remotename)%00%(upstream:remoteref) refs/heads/master refs/remotes/master [3ms]
2023-05-04 10:00:10.316 [info] > git status -z -uall [37ms]
2023-05-04 10:00:15.360 [info] > git config --get commit.template [9ms]
2023-05-04 10:00:15.361 [info] > git for-each-ref --format=%(refname)%00%(upstream:short)%00%(objectname)%00%(upstream:track)%00%(upstream:remotename)%00%(upstream:remoteref) refs/heads/master refs/remotes/master [2ms]
2023-05-04 10:00:15.402 [info] > git status -z -uall [35ms]
2023-05-04 10:00:20.435 [info] > git config --get commit.template [9ms]
2023-05-04 10:00:20.436 [info] > git for-each-ref --format=%(refname)%00%(upstream:short)%00%(objectname)%00%(upstream:track)%00%(upstream:remotename)%00%(upstream:remoteref) refs/heads/master refs/remotes/master [2ms]
2023-05-04 10:00:20.476 [info] > git status -z -uall [34ms]
2023-05-04 10:00:25.520 [info] > git config --get commit.template [8ms]
2023-05-04 10:00:25.520 [info] > git for-each-ref --format=%(refname)%00%(upstream:short)%00%(objectname)%00%(upstream:track)%00%(upstream:remotename)%00%(upstream:remoteref) refs/heads/master refs/remotes/master [2ms]
2023-05-04 10:00:25.565 [info] > git status -z -uall [37ms]
2023-05-04 10:00:30.600 [info] > git config --get commit.template [0ms]
2023-05-04 10:00:30.608 [info] > git for-each-ref --format=%(refname)%00%(upstream:short)%00%(objectname)%00%(upstream:track)%00%(upstream:remotename)%00%(upstream:remoteref) refs/heads/master refs/remotes/master [2ms]
2023-05-04 10:00:30.650 [info] > git status -z -uall [35ms]
2023-05-04 10:00:35.682 [info] > git config --get commit.template [2ms]
2023-05-04 10:00:35.692 [info] > git for-each-ref --format=%(refname)%00%(upstream:short)%00%(objectname)%00%(upstream:track)%00%(upstream:remotename)%00%(upstream:remoteref) refs/heads/master refs/remotes/master [2ms]
2023-05-04 10:00:35.732 [info] > git status -z -uall [35ms]
2023-05-04 10:00:40.773 [info] > git config --get commit.template [9ms]
2023-05-04 10:00:40.774 [info] > git for-each-ref --format=%(refname)%00%(upstream:short)%00%(objectname)%00%(upstream:track)%00%(upstream:remotename)%00%(upstream:remoteref) refs/heads/master refs/remotes/master [2ms]
2023-05-04 10:00:40.821 [info] > git status -z -uall [41ms]
2023-05-04 10:00:45.863 [info] > git config --get commit.template [8ms]
2023-05-04 10:00:45.864 [info] > git for-each-ref --format=%(refname)%00%(upstream:short)%00%(objectname)%00%(upstream:track)%00%(upstream:remotename)%00%(upstream:remoteref) refs/heads/master refs/remotes/master [2ms]
2023-05-04 10:00:45.908 [info] > git status -z -uall [37ms]
2023-05-04 10:00:50.946 [info] > git config --get commit.template [1ms]
2023-05-04 10:00:50.955 [info] > git for-each-ref --format=%(refname)%00%(upstream:short)%00%(objectname)%00%(upstream:track)%00%(upstream:remotename)%00%(upstream:remoteref) refs/heads/master refs/remotes/master [1ms]
2023-05-04 10:00:50.995 [info] > git status -z -uall [34ms]
2023-05-04 10:00:56.025 [info] > git config --get commit.template [2ms]
2023-05-04 10:00:56.034 [info] > git for-each-ref --format=%(refname)%00%(upstream:short)%00%(objectname)%00%(upstream:track)%00%(upstream:remotename)%00%(upstream:remoteref) refs/heads/master refs/remotes/master [1ms]
2023-05-04 10:00:56.077 [info] > git status -z -uall [37ms]
2023-05-04 10:01:01.105 [info] > git config --get commit.template [1ms]
2023-05-04 10:01:01.113 [info] > git for-each-ref --format=%(refname)%00%(upstream:short)%00%(objectname)%00%(upstream:track)%00%(upstream:remotename)%00%(upstream:remoteref) refs/heads/master refs/remotes/master [1ms]
2023-05-04 10:01:01.156 [info] > git status -z -uall [37ms]
2023-05-04 10:01:06.187 [info] > git config --get commit.template [2ms]
2023-05-04 10:01:06.194 [info] > git for-each-ref --format=%(refname)%00%(upstream:short)%00%(objectname)%00%(upstream:track)%00%(upstream:remotename)%00%(upstream:remoteref) refs/heads/master refs/remotes/master [1ms]
2023-05-04 10:01:06.252 [info] > git status -z -uall [52ms]
2023-05-04 10:01:11.283 [info] > git config --get commit.template [1ms]
2023-05-04 10:01:11.290 [info] > git for-each-ref --format=%(refname)%00%(upstream:short)%00%(objectname)%00%(upstream:track)%00%(upstream:remotename)%00%(upstream:remoteref) refs/heads/master refs/remotes/master [1ms]
2023-05-04 10:01:11.331 [info] > git status -z -uall [36ms]
2023-05-04 10:01:16.372 [info] > git config --get commit.template [7ms]
2023-05-04 10:01:16.372 [info] > git for-each-ref --format=%(refname)%00%(upstream:short)%00%(objectname)%00%(upstream:track)%00%(upstream:remotename)%00%(upstream:remoteref) refs/heads/master refs/remotes/master [1ms]
2023-05-04 10:01:16.413 [info] > git status -z -uall [34ms]
2023-05-04 10:01:21.454 [info] > git config --get commit.template [7ms]
2023-05-04 10:01:21.454 [info] > git for-each-ref --format=%(refname)%00%(upstream:short)%00%(objectname)%00%(upstream:track)%00%(upstream:remotename)%00%(upstream:remoteref) refs/heads/master refs/remotes/master [1ms]
2023-05-04 10:01:21.494 [info] > git status -z -uall [33ms]
2023-05-04 10:01:26.534 [info] > git config --get commit.template [7ms]
2023-05-04 10:01:26.536 [info] > git for-each-ref --format=%(refname)%00%(upstream:short)%00%(objectname)%00%(upstream:track)%00%(upstream:remotename)%00%(upstream:remoteref) refs/heads/master refs/remotes/master [3ms]
2023-05-04 10:01:26.577 [info] > git status -z -uall [36ms]
2023-05-04 10:01:31.613 [info] > git config --get commit.template [2ms]
2023-05-04 10:01:31.621 [info] > git for-each-ref --format=%(refname)%00%(upstream:short)%00%(objectname)%00%(upstream:track)%00%(upstream:remotename)%00%(upstream:remoteref) refs/heads/master refs/remotes/master [2ms]
2023-05-04 10:01:31.663 [info] > git status -z -uall [36ms]
2023-05-04 10:01:36.695 [info] > git config --get commit.template [7ms]
2023-05-04 10:01:36.696 [info] > git for-each-ref --format=%(refname)%00%(upstream:short)%00%(objectname)%00%(upstream:track)%00%(upstream:remotename)%00%(upstream:remoteref) refs/heads/master refs/remotes/master [2ms]
2023-05-04 10:01:36.738 [info] > git status -z -uall [36ms]
2023-05-04 10:01:41.771 [info] > git config --get commit.template [8ms]
2023-05-04 10:01:41.772 [info] > git for-each-ref --format=%(refname)%00%(upstream:short)%00%(objectname)%00%(upstream:track)%00%(upstream:remotename)%00%(upstream:remoteref) refs/heads/master refs/remotes/master [2ms]
2023-05-04 10:01:41.815 [info] > git status -z -uall [35ms]
2023-05-04 10:01:46.847 [info] > git config --get commit.template [2ms]
2023-05-04 10:01:46.856 [info] > git for-each-ref --format=%(refname)%00%(upstream:short)%00%(objectname)%00%(upstream:track)%00%(upstream:remotename)%00%(upstream:remoteref) refs/heads/master refs/remotes/master [3ms]
2023-05-04 10:01:46.899 [info] > git status -z -uall [37ms]
2023-05-04 10:01:51.949 [info] > git config --get commit.template [11ms]
2023-05-04 10:01:51.953 [info] > git for-each-ref --format=%(refname)%00%(upstream:short)%00%(objectname)%00%(upstream:track)%00%(upstream:remotename)%00%(upstream:remoteref) refs/heads/master refs/remotes/master [5ms]
2023-05-04 10:01:51.995 [info] > git status -z -uall [36ms]
2023-05-04 10:01:57.032 [info] > git config --get commit.template [2ms]
2023-05-04 10:01:57.045 [info] > git for-each-ref --format=%(refname)%00%(upstream:short)%00%(objectname)%00%(upstream:track)%00%(upstream:remotename)%00%(upstream:remoteref) refs/heads/master refs/remotes/master [2ms]
2023-05-04 10:01:57.088 [info] > git status -z -uall [37ms]
2023-05-04 10:02:02.135 [info] > git config --get commit.template [11ms]
2023-05-04 10:02:02.136 [info] > git for-each-ref --format=%(refname)%00%(upstream:short)%00%(objectname)%00%(upstream:track)%00%(upstream:remotename)%00%(upstream:remoteref) refs/heads/master refs/remotes/master [4ms]
2023-05-04 10:02:02.177 [info] > git status -z -uall [35ms]
2023-05-04 10:02:07.216 [info] > git config --get commit.template [12ms]
2023-05-04 10:02:07.219 [info] > git for-each-ref --format=%(refname)%00%(upstream:short)%00%(objectname)%00%(upstream:track)%00%(upstream:remotename)%00%(upstream:remoteref) refs/heads/master refs/remotes/master [4ms]
2023-05-04 10:02:07.266 [info] > git status -z -uall [38ms]
2023-05-04 10:02:12.299 [info] > git config --get commit.template [8ms]
2023-05-04 10:02:12.300 [info] > git for-each-ref --format=%(refname)%00%(upstream:short)%00%(objectname)%00%(upstream:track)%00%(upstream:remotename)%00%(upstream:remoteref) refs/heads/master refs/remotes/master [3ms]
2023-05-04 10:02:12.360 [info] > git status -z -uall [54ms]
2023-05-04 10:02:17.397 [info] > git config --get commit.template [2ms]
2023-05-04 10:02:17.405 [info] > git for-each-ref --format=%(refname)%00%(upstream:short)%00%(objectname)%00%(upstream:track)%00%(upstream:remotename)%00%(upstream:remoteref) refs/heads/master refs/remotes/master [1ms]
2023-05-04 10:02:17.456 [info] > git status -z -uall [45ms]
2023-05-04 10:02:22.496 [info] > git config --get commit.template [7ms]
2023-05-04 10:02:22.497 [info] > git for-each-ref --format=%(refname)%00%(upstream:short)%00%(objectname)%00%(upstream:track)%00%(upstream:remotename)%00%(upstream:remoteref) refs/heads/master refs/remotes/master [2ms]
2023-05-04 10:02:22.537 [info] > git status -z -uall [34ms]
2023-05-04 10:02:27.579 [info] > git config --get commit.template [9ms]
2023-05-04 10:02:27.579 [info] > git for-each-ref --format=%(refname)%00%(upstream:short)%00%(objectname)%00%(upstream:track)%00%(upstream:remotename)%00%(upstream:remoteref) refs/heads/master refs/remotes/master [2ms]
2023-05-04 10:02:27.620 [info] > git status -z -uall [35ms]
2023-05-04 10:02:32.648 [info] > git config --get commit.template [1ms]
2023-05-04 10:02:32.657 [info] > git for-each-ref --format=%(refname)%00%(upstream:short)%00%(objectname)%00%(upstream:track)%00%(upstream:remotename)%00%(upstream:remoteref) refs/heads/master refs/remotes/master [1ms]
2023-05-04 10:02:32.699 [info] > git status -z -uall [37ms]
2023-05-04 10:02:37.733 [info] > git config --get commit.template [2ms]
2023-05-04 10:02:37.742 [info] > git for-each-ref --format=%(refname)%00%(upstream:short)%00%(objectname)%00%(upstream:track)%00%(upstream:remotename)%00%(upstream:remoteref) refs/heads/master refs/remotes/master [2ms]
2023-05-04 10:02:37.788 [info] > git status -z -uall [40ms]
2023-05-04 10:02:42.827 [info] > git config --get commit.template [2ms]
2023-05-04 10:02:42.838 [info] > git for-each-ref --format=%(refname)%00%(upstream:short)%00%(objectname)%00%(upstream:track)%00%(upstream:remotename)%00%(upstream:remoteref) refs/heads/master refs/remotes/master [2ms]
2023-05-04 10:02:42.881 [info] > git status -z -uall [36ms]
2023-05-04 10:02:47.911 [info] > git config --get commit.template [1ms]
2023-05-04 10:02:47.920 [info] > git for-each-ref --format=%(refname)%00%(upstream:short)%00%(objectname)%00%(upstream:track)%00%(upstream:remotename)%00%(upstream:remoteref) refs/heads/master refs/remotes/master [2ms]
2023-05-04 10:02:47.960 [info] > git status -z -uall [34ms]
2023-05-04 10:02:53.005 [info] > git config --get commit.template [9ms]
2023-05-04 10:02:53.007 [info] > git for-each-ref --format=%(refname)%00%(upstream:short)%00%(objectname)%00%(upstream:track)%00%(upstream:remotename)%00%(upstream:remoteref) refs/heads/master refs/remotes/master [2ms]
2023-05-04 10:02:53.052 [info] > git status -z -uall [36ms]
2023-05-04 10:02:58.085 [info] > git config --get commit.template [2ms]
2023-05-04 10:02:58.095 [info] > git for-each-ref --format=%(refname)%00%(upstream:short)%00%(objectname)%00%(upstream:track)%00%(upstream:remotename)%00%(upstream:remoteref) refs/heads/master refs/remotes/master [1ms]
2023-05-04 10:02:58.138 [info] > git status -z -uall [35ms]
2023-05-04 10:03:03.171 [info] > git config --get commit.template [2ms]
2023-05-04 10:03:03.179 [info] > git for-each-ref --format=%(refname)%00%(upstream:short)%00%(objectname)%00%(upstream:track)%00%(upstream:remotename)%00%(upstream:remoteref) refs/heads/master refs/remotes/master [1ms]
2023-05-04 10:03:03.219 [info] > git status -z -uall [34ms]
2023-05-04 10:03:08.253 [info] > git config --get commit.template [5ms]
2023-05-04 10:03:08.262 [info] > git for-each-ref --format=%(refname)%00%(upstream:short)%00%(objectname)%00%(upstream:track)%00%(upstream:remotename)%00%(upstream:remoteref) refs/heads/master refs/remotes/master [2ms]
2023-05-04 10:03:08.304 [info] > git status -z -uall [36ms]
2023-05-04 10:03:13.346 [info] > git config --get commit.template [10ms]
2023-05-04 10:03:13.346 [info] > git for-each-ref --format=%(refname)%00%(upstream:short)%00%(objectname)%00%(upstream:track)%00%(upstream:remotename)%00%(upstream:remoteref) refs/heads/master refs/remotes/master [2ms]
2023-05-04 10:03:13.387 [info] > git status -z -uall [36ms]
2023-05-04 10:03:18.420 [info] > git config --get commit.template [8ms]
2023-05-04 10:03:18.421 [info] > git for-each-ref --format=%(refname)%00%(upstream:short)%00%(objectname)%00%(upstream:track)%00%(upstream:remotename)%00%(upstream:remoteref) refs/heads/master refs/remotes/master [2ms]
2023-05-04 10:03:18.467 [info] > git status -z -uall [40ms]
2023-05-04 10:03:23.513 [info] > git config --get commit.template [7ms]
2023-05-04 10:03:23.514 [info] > git for-each-ref --format=%(refname)%00%(upstream:short)%00%(objectname)%00%(upstream:track)%00%(upstream:remotename)%00%(upstream:remoteref) refs/heads/master refs/remotes/master [2ms]
2023-05-04 10:03:23.551 [info] > git status -z -uall [31ms]
2023-05-04 10:03:28.583 [info] > git config --get commit.template [8ms]
2023-05-04 10:03:28.583 [info] > git for-each-ref --format=%(refname)%00%(upstream:short)%00%(objectname)%00%(upstream:track)%00%(upstream:remotename)%00%(upstream:remoteref) refs/heads/master refs/remotes/master [1ms]
2023-05-04 10:03:28.624 [info] > git status -z -uall [35ms]
2023-05-04 10:03:33.664 [info] > git config --get commit.template [7ms]
2023-05-04 10:03:33.665 [info] > git for-each-ref --format=%(refname)%00%(upstream:short)%00%(objectname)%00%(upstream:track)%00%(upstream:remotename)%00%(upstream:remoteref) refs/heads/master refs/remotes/master [2ms]
2023-05-04 10:03:33.711 [info] > git status -z -uall [40ms]
2023-05-04 10:03:38.759 [info] > git config --get commit.template [10ms]
2023-05-04 10:03:38.760 [info] > git for-each-ref --format=%(refname)%00%(upstream:short)%00%(objectname)%00%(upstream:track)%00%(upstream:remotename)%00%(upstream:remoteref) refs/heads/master refs/remotes/master [2ms]
2023-05-04 10:03:38.811 [info] > git status -z -uall [43ms]
2023-05-04 10:03:43.846 [info] > git config --get commit.template [2ms]
2023-05-04 10:03:43.855 [info] > git for-each-ref --format=%(refname)%00%(upstream:short)%00%(objectname)%00%(upstream:track)%00%(upstream:remotename)%00%(upstream:remoteref) refs/heads/master refs/remotes/master [2ms]
2023-05-04 10:03:43.898 [info] > git status -z -uall [36ms]
2023-05-04 10:03:48.936 [info] > git config --get commit.template [8ms]
2023-05-04 10:03:48.936 [info] > git for-each-ref --format=%(refname)%00%(upstream:short)%00%(objectname)%00%(upstream:track)%00%(upstream:remotename)%00%(upstream:remoteref) refs/heads/master refs/remotes/master [1ms]
2023-05-04 10:03:48.996 [info] > git status -z -uall [54ms]
2023-05-04 10:03:54.043 [info] > git config --get commit.template [6ms]
2023-05-04 10:03:54.043 [info] > git for-each-ref --format=%(refname)%00%(upstream:short)%00%(objectname)%00%(upstream:track)%00%(upstream:remotename)%00%(upstream:remoteref) refs/heads/master refs/remotes/master [2ms]
2023-05-04 10:03:54.082 [info] > git status -z -uall [33ms]
2023-05-04 10:03:59.126 [info] > git config --get commit.template [11ms]
2023-05-04 10:03:59.128 [info] > git for-each-ref --format=%(refname)%00%(upstream:short)%00%(objectname)%00%(upstream:track)%00%(upstream:remotename)%00%(upstream:remoteref) refs/heads/master refs/remotes/master [3ms]
2023-05-04 10:03:59.172 [info] > git status -z -uall [38ms]
2023-05-04 10:04:04.212 [info] > git config --get commit.template [10ms]
2023-05-04 10:04:04.213 [info] > git for-each-ref --format=%(refname)%00%(upstream:short)%00%(objectname)%00%(upstream:track)%00%(upstream:remotename)%00%(upstream:remoteref) refs/heads/master refs/remotes/master [2ms]
2023-05-04 10:04:04.256 [info] > git status -z -uall [37ms]
2023-05-04 10:04:09.292 [info] > git config --get commit.template [7ms]
2023-05-04 10:04:09.293 [info] > git for-each-ref --format=%(refname)%00%(upstream:short)%00%(objectname)%00%(upstream:track)%00%(upstream:remotename)%00%(upstream:remoteref) refs/heads/master refs/remotes/master [5ms]
2023-05-04 10:04:09.337 [info] > git status -z -uall [38ms]
2023-05-04 10:04:14.387 [info] > git config --get commit.template [8ms]
2023-05-04 10:04:14.388 [info] > git for-each-ref --format=%(refname)%00%(upstream:short)%00%(objectname)%00%(upstream:track)%00%(upstream:remotename)%00%(upstream:remoteref) refs/heads/master refs/remotes/master [2ms]
2023-05-04 10:04:14.429 [info] > git status -z -uall [36ms]
2023-05-04 10:04:19.467 [info] > git config --get commit.template [8ms]
2023-05-04 10:04:19.468 [info] > git for-each-ref --format=%(refname)%00%(upstream:short)%00%(objectname)%00%(upstream:track)%00%(upstream:remotename)%00%(upstream:remoteref) refs/heads/master refs/remotes/master [2ms]
2023-05-04 10:04:19.510 [info] > git status -z -uall [37ms]
2023-05-04 10:04:24.557 [info] > git config --get commit.template [3ms]
2023-05-04 10:04:24.571 [info] > git for-each-ref --format=%(refname)%00%(upstream:short)%00%(objectname)%00%(upstream:track)%00%(upstream:remotename)%00%(upstream:remoteref) refs/heads/master refs/remotes/master [2ms]
2023-05-04 10:04:24.612 [info] > git status -z -uall [35ms]
2023-05-04 10:04:29.640 [info] > git config --get commit.template [1ms]
2023-05-04 10:04:29.649 [info] > git for-each-ref --format=%(refname)%00%(upstream:short)%00%(objectname)%00%(upstream:track)%00%(upstream:remotename)%00%(upstream:remoteref) refs/heads/master refs/remotes/master [2ms]
2023-05-04 10:04:29.687 [info] > git status -z -uall [32ms]
2023-05-04 10:04:34.724 [info] > git config --get commit.template [2ms]
2023-05-04 10:04:34.738 [info] > git for-each-ref --format=%(refname)%00%(upstream:short)%00%(objectname)%00%(upstream:track)%00%(upstream:remotename)%00%(upstream:remoteref) refs/heads/master refs/remotes/master [4ms]
2023-05-04 10:04:34.779 [info] > git status -z -uall [35ms]
2023-05-04 10:04:39.807 [info] > git config --get commit.template [3ms]
2023-05-04 10:04:39.816 [info] > git for-each-ref --format=%(refname)%00%(upstream:short)%00%(objectname)%00%(upstream:track)%00%(upstream:remotename)%00%(upstream:remoteref) refs/heads/master refs/remotes/master [2ms]
2023-05-04 10:04:39.857 [info] > git status -z -uall [35ms]
2023-05-04 10:04:44.892 [info] > git config --get commit.template [8ms]
2023-05-04 10:04:44.892 [info] > git for-each-ref --format=%(refname)%00%(upstream:short)%00%(objectname)%00%(upstream:track)%00%(upstream:remotename)%00%(upstream:remoteref) refs/heads/master refs/remotes/master [1ms]
2023-05-04 10:04:44.939 [info] > git status -z -uall [41ms]
2023-05-04 10:04:49.977 [info] > git config --get commit.template [8ms]
2023-05-04 10:04:49.978 [info] > git for-each-ref --format=%(refname)%00%(upstream:short)%00%(objectname)%00%(upstream:track)%00%(upstream:remotename)%00%(upstream:remoteref) refs/heads/master refs/remotes/master [1ms]
2023-05-04 10:04:50.020 [info] > git status -z -uall [37ms]
2023-05-04 10:04:55.059 [info] > git config --get commit.template [7ms]
2023-05-04 10:04:55.060 [info] > git for-each-ref --format=%(refname)%00%(upstream:short)%00%(objectname)%00%(upstream:track)%00%(upstream:remotename)%00%(upstream:remoteref) refs/heads/master refs/remotes/master [2ms]
2023-05-04 10:04:55.102 [info] > git status -z -uall [36ms]
2023-05-04 10:05:00.150 [info] > git config --get commit.template [9ms]
2023-05-04 10:05:00.151 [info] > git for-each-ref --format=%(refname)%00%(upstream:short)%00%(objectname)%00%(upstream:track)%00%(upstream:remotename)%00%(upstream:remoteref) refs/heads/master refs/remotes/master [2ms]
2023-05-04 10:05:00.195 [info] > git status -z -uall [37ms]
2023-05-04 10:05:05.225 [info] > git config --get commit.template [1ms]
2023-05-04 10:05:05.237 [info] > git for-each-ref --format=%(refname)%00%(upstream:short)%00%(objectname)%00%(upstream:track)%00%(upstream:remotename)%00%(upstream:remoteref) refs/heads/master refs/remotes/master [1ms]
2023-05-04 10:05:05.283 [info] > git status -z -uall [38ms]
2023-05-04 10:05:10.323 [info] > git config --get commit.template [8ms]
2023-05-04 10:05:10.324 [info] > git for-each-ref --format=%(refname)%00%(upstream:short)%00%(objectname)%00%(upstream:track)%00%(upstream:remotename)%00%(upstream:remoteref) refs/heads/master refs/remotes/master [2ms]
2023-05-04 10:05:10.365 [info] > git status -z -uall [36ms]
2023-05-04 10:05:15.412 [info] > git config --get commit.template [11ms]
2023-05-04 10:05:15.414 [info] > git for-each-ref --format=%(refname)%00%(upstream:short)%00%(objectname)%00%(upstream:track)%00%(upstream:remotename)%00%(upstream:remoteref) refs/heads/master refs/remotes/master [3ms]
2023-05-04 10:05:15.452 [info] > git status -z -uall [31ms]
2023-05-04 10:05:20.486 [info] > git config --get commit.template [8ms]
2023-05-04 10:05:20.489 [info] > git for-each-ref --format=%(refname)%00%(upstream:short)%00%(objectname)%00%(upstream:track)%00%(upstream:remotename)%00%(upstream:remoteref) refs/heads/master refs/remotes/master [4ms]
2023-05-04 10:05:20.530 [info] > git status -z -uall [35ms]
2023-05-04 10:05:25.568 [info] > git config --get commit.template [8ms]
2023-05-04 10:05:25.568 [info] > git for-each-ref --format=%(refname)%00%(upstream:short)%00%(objectname)%00%(upstream:track)%00%(upstream:remotename)%00%(upstream:remoteref) refs/heads/master refs/remotes/master [2ms]
2023-05-04 10:05:25.618 [info] > git status -z -uall [44ms]
2023-05-04 10:05:30.665 [info] > git config --get commit.template [7ms]
2023-05-04 10:05:30.665 [info] > git for-each-ref --format=%(refname)%00%(upstream:short)%00%(objectname)%00%(upstream:track)%00%(upstream:remotename)%00%(upstream:remoteref) refs/heads/master refs/remotes/master [1ms]
2023-05-04 10:05:30.704 [info] > git status -z -uall [33ms]
2023-05-04 10:05:35.733 [info] > git config --get commit.template [3ms]
2023-05-04 10:05:35.744 [info] > git for-each-ref --format=%(refname)%00%(upstream:short)%00%(objectname)%00%(upstream:track)%00%(upstream:remotename)%00%(upstream:remoteref) refs/heads/master refs/remotes/master [3ms]
2023-05-04 10:05:35.785 [info] > git status -z -uall [36ms]
2023-05-04 10:05:40.817 [info] > git config --get commit.template [2ms]
2023-05-04 10:05:40.827 [info] > git for-each-ref --format=%(refname)%00%(upstream:short)%00%(objectname)%00%(upstream:track)%00%(upstream:remotename)%00%(upstream:remoteref) refs/heads/master refs/remotes/master [3ms]
2023-05-04 10:05:40.871 [info] > git status -z -uall [39ms]
2023-05-04 10:05:45.908 [info] > git config --get commit.template [8ms]
2023-05-04 10:05:45.909 [info] > git for-each-ref --format=%(refname)%00%(upstream:short)%00%(objectname)%00%(upstream:track)%00%(upstream:remotename)%00%(upstream:remoteref) refs/heads/master refs/remotes/master [2ms]
2023-05-04 10:05:45.956 [info] > git status -z -uall [41ms]
2023-05-04 10:05:51.002 [info] > git config --get commit.template [12ms]
2023-05-04 10:05:51.007 [info] > git for-each-ref --format=%(refname)%00%(upstream:short)%00%(objectname)%00%(upstream:track)%00%(upstream:remotename)%00%(upstream:remoteref) refs/heads/master refs/remotes/master [6ms]
2023-05-04 10:05:51.051 [info] > git status -z -uall [37ms]
2023-05-04 10:05:56.080 [info] > git config --get commit.template [2ms]
2023-05-04 10:05:56.089 [info] > git for-each-ref --format=%(refname)%00%(upstream:short)%00%(objectname)%00%(upstream:track)%00%(upstream:remotename)%00%(upstream:remoteref) refs/heads/master refs/remotes/master [2ms]
2023-05-04 10:05:56.133 [info] > git status -z -uall [38ms]
2023-05-04 10:06:01.176 [info] > git config --get commit.template [2ms]
2023-05-04 10:06:01.184 [info] > git for-each-ref --format=%(refname)%00%(upstream:short)%00%(objectname)%00%(upstream:track)%00%(upstream:remotename)%00%(upstream:remoteref) refs/heads/master refs/remotes/master [2ms]
2023-05-04 10:06:01.227 [info] > git status -z -uall [36ms]
2023-05-04 10:06:06.262 [info] > git config --get commit.template [2ms]
2023-05-04 10:06:06.274 [info] > git for-each-ref --format=%(refname)%00%(upstream:short)%00%(objectname)%00%(upstream:track)%00%(upstream:remotename)%00%(upstream:remoteref) refs/heads/master refs/remotes/master [2ms]
2023-05-04 10:06:06.320 [info] > git status -z -uall [37ms]
2023-05-04 10:06:11.355 [info] > git config --get commit.template [0ms]
2023-05-04 10:06:11.363 [info] > git for-each-ref --format=%(refname)%00%(upstream:short)%00%(objectname)%00%(upstream:track)%00%(upstream:remotename)%00%(upstream:remoteref) refs/heads/master refs/remotes/master [2ms]
2023-05-04 10:06:11.408 [info] > git status -z -uall [39ms]
2023-05-04 10:06:16.444 [info] > git config --get commit.template [8ms]
2023-05-04 10:06:16.447 [info] > git for-each-ref --format=%(refname)%00%(upstream:short)%00%(objectname)%00%(upstream:track)%00%(upstream:remotename)%00%(upstream:remoteref) refs/heads/master refs/remotes/master [4ms]
2023-05-04 10:06:16.487 [info] > git status -z -uall [33ms]
2023-05-04 10:06:21.524 [info] > git config --get commit.template [7ms]
2023-05-04 10:06:21.525 [info] > git for-each-ref --format=%(refname)%00%(upstream:short)%00%(objectname)%00%(upstream:track)%00%(upstream:remotename)%00%(upstream:remoteref) refs/heads/master refs/remotes/master [2ms]
2023-05-04 10:06:21.564 [info] > git status -z -uall [33ms]
2023-05-04 10:06:26.609 [info] > git config --get commit.template [12ms]
2023-05-04 10:06:26.611 [info] > git for-each-ref --format=%(refname)%00%(upstream:short)%00%(objectname)%00%(upstream:track)%00%(upstream:remotename)%00%(upstream:remoteref) refs/heads/master refs/remotes/master [3ms]
2023-05-04 10:06:26.664 [info] > git status -z -uall [36ms]
2023-05-04 10:06:31.709 [info] > git config --get commit.template [11ms]
2023-05-04 10:06:31.711 [info] > git for-each-ref --format=%(refname)%00%(upstream:short)%00%(objectname)%00%(upstream:track)%00%(upstream:remotename)%00%(upstream:remoteref) refs/heads/master refs/remotes/master [3ms]
2023-05-04 10:06:31.753 [info] > git status -z -uall [35ms]
2023-05-04 10:06:38.037 [info] > git config --get commit.template [11ms]
2023-05-04 10:06:38.040 [info] > git for-each-ref --format=%(refname)%00%(upstream:short)%00%(objectname)%00%(upstream:track)%00%(upstream:remotename)%00%(upstream:remoteref) refs/heads/master refs/remotes/master [4ms]
2023-05-04 10:06:38.108 [info] > git status -z -uall [59ms]
2023-05-04 10:06:43.149 [info] > git config --get commit.template [9ms]
2023-05-04 10:06:43.149 [info] > git for-each-ref --format=%(refname)%00%(upstream:short)%00%(objectname)%00%(upstream:track)%00%(upstream:remotename)%00%(upstream:remoteref) refs/heads/master refs/remotes/master [3ms]
2023-05-04 10:06:43.189 [info] > git status -z -uall [34ms]
2023-05-04 10:06:48.228 [info] > git config --get commit.template [1ms]
2023-05-04 10:06:48.240 [info] > git for-each-ref --format=%(refname)%00%(upstream:short)%00%(objectname)%00%(upstream:track)%00%(upstream:remotename)%00%(upstream:remoteref) refs/heads/master refs/remotes/master [3ms]
2023-05-04 10:06:48.282 [info] > git status -z -uall [36ms]
2023-05-04 10:06:53.317 [info] > git config --get commit.template [7ms]
2023-05-04 10:06:53.318 [info] > git for-each-ref --format=%(refname)%00%(upstream:short)%00%(objectname)%00%(upstream:track)%00%(upstream:remotename)%00%(upstream:remoteref) refs/heads/master refs/remotes/master [2ms]
2023-05-04 10:06:53.356 [info] > git status -z -uall [33ms]
2023-05-04 10:06:58.400 [info] > git config --get commit.template [11ms]
2023-05-04 10:06:58.403 [info] > git for-each-ref --format=%(refname)%00%(upstream:short)%00%(objectname)%00%(upstream:track)%00%(upstream:remotename)%00%(upstream:remoteref) refs/heads/master refs/remotes/master [4ms]
2023-05-04 10:06:58.448 [info] > git status -z -uall [37ms]
2023-05-04 10:07:03.500 [info] > git config --get commit.template [8ms]
2023-05-04 10:07:03.500 [info] > git for-each-ref --format=%(refname)%00%(upstream:short)%00%(objectname)%00%(upstream:track)%00%(upstream:remotename)%00%(upstream:remoteref) refs/heads/master refs/remotes/master [2ms]
2023-05-04 10:07:03.542 [info] > git status -z -uall [36ms]
2023-05-04 10:07:08.573 [info] > git config --get commit.template [1ms]
2023-05-04 10:07:08.582 [info] > git for-each-ref --format=%(refname)%00%(upstream:short)%00%(objectname)%00%(upstream:track)%00%(upstream:remotename)%00%(upstream:remoteref) refs/heads/master refs/remotes/master [2ms]
2023-05-04 10:07:08.623 [info] > git status -z -uall [35ms]
2023-05-04 10:07:13.651 [info] > git config --get commit.template [2ms]
2023-05-04 10:07:13.659 [info] > git for-each-ref --format=%(refname)%00%(upstream:short)%00%(objectname)%00%(upstream:track)%00%(upstream:remotename)%00%(upstream:remoteref) refs/heads/master refs/remotes/master [2ms]
2023-05-04 10:07:13.713 [info] > git status -z -uall [48ms]
2023-05-04 10:07:18.753 [info] > git config --get commit.template [7ms]
2023-05-04 10:07:18.754 [info] > git for-each-ref --format=%(refname)%00%(upstream:short)%00%(objectname)%00%(upstream:track)%00%(upstream:remotename)%00%(upstream:remoteref) refs/heads/master refs/remotes/master [2ms]
2023-05-04 10:07:18.795 [info] > git status -z -uall [36ms]
2023-05-04 10:07:23.838 [info] > git config --get commit.template [11ms]
2023-05-04 10:07:23.839 [info] > git for-each-ref --format=%(refname)%00%(upstream:short)%00%(objectname)%00%(upstream:track)%00%(upstream:remotename)%00%(upstream:remoteref) refs/heads/master refs/remotes/master [2ms]
2023-05-04 10:07:23.880 [info] > git status -z -uall [35ms]
2023-05-04 10:07:30.264 [info] > git config --get commit.template [8ms]
2023-05-04 10:07:30.265 [info] > git for-each-ref --format=%(refname)%00%(upstream:short)%00%(objectname)%00%(upstream:track)%00%(upstream:remotename)%00%(upstream:remoteref) refs/heads/master refs/remotes/master [2ms]
2023-05-04 10:07:30.308 [info] > git status -z -uall [37ms]
2023-05-04 10:07:35.344 [info] > git config --get commit.template [8ms]
2023-05-04 10:07:35.345 [info] > git for-each-ref --format=%(refname)%00%(upstream:short)%00%(objectname)%00%(upstream:track)%00%(upstream:remotename)%00%(upstream:remoteref) refs/heads/master refs/remotes/master [2ms]
2023-05-04 10:07:35.386 [info] > git status -z -uall [36ms]
2023-05-04 10:07:40.416 [info] > git config --get commit.template [2ms]
2023-05-04 10:07:40.425 [info] > git for-each-ref --format=%(refname)%00%(upstream:short)%00%(objectname)%00%(upstream:track)%00%(upstream:remotename)%00%(upstream:remoteref) refs/heads/master refs/remotes/master [2ms]
2023-05-04 10:07:40.465 [info] > git status -z -uall [33ms]
2023-05-04 10:07:45.505 [info] > git config --get commit.template [8ms]
2023-05-04 10:07:45.505 [info] > git for-each-ref --format=%(refname)%00%(upstream:short)%00%(objectname)%00%(upstream:track)%00%(upstream:remotename)%00%(upstream:remoteref) refs/heads/master refs/remotes/master [2ms]
2023-05-04 10:07:45.544 [info] > git status -z -uall [33ms]
2023-05-04 10:07:50.578 [info] > git config --get commit.template [8ms]
2023-05-04 10:07:50.579 [info] > git for-each-ref --format=%(refname)%00%(upstream:short)%00%(objectname)%00%(upstream:track)%00%(upstream:remotename)%00%(upstream:remoteref) refs/heads/master refs/remotes/master [2ms]
2023-05-04 10:07:50.619 [info] > git status -z -uall [34ms]
2023-05-04 10:07:55.652 [info] > git config --get commit.template [8ms]
2023-05-04 10:07:55.652 [info] > git for-each-ref --format=%(refname)%00%(upstream:short)%00%(objectname)%00%(upstream:track)%00%(upstream:remotename)%00%(upstream:remoteref) refs/heads/master refs/remotes/master [1ms]
2023-05-04 10:07:55.693 [info] > git status -z -uall [34ms]
2023-05-04 10:08:00.743 [info] > git config --get commit.template [9ms]
2023-05-04 10:08:00.744 [info] > git for-each-ref --format=%(refname)%00%(upstream:short)%00%(objectname)%00%(upstream:track)%00%(upstream:remotename)%00%(upstream:remoteref) refs/heads/master refs/remotes/master [2ms]
2023-05-04 10:08:00.787 [info] > git status -z -uall [36ms]
2023-05-04 10:08:05.828 [info] > git config --get commit.template [7ms]
2023-05-04 10:08:05.829 [info] > git for-each-ref --format=%(refname)%00%(upstream:short)%00%(objectname)%00%(upstream:track)%00%(upstream:remotename)%00%(upstream:remoteref) refs/heads/master refs/remotes/master [2ms]
2023-05-04 10:08:05.870 [info] > git status -z -uall [36ms]
2023-05-04 10:08:10.917 [info] > git config --get commit.template [7ms]
2023-05-04 10:08:10.918 [info] > git for-each-ref --format=%(refname)%00%(upstream:short)%00%(objectname)%00%(upstream:track)%00%(upstream:remotename)%00%(upstream:remoteref) refs/heads/master refs/remotes/master [2ms]
2023-05-04 10:08:10.959 [info] > git status -z -uall [36ms]
2023-05-04 10:08:15.991 [info] > git config --get commit.template [2ms]
2023-05-04 10:08:15.999 [info] > git for-each-ref --format=%(refname)%00%(upstream:short)%00%(objectname)%00%(upstream:track)%00%(upstream:remotename)%00%(upstream:remoteref) refs/heads/master refs/remotes/master [2ms]
2023-05-04 10:08:16.054 [info] > git status -z -uall [50ms]
2023-05-04 10:08:21.095 [info] > git config --get commit.template [11ms]
2023-05-04 10:08:21.095 [info] > git for-each-ref --format=%(refname)%00%(upstream:short)%00%(objectname)%00%(upstream:track)%00%(upstream:remotename)%00%(upstream:remoteref) refs/heads/master refs/remotes/master [1ms]
2023-05-04 10:08:21.140 [info] > git status -z -uall [36ms]
2023-05-04 10:08:26.172 [info] > git config --get commit.template [2ms]
2023-05-04 10:08:26.180 [info] > git for-each-ref --format=%(refname)%00%(upstream:short)%00%(objectname)%00%(upstream:track)%00%(upstream:remotename)%00%(upstream:remoteref) refs/heads/master refs/remotes/master [1ms]
2023-05-04 10:08:26.222 [info] > git status -z -uall [35ms]
2023-05-04 10:08:31.253 [info] > git config --get commit.template [1ms]
2023-05-04 10:08:31.261 [info] > git for-each-ref --format=%(refname)%00%(upstream:short)%00%(objectname)%00%(upstream:track)%00%(upstream:remotename)%00%(upstream:remoteref) refs/heads/master refs/remotes/master [1ms]
2023-05-04 10:08:31.302 [info] > git status -z -uall [35ms]
2023-05-04 10:08:36.337 [info] > git config --get commit.template [1ms]
2023-05-04 10:08:36.345 [info] > git for-each-ref --format=%(refname)%00%(upstream:short)%00%(objectname)%00%(upstream:track)%00%(upstream:remotename)%00%(upstream:remoteref) refs/heads/master refs/remotes/master [2ms]
2023-05-04 10:08:36.385 [info] > git status -z -uall [34ms]
2023-05-04 10:08:41.417 [info] > git config --get commit.template [1ms]
2023-05-04 10:08:41.425 [info] > git for-each-ref --format=%(refname)%00%(upstream:short)%00%(objectname)%00%(upstream:track)%00%(upstream:remotename)%00%(upstream:remoteref) refs/heads/master refs/remotes/master [1ms]
2023-05-04 10:08:41.465 [info] > git status -z -uall [33ms]
2023-05-04 10:08:46.497 [info] > git config --get commit.template [8ms]
2023-05-04 10:08:46.498 [info] > git for-each-ref --format=%(refname)%00%(upstream:short)%00%(objectname)%00%(upstream:track)%00%(upstream:remotename)%00%(upstream:remoteref) refs/heads/master refs/remotes/master [1ms]
2023-05-04 10:08:46.537 [info] > git status -z -uall [34ms]
2023-05-04 10:08:51.581 [info] > git config --get commit.template [7ms]
2023-05-04 10:08:51.581 [info] > git for-each-ref --format=%(refname)%00%(upstream:short)%00%(objectname)%00%(upstream:track)%00%(upstream:remotename)%00%(upstream:remoteref) refs/heads/master refs/remotes/master [2ms]
2023-05-04 10:08:51.623 [info] > git status -z -uall [35ms]
2023-05-04 10:08:56.656 [info] > git config --get commit.template [1ms]
2023-05-04 10:08:56.664 [info] > git for-each-ref --format=%(refname)%00%(upstream:short)%00%(objectname)%00%(upstream:track)%00%(upstream:remotename)%00%(upstream:remoteref) refs/heads/master refs/remotes/master [2ms]
2023-05-04 10:08:56.704 [info] > git status -z -uall [34ms]
2023-05-04 10:09:05.079 [info] > git config --get commit.template [2ms]
2023-05-04 10:09:05.086 [info] > git for-each-ref --format=%(refname)%00%(upstream:short)%00%(objectname)%00%(upstream:track)%00%(upstream:remotename)%00%(upstream:remoteref) refs/heads/master refs/remotes/master [1ms]
2023-05-04 10:09:05.127 [info] > git status -z -uall [36ms]
2023-05-04 10:09:10.161 [info] > git config --get commit.template [1ms]
2023-05-04 10:09:10.170 [info] > git for-each-ref --format=%(refname)%00%(upstream:short)%00%(objectname)%00%(upstream:track)%00%(upstream:remotename)%00%(upstream:remoteref) refs/heads/master refs/remotes/master [1ms]
2023-05-04 10:09:10.211 [info] > git status -z -uall [34ms]
2023-05-04 10:09:15.265 [info] > git config --get commit.template [10ms]
2023-05-04 10:09:15.266 [info] > git for-each-ref --format=%(refname)%00%(upstream:short)%00%(objectname)%00%(upstream:track)%00%(upstream:remotename)%00%(upstream:remoteref) refs/heads/master refs/remotes/master [3ms]
2023-05-04 10:09:15.310 [info] > git status -z -uall [39ms]
2023-05-04 10:09:20.363 [info] > git config --get commit.template [12ms]
2023-05-04 10:09:20.364 [info] > git for-each-ref --format=%(refname)%00%(upstream:short)%00%(objectname)%00%(upstream:track)%00%(upstream:remotename)%00%(upstream:remoteref) refs/heads/master refs/remotes/master [4ms]
2023-05-04 10:09:20.409 [info] > git status -z -uall [37ms]
2023-05-04 10:09:25.436 [info] > git config --get commit.template [2ms]
2023-05-04 10:09:25.445 [info] > git for-each-ref --format=%(refname)%00%(upstream:short)%00%(objectname)%00%(upstream:track)%00%(upstream:remotename)%00%(upstream:remoteref) refs/heads/master refs/remotes/master [1ms]
2023-05-04 10:09:25.486 [info] > git status -z -uall [35ms]
2023-05-04 10:09:30.523 [info] > git config --get commit.template [9ms]
2023-05-04 10:09:30.523 [info] > git for-each-ref --format=%(refname)%00%(upstream:short)%00%(objectname)%00%(upstream:track)%00%(upstream:remotename)%00%(upstream:remoteref) refs/heads/master refs/remotes/master [2ms]
2023-05-04 10:09:30.566 [info] > git status -z -uall [37ms]
2023-05-04 10:09:35.593 [info] > git config --get commit.template [2ms]
2023-05-04 10:09:35.601 [info] > git for-each-ref --format=%(refname)%00%(upstream:short)%00%(objectname)%00%(upstream:track)%00%(upstream:remotename)%00%(upstream:remoteref) refs/heads/master refs/remotes/master [1ms]
2023-05-04 10:09:35.642 [info] > git status -z -uall [36ms]
2023-05-04 10:09:40.678 [info] > git config --get commit.template [7ms]
2023-05-04 10:09:40.679 [info] > git for-each-ref --format=%(refname)%00%(upstream:short)%00%(objectname)%00%(upstream:track)%00%(upstream:remotename)%00%(upstream:remoteref) refs/heads/master refs/remotes/master [1ms]
2023-05-04 10:09:40.720 [info] > git status -z -uall [35ms]
2023-05-04 10:09:45.773 [info] > git config --get commit.template [8ms]
2023-05-04 10:09:45.774 [info] > git for-each-ref --format=%(refname)%00%(upstream:short)%00%(objectname)%00%(upstream:track)%00%(upstream:remotename)%00%(upstream:remoteref) refs/heads/master refs/remotes/master [2ms]
2023-05-04 10:09:45.812 [info] > git status -z -uall [31ms]
2023-05-04 10:09:50.846 [info] > git config --get commit.template [11ms]
2023-05-04 10:09:50.850 [info] > git for-each-ref --format=%(refname)%00%(upstream:short)%00%(objectname)%00%(upstream:track)%00%(upstream:remotename)%00%(upstream:remoteref) refs/heads/master refs/remotes/master [5ms]
2023-05-04 10:09:50.892 [info] > git status -z -uall [33ms]
2023-05-04 10:09:55.930 [info] > git config --get commit.template [2ms]
2023-05-04 10:09:55.938 [info] > git for-each-ref --format=%(refname)%00%(upstream:short)%00%(objectname)%00%(upstream:track)%00%(upstream:remotename)%00%(upstream:remoteref) refs/heads/master refs/remotes/master [1ms]
2023-05-04 10:09:55.978 [info] > git status -z -uall [35ms]
2023-05-04 10:10:01.015 [info] > git config --get commit.template [9ms]
2023-05-04 10:10:01.016 [info] > git for-each-ref --format=%(refname)%00%(upstream:short)%00%(objectname)%00%(upstream:track)%00%(upstream:remotename)%00%(upstream:remoteref) refs/heads/master refs/remotes/master [1ms]
2023-05-04 10:10:01.059 [info] > git status -z -uall [38ms]
2023-05-04 10:10:06.090 [info] > git config --get commit.template [7ms]
2023-05-04 10:10:06.091 [info] > git for-each-ref --format=%(refname)%00%(upstream:short)%00%(objectname)%00%(upstream:track)%00%(upstream:remotename)%00%(upstream:remoteref) refs/heads/master refs/remotes/master [2ms]
2023-05-04 10:10:06.135 [info] > git status -z -uall [36ms]
2023-05-04 10:10:11.187 [info] > git config --get commit.template [9ms]
2023-05-04 10:10:11.188 [info] > git for-each-ref --format=%(refname)%00%(upstream:short)%00%(objectname)%00%(upstream:track)%00%(upstream:remotename)%00%(upstream:remoteref) refs/heads/master refs/remotes/master [3ms]
2023-05-04 10:10:11.228 [info] > git status -z -uall [35ms]
2023-05-04 10:10:16.268 [info] > git config --get commit.template [8ms]
2023-05-04 10:10:16.270 [info] > git for-each-ref --format=%(refname)%00%(upstream:short)%00%(objectname)%00%(upstream:track)%00%(upstream:remotename)%00%(upstream:remoteref) refs/heads/master refs/remotes/master [3ms]
2023-05-04 10:10:16.318 [info] > git status -z -uall [38ms]
2023-05-04 10:10:21.356 [info] > git config --get commit.template [8ms]
2023-05-04 10:10:21.358 [info] > git for-each-ref --format=%(refname)%00%(upstream:short)%00%(objectname)%00%(upstream:track)%00%(upstream:remotename)%00%(upstream:remoteref) refs/heads/master refs/remotes/master [2ms]
2023-05-04 10:10:21.405 [info] > git status -z -uall [42ms]
2023-05-04 10:10:26.455 [info] > git config --get commit.template [9ms]
2023-05-04 10:10:26.455 [info] > git for-each-ref --format=%(refname)%00%(upstream:short)%00%(objectname)%00%(upstream:track)%00%(upstream:remotename)%00%(upstream:remoteref) refs/heads/master refs/remotes/master [3ms]
2023-05-04 10:10:26.497 [info] > git status -z -uall [36ms]
2023-05-04 10:10:31.533 [info] > git config --get commit.template [10ms]
2023-05-04 10:10:31.534 [info] > git for-each-ref --format=%(refname)%00%(upstream:short)%00%(objectname)%00%(upstream:track)%00%(upstream:remotename)%00%(upstream:remoteref) refs/heads/master refs/remotes/master [2ms]
2023-05-04 10:10:31.578 [info] > git status -z -uall [37ms]
2023-05-04 10:10:36.609 [info] > git config --get commit.template [3ms]
2023-05-04 10:10:36.620 [info] > git for-each-ref --format=%(refname)%00%(upstream:short)%00%(objectname)%00%(upstream:track)%00%(upstream:remotename)%00%(upstream:remoteref) refs/heads/master refs/remotes/master [2ms]
2023-05-04 10:10:36.659 [info] > git status -z -uall [33ms]
2023-05-04 10:10:41.699 [info] > git config --get commit.template [10ms]
2023-05-04 10:10:41.699 [info] > git for-each-ref --format=%(refname)%00%(upstream:short)%00%(objectname)%00%(upstream:track)%00%(upstream:remotename)%00%(upstream:remoteref) refs/heads/master refs/remotes/master [2ms]
2023-05-04 10:10:41.744 [info] > git status -z -uall [37ms]
2023-05-04 10:10:46.785 [info] > git config --get commit.template [9ms]
2023-05-04 10:10:46.786 [info] > git for-each-ref --format=%(refname)%00%(upstream:short)%00%(objectname)%00%(upstream:track)%00%(upstream:remotename)%00%(upstream:remoteref) refs/heads/master refs/remotes/master [1ms]
2023-05-04 10:10:46.832 [info] > git status -z -uall [37ms]
2023-05-04 10:10:51.861 [info] > git config --get commit.template [3ms]
2023-05-04 10:10:51.872 [info] > git for-each-ref --format=%(refname)%00%(upstream:short)%00%(objectname)%00%(upstream:track)%00%(upstream:remotename)%00%(upstream:remoteref) refs/heads/master refs/remotes/master [2ms]
2023-05-04 10:10:51.916 [info] > git status -z -uall [39ms]
2023-05-04 10:10:56.961 [info] > git config --get commit.template [9ms]
2023-05-04 10:10:56.962 [info] > git for-each-ref --format=%(refname)%00%(upstream:short)%00%(objectname)%00%(upstream:track)%00%(upstream:remotename)%00%(upstream:remoteref) refs/heads/master refs/remotes/master [3ms]
2023-05-04 10:10:57.004 [info] > git status -z -uall [35ms]
2023-05-04 10:11:02.040 [info] > git config --get commit.template [1ms]
2023-05-04 10:11:02.048 [info] > git for-each-ref --format=%(refname)%00%(upstream:short)%00%(objectname)%00%(upstream:track)%00%(upstream:remotename)%00%(upstream:remoteref) refs/heads/master refs/remotes/master [1ms]
2023-05-04 10:11:02.088 [info] > git status -z -uall [33ms]
2023-05-04 10:11:07.119 [info] > git config --get commit.template [7ms]
2023-05-04 10:11:07.120 [info] > git for-each-ref --format=%(refname)%00%(upstream:short)%00%(objectname)%00%(upstream:track)%00%(upstream:remotename)%00%(upstream:remoteref) refs/heads/master refs/remotes/master [2ms]
2023-05-04 10:11:07.159 [info] > git status -z -uall [34ms]
2023-05-04 10:11:12.202 [info] > git config --get commit.template [11ms]
2023-05-04 10:11:12.204 [info] > git for-each-ref --format=%(refname)%00%(upstream:short)%00%(objectname)%00%(upstream:track)%00%(upstream:remotename)%00%(upstream:remoteref) refs/heads/master refs/remotes/master [4ms]
2023-05-04 10:11:12.246 [info] > git status -z -uall [34ms]
2023-05-04 10:11:17.283 [info] > git config --get commit.template [7ms]
2023-05-04 10:11:17.284 [info] > git for-each-ref --format=%(refname)%00%(upstream:short)%00%(objectname)%00%(upstream:track)%00%(upstream:remotename)%00%(upstream:remoteref) refs/heads/master refs/remotes/master [2ms]
2023-05-04 10:11:17.326 [info] > git status -z -uall [35ms]
2023-05-04 10:11:22.390 [info] > git for-each-ref --format=%(refname)%00%(upstream:short)%00%(objectname)%00%(upstream:track)%00%(upstream:remotename)%00%(upstream:remoteref) refs/heads/master refs/remotes/master [2ms]
2023-05-04 10:11:22.391 [info] > git config --get commit.template [13ms]
2023-05-04 10:11:22.434 [info] > git status -z -uall [36ms]
2023-05-04 10:11:29.816 [info] > git config --get commit.template [1ms]
2023-05-04 10:11:29.824 [info] > git for-each-ref --format=%(refname)%00%(upstream:short)%00%(objectname)%00%(upstream:track)%00%(upstream:remotename)%00%(upstream:remoteref) refs/heads/master refs/remotes/master [2ms]
2023-05-04 10:11:29.863 [info] > git status -z -uall [34ms]
2023-05-04 10:11:35.813 [info] > git config --get commit.template [1ms]
2023-05-04 10:11:35.821 [info] > git for-each-ref --format=%(refname)%00%(upstream:short)%00%(objectname)%00%(upstream:track)%00%(upstream:remotename)%00%(upstream:remoteref) refs/heads/master refs/remotes/master [1ms]
2023-05-04 10:11:35.863 [info] > git status -z -uall [36ms]
2023-05-04 10:11:40.926 [info] > git config --get commit.template [15ms]
2023-05-04 10:11:40.930 [info] > git for-each-ref --format=%(refname)%00%(upstream:short)%00%(objectname)%00%(upstream:track)%00%(upstream:remotename)%00%(upstream:remoteref) refs/heads/master refs/remotes/master [4ms]
2023-05-04 10:11:40.973 [info] > git status -z -uall [36ms]
2023-05-04 10:11:46.011 [info] > git config --get commit.template [8ms]
2023-05-04 10:11:46.011 [info] > git for-each-ref --format=%(refname)%00%(upstream:short)%00%(objectname)%00%(upstream:track)%00%(upstream:remotename)%00%(upstream:remoteref) refs/heads/master refs/remotes/master [2ms]
2023-05-04 10:11:46.053 [info] > git status -z -uall [36ms]
2023-05-04 10:11:50.558 [info] > git check-ignore -v -z --stdin [2ms]
2023-05-04 10:11:51.093 [info] > git for-each-ref --format=%(refname)%00%(upstream:short)%00%(objectname)%00%(upstream:track)%00%(upstream:remotename)%00%(upstream:remoteref) refs/heads/master refs/remotes/master [7ms]
2023-05-04 10:11:51.093 [info] > git config --get commit.template [15ms]
2023-05-04 10:11:51.100 [info] > git check-ignore -v -z --stdin [8ms]
2023-05-04 10:11:51.178 [info] > git status -z -uall [79ms]
2023-05-04 10:11:52.122 [info] > git check-ignore -v -z --stdin [2ms]
2023-05-04 10:11:56.223 [info] > git config --get commit.template [9ms]
2023-05-04 10:11:56.224 [info] > git for-each-ref --format=%(refname)%00%(upstream:short)%00%(objectname)%00%(upstream:track)%00%(upstream:remotename)%00%(upstream:remoteref) refs/heads/master refs/remotes/master [2ms]
2023-05-04 10:11:56.268 [info] > git status -z -uall [37ms]
2023-05-04 10:12:01.313 [info] > git config --get commit.template [7ms]
2023-05-04 10:12:01.313 [info] > git for-each-ref --format=%(refname)%00%(upstream:short)%00%(objectname)%00%(upstream:track)%00%(upstream:remotename)%00%(upstream:remoteref) refs/heads/master refs/remotes/master [2ms]
2023-05-04 10:12:01.354 [info] > git status -z -uall [34ms]
2023-05-04 10:12:06.391 [info] > git config --get commit.template [11ms]
2023-05-04 10:12:06.393 [info] > git for-each-ref --format=%(refname)%00%(upstream:short)%00%(objectname)%00%(upstream:track)%00%(upstream:remotename)%00%(upstream:remoteref) refs/heads/master refs/remotes/master [3ms]
2023-05-04 10:12:06.436 [info] > git status -z -uall [37ms]
2023-05-04 10:12:11.486 [info] > git config --get commit.template [8ms]
2023-05-04 10:12:11.486 [info] > git for-each-ref --format=%(refname)%00%(upstream:short)%00%(objectname)%00%(upstream:track)%00%(upstream:remotename)%00%(upstream:remoteref) refs/heads/master refs/remotes/master [2ms]
2023-05-04 10:12:11.528 [info] > git status -z -uall [35ms]
2023-05-04 10:12:16.555 [info] > git config --get commit.template [1ms]
2023-05-04 10:12:16.564 [info] > git for-each-ref --format=%(refname)%00%(upstream:short)%00%(objectname)%00%(upstream:track)%00%(upstream:remotename)%00%(upstream:remoteref) refs/heads/master refs/remotes/master [2ms]
2023-05-04 10:12:16.606 [info] > git status -z -uall [35ms]
2023-05-04 10:12:21.991 [info] > git config --get commit.template [9ms]
2023-05-04 10:12:21.992 [info] > git for-each-ref --format=%(refname)%00%(upstream:short)%00%(objectname)%00%(upstream:track)%00%(upstream:remotename)%00%(upstream:remoteref) refs/heads/master refs/remotes/master [2ms]
2023-05-04 10:12:22.041 [info] > git status -z -uall [42ms]
2023-05-04 10:12:27.081 [info] > git config --get commit.template [1ms]
2023-05-04 10:12:27.092 [info] > git for-each-ref --format=%(refname)%00%(upstream:short)%00%(objectname)%00%(upstream:track)%00%(upstream:remotename)%00%(upstream:remoteref) refs/heads/master refs/remotes/master [2ms]
2023-05-04 10:12:27.134 [info] > git status -z -uall [35ms]
2023-05-04 10:12:32.175 [info] > git config --get commit.template [11ms]
2023-05-04 10:12:32.176 [info] > git for-each-ref --format=%(refname)%00%(upstream:short)%00%(objectname)%00%(upstream:track)%00%(upstream:remotename)%00%(upstream:remoteref) refs/heads/master refs/remotes/master [3ms]
2023-05-04 10:12:32.217 [info] > git status -z -uall [35ms]
2023-05-04 10:12:37.255 [info] > git config --get commit.template [9ms]
2023-05-04 10:12:37.256 [info] > git for-each-ref --format=%(refname)%00%(upstream:short)%00%(objectname)%00%(upstream:track)%00%(upstream:remotename)%00%(upstream:remoteref) refs/heads/master refs/remotes/master [2ms]
2023-05-04 10:12:37.307 [info] > git status -z -uall [44ms]
2023-05-04 10:12:42.360 [info] > git config --get commit.template [10ms]
2023-05-04 10:12:42.364 [info] > git for-each-ref --format=%(refname)%00%(upstream:short)%00%(objectname)%00%(upstream:track)%00%(upstream:remotename)%00%(upstream:remoteref) refs/heads/master refs/remotes/master [4ms]
2023-05-04 10:12:42.404 [info] > git status -z -uall [35ms]
2023-05-04 10:13:02.973 [info] > git config --get commit.template [10ms]
2023-05-04 10:13:02.974 [info] > git for-each-ref --format=%(refname)%00%(upstream:short)%00%(objectname)%00%(upstream:track)%00%(upstream:remotename)%00%(upstream:remoteref) refs/heads/master refs/remotes/master [1ms]
2023-05-04 10:13:03.024 [info] > git status -z -uall [41ms]
2023-05-04 10:13:08.058 [info] > git config --get commit.template [6ms]
2023-05-04 10:13:08.060 [info] > git for-each-ref --format=%(refname)%00%(upstream:short)%00%(objectname)%00%(upstream:track)%00%(upstream:remotename)%00%(upstream:remoteref) refs/heads/master refs/remotes/master [3ms]
2023-05-04 10:13:08.113 [info] > git status -z -uall [48ms]
2023-05-04 10:13:08.380 [info] > git check-ignore -v -z --stdin [155ms]
2023-05-04 10:13:13.155 [info] > git config --get commit.template [11ms]
2023-05-04 10:13:13.159 [info] > git for-each-ref --format=%(refname)%00%(upstream:short)%00%(objectname)%00%(upstream:track)%00%(upstream:remotename)%00%(upstream:remoteref) refs/heads/master refs/remotes/master [5ms]
2023-05-04 10:13:13.208 [info] > git status -z -uall [44ms]
2023-05-04 10:13:18.249 [info] > git config --get commit.template [6ms]
2023-05-04 10:13:18.251 [info] > git for-each-ref --format=%(refname)%00%(upstream:short)%00%(objectname)%00%(upstream:track)%00%(upstream:remotename)%00%(upstream:remoteref) refs/heads/master refs/remotes/master [3ms]
2023-05-04 10:13:18.295 [info] > git status -z -uall [39ms]
2023-05-04 10:14:01.925 [info] > git config --get commit.template [1ms]
2023-05-04 10:14:01.934 [info] > git for-each-ref --format=%(refname)%00%(upstream:short)%00%(objectname)%00%(upstream:track)%00%(upstream:remotename)%00%(upstream:remoteref) refs/heads/master refs/remotes/master [3ms]
2023-05-04 10:14:01.984 [info] > git status -z -uall [45ms]
2023-05-04 10:14:07.022 [info] > git config --get commit.template [7ms]
2023-05-04 10:14:07.023 [info] > git for-each-ref --format=%(refname)%00%(upstream:short)%00%(objectname)%00%(upstream:track)%00%(upstream:remotename)%00%(upstream:remoteref) refs/heads/master refs/remotes/master [2ms]
2023-05-04 10:14:07.082 [info] > git status -z -uall [54ms]
2023-05-04 10:14:12.131 [info] > git config --get commit.template [8ms]
2023-05-04 10:14:12.132 [info] > git for-each-ref --format=%(refname)%00%(upstream:short)%00%(objectname)%00%(upstream:track)%00%(upstream:remotename)%00%(upstream:remoteref) refs/heads/master refs/remotes/master [2ms]
2023-05-04 10:14:12.173 [info] > git status -z -uall [36ms]
2023-05-04 10:14:17.207 [info] > git config --get commit.template [1ms]
2023-05-04 10:14:17.216 [info] > git for-each-ref --format=%(refname)%00%(upstream:short)%00%(objectname)%00%(upstream:track)%00%(upstream:remotename)%00%(upstream:remoteref) refs/heads/master refs/remotes/master [2ms]
2023-05-04 10:14:17.254 [info] > git status -z -uall [31ms]
2023-05-04 10:14:26.273 [info] > git check-ignore -v -z --stdin [4ms]
2023-05-04 10:14:32.055 [info] > git config --get commit.template [1ms]
2023-05-04 10:14:32.064 [info] > git for-each-ref --format=%(refname)%00%(upstream:short)%00%(objectname)%00%(upstream:track)%00%(upstream:remotename)%00%(upstream:remoteref) refs/heads/master refs/remotes/master [1ms]
2023-05-04 10:14:32.112 [info] > git status -z -uall [42ms]
2023-05-04 10:14:37.145 [info] > git config --get commit.template [8ms]
2023-05-04 10:14:37.146 [info] > git for-each-ref --format=%(refname)%00%(upstream:short)%00%(objectname)%00%(upstream:track)%00%(upstream:remotename)%00%(upstream:remoteref) refs/heads/master refs/remotes/master [2ms]
2023-05-04 10:14:37.203 [info] > git status -z -uall [51ms]
2023-05-04 10:14:42.239 [info] > git config --get commit.template [7ms]
2023-05-04 10:14:42.241 [info] > git for-each-ref --format=%(refname)%00%(upstream:short)%00%(objectname)%00%(upstream:track)%00%(upstream:remotename)%00%(upstream:remoteref) refs/heads/master refs/remotes/master [3ms]
2023-05-04 10:14:42.295 [info] > git status -z -uall [47ms]
2023-05-04 10:14:42.793 [info] > git check-ignore -v -z --stdin [4ms]
2023-05-04 10:14:47.340 [info] > git config --get commit.template [7ms]
2023-05-04 10:14:47.341 [info] > git for-each-ref --format=%(refname)%00%(upstream:short)%00%(objectname)%00%(upstream:track)%00%(upstream:remotename)%00%(upstream:remoteref) refs/heads/master refs/remotes/master [2ms]
2023-05-04 10:14:47.382 [info] > git status -z -uall [34ms]
2023-05-04 10:14:52.429 [info] > git config --get commit.template [9ms]
2023-05-04 10:14:52.430 [info] > git for-each-ref --format=%(refname)%00%(upstream:short)%00%(objectname)%00%(upstream:track)%00%(upstream:remotename)%00%(upstream:remoteref) refs/heads/master refs/remotes/master [2ms]
2023-05-04 10:14:52.480 [info] > git status -z -uall [43ms]
2023-05-04 10:14:57.529 [info] > git for-each-ref --format=%(refname)%00%(upstream:short)%00%(objectname)%00%(upstream:track)%00%(upstream:remotename)%00%(upstream:remoteref) refs/heads/master refs/remotes/master [2ms]
2023-05-04 10:14:57.529 [info] > git config --get commit.template [13ms]
2023-05-04 10:14:57.573 [info] > git status -z -uall [37ms]
2023-05-04 10:15:02.614 [info] > git config --get commit.template [11ms]
2023-05-04 10:15:02.618 [info] > git for-each-ref --format=%(refname)%00%(upstream:short)%00%(objectname)%00%(upstream:track)%00%(upstream:remotename)%00%(upstream:remoteref) refs/heads/master refs/remotes/master [5ms]
2023-05-04 10:15:02.658 [info] > git status -z -uall [33ms]
2023-05-04 10:15:06.914 [info] > git check-ignore -v -z --stdin [3ms]
2023-05-04 10:15:07.446 [info] > git check-ignore -v -z --stdin [2ms]
2023-05-04 10:15:11.089 [info] > git config --get commit.template [8ms]
2023-05-04 10:15:11.090 [info] > git for-each-ref --format=%(refname)%00%(upstream:short)%00%(objectname)%00%(upstream:track)%00%(upstream:remotename)%00%(upstream:remoteref) refs/heads/master refs/remotes/master [2ms]
2023-05-04 10:15:11.142 [info] > git status -z -uall [46ms]
2023-05-04 10:15:16.178 [info] > git config --get commit.template [8ms]
2023-05-04 10:15:16.180 [info] > git for-each-ref --format=%(refname)%00%(upstream:short)%00%(objectname)%00%(upstream:track)%00%(upstream:remotename)%00%(upstream:remoteref) refs/heads/master refs/remotes/master [3ms]
2023-05-04 10:15:16.232 [info] > git status -z -uall [44ms]
2023-05-04 10:15:25.031 [info] > git config --get commit.template [1ms]
2023-05-04 10:15:25.041 [info] > git for-each-ref --format=%(refname)%00%(upstream:short)%00%(objectname)%00%(upstream:track)%00%(upstream:remotename)%00%(upstream:remoteref) refs/heads/master refs/remotes/master [1ms]
2023-05-04 10:15:25.083 [info] > git status -z -uall [35ms]
2023-05-04 10:15:30.124 [info] > git config --get commit.template [12ms]
2023-05-04 10:15:30.125 [info] > git for-each-ref --format=%(refname)%00%(upstream:short)%00%(objectname)%00%(upstream:track)%00%(upstream:remotename)%00%(upstream:remoteref) refs/heads/master refs/remotes/master [3ms]
2023-05-04 10:15:30.195 [info] > git status -z -uall [63ms]
2023-05-04 10:15:35.238 [info] > git config --get commit.template [11ms]
2023-05-04 10:15:35.246 [info] > git for-each-ref --format=%(refname)%00%(upstream:short)%00%(objectname)%00%(upstream:track)%00%(upstream:remotename)%00%(upstream:remoteref) refs/heads/master refs/remotes/master [9ms]
2023-05-04 10:15:35.308 [info] > git status -z -uall [52ms]
2023-05-04 10:15:40.340 [info] > git config --get commit.template [7ms]
2023-05-04 10:15:40.342 [info] > git for-each-ref --format=%(refname)%00%(upstream:short)%00%(objectname)%00%(upstream:track)%00%(upstream:remotename)%00%(upstream:remoteref) refs/heads/master refs/remotes/master [2ms]
2023-05-04 10:15:40.399 [info] > git status -z -uall [52ms]
2023-05-04 10:15:45.450 [info] > git config --get commit.template [9ms]
2023-05-04 10:15:45.452 [info] > git for-each-ref --format=%(refname)%00%(upstream:short)%00%(objectname)%00%(upstream:track)%00%(upstream:remotename)%00%(upstream:remoteref) refs/heads/master refs/remotes/master [3ms]
2023-05-04 10:15:45.495 [info] > git status -z -uall [37ms]
2023-05-04 10:15:50.534 [info] > git config --get commit.template [8ms]
2023-05-04 10:15:50.535 [info] > git for-each-ref --format=%(refname)%00%(upstream:short)%00%(objectname)%00%(upstream:track)%00%(upstream:remotename)%00%(upstream:remoteref) refs/heads/master refs/remotes/master [2ms]
2023-05-04 10:15:50.601 [info] > git status -z -uall [58ms]
2023-05-04 10:15:55.636 [info] > git config --get commit.template [8ms]
2023-05-04 10:15:55.637 [info] > git for-each-ref --format=%(refname)%00%(upstream:short)%00%(objectname)%00%(upstream:track)%00%(upstream:remotename)%00%(upstream:remoteref) refs/heads/master refs/remotes/master [2ms]
2023-05-04 10:15:55.680 [info] > git status -z -uall [34ms]
2023-05-04 10:16:00.717 [info] > git config --get commit.template [8ms]
2023-05-04 10:16:00.719 [info] > git for-each-ref --format=%(refname)%00%(upstream:short)%00%(objectname)%00%(upstream:track)%00%(upstream:remotename)%00%(upstream:remoteref) refs/heads/master refs/remotes/master [3ms]
2023-05-04 10:16:00.783 [info] > git status -z -uall [58ms]
2023-05-04 10:16:05.831 [info] > git config --get commit.template [8ms]
2023-05-04 10:16:05.832 [info] > git for-each-ref --format=%(refname)%00%(upstream:short)%00%(objectname)%00%(upstream:track)%00%(upstream:remotename)%00%(upstream:remoteref) refs/heads/master refs/remotes/master [1ms]
2023-05-04 10:16:05.877 [info] > git status -z -uall [38ms]
2023-05-04 10:16:52.692 [info] > git config --get commit.template [8ms]
2023-05-04 10:16:52.693 [info] > git for-each-ref --format=%(refname)%00%(upstream:short)%00%(objectname)%00%(upstream:track)%00%(upstream:remotename)%00%(upstream:remoteref) refs/heads/master refs/remotes/master [1ms]
2023-05-04 10:16:52.737 [info] > git status -z -uall [39ms]
2023-05-04 10:16:57.771 [info] > git config --get commit.template [1ms]
2023-05-04 10:16:57.779 [info] > git for-each-ref --format=%(refname)%00%(upstream:short)%00%(objectname)%00%(upstream:track)%00%(upstream:remotename)%00%(upstream:remoteref) refs/heads/master refs/remotes/master [2ms]
2023-05-04 10:16:57.837 [info] > git status -z -uall [52ms]
2023-05-04 10:17:02.877 [info] > git config --get commit.template [7ms]
2023-05-04 10:17:02.879 [info] > git for-each-ref --format=%(refname)%00%(upstream:short)%00%(objectname)%00%(upstream:track)%00%(upstream:remotename)%00%(upstream:remoteref) refs/heads/master refs/remotes/master [3ms]
2023-05-04 10:17:02.951 [info] > git status -z -uall [66ms]
2023-05-04 10:17:07.993 [info] > git config --get commit.template [8ms]
2023-05-04 10:17:07.994 [info] > git for-each-ref --format=%(refname)%00%(upstream:short)%00%(objectname)%00%(upstream:track)%00%(upstream:remotename)%00%(upstream:remoteref) refs/heads/master refs/remotes/master [2ms]
2023-05-04 10:17:08.054 [info] > git status -z -uall [54ms]
2023-05-04 10:17:13.111 [info] > git config --get commit.template [9ms]
2023-05-04 10:17:13.112 [info] > git for-each-ref --format=%(refname)%00%(upstream:short)%00%(objectname)%00%(upstream:track)%00%(upstream:remotename)%00%(upstream:remoteref) refs/heads/master refs/remotes/master [2ms]
2023-05-04 10:17:13.153 [info] > git status -z -uall [36ms]
2023-05-04 10:17:23.885 [info] > git config --get commit.template [9ms]
2023-05-04 10:17:23.886 [info] > git for-each-ref --format=%(refname)%00%(upstream:short)%00%(objectname)%00%(upstream:track)%00%(upstream:remotename)%00%(upstream:remoteref) refs/heads/master refs/remotes/master [2ms]
2023-05-04 10:17:23.937 [info] > git status -z -uall [44ms]
2023-05-04 10:17:28.975 [info] > git config --get commit.template [3ms]
2023-05-04 10:17:28.986 [info] > git for-each-ref --format=%(refname)%00%(upstream:short)%00%(objectname)%00%(upstream:track)%00%(upstream:remotename)%00%(upstream:remoteref) refs/heads/master refs/remotes/master [2ms]
2023-05-04 10:17:29.032 [info] > git status -z -uall [40ms]
2023-05-04 10:17:34.545 [info] > git config --get commit.template [11ms]
2023-05-04 10:17:34.547 [info] > git for-each-ref --format=%(refname)%00%(upstream:short)%00%(objectname)%00%(upstream:track)%00%(upstream:remotename)%00%(upstream:remoteref) refs/heads/master refs/remotes/master [3ms]
2023-05-04 10:17:34.606 [info] > git status -z -uall [53ms]
2023-05-04 10:17:39.636 [info] > git config --get commit.template [1ms]
2023-05-04 10:17:39.646 [info] > git for-each-ref --format=%(refname)%00%(upstream:short)%00%(objectname)%00%(upstream:track)%00%(upstream:remotename)%00%(upstream:remoteref) refs/heads/master refs/remotes/master [3ms]
2023-05-04 10:17:39.688 [info] > git status -z -uall [35ms]
2023-05-04 10:17:44.721 [info] > git config --get commit.template [9ms]
2023-05-04 10:17:44.721 [info] > git for-each-ref --format=%(refname)%00%(upstream:short)%00%(objectname)%00%(upstream:track)%00%(upstream:remotename)%00%(upstream:remoteref) refs/heads/master refs/remotes/master [2ms]
2023-05-04 10:17:44.765 [info] > git status -z -uall [36ms]
2023-05-04 10:17:49.801 [info] > git config --get commit.template [9ms]
2023-05-04 10:17:49.802 [info] > git for-each-ref --format=%(refname)%00%(upstream:short)%00%(objectname)%00%(upstream:track)%00%(upstream:remotename)%00%(upstream:remoteref) refs/heads/master refs/remotes/master [2ms]
2023-05-04 10:17:49.853 [info] > git status -z -uall [45ms]
2023-05-04 10:17:55.548 [info] > git config --get commit.template [1ms]
2023-05-04 10:17:55.555 [info] > git for-each-ref --format=%(refname)%00%(upstream:short)%00%(objectname)%00%(upstream:track)%00%(upstream:remotename)%00%(upstream:remoteref) refs/heads/master refs/remotes/master [1ms]
2023-05-04 10:17:55.596 [info] > git status -z -uall [35ms]
2023-05-04 10:18:06.590 [info] > git config --get commit.template [8ms]
2023-05-04 10:18:06.591 [info] > git for-each-ref --format=%(refname)%00%(upstream:short)%00%(objectname)%00%(upstream:track)%00%(upstream:remotename)%00%(upstream:remoteref) refs/heads/master refs/remotes/master [2ms]
2023-05-04 10:18:06.655 [info] > git status -z -uall [59ms]
2023-05-04 10:18:18.505 [info] > git config --get commit.template [7ms]
2023-05-04 10:18:18.506 [info] > git for-each-ref --format=%(refname)%00%(upstream:short)%00%(objectname)%00%(upstream:track)%00%(upstream:remotename)%00%(upstream:remoteref) refs/heads/master refs/remotes/master [2ms]
2023-05-04 10:18:18.567 [info] > git status -z -uall [55ms]
2023-05-04 10:18:23.619 [info] > git config --get commit.template [9ms]
2023-05-04 10:18:23.622 [info] > git for-each-ref --format=%(refname)%00%(upstream:short)%00%(objectname)%00%(upstream:track)%00%(upstream:remotename)%00%(upstream:remoteref) refs/heads/master refs/remotes/master [2ms]
2023-05-04 10:18:23.690 [info] > git status -z -uall [63ms]
2023-05-04 10:18:28.745 [info] > git config --get commit.template [12ms]
2023-05-04 10:18:28.749 [info] > git for-each-ref --format=%(refname)%00%(upstream:short)%00%(objectname)%00%(upstream:track)%00%(upstream:remotename)%00%(upstream:remoteref) refs/heads/master refs/remotes/master [4ms]
2023-05-04 10:18:28.810 [info] > git status -z -uall [52ms]
2023-05-04 10:18:33.852 [info] > git config --get commit.template [2ms]
2023-05-04 10:18:33.865 [info] > git for-each-ref --format=%(refname)%00%(upstream:short)%00%(objectname)%00%(upstream:track)%00%(upstream:remotename)%00%(upstream:remoteref) refs/heads/master refs/remotes/master [3ms]
2023-05-04 10:18:33.907 [info] > git status -z -uall [35ms]
2023-05-04 10:18:44.723 [info] > git for-each-ref --format=%(refname)%00%(upstream:short)%00%(objectname)%00%(upstream:track)%00%(upstream:remotename)%00%(upstream:remoteref) refs/heads/master refs/remotes/master [10ms]
2023-05-04 10:18:44.724 [info] > git config --get commit.template [19ms]
2023-05-04 10:18:44.765 [info] > git status -z -uall [34ms]
2023-05-04 10:18:49.807 [info] > git config --get commit.template [10ms]
2023-05-04 10:18:49.808 [info] > git for-each-ref --format=%(refname)%00%(upstream:short)%00%(objectname)%00%(upstream:track)%00%(upstream:remotename)%00%(upstream:remoteref) refs/heads/master refs/remotes/master [2ms]
2023-05-04 10:18:49.851 [info] > git status -z -uall [36ms]
2023-05-04 10:18:54.893 [info] > git config --get commit.template [9ms]
2023-05-04 10:18:54.894 [info] > git for-each-ref --format=%(refname)%00%(upstream:short)%00%(objectname)%00%(upstream:track)%00%(upstream:remotename)%00%(upstream:remoteref) refs/heads/master refs/remotes/master [2ms]
2023-05-04 10:18:54.941 [info] > git status -z -uall [40ms]
2023-05-04 10:18:59.975 [info] > git config --get commit.template [8ms]
2023-05-04 10:18:59.976 [info] > git for-each-ref --format=%(refname)%00%(upstream:short)%00%(objectname)%00%(upstream:track)%00%(upstream:remotename)%00%(upstream:remoteref) refs/heads/master refs/remotes/master [2ms]
2023-05-04 10:19:00.020 [info] > git status -z -uall [37ms]
2023-05-04 10:19:05.058 [info] > git config --get commit.template [8ms]
2023-05-04 10:19:05.061 [info] > git for-each-ref --format=%(refname)%00%(upstream:short)%00%(objectname)%00%(upstream:track)%00%(upstream:remotename)%00%(upstream:remoteref) refs/heads/master refs/remotes/master [2ms]
2023-05-04 10:19:05.109 [info] > git status -z -uall [41ms]
2023-05-04 10:19:10.160 [info] > git config --get commit.template [8ms]
2023-05-04 10:19:10.161 [info] > git for-each-ref --format=%(refname)%00%(upstream:short)%00%(objectname)%00%(upstream:track)%00%(upstream:remotename)%00%(upstream:remoteref) refs/heads/master refs/remotes/master [2ms]
2023-05-04 10:19:10.205 [info] > git status -z -uall [38ms]
2023-05-04 10:19:15.241 [info] > git config --get commit.template [9ms]
2023-05-04 10:19:15.241 [info] > git for-each-ref --format=%(refname)%00%(upstream:short)%00%(objectname)%00%(upstream:track)%00%(upstream:remotename)%00%(upstream:remoteref) refs/heads/master refs/remotes/master [2ms]
2023-05-04 10:19:15.311 [info] > git status -z -uall [62ms]
2023-05-04 10:19:24.649 [info] > git config --get commit.template [7ms]
2023-05-04 10:19:24.650 [info] > git for-each-ref --format=%(refname)%00%(upstream:short)%00%(objectname)%00%(upstream:track)%00%(upstream:remotename)%00%(upstream:remoteref) refs/heads/master refs/remotes/master [2ms]
2023-05-04 10:19:24.695 [info] > git status -z -uall [39ms]
2023-05-04 10:19:29.726 [info] > git config --get commit.template [7ms]
2023-05-04 10:19:29.727 [info] > git for-each-ref --format=%(refname)%00%(upstream:short)%00%(objectname)%00%(upstream:track)%00%(upstream:remotename)%00%(upstream:remoteref) refs/heads/master refs/remotes/master [2ms]
2023-05-04 10:19:29.770 [info] > git status -z -uall [36ms]
2023-05-04 10:19:34.817 [info] > git config --get commit.template [9ms]
2023-05-04 10:19:34.817 [info] > git for-each-ref --format=%(refname)%00%(upstream:short)%00%(objectname)%00%(upstream:track)%00%(upstream:remotename)%00%(upstream:remoteref) refs/heads/master refs/remotes/master [3ms]
2023-05-04 10:19:34.862 [info] > git status -z -uall [38ms]
2023-05-04 10:19:39.895 [info] > git config --get commit.template [2ms]
2023-05-04 10:19:39.904 [info] > git for-each-ref --format=%(refname)%00%(upstream:short)%00%(objectname)%00%(upstream:track)%00%(upstream:remotename)%00%(upstream:remoteref) refs/heads/master refs/remotes/master [3ms]
2023-05-04 10:19:39.957 [info] > git status -z -uall [47ms]
2023-05-04 10:19:44.999 [info] > git config --get commit.template [10ms]
2023-05-04 10:19:45.003 [info] > git for-each-ref --format=%(refname)%00%(upstream:short)%00%(objectname)%00%(upstream:track)%00%(upstream:remotename)%00%(upstream:remoteref) refs/heads/master refs/remotes/master [5ms]
2023-05-04 10:19:45.043 [info] > git status -z -uall [35ms]
2023-05-04 10:19:53.420 [info] > git config --get commit.template [6ms]
2023-05-04 10:19:53.421 [info] > git for-each-ref --format=%(refname)%00%(upstream:short)%00%(objectname)%00%(upstream:track)%00%(upstream:remotename)%00%(upstream:remoteref) refs/heads/master refs/remotes/master [1ms]
2023-05-04 10:19:53.467 [info] > git status -z -uall [40ms]
2023-05-04 10:19:58.503 [info] > git config --get commit.template [2ms]
2023-05-04 10:19:58.511 [info] > git for-each-ref --format=%(refname)%00%(upstream:short)%00%(objectname)%00%(upstream:track)%00%(upstream:remotename)%00%(upstream:remoteref) refs/heads/master refs/remotes/master [2ms]
2023-05-04 10:19:58.557 [info] > git status -z -uall [39ms]
2023-05-04 10:20:03.593 [info] > git config --get commit.template [7ms]
2023-05-04 10:20:03.594 [info] > git for-each-ref --format=%(refname)%00%(upstream:short)%00%(objectname)%00%(upstream:track)%00%(upstream:remotename)%00%(upstream:remoteref) refs/heads/master refs/remotes/master [2ms]
2023-05-04 10:20:03.637 [info] > git status -z -uall [37ms]
2023-05-04 10:20:08.671 [info] > git config --get commit.template [2ms]
2023-05-04 10:20:08.680 [info] > git for-each-ref --format=%(refname)%00%(upstream:short)%00%(objectname)%00%(upstream:track)%00%(upstream:remotename)%00%(upstream:remoteref) refs/heads/master refs/remotes/master [2ms]
2023-05-04 10:20:08.725 [info] > git status -z -uall [38ms]
2023-05-04 10:20:23.243 [info] > git config --get commit.template [9ms]
2023-05-04 10:20:23.243 [info] > git for-each-ref --format=%(refname)%00%(upstream:short)%00%(objectname)%00%(upstream:track)%00%(upstream:remotename)%00%(upstream:remoteref) refs/heads/master refs/remotes/master [1ms]
2023-05-04 10:20:23.287 [info] > git status -z -uall [36ms]
2023-05-04 10:20:28.322 [info] > git config --get commit.template [2ms]
2023-05-04 10:20:28.330 [info] > git for-each-ref --format=%(refname)%00%(upstream:short)%00%(objectname)%00%(upstream:track)%00%(upstream:remotename)%00%(upstream:remoteref) refs/heads/master refs/remotes/master [2ms]
2023-05-04 10:20:28.372 [info] > git status -z -uall [35ms]
2023-05-04 10:20:33.400 [info] > git config --get commit.template [2ms]
2023-05-04 10:20:33.409 [info] > git for-each-ref --format=%(refname)%00%(upstream:short)%00%(objectname)%00%(upstream:track)%00%(upstream:remotename)%00%(upstream:remoteref) refs/heads/master refs/remotes/master [2ms]
2023-05-04 10:20:33.457 [info] > git status -z -uall [40ms]
2023-05-04 10:20:38.489 [info] > git config --get commit.template [2ms]
2023-05-04 10:20:38.497 [info] > git for-each-ref --format=%(refname)%00%(upstream:short)%00%(objectname)%00%(upstream:track)%00%(upstream:remotename)%00%(upstream:remoteref) refs/heads/master refs/remotes/master [2ms]
2023-05-04 10:20:38.541 [info] > git status -z -uall [39ms]
2023-05-04 10:20:43.582 [info] > git config --get commit.template [10ms]
2023-05-04 10:20:43.582 [info] > git for-each-ref --format=%(refname)%00%(upstream:short)%00%(objectname)%00%(upstream:track)%00%(upstream:remotename)%00%(upstream:remoteref) refs/heads/master refs/remotes/master [2ms]
2023-05-04 10:20:43.626 [info] > git status -z -uall [37ms]
2023-05-04 10:21:04.095 [info] > git config --get commit.template [7ms]
2023-05-04 10:21:04.096 [info] > git for-each-ref --format=%(refname)%00%(upstream:short)%00%(objectname)%00%(upstream:track)%00%(upstream:remotename)%00%(upstream:remoteref) refs/heads/master refs/remotes/master [1ms]
2023-05-04 10:21:04.169 [info] > git status -z -uall [66ms]
2023-05-04 10:21:09.204 [info] > git config --get commit.template [3ms]
2023-05-04 10:21:09.213 [info] > git for-each-ref --format=%(refname)%00%(upstream:short)%00%(objectname)%00%(upstream:track)%00%(upstream:remotename)%00%(upstream:remoteref) refs/heads/master refs/remotes/master [1ms]
2023-05-04 10:21:09.257 [info] > git status -z -uall [38ms]
2023-05-04 10:21:14.315 [info] > git config --get commit.template [8ms]
2023-05-04 10:21:14.316 [info] > git for-each-ref --format=%(refname)%00%(upstream:short)%00%(objectname)%00%(upstream:track)%00%(upstream:remotename)%00%(upstream:remoteref) refs/heads/master refs/remotes/master [2ms]
2023-05-04 10:21:14.360 [info] > git status -z -uall [38ms]
2023-05-04 10:21:19.394 [info] > git config --get commit.template [7ms]
2023-05-04 10:21:19.395 [info] > git for-each-ref --format=%(refname)%00%(upstream:short)%00%(objectname)%00%(upstream:track)%00%(upstream:remotename)%00%(upstream:remoteref) refs/heads/master refs/remotes/master [2ms]
2023-05-04 10:21:19.435 [info] > git status -z -uall [34ms]
2023-05-04 10:21:24.481 [info] > git config --get commit.template [14ms]
2023-05-04 10:21:24.483 [info] > git for-each-ref --format=%(refname)%00%(upstream:short)%00%(objectname)%00%(upstream:track)%00%(upstream:remotename)%00%(upstream:remoteref) refs/heads/master refs/remotes/master [4ms]
2023-05-04 10:21:24.529 [info] > git status -z -uall [38ms]
2023-05-04 10:21:29.563 [info] > git config --get commit.template [2ms]
2023-05-04 10:21:29.572 [info] > git for-each-ref --format=%(refname)%00%(upstream:short)%00%(objectname)%00%(upstream:track)%00%(upstream:remotename)%00%(upstream:remoteref) refs/heads/master refs/remotes/master [2ms]
2023-05-04 10:21:29.617 [info] > git status -z -uall [38ms]
2023-05-04 10:21:34.655 [info] > git config --get commit.template [9ms]
2023-05-04 10:21:34.657 [info] > git for-each-ref --format=%(refname)%00%(upstream:short)%00%(objectname)%00%(upstream:track)%00%(upstream:remotename)%00%(upstream:remoteref) refs/heads/master refs/remotes/master [3ms]
2023-05-04 10:21:34.730 [info] > git status -z -uall [67ms]
2023-05-04 10:21:39.778 [info] > git for-each-ref --format=%(refname)%00%(upstream:short)%00%(objectname)%00%(upstream:track)%00%(upstream:remotename)%00%(upstream:remoteref) refs/heads/master refs/remotes/master [3ms]
2023-05-04 10:21:39.779 [info] > git config --get commit.template [13ms]
2023-05-04 10:21:39.843 [info] > git status -z -uall [55ms]
