2023-05-02 14:50:12.177 [info] Extension host with pid 22678 started
2023-05-02 14:50:12.187 [info] Lock '/home/cn154/.vscode-server/data/User/workspaceStorage/b46e317309c3c222dbd7d15d375ac8e5/vscode.lock': Lock acquired.
2023-05-02 14:50:12.345 [info] ExtensionService#_doActivateExtension vscode.emmet, startup: false, activationEvent: 'onLanguage'
2023-05-02 14:50:12.795 [info] ExtensionService#_doActivateExtension vscode.git-base, startup: true, activationEvent: '*', root cause: vscode.git
2023-05-02 14:50:12.843 [info] ExtensionService#_doActivateExtension vscode.git, startup: true, activationEvent: '*'
2023-05-02 14:50:12.844 [info] ExtensionService#_doActivateExtension vscode.github, startup: true, activationEvent: '*'
2023-05-02 14:50:13.008 [info] Eager extensions activated
2023-05-02 14:50:13.008 [info] ExtensionService#_doActivateExtension vscode.debug-auto-launch, startup: false, activationEvent: 'onStartupFinished'
2023-05-02 14:50:13.008 [info] ExtensionService#_doActivateExtension vscode.merge-conflict, startup: false, activationEvent: 'onStartupFinished'
2023-05-02 16:26:46.636 [info] ExtensionService#_doActivateExtension vscode.npm, startup: false, activationEvent: 'onTerminalQuickFixRequest:ms-vscode.npm-command'
2023-05-02 16:27:35.650 [warning] [Decorations] CAPPING events from decorations provider vscode.git 2677
2023-05-02 16:27:36.079 [warning] [Decorations] CAPPING events from decorations provider vscode.git 2677
2023-05-02 16:27:39.161 [warning] [Decorations] CAPPING events from decorations provider vscode.git 2677
2023-05-02 16:27:44.246 [warning] [Decorations] CAPPING events from decorations provider vscode.git 2677
2023-05-02 16:27:49.320 [warning] [Decorations] CAPPING events from decorations provider vscode.git 2677
2023-05-02 16:27:54.406 [warning] [Decorations] CAPPING events from decorations provider vscode.git 2677
2023-05-02 16:27:59.491 [warning] [Decorations] CAPPING events from decorations provider vscode.git 2677
2023-05-02 16:28:04.584 [warning] [Decorations] CAPPING events from decorations provider vscode.git 2677
2023-05-02 16:28:09.702 [warning] [Decorations] CAPPING events from decorations provider vscode.git 2677
2023-05-02 16:28:14.802 [warning] [Decorations] CAPPING events from decorations provider vscode.git 2677
2023-05-02 16:28:19.898 [warning] [Decorations] CAPPING events from decorations provider vscode.git 2677
2023-05-02 16:28:24.988 [warning] [Decorations] CAPPING events from decorations provider vscode.git 2677
2023-05-02 16:28:30.086 [warning] [Decorations] CAPPING events from decorations provider vscode.git 2677
2023-05-02 16:28:49.234 [warning] [Decorations] CAPPING events from decorations provider vscode.git 2677
2023-05-02 16:28:54.314 [warning] [Decorations] CAPPING events from decorations provider vscode.git 2677
2023-05-02 16:29:01.501 [warning] [Decorations] CAPPING events from decorations provider vscode.git 2678
2023-05-02 16:29:06.576 [warning] [Decorations] CAPPING events from decorations provider vscode.git 2678
2023-05-02 16:29:11.661 [warning] [Decorations] CAPPING events from decorations provider vscode.git 2678
2023-05-02 16:29:16.739 [warning] [Decorations] CAPPING events from decorations provider vscode.git 2678
2023-05-02 16:29:21.826 [warning] [Decorations] CAPPING events from decorations provider vscode.git 2678
2023-05-02 16:29:26.920 [warning] [Decorations] CAPPING events from decorations provider vscode.git 2678
2023-05-02 16:29:32.022 [warning] [Decorations] CAPPING events from decorations provider vscode.git 2678
