2023-05-02 12:15:07.689 [info] Log level: Info
2023-05-02 12:15:07.689 [info] Validating found git in: "git"
2023-05-02 12:15:07.689 [info] Using git "2.25.1" from "git"
2023-05-02 12:15:07.689 [info] > git rev-parse --show-toplevel [28ms]
2023-05-02 12:15:07.689 [info] fatal: not a git repository (or any parent up to mount point /)
Stopping at filesystem boundary (GIT_DISCOVERY_ACROSS_FILESYSTEM not set).
2023-05-02 12:15:07.689 [info] > git rev-parse --show-toplevel [2ms]
2023-05-02 12:15:07.689 [info] fatal: not a git repository (or any parent up to mount point /)
Stopping at filesystem boundary (GIT_DISCOVERY_ACROSS_FILESYSTEM not set).
2023-05-02 12:15:07.689 [info] > git rev-parse --show-toplevel [1ms]
2023-05-02 12:15:07.689 [info] fatal: not a git repository (or any parent up to mount point /)
Stopping at filesystem boundary (GIT_DISCOVERY_ACROSS_FILESYSTEM not set).
2023-05-02 12:15:07.689 [info] > git rev-parse --show-toplevel [3ms]
2023-05-02 12:15:07.689 [info] fatal: not a git repository (or any parent up to mount point /)
Stopping at filesystem boundary (GIT_DISCOVERY_ACROSS_FILESYSTEM not set).
2023-05-02 12:15:07.689 [info] > git rev-parse --show-toplevel [1ms]
2023-05-02 12:15:07.689 [info] fatal: not a git repository (or any parent up to mount point /)
Stopping at filesystem boundary (GIT_DISCOVERY_ACROSS_FILESYSTEM not set).
2023-05-02 12:15:07.689 [info] > git rev-parse --show-toplevel [1ms]
2023-05-02 12:15:07.689 [info] fatal: not a git repository (or any parent up to mount point /)
Stopping at filesystem boundary (GIT_DISCOVERY_ACROSS_FILESYSTEM not set).
2023-05-02 12:15:07.689 [info] > git rev-parse --show-toplevel [7ms]
2023-05-02 12:15:07.689 [info] fatal: not a git repository (or any parent up to mount point /)
Stopping at filesystem boundary (GIT_DISCOVERY_ACROSS_FILESYSTEM not set).
2023-05-02 12:20:54.143 [info] > git rev-parse --show-toplevel [2ms]
2023-05-02 12:20:54.143 [info] fatal: not a git repository (or any parent up to mount point /)
Stopping at filesystem boundary (GIT_DISCOVERY_ACROSS_FILESYSTEM not set).
2023-05-02 12:20:55.379 [info] > git rev-parse --show-toplevel [3ms]
2023-05-02 12:20:55.379 [info] fatal: not a git repository (or any parent up to mount point /)
Stopping at filesystem boundary (GIT_DISCOVERY_ACROSS_FILESYSTEM not set).
2023-05-02 12:20:56.941 [info] > git rev-parse --show-toplevel [1ms]
2023-05-02 12:20:56.942 [info] fatal: not a git repository (or any parent up to mount point /)
Stopping at filesystem boundary (GIT_DISCOVERY_ACROSS_FILESYSTEM not set).
2023-05-02 12:20:59.870 [info] > git rev-parse --show-toplevel [1ms]
2023-05-02 12:20:59.870 [info] fatal: not a git repository (or any parent up to mount point /)
Stopping at filesystem boundary (GIT_DISCOVERY_ACROSS_FILESYSTEM not set).
2023-05-02 12:25:10.335 [info] > git rev-parse --show-toplevel [2ms]
2023-05-02 12:25:10.335 [info] fatal: not a git repository (or any parent up to mount point /)
Stopping at filesystem boundary (GIT_DISCOVERY_ACROSS_FILESYSTEM not set).
2023-05-02 12:25:11.748 [info] > git rev-parse --show-toplevel [1ms]
2023-05-02 12:25:11.748 [info] fatal: not a git repository (or any parent up to mount point /)
Stopping at filesystem boundary (GIT_DISCOVERY_ACROSS_FILESYSTEM not set).
