2023-05-03 10:40:27.290 [info] Log level: Info
2023-05-03 10:40:27.290 [info] Validating found git in: "git"
2023-05-03 10:40:27.290 [info] Using git "2.25.1" from "git"
2023-05-03 10:40:27.290 [info] > git rev-parse --show-toplevel [33ms]
2023-05-03 10:40:27.290 [info] > git rev-parse --git-dir --git-common-dir [1ms]
2023-05-03 10:40:27.290 [info] Open repository: /home/cn154
2023-05-03 10:40:27.290 [info] > git rev-parse --show-toplevel [6ms]
2023-05-03 10:40:27.290 [info] > git config --get commit.template [5ms]
2023-05-03 10:40:27.290 [info] > git rev-parse --show-toplevel [7ms]
2023-05-03 10:40:27.290 [info] > git rev-parse --show-toplevel [3ms]
2023-05-03 10:40:27.290 [info] > git for-each-ref --format=%(refname)%00%(upstream:short)%00%(objectname)%00%(upstream:track)%00%(upstream:remotename)%00%(upstream:remoteref) refs/heads/master refs/remotes/master [17ms]
2023-05-03 10:40:27.290 [info] > git rev-parse --show-toplevel [13ms]
2023-05-03 10:40:27.290 [info] > git rev-parse --show-toplevel [23ms]
2023-05-03 10:40:27.290 [info] > git rev-parse --show-toplevel [7ms]
2023-05-03 10:40:27.300 [info] > git status -z -uall [56ms]
2023-05-03 10:40:27.313 [info] > git config --get commit.template [2ms]
2023-05-03 10:40:27.319 [info] > git for-each-ref --format=%(refname)%00%(upstream:short)%00%(objectname)%00%(upstream:track)%00%(upstream:remotename)%00%(upstream:remoteref) refs/heads/master refs/remotes/master [2ms]
2023-05-03 10:40:27.340 [info] > git status -z -uall [17ms]
2023-05-03 10:40:27.685 [info] > git show --textconv :proj5_cn154/sneaky_process.c [6ms]
2023-05-03 10:40:27.686 [info] > git ls-files --stage -- /home/cn154/proj5_cn154/sneaky_process.c [3ms]
2023-05-03 10:40:27.693 [info] > git cat-file -s c93570caae4aa65e1c3877cb8c6be76b0a69ac5a [2ms]
2023-05-03 10:40:27.800 [info] > git check-ignore -v -z --stdin [3ms]
2023-05-03 10:40:32.231 [info] > git config --get commit.template [6ms]
2023-05-03 10:40:32.231 [info] > git for-each-ref --format=%(refname)%00%(upstream:short)%00%(objectname)%00%(upstream:track)%00%(upstream:remotename)%00%(upstream:remoteref) refs/heads/master refs/remotes/master [2ms]
2023-05-03 10:40:32.252 [info] > git status -z -uall [17ms]
2023-05-03 10:40:35.200 [info] > git show --textconv :proj5_cn154/sneaky_mod.mod.c [7ms]
2023-05-03 10:40:35.204 [info] > git ls-files --stage -- /home/cn154/proj5_cn154/sneaky_mod.mod.c [4ms]
2023-05-03 10:40:35.209 [info] > git cat-file -s d828d3b3bba096cb6f819dd3218d058b2885ba5a [2ms]
2023-05-03 10:40:37.269 [info] > git config --get commit.template [6ms]
2023-05-03 10:40:37.270 [info] > git for-each-ref --format=%(refname)%00%(upstream:short)%00%(objectname)%00%(upstream:track)%00%(upstream:remotename)%00%(upstream:remoteref) refs/heads/master refs/remotes/master [1ms]
2023-05-03 10:40:37.293 [info] > git status -z -uall [20ms]
2023-05-03 10:40:39.791 [info] > git show --textconv :proj5_cn154/sneaky_mod.c [5ms]
2023-05-03 10:40:39.793 [info] > git ls-files --stage -- /home/cn154/proj5_cn154/sneaky_mod.c [1ms]
2023-05-03 10:40:39.797 [info] > git cat-file -s cd8973bf705f1e7ebd97daaaf02f8390ee74eaa5 [1ms]
2023-05-03 10:40:42.309 [info] > git config --get commit.template [6ms]
2023-05-03 10:40:42.309 [info] > git for-each-ref --format=%(refname)%00%(upstream:short)%00%(objectname)%00%(upstream:track)%00%(upstream:remotename)%00%(upstream:remoteref) refs/heads/master refs/remotes/master [2ms]
2023-05-03 10:40:42.331 [info] > git status -z -uall [17ms]
2023-05-03 10:40:47.342 [info] > git config --get commit.template [1ms]
2023-05-03 10:40:47.347 [info] > git for-each-ref --format=%(refname)%00%(upstream:short)%00%(objectname)%00%(upstream:track)%00%(upstream:remotename)%00%(upstream:remoteref) refs/heads/master refs/remotes/master [1ms]
2023-05-03 10:40:47.365 [info] > git status -z -uall [14ms]
2023-05-03 10:40:52.380 [info] > git config --get commit.template [5ms]
2023-05-03 10:40:52.381 [info] > git for-each-ref --format=%(refname)%00%(upstream:short)%00%(objectname)%00%(upstream:track)%00%(upstream:remotename)%00%(upstream:remoteref) refs/heads/master refs/remotes/master [2ms]
2023-05-03 10:40:52.399 [info] > git status -z -uall [15ms]
2023-05-03 10:40:57.414 [info] > git config --get commit.template [6ms]
2023-05-03 10:40:57.414 [info] > git for-each-ref --format=%(refname)%00%(upstream:short)%00%(objectname)%00%(upstream:track)%00%(upstream:remotename)%00%(upstream:remoteref) refs/heads/master refs/remotes/master [1ms]
2023-05-03 10:40:57.437 [info] > git status -z -uall [17ms]
2023-05-03 10:41:28.200 [info] > git config --get commit.template [2ms]
2023-05-03 10:41:28.205 [info] > git for-each-ref --format=%(refname)%00%(upstream:short)%00%(objectname)%00%(upstream:track)%00%(upstream:remotename)%00%(upstream:remoteref) refs/heads/master refs/remotes/master [2ms]
2023-05-03 10:41:28.225 [info] > git status -z -uall [16ms]
2023-05-03 10:41:33.241 [info] > git for-each-ref --format=%(refname)%00%(upstream:short)%00%(objectname)%00%(upstream:track)%00%(upstream:remotename)%00%(upstream:remoteref) refs/heads/master refs/remotes/master [2ms]
2023-05-03 10:41:33.241 [info] > git config --get commit.template [6ms]
2023-05-03 10:41:33.259 [info] > git status -z -uall [13ms]
2023-05-03 10:41:38.272 [info] > git config --get commit.template [5ms]
2023-05-03 10:41:38.273 [info] > git for-each-ref --format=%(refname)%00%(upstream:short)%00%(objectname)%00%(upstream:track)%00%(upstream:remotename)%00%(upstream:remoteref) refs/heads/master refs/remotes/master [2ms]
2023-05-03 10:41:38.290 [info] > git status -z -uall [14ms]
2023-05-03 10:41:44.238 [info] > git config --get commit.template [8ms]
2023-05-03 10:41:44.242 [info] > git for-each-ref --format=%(refname)%00%(upstream:short)%00%(objectname)%00%(upstream:track)%00%(upstream:remotename)%00%(upstream:remoteref) refs/heads/master refs/remotes/master [5ms]
2023-05-03 10:41:44.263 [info] > git status -z -uall [17ms]
2023-05-03 10:41:53.397 [info] > git config --get commit.template [4ms]
2023-05-03 10:41:53.398 [info] > git for-each-ref --format=%(refname)%00%(upstream:short)%00%(objectname)%00%(upstream:track)%00%(upstream:remotename)%00%(upstream:remoteref) refs/heads/master refs/remotes/master [2ms]
2023-05-03 10:41:53.415 [info] > git status -z -uall [14ms]
2023-05-03 10:41:58.429 [info] > git config --get commit.template [1ms]
2023-05-03 10:41:58.434 [info] > git for-each-ref --format=%(refname)%00%(upstream:short)%00%(objectname)%00%(upstream:track)%00%(upstream:remotename)%00%(upstream:remoteref) refs/heads/master refs/remotes/master [2ms]
2023-05-03 10:41:58.451 [info] > git status -z -uall [13ms]
2023-05-03 10:42:03.466 [info] > git config --get commit.template [5ms]
2023-05-03 10:42:03.468 [info] > git for-each-ref --format=%(refname)%00%(upstream:short)%00%(objectname)%00%(upstream:track)%00%(upstream:remotename)%00%(upstream:remoteref) refs/heads/master refs/remotes/master [4ms]
2023-05-03 10:42:03.486 [info] > git status -z -uall [14ms]
2023-05-03 10:42:08.500 [info] > git config --get commit.template [2ms]
2023-05-03 10:42:08.507 [info] > git for-each-ref --format=%(refname)%00%(upstream:short)%00%(objectname)%00%(upstream:track)%00%(upstream:remotename)%00%(upstream:remoteref) refs/heads/master refs/remotes/master [2ms]
2023-05-03 10:42:08.524 [info] > git status -z -uall [13ms]
2023-05-03 10:42:13.538 [info] > git config --get commit.template [5ms]
2023-05-03 10:42:13.539 [info] > git for-each-ref --format=%(refname)%00%(upstream:short)%00%(objectname)%00%(upstream:track)%00%(upstream:remotename)%00%(upstream:remoteref) refs/heads/master refs/remotes/master [1ms]
2023-05-03 10:42:13.558 [info] > git status -z -uall [16ms]
