2023-05-02 14:02:10.470 [info] Log level: Info
2023-05-02 14:02:10.470 [info] Validating found git in: "git"
2023-05-02 14:02:10.470 [info] Using git "2.25.1" from "git"
2023-05-02 14:02:10.470 [info] > git rev-parse --show-toplevel [32ms]
2023-05-02 14:02:10.470 [info] fatal: not a git repository (or any of the parent directories): .git
2023-05-02 14:02:10.470 [info] > git rev-parse --show-toplevel [2ms]
2023-05-02 14:02:10.470 [info] fatal: not a git repository (or any of the parent directories): .git
2023-05-02 14:02:10.470 [info] > git rev-parse --show-toplevel [1ms]
2023-05-02 14:02:10.470 [info] fatal: not a git repository (or any of the parent directories): .git
2023-05-02 14:02:10.470 [info] > git rev-parse --show-toplevel [2ms]
2023-05-02 14:02:10.470 [info] fatal: not a git repository (or any of the parent directories): .git
2023-05-02 14:02:10.470 [info] > git rev-parse --show-toplevel [2ms]
2023-05-02 14:02:10.470 [info] fatal: not a git repository (or any of the parent directories): .git
2023-05-02 14:02:10.470 [info] > git rev-parse --show-toplevel [0ms]
2023-05-02 14:02:10.470 [info] fatal: not a git repository (or any of the parent directories): .git
2023-05-02 14:02:10.470 [info] > git rev-parse --show-toplevel [2ms]
2023-05-02 14:02:10.470 [info] fatal: not a git repository (or any of the parent directories): .git
2023-05-02 14:02:10.470 [info] > git rev-parse --show-toplevel [1ms]
2023-05-02 14:02:10.470 [info] fatal: not a git repository (or any of the parent directories): .git
2023-05-02 14:02:10.470 [info] > git rev-parse --show-toplevel [1ms]
2023-05-02 14:02:10.470 [info] fatal: not a git repository (or any of the parent directories): .git
2023-05-02 14:02:10.470 [info] > git rev-parse --show-toplevel [0ms]
2023-05-02 14:02:10.470 [info] fatal: not a git repository (or any of the parent directories): .git
2023-05-02 14:02:10.470 [info] > git rev-parse --show-toplevel [14ms]
2023-05-02 14:02:10.470 [info] fatal: not a git repository (or any of the parent directories): .git
2023-05-02 14:02:10.470 [info] > git rev-parse --show-toplevel [1ms]
2023-05-02 14:02:10.470 [info] fatal: not a git repository (or any of the parent directories): .git
2023-05-02 14:02:10.470 [info] > git rev-parse --show-toplevel [23ms]
2023-05-02 14:02:10.470 [info] fatal: not a git repository (or any of the parent directories): .git
2023-05-02 14:02:10.470 [info] > git rev-parse --show-toplevel [4ms]
2023-05-02 14:02:10.470 [info] fatal: not a git repository (or any of the parent directories): .git
2023-05-02 14:02:10.470 [info] > git rev-parse --show-toplevel [1ms]
2023-05-02 14:02:10.470 [info] fatal: not a git repository (or any of the parent directories): .git
2023-05-02 14:02:10.470 [info] > git rev-parse --show-toplevel [3ms]
2023-05-02 14:02:10.470 [info] fatal: not a git repository (or any of the parent directories): .git
2023-05-02 14:02:10.470 [info] > git rev-parse --show-toplevel [2ms]
2023-05-02 14:02:10.470 [info] fatal: not a git repository (or any of the parent directories): .git
2023-05-02 14:02:10.471 [info] > git rev-parse --show-toplevel [1ms]
2023-05-02 14:02:10.471 [info] fatal: not a git repository (or any of the parent directories): .git
2023-05-02 14:02:10.478 [info] > git rev-parse --show-toplevel [2ms]
2023-05-02 14:02:10.478 [info] fatal: not a git repository (or any of the parent directories): .git
2023-05-02 14:02:10.481 [info] > git rev-parse --show-toplevel [1ms]
2023-05-02 14:02:10.481 [info] fatal: not a git repository (or any of the parent directories): .git
2023-05-02 14:02:10.489 [info] > git rev-parse --show-toplevel [3ms]
2023-05-02 14:02:10.489 [info] fatal: not a git repository (or any of the parent directories): .git
2023-05-02 14:02:10.495 [info] > git rev-parse --show-toplevel [2ms]
2023-05-02 14:02:10.495 [info] fatal: not a git repository (or any of the parent directories): .git
2023-05-02 14:02:10.499 [info] > git rev-parse --show-toplevel [1ms]
2023-05-02 14:02:10.499 [info] fatal: not a git repository (or any of the parent directories): .git
2023-05-02 14:02:10.503 [info] > git rev-parse --show-toplevel [1ms]
2023-05-02 14:02:10.503 [info] fatal: not a git repository (or any of the parent directories): .git
2023-05-02 14:02:10.507 [info] > git rev-parse --show-toplevel [1ms]
2023-05-02 14:02:10.507 [info] fatal: not a git repository (or any of the parent directories): .git
2023-05-02 14:02:10.511 [info] > git rev-parse --show-toplevel [1ms]
2023-05-02 14:02:10.511 [info] fatal: not a git repository (or any of the parent directories): .git
2023-05-02 14:02:10.515 [info] > git rev-parse --show-toplevel [0ms]
2023-05-02 14:02:10.515 [info] fatal: not a git repository (or any of the parent directories): .git
2023-05-02 14:02:10.520 [info] > git rev-parse --show-toplevel [2ms]
2023-05-02 14:02:10.520 [info] fatal: not a git repository (or any of the parent directories): .git
2023-05-02 14:02:10.525 [info] > git rev-parse --show-toplevel [2ms]
2023-05-02 14:02:10.525 [info] fatal: not a git repository (or any of the parent directories): .git
2023-05-02 14:02:10.529 [info] > git rev-parse --show-toplevel [1ms]
2023-05-02 14:02:10.529 [info] fatal: not a git repository (or any of the parent directories): .git
2023-05-02 14:02:10.532 [info] > git rev-parse --show-toplevel [1ms]
2023-05-02 14:02:10.532 [info] fatal: not a git repository (or any of the parent directories): .git
2023-05-02 14:02:10.536 [info] > git rev-parse --show-toplevel [0ms]
2023-05-02 14:02:10.536 [info] fatal: not a git repository (or any of the parent directories): .git
2023-05-02 14:02:10.539 [info] > git rev-parse --show-toplevel [1ms]
2023-05-02 14:02:10.539 [info] fatal: not a git repository (or any of the parent directories): .git
2023-05-02 14:02:10.542 [info] > git rev-parse --show-toplevel [1ms]
2023-05-02 14:02:10.542 [info] fatal: not a git repository (or any of the parent directories): .git
2023-05-02 14:02:10.546 [info] > git rev-parse --show-toplevel [1ms]
2023-05-02 14:02:10.546 [info] fatal: not a git repository (or any of the parent directories): .git
2023-05-02 14:02:10.549 [info] > git rev-parse --show-toplevel [1ms]
2023-05-02 14:02:10.549 [info] fatal: not a git repository (or any of the parent directories): .git
2023-05-02 14:02:10.552 [info] > git rev-parse --show-toplevel [0ms]
2023-05-02 14:02:10.553 [info] fatal: not a git repository (or any of the parent directories): .git
2023-05-02 14:02:10.556 [info] > git rev-parse --show-toplevel [1ms]
2023-05-02 14:02:10.556 [info] fatal: not a git repository (or any of the parent directories): .git
2023-05-02 14:02:10.560 [info] > git rev-parse --show-toplevel [1ms]
2023-05-02 14:02:10.560 [info] fatal: not a git repository (or any of the parent directories): .git
2023-05-02 14:02:10.563 [info] > git rev-parse --show-toplevel [0ms]
2023-05-02 14:02:10.563 [info] fatal: not a git repository (or any of the parent directories): .git
2023-05-02 14:02:10.567 [info] > git rev-parse --show-toplevel [1ms]
2023-05-02 14:02:10.567 [info] fatal: not a git repository (or any of the parent directories): .git
2023-05-02 14:02:10.573 [info] > git rev-parse --show-toplevel [2ms]
2023-05-02 14:02:10.573 [info] fatal: not a git repository (or any of the parent directories): .git
2023-05-02 14:02:10.577 [info] > git rev-parse --show-toplevel [1ms]
2023-05-02 14:02:10.577 [info] fatal: not a git repository (or any of the parent directories): .git
2023-05-02 14:02:10.580 [info] > git rev-parse --show-toplevel [1ms]
2023-05-02 14:02:10.580 [info] fatal: not a git repository (or any of the parent directories): .git
2023-05-02 14:02:10.584 [info] > git rev-parse --show-toplevel [1ms]
2023-05-02 14:02:10.584 [info] fatal: not a git repository (or any of the parent directories): .git
2023-05-02 14:02:10.587 [info] > git rev-parse --show-toplevel [1ms]
2023-05-02 14:02:10.587 [info] fatal: not a git repository (or any of the parent directories): .git
2023-05-02 14:02:10.591 [info] > git rev-parse --show-toplevel [1ms]
2023-05-02 14:02:10.591 [info] fatal: not a git repository (or any of the parent directories): .git
2023-05-02 14:02:10.595 [info] > git rev-parse --show-toplevel [0ms]
2023-05-02 14:02:10.595 [info] fatal: not a git repository (or any of the parent directories): .git
2023-05-02 14:02:10.599 [info] > git rev-parse --show-toplevel [1ms]
2023-05-02 14:02:10.599 [info] fatal: not a git repository (or any of the parent directories): .git
2023-05-02 14:02:10.603 [info] > git rev-parse --show-toplevel [0ms]
2023-05-02 14:02:10.603 [info] fatal: not a git repository (or any of the parent directories): .git
2023-05-02 14:02:10.606 [info] > git rev-parse --show-toplevel [1ms]
2023-05-02 14:02:10.606 [info] fatal: not a git repository (or any of the parent directories): .git
2023-05-02 14:02:10.610 [info] > git rev-parse --show-toplevel [0ms]
2023-05-02 14:02:10.610 [info] fatal: not a git repository (or any of the parent directories): .git
2023-05-02 14:02:10.613 [info] > git rev-parse --show-toplevel [1ms]
2023-05-02 14:02:10.613 [info] fatal: not a git repository (or any of the parent directories): .git
2023-05-02 14:02:10.616 [info] > git rev-parse --show-toplevel [0ms]
2023-05-02 14:02:10.616 [info] fatal: not a git repository (or any of the parent directories): .git
2023-05-02 14:02:10.620 [info] > git rev-parse --show-toplevel [1ms]
2023-05-02 14:02:10.620 [info] fatal: not a git repository (or any of the parent directories): .git
2023-05-02 14:02:10.624 [info] > git rev-parse --show-toplevel [1ms]
2023-05-02 14:02:10.624 [info] fatal: not a git repository (or any of the parent directories): .git
2023-05-02 14:02:10.630 [info] > git rev-parse --show-toplevel [2ms]
2023-05-02 14:02:10.630 [info] fatal: not a git repository (or any of the parent directories): .git
2023-05-02 14:02:10.637 [info] > git rev-parse --show-toplevel [3ms]
2023-05-02 14:02:10.637 [info] fatal: not a git repository (or any of the parent directories): .git
2023-05-02 14:02:10.640 [info] > git rev-parse --show-toplevel [0ms]
2023-05-02 14:02:10.640 [info] fatal: not a git repository (or any of the parent directories): .git
2023-05-02 14:02:10.644 [info] > git rev-parse --show-toplevel [1ms]
2023-05-02 14:02:10.644 [info] fatal: not a git repository (or any of the parent directories): .git
2023-05-02 14:02:10.648 [info] > git rev-parse --show-toplevel [0ms]
2023-05-02 14:02:10.648 [info] fatal: not a git repository (or any of the parent directories): .git
2023-05-02 14:02:10.654 [info] > git rev-parse --show-toplevel [2ms]
2023-05-02 14:02:10.654 [info] fatal: not a git repository (or any of the parent directories): .git
2023-05-02 14:02:10.657 [info] > git rev-parse --show-toplevel [0ms]
2023-05-02 14:02:10.657 [info] fatal: not a git repository (or any of the parent directories): .git
2023-05-02 14:02:10.661 [info] > git rev-parse --show-toplevel [1ms]
2023-05-02 14:02:10.661 [info] fatal: not a git repository (or any of the parent directories): .git
2023-05-02 14:02:10.671 [info] > git rev-parse --show-toplevel [6ms]
2023-05-02 14:02:10.671 [info] fatal: not a git repository (or any of the parent directories): .git
2023-05-02 14:02:10.676 [info] > git rev-parse --show-toplevel [2ms]
2023-05-02 14:02:10.676 [info] fatal: not a git repository (or any of the parent directories): .git
2023-05-02 14:02:10.684 [info] > git rev-parse --show-toplevel [1ms]
2023-05-02 14:02:10.684 [info] fatal: not a git repository (or any of the parent directories): .git
2023-05-02 14:02:10.692 [info] > git rev-parse --show-toplevel [2ms]
2023-05-02 14:02:10.692 [info] fatal: not a git repository (or any of the parent directories): .git
2023-05-02 14:02:10.696 [info] > git rev-parse --show-toplevel [0ms]
2023-05-02 14:02:10.696 [info] fatal: not a git repository (or any of the parent directories): .git
2023-05-02 14:02:10.700 [info] > git rev-parse --show-toplevel [0ms]
2023-05-02 14:02:10.700 [info] fatal: not a git repository (or any of the parent directories): .git
2023-05-02 14:02:10.704 [info] > git rev-parse --show-toplevel [0ms]
2023-05-02 14:02:10.705 [info] fatal: not a git repository (or any of the parent directories): .git
2023-05-02 14:02:10.709 [info] > git rev-parse --show-toplevel [0ms]
2023-05-02 14:02:10.709 [info] fatal: not a git repository (or any of the parent directories): .git
2023-05-02 14:02:10.712 [info] > git rev-parse --show-toplevel [0ms]
2023-05-02 14:02:10.712 [info] fatal: not a git repository (or any of the parent directories): .git
2023-05-02 14:02:10.716 [info] > git rev-parse --show-toplevel [1ms]
2023-05-02 14:02:10.716 [info] fatal: not a git repository (or any of the parent directories): .git
2023-05-02 14:02:10.720 [info] > git rev-parse --show-toplevel [0ms]
2023-05-02 14:02:10.720 [info] fatal: not a git repository (or any of the parent directories): .git
2023-05-02 14:02:10.723 [info] > git rev-parse --show-toplevel [1ms]
2023-05-02 14:02:10.723 [info] fatal: not a git repository (or any of the parent directories): .git
2023-05-02 14:02:10.727 [info] > git rev-parse --show-toplevel [1ms]
2023-05-02 14:02:10.727 [info] fatal: not a git repository (or any of the parent directories): .git
2023-05-02 14:02:10.731 [info] > git rev-parse --show-toplevel [1ms]
2023-05-02 14:02:10.731 [info] fatal: not a git repository (or any of the parent directories): .git
2023-05-02 14:02:10.734 [info] > git rev-parse --show-toplevel [1ms]
2023-05-02 14:02:10.734 [info] fatal: not a git repository (or any of the parent directories): .git
2023-05-02 14:02:10.738 [info] > git rev-parse --show-toplevel [1ms]
2023-05-02 14:02:10.738 [info] fatal: not a git repository (or any of the parent directories): .git
2023-05-02 14:02:10.742 [info] > git rev-parse --show-toplevel [1ms]
2023-05-02 14:02:10.742 [info] fatal: not a git repository (or any of the parent directories): .git
2023-05-02 14:02:10.745 [info] > git rev-parse --show-toplevel [1ms]
2023-05-02 14:02:10.745 [info] fatal: not a git repository (or any of the parent directories): .git
2023-05-02 14:02:10.749 [info] > git rev-parse --show-toplevel [1ms]
2023-05-02 14:02:10.749 [info] fatal: not a git repository (or any of the parent directories): .git
2023-05-02 14:02:10.753 [info] > git rev-parse --show-toplevel [1ms]
2023-05-02 14:02:10.753 [info] fatal: not a git repository (or any of the parent directories): .git
2023-05-02 14:02:10.757 [info] > git rev-parse --show-toplevel [1ms]
2023-05-02 14:02:10.757 [info] fatal: not a git repository (or any of the parent directories): .git
2023-05-02 14:02:10.763 [info] > git rev-parse --show-toplevel [2ms]
2023-05-02 14:02:10.763 [info] fatal: not a git repository (or any of the parent directories): .git
2023-05-02 14:02:10.773 [info] > git rev-parse --show-toplevel [4ms]
2023-05-02 14:02:10.773 [info] fatal: not a git repository (or any of the parent directories): .git
